------------------------------------------------------------------------------------------------------------------------

[2017-03-29 11:15:52 #1 store] 
Database 'G:\Informatika\4 curso\Ingenieria del software\RuralHouses\resources\ruralHouses.odb' is opened by 5380@ASIER

[2017-03-29 11:15:52 #2 type] 
Type domain.RuralHouse is not enhanced.

[2017-03-29 11:15:52 #3 type] 
Type domain.Offer is not enhanced.

[2017-03-29 11:15:52 #4 type] 
Type domain.Users is not enhanced.

[2017-03-29 11:15:52 #5 type] 
Type domain.Client is not enhanced.

[2017-03-29 11:15:52 #6 type] 
Type domain.Owner is not enhanced.

------------------------------------------------------------------------------------------------------------------------

[2017-03-29 11:16:42 #1 store] 
Database 'G:\Informatika\4 curso\Ingenieria del software\RuralHouses\resources\ruralHouses.odb' is opened by 10900@ASIER

[2017-03-29 11:16:43 #2 type] 
Type domain.RuralHouse is not enhanced.

[2017-03-29 11:16:43 #3 type] 
Type domain.Offer is not enhanced.

[2017-03-29 11:16:43 #4 type] 
Type domain.Users is not enhanced.

[2017-03-29 11:16:43 #5 type] 
Type domain.Client is not enhanced.

[2017-03-29 11:16:43 #6 type] 
Type domain.Owner is not enhanced.

------------------------------------------------------------------------------------------------------------------------

[2017-03-29 11:19:26 #1 store] 
Database 'G:\Informatika\4 curso\Ingenieria del software\RuralHouses\resources\ruralHouses.odb' has been recovered (tr. 210-211)

[2017-03-29 11:19:26 #2 store] 
Database 'G:\Informatika\4 curso\Ingenieria del software\RuralHouses\resources\ruralHouses.odb' is opened by 1020@ASIER

[2017-03-29 11:19:26 #3 type] 
Type domain.RuralHouse is not enhanced.

[2017-03-29 11:19:26 #4 type] 
Type domain.Offer is not enhanced.

[2017-03-29 11:19:26 #5 type] 
Type domain.Users is not enhanced.

[2017-03-29 11:19:26 #6 type] 
Type domain.Client is not enhanced.

[2017-03-29 11:19:26 #7 type] 
Type domain.Owner is not enhanced.

------------------------------------------------------------------------------------------------------------------------

[2017-03-29 11:20:24 #1 store] 
Database 'G:\Informatika\4 curso\Ingenieria del software\RuralHouses\resources\ruralHouses.odb' is opened by 7396@ASIER

[2017-03-29 11:20:24 #2 type] 
Type domain.RuralHouse is not enhanced.

[2017-03-29 11:20:24 #3 type] 
Type domain.Offer is not enhanced.

[2017-03-29 11:20:24 #4 type] 
Type domain.Users is not enhanced.

[2017-03-29 11:20:24 #5 type] 
Type domain.Client is not enhanced.

[2017-03-29 11:20:24 #6 type] 
Type domain.Owner is not enhanced.

------------------------------------------------------------------------------------------------------------------------

[2017-03-29 11:40:36 #1 store] 
Database 'G:\Informatika\4 curso\Ingenieria del software\RuralHouses\resources\ruralHouses.odb' is opened by 4760@ASIER

[2017-03-29 11:40:36 #2 type] 
Type domain.RuralHouse is not enhanced.

[2017-03-29 11:40:36 #3 type] 
Type domain.Offer is not enhanced.

[2017-03-29 11:40:36 #4 type] 
Type domain.Users is not enhanced.

[2017-03-29 11:40:36 #5 type] 
Type domain.Client is not enhanced.

[2017-03-29 11:40:36 #6 type] 
Type domain.Owner is not enhanced.

------------------------------------------------------------------------------------------------------------------------

[2017-03-29 11:44:41 #1 store] 
Database 'G:\Informatika\4 curso\Ingenieria del software\RuralHouses\resources\ruralHouses.odb' is opened by 10068@ASIER

[2017-03-29 11:44:41 #2 type] 
Type domain.RuralHouse is not enhanced.

[2017-03-29 11:44:41 #3 type] 
Type domain.Offer is not enhanced.

[2017-03-29 11:44:41 #4 type] 
Type domain.Users is not enhanced.

[2017-03-29 11:44:41 #5 type] 
Type domain.Client is not enhanced.

[2017-03-29 11:44:41 #6 type] 
Type domain.Owner is not enhanced.

------------------------------------------------------------------------------------------------------------------------

[2017-03-29 11:46:07 #1 store] 
Database 'G:\Informatika\4 curso\Ingenieria del software\RuralHouses\resources\ruralHouses.odb' is opened by 5004@ASIER

[2017-03-29 11:46:08 #2 type] 
Type domain.RuralHouse is not enhanced.

[2017-03-29 11:46:08 #3 type] 
Type domain.Offer is not enhanced.

[2017-03-29 11:46:08 #4 type] 
Type domain.Users is not enhanced.

[2017-03-29 11:46:08 #5 type] 
Type domain.Client is not enhanced.

[2017-03-29 11:46:08 #6 type] 
Type domain.Owner is not enhanced.

------------------------------------------------------------------------------------------------------------------------

[2017-03-29 11:47:03 #1 store] 
Database 'G:\Informatika\4 curso\Ingenieria del software\RuralHouses\resources\ruralHouses.odb' is opened by 7664@ASIER

[2017-03-29 11:47:03 #2 type] 
Type domain.RuralHouse is not enhanced.

[2017-03-29 11:47:03 #3 type] 
Type domain.Offer is not enhanced.

[2017-03-29 11:47:03 #4 type] 
Type domain.Users is not enhanced.

[2017-03-29 11:47:03 #5 type] 
Type domain.Client is not enhanced.

[2017-03-29 11:47:03 #6 type] 
Type domain.Owner is not enhanced.

------------------------------------------------------------------------------------------------------------------------

[2017-03-29 11:51:53 #1 store] 
Database 'G:\Informatika\4 curso\Ingenieria del software\RuralHouses\resources\ruralHouses.odb' has been recovered (tr. 212-213)

[2017-03-29 11:51:53 #2 store] 
Database 'G:\Informatika\4 curso\Ingenieria del software\RuralHouses\resources\ruralHouses.odb' is opened by 1816@ASIER

[2017-03-29 11:51:53 #3 type] 
Type domain.RuralHouse is not enhanced.

[2017-03-29 11:51:53 #4 type] 
Type domain.Offer is not enhanced.

[2017-03-29 11:51:53 #5 type] 
Type domain.Users is not enhanced.

[2017-03-29 11:51:53 #6 type] 
Type domain.Client is not enhanced.

[2017-03-29 11:51:53 #7 type] 
Type domain.Owner is not enhanced.

------------------------------------------------------------------------------------------------------------------------

[2017-03-29 11:52:36 #1 store] 
Database 'G:\Informatika\4 curso\Ingenieria del software\RuralHouses\resources\ruralHouses.odb' is opened by 3760@ASIER

[2017-03-29 11:52:37 #2 type] 
Type domain.RuralHouse is not enhanced.

[2017-03-29 11:52:37 #3 type] 
Type domain.Offer is not enhanced.

[2017-03-29 11:52:37 #4 type] 
Type domain.Users is not enhanced.

[2017-03-29 11:52:37 #5 type] 
Type domain.Client is not enhanced.

[2017-03-29 11:52:37 #6 type] 
Type domain.Owner is not enhanced.

------------------------------------------------------------------------------------------------------------------------

[2017-03-29 11:59:48 #1 store] 
Database 'G:\Informatika\4 curso\Ingenieria del software\RuralHouses\resources\ruralHouses.odb' is opened by 10212@ASIER

[2017-03-29 11:59:48 #2 type] 
Type domain.RuralHouse is not enhanced.

[2017-03-29 11:59:48 #3 type] 
Type domain.Offer is not enhanced.

[2017-03-29 11:59:48 #4 type] 
Type domain.Users is not enhanced.

[2017-03-29 11:59:48 #5 type] 
Type domain.Client is not enhanced.

[2017-03-29 11:59:48 #6 type] 
Type domain.Owner is not enhanced.

------------------------------------------------------------------------------------------------------------------------

[2017-03-29 12:04:26 #1 store] 
Database 'G:\Informatika\4 curso\Ingenieria del software\RuralHouses\resources\ruralHouses.odb' is opened by 6760@ASIER

[2017-03-29 12:04:27 #2 type] 
Type domain.RuralHouse is not enhanced.

[2017-03-29 12:04:27 #3 type] 
Type domain.Offer is not enhanced.

[2017-03-29 12:04:27 #4 type] 
Type domain.Users is not enhanced.

[2017-03-29 12:04:27 #5 type] 
Type domain.Client is not enhanced.

[2017-03-29 12:04:27 #6 type] 
Type domain.Owner is not enhanced.

------------------------------------------------------------------------------------------------------------------------

[2017-03-29 12:05:46 #1 store] 
Database 'G:\Informatika\4 curso\Ingenieria del software\RuralHouses\resources\ruralHouses.odb' has been recovered (tr. 214-215)

[2017-03-29 12:05:46 #2 store] 
Database 'G:\Informatika\4 curso\Ingenieria del software\RuralHouses\resources\ruralHouses.odb' is opened by 6380@ASIER

[2017-03-29 12:05:46 #3 type] 
Type domain.RuralHouse is not enhanced.

[2017-03-29 12:05:46 #4 type] 
Type domain.Offer is not enhanced.

[2017-03-29 12:05:46 #5 type] 
Type domain.Users is not enhanced.

[2017-03-29 12:05:46 #6 type] 
Type domain.Client is not enhanced.

[2017-03-29 12:05:46 #7 type] 
Type domain.Owner is not enhanced.

------------------------------------------------------------------------------------------------------------------------

[2017-03-29 13:34:21 #1 store] 
Database 'G:\Informatika\4 curso\Ingenieria del software\RuralHouses\resources\ruralHouses.odb' has been recovered (tr. 216-216)

[2017-03-29 13:34:22 #2 store] 
Database 'G:\Informatika\4 curso\Ingenieria del software\RuralHouses\resources\ruralHouses.odb' is opened by 10032@ASIER

[2017-03-29 13:34:22 #3 type] 
Type domain.RuralHouse is not enhanced.

[2017-03-29 13:34:22 #4 type] 
Type domain.Offer is not enhanced.

[2017-03-29 13:34:22 #5 type] 
Type domain.Users is not enhanced.

[2017-03-29 13:34:22 #6 type] 
Type domain.Client is not enhanced.

[2017-03-29 13:34:22 #7 type] 
Type domain.Owner is not enhanced.

------------------------------------------------------------------------------------------------------------------------

[2017-03-29 13:36:11 #1 store] 
Database 'G:\Informatika\4 curso\Ingenieria del software\RuralHouses\resources\ruralHouses.odb' is opened by 4672@ASIER

[2017-03-29 13:36:11 #2 type] 
Type domain.RuralHouse is not enhanced.

[2017-03-29 13:36:11 #3 type] 
Type domain.Offer is not enhanced.

[2017-03-29 13:36:11 #4 type] 
Type domain.Users is not enhanced.

[2017-03-29 13:36:11 #5 type] 
Type domain.Client is not enhanced.

[2017-03-29 13:36:11 #6 type] 
Type domain.Owner is not enhanced.

------------------------------------------------------------------------------------------------------------------------

[2017-03-29 13:38:39 #1 store] 
Database 'G:\Informatika\4 curso\Ingenieria del software\RuralHouses\resources\ruralHouses.odb' is opened by 5636@ASIER

[2017-03-29 13:38:39 #2 type] 
Type domain.RuralHouse is not enhanced.

[2017-03-29 13:38:39 #3 type] 
Type domain.Offer is not enhanced.

[2017-03-29 13:38:39 #4 type] 
Type domain.Users is not enhanced.

[2017-03-29 13:38:39 #5 type] 
Type domain.Client is not enhanced.

[2017-03-29 13:38:39 #6 type] 
Type domain.Owner is not enhanced.

------------------------------------------------------------------------------------------------------------------------

[2017-03-29 13:49:52 #1 store] 
Database 'G:\Informatika\4 curso\Ingenieria del software\RuralHouses\resources\ruralHouses.odb' is opened by 6032@ASIER

[2017-03-29 13:49:52 #2 type] 
Type domain.RuralHouse is not enhanced.

[2017-03-29 13:49:52 #3 type] 
Type domain.Offer is not enhanced.

[2017-03-29 13:49:52 #4 type] 
Type domain.Users is not enhanced.

[2017-03-29 13:49:52 #5 type] 
Type domain.Client is not enhanced.

[2017-03-29 13:49:52 #6 type] 
Type domain.Owner is not enhanced.

------------------------------------------------------------------------------------------------------------------------

[2017-03-29 14:03:17 #1 store] 
Database 'G:\Informatika\4 curso\Ingenieria del software\RuralHouses\resources\ruralHouses.odb' is opened by 7392@ASIER

[2017-03-29 14:03:17 #2 type] 
Type domain.RuralHouse is not enhanced.

[2017-03-29 14:03:17 #3 type] 
Type domain.Offer is not enhanced.

[2017-03-29 14:03:17 #4 type] 
Type domain.Users is not enhanced.

[2017-03-29 14:03:17 #5 type] 
Type domain.Client is not enhanced.

[2017-03-29 14:03:17 #6 type] 
Type domain.Owner is not enhanced.

------------------------------------------------------------------------------------------------------------------------

[2017-03-29 14:29:47 #1 store] 
Database 'G:\Informatika\4 curso\Ingenieria del software\RuralHouses\resources\ruralHouses.odb' is opened by 8468@ASIER

[2017-03-29 14:29:47 #2 type] 
Type domain.RuralHouse is not enhanced.

[2017-03-29 14:29:47 #3 type] 
Type domain.Offer is not enhanced.

[2017-03-29 14:29:47 #4 type] 
Type domain.Users is not enhanced.

[2017-03-29 14:29:47 #5 type] 
Type domain.Client is not enhanced.

[2017-03-29 14:29:47 #6 type] 
Type domain.Owner is not enhanced.

------------------------------------------------------------------------------------------------------------------------

[2017-03-29 14:47:24 #1 store] 
Database 'G:\Informatika\4 curso\Ingenieria del software\RuralHouses\resources\ruralHouses.odb' is opened by 11456@ASIER

[2017-03-29 14:47:24 #2 type] 
Type domain.RuralHouse is not enhanced.

[2017-03-29 14:47:24 #3 type] 
Type domain.Offer is not enhanced.

[2017-03-29 14:47:24 #4 type] 
Type domain.Users is not enhanced.

[2017-03-29 14:47:24 #5 type] 
Type domain.Client is not enhanced.

[2017-03-29 14:47:24 #6 type] 
Type domain.Owner is not enhanced.

------------------------------------------------------------------------------------------------------------------------

[2017-03-29 16:24:32 #1 store] 
Database 'G:\Informatika\4 curso\Ingenieria del software\RuralHouses\resources\ruralHouses.odb' is opened by 5424@ASIER

[2017-03-29 16:24:32 #2 type] 
Type domain.RuralHouse is not enhanced.

[2017-03-29 16:24:32 #3 type] 
Type domain.Offer is not enhanced.

[2017-03-29 16:24:32 #4 type] 
Type domain.Users is not enhanced.

[2017-03-29 16:24:32 #5 type] 
Type domain.Client is not enhanced.

[2017-03-29 16:24:32 #6 type] 
Type domain.Owner is not enhanced.

------------------------------------------------------------------------------------------------------------------------

[2017-03-29 16:28:14 #1 store] 
Database 'G:\Informatika\4 curso\Ingenieria del software\RuralHouses\resources\ruralHouses.odb' is opened by 13140@ASIER

[2017-03-29 16:28:14 #2 type] 
Type domain.RuralHouse is not enhanced.

[2017-03-29 16:28:14 #3 type] 
Type domain.Offer is not enhanced.

[2017-03-29 16:28:14 #4 type] 
Type domain.Users is not enhanced.

[2017-03-29 16:28:14 #5 type] 
Type domain.Client is not enhanced.

[2017-03-29 16:28:14 #6 type] 
Type domain.Owner is not enhanced.

