------------------------------------------------------------------------------------------------------------------------

[2017-03-28 11:56:47 #1 store] 
Database 'G:\Informatika\4 curso\Ingenieria del software\RuralHouses\resources\ruralHouses.odb' is opened by 13624@ASIER

[2017-03-28 11:56:47 #2 type] 
Type domain.RuralHouse is not enhanced.

[2017-03-28 11:56:47 #3 type] 
Type domain.Offer is not enhanced.

[2017-03-28 11:56:47 #4 type] 
Type domain.Users is not enhanced.

[2017-03-28 11:56:47 #5 type] 
Type domain.Client is not enhanced.

[2017-03-28 11:56:47 #6 type] 
Type domain.Owner is not enhanced.

------------------------------------------------------------------------------------------------------------------------

[2017-03-28 11:59:39 #1 store] 
Database 'G:\Informatika\4 curso\Ingenieria del software\RuralHouses\resources\ruralHouses.odb' has been recovered (tr. 200-200)

[2017-03-28 11:59:39 #2 store] 
Database 'G:\Informatika\4 curso\Ingenieria del software\RuralHouses\resources\ruralHouses.odb' is opened by 1404@ASIER

[2017-03-28 11:59:39 #3 type] 
Type domain.RuralHouse is not enhanced.

[2017-03-28 11:59:40 #4 type] 
Type domain.Offer is not enhanced.

[2017-03-28 11:59:40 #5 type] 
Type domain.Users is not enhanced.

[2017-03-28 11:59:40 #6 type] 
Type domain.Client is not enhanced.

[2017-03-28 11:59:40 #7 type] 
Type domain.Owner is not enhanced.

------------------------------------------------------------------------------------------------------------------------

[2017-03-28 12:01:00 #1 store] 
Database 'G:\Informatika\4 curso\Ingenieria del software\RuralHouses\resources\ruralHouses.odb' is opened by 3272@ASIER

[2017-03-28 12:01:00 #2 type] 
Type domain.RuralHouse is not enhanced.

[2017-03-28 12:01:00 #3 type] 
Type domain.Offer is not enhanced.

[2017-03-28 12:01:00 #4 type] 
Type domain.Users is not enhanced.

[2017-03-28 12:01:00 #5 type] 
Type domain.Client is not enhanced.

[2017-03-28 12:01:00 #6 type] 
Type domain.Owner is not enhanced.

------------------------------------------------------------------------------------------------------------------------

[2017-03-28 12:02:36 #1 store] 
Database 'G:\Informatika\4 curso\Ingenieria del software\RuralHouses\resources\ruralHouses.odb' is opened by 11008@ASIER

[2017-03-28 12:02:36 #2 type] 
Type domain.RuralHouse is not enhanced.

[2017-03-28 12:02:36 #3 type] 
Type domain.Offer is not enhanced.

[2017-03-28 12:02:36 #4 type] 
Type domain.Users is not enhanced.

[2017-03-28 12:02:36 #5 type] 
Type domain.Client is not enhanced.

[2017-03-28 12:02:36 #6 type] 
Type domain.Owner is not enhanced.

------------------------------------------------------------------------------------------------------------------------

[2017-03-28 12:11:23 #1 store] 
Database 'G:\Informatika\4 curso\Ingenieria del software\RuralHouses\resources\ruralHouses.odb' is opened by 13620@ASIER

[2017-03-28 12:11:23 #2 type] 
Type domain.RuralHouse is not enhanced.

[2017-03-28 12:11:23 #3 type] 
Type domain.Offer is not enhanced.

[2017-03-28 12:11:23 #4 type] 
Type domain.Users is not enhanced.

[2017-03-28 12:11:23 #5 type] 
Type domain.Client is not enhanced.

[2017-03-28 12:11:23 #6 type] 
Type domain.Owner is not enhanced.

------------------------------------------------------------------------------------------------------------------------

[2017-03-28 13:09:41 #1 store] 
Database 'G:\Informatika\4 curso\Ingenieria del software\RuralHouses\resources\ruralHouses.odb' is opened by 768@ASIER

[2017-03-28 13:09:41 #2 type] 
Type domain.RuralHouse is not enhanced.

[2017-03-28 13:09:41 #3 type] 
Type domain.Offer is not enhanced.

[2017-03-28 13:09:41 #4 type] 
Type domain.Users is not enhanced.

[2017-03-28 13:09:41 #5 type] 
Type domain.Client is not enhanced.

[2017-03-28 13:09:41 #6 type] 
Type domain.Owner is not enhanced.

------------------------------------------------------------------------------------------------------------------------

[2017-03-28 13:12:42 #1 store] 
Database 'G:\Informatika\4 curso\Ingenieria del software\RuralHouses\resources\ruralHouses.odb' has been recovered (tr. 201-201)

[2017-03-28 13:12:42 #2 store] 
Database 'G:\Informatika\4 curso\Ingenieria del software\RuralHouses\resources\ruralHouses.odb' is opened by 6740@ASIER

[2017-03-28 13:12:42 #3 type] 
Type domain.RuralHouse is not enhanced.

[2017-03-28 13:12:42 #4 type] 
Type domain.Offer is not enhanced.

[2017-03-28 13:12:42 #5 type] 
Type domain.Users is not enhanced.

[2017-03-28 13:12:42 #6 type] 
Type domain.Client is not enhanced.

[2017-03-28 13:12:42 #7 type] 
Type domain.Owner is not enhanced.

------------------------------------------------------------------------------------------------------------------------

[2017-03-28 13:16:33 #1 store] 
Database 'G:\Informatika\4 curso\Ingenieria del software\RuralHouses\resources\ruralHouses.odb' is opened by 7180@ASIER

[2017-03-28 13:16:33 #2 type] 
Type domain.RuralHouse is not enhanced.

[2017-03-28 13:16:33 #3 type] 
Type domain.Offer is not enhanced.

[2017-03-28 13:16:33 #4 type] 
Type domain.Users is not enhanced.

[2017-03-28 13:16:33 #5 type] 
Type domain.Client is not enhanced.

[2017-03-28 13:16:33 #6 type] 
Type domain.Owner is not enhanced.

------------------------------------------------------------------------------------------------------------------------

[2017-03-28 13:19:40 #1 store] 
Database 'G:\Informatika\4 curso\Ingenieria del software\RuralHouses\resources\ruralHouses.odb' is opened by 9868@ASIER

[2017-03-28 13:19:40 #2 type] 
Type domain.RuralHouse is not enhanced.

[2017-03-28 13:19:40 #3 type] 
Type domain.Offer is not enhanced.

[2017-03-28 13:19:40 #4 type] 
Type domain.Users is not enhanced.

[2017-03-28 13:19:40 #5 type] 
Type domain.Client is not enhanced.

[2017-03-28 13:19:40 #6 type] 
Type domain.Owner is not enhanced.

------------------------------------------------------------------------------------------------------------------------

[2017-03-28 13:21:27 #1 store] 
Database 'G:\Informatika\4 curso\Ingenieria del software\RuralHouses\resources\ruralHouses.odb' is opened by 3692@ASIER

[2017-03-28 13:21:27 #2 type] 
Type domain.RuralHouse is not enhanced.

[2017-03-28 13:21:27 #3 type] 
Type domain.Offer is not enhanced.

[2017-03-28 13:21:27 #4 type] 
Type domain.Users is not enhanced.

[2017-03-28 13:21:27 #5 type] 
Type domain.Client is not enhanced.

[2017-03-28 13:21:27 #6 type] 
Type domain.Owner is not enhanced.

------------------------------------------------------------------------------------------------------------------------

[2017-03-28 13:26:14 #1 store] 
Database 'G:\Informatika\4 curso\Ingenieria del software\RuralHouses\resources\ruralHouses.odb' is opened by 12156@ASIER

[2017-03-28 13:26:14 #2 type] 
Type domain.RuralHouse is not enhanced.

[2017-03-28 13:26:14 #3 type] 
Type domain.Offer is not enhanced.

[2017-03-28 13:26:14 #4 type] 
Type domain.Users is not enhanced.

[2017-03-28 13:26:14 #5 type] 
Type domain.Client is not enhanced.

[2017-03-28 13:26:14 #6 type] 
Type domain.Owner is not enhanced.

------------------------------------------------------------------------------------------------------------------------

[2017-03-28 13:38:29 #1 store] 
Database 'G:\Informatika\4 curso\Ingenieria del software\RuralHouses\resources\ruralHouses.odb' has been recovered (tr. 207-207)

[2017-03-28 13:38:29 #2 store] 
Database 'G:\Informatika\4 curso\Ingenieria del software\RuralHouses\resources\ruralHouses.odb' is opened by 14088@ASIER

[2017-03-28 13:38:29 #3 type] 
Type domain.RuralHouse is not enhanced.

[2017-03-28 13:38:29 #4 type] 
Type domain.Offer is not enhanced.

[2017-03-28 13:38:29 #5 type] 
Type domain.Users is not enhanced.

[2017-03-28 13:38:29 #6 type] 
Type domain.Client is not enhanced.

[2017-03-28 13:38:29 #7 type] 
Type domain.Owner is not enhanced.

------------------------------------------------------------------------------------------------------------------------

[2017-03-28 13:47:36 #1 store] 
Database 'G:\Informatika\4 curso\Ingenieria del software\RuralHouses\resources\ruralHouses.odb' is opened by 14112@ASIER

[2017-03-28 13:47:36 #2 type] 
Type domain.RuralHouse is not enhanced.

[2017-03-28 13:47:36 #3 type] 
Type domain.Offer is not enhanced.

[2017-03-28 13:47:36 #4 type] 
Type domain.Users is not enhanced.

[2017-03-28 13:47:36 #5 type] 
Type domain.Client is not enhanced.

[2017-03-28 13:47:36 #6 type] 
Type domain.Owner is not enhanced.

------------------------------------------------------------------------------------------------------------------------

[2017-03-28 13:54:59 #1 store] 
Database 'G:\Informatika\4 curso\Ingenieria del software\RuralHouses\resources\ruralHouses.odb' is opened by 14284@ASIER

[2017-03-28 13:54:59 #2 type] 
Type domain.RuralHouse is not enhanced.

[2017-03-28 13:54:59 #3 type] 
Type domain.Offer is not enhanced.

[2017-03-28 13:54:59 #4 type] 
Type domain.Users is not enhanced.

[2017-03-28 13:54:59 #5 type] 
Type domain.Client is not enhanced.

[2017-03-28 13:54:59 #6 type] 
Type domain.Owner is not enhanced.

------------------------------------------------------------------------------------------------------------------------

[2017-03-28 13:55:48 #1 store] 
Database 'G:\Informatika\4 curso\Ingenieria del software\RuralHouses\resources\ruralHouses.odb' is opened by 3784@ASIER

[2017-03-28 13:55:48 #2 type] 
Type domain.RuralHouse is not enhanced.

[2017-03-28 13:55:48 #3 type] 
Type domain.Offer is not enhanced.

[2017-03-28 13:55:48 #4 type] 
Type domain.Users is not enhanced.

[2017-03-28 13:55:48 #5 type] 
Type domain.Client is not enhanced.

[2017-03-28 13:55:48 #6 type] 
Type domain.Owner is not enhanced.

------------------------------------------------------------------------------------------------------------------------

[2017-03-28 15:32:51 #1 store] 
Database 'G:\Informatika\4 curso\Ingenieria del software\RuralHouses\resources\ruralHouses.odb' is opened by 6788@ASIER

[2017-03-28 15:32:51 #2 type] 
Type domain.RuralHouse is not enhanced.

[2017-03-28 15:32:51 #3 type] 
Type domain.Offer is not enhanced.

[2017-03-28 15:32:51 #4 type] 
Type domain.Users is not enhanced.

[2017-03-28 15:32:51 #5 type] 
Type domain.Client is not enhanced.

[2017-03-28 15:32:51 #6 type] 
Type domain.Owner is not enhanced.

------------------------------------------------------------------------------------------------------------------------

[2017-03-28 15:35:56 #1 store] 
Database 'G:\Informatika\4 curso\Ingenieria del software\RuralHouses\resources\ruralHouses.odb' is opened by 14248@ASIER

[2017-03-28 15:35:56 #2 type] 
Type domain.RuralHouse is not enhanced.

[2017-03-28 15:35:56 #3 type] 
Type domain.Offer is not enhanced.

[2017-03-28 15:35:56 #4 type] 
Type domain.Users is not enhanced.

[2017-03-28 15:35:56 #5 type] 
Type domain.Client is not enhanced.

[2017-03-28 15:35:56 #6 type] 
Type domain.Owner is not enhanced.

------------------------------------------------------------------------------------------------------------------------

[2017-03-28 15:36:45 #1 store] 
Database 'G:\Informatika\4 curso\Ingenieria del software\RuralHouses\resources\ruralHouses.odb' is opened by 4868@ASIER

[2017-03-28 15:36:45 #2 type] 
Type domain.RuralHouse is not enhanced.

[2017-03-28 15:36:45 #3 type] 
Type domain.Offer is not enhanced.

[2017-03-28 15:36:45 #4 type] 
Type domain.Users is not enhanced.

[2017-03-28 15:36:45 #5 type] 
Type domain.Client is not enhanced.

[2017-03-28 15:36:45 #6 type] 
Type domain.Owner is not enhanced.

------------------------------------------------------------------------------------------------------------------------

[2017-03-28 15:41:56 #1 store] 
Database 'G:\Informatika\4 curso\Ingenieria del software\RuralHouses\resources\ruralHouses.odb' is opened by 10228@ASIER

[2017-03-28 15:41:56 #2 type] 
Type domain.RuralHouse is not enhanced.

[2017-03-28 15:41:56 #3 type] 
Type domain.Offer is not enhanced.

[2017-03-28 15:41:56 #4 type] 
Type domain.Users is not enhanced.

[2017-03-28 15:41:56 #5 type] 
Type domain.Client is not enhanced.

[2017-03-28 15:41:56 #6 type] 
Type domain.Owner is not enhanced.

