------------------------------------------------------------------------------------------------------------------------

[2017-02-23 11:11:22 #1 store] 
Database 'G:\Informatika\4 curso\Ingenieria del software\RuralHouses\resources\ruralHouses.odb' is opened by 4072@ASIER

[2017-02-23 11:11:22 #2 type] 
Type domain.RuralHouse is not enhanced.

[2017-02-23 11:11:22 #3 type] 
Type domain.Offer is not enhanced.

------------------------------------------------------------------------------------------------------------------------

[2017-02-23 11:23:34 #1 store] 
Database 'G:\Informatika\4 curso\Ingenieria del software\RuralHouses\resources\ruralHouses.odb' is opened by 8540@ASIER

[2017-02-23 11:23:34 #2 type] 
Type domain.RuralHouse is not enhanced.

[2017-02-23 11:23:34 #3 type] 
Type domain.Offer is not enhanced.

------------------------------------------------------------------------------------------------------------------------

[2017-02-23 11:37:05 #1 store] 
Database 'G:\Informatika\4 curso\Ingenieria del software\RuralHouses\resources\ruralHouses.odb' is opened by 11976@ASIER

[2017-02-23 11:37:05 #2 type] 
Type domain.RuralHouse is not enhanced.

[2017-02-23 11:37:05 #3 type] 
Type domain.Offer is not enhanced.

[2017-02-23 11:37:05 #4 type.registry] 
New type domain.Users

[2017-02-23 11:37:05 #5 type.registry] 
New type domain.Client

[2017-02-23 11:37:05 #6 type] 
Type domain.Users is not enhanced.

------------------------------------------------------------------------------------------------------------------------

[2017-02-23 11:40:07 #1 store] 
Database 'G:\Informatika\4 curso\Ingenieria del software\RuralHouses\resources\ruralHouses.odb' is opened by 8172@ASIER

[2017-02-23 11:40:07 #2 type] 
Type domain.RuralHouse is not enhanced.

[2017-02-23 11:40:07 #3 type] 
Type domain.Offer is not enhanced.

[2017-02-23 11:40:07 #4 type] 
Type domain.Users is not enhanced.

------------------------------------------------------------------------------------------------------------------------

[2017-02-23 11:41:25 #1 store] 
Database 'G:\Informatika\4 curso\Ingenieria del software\RuralHouses\resources\ruralHouses.odb' is opened by 1460@ASIER

[2017-02-23 11:41:25 #2 type] 
Type domain.RuralHouse is not enhanced.

[2017-02-23 11:41:25 #3 type] 
Type domain.Offer is not enhanced.

[2017-02-23 11:41:25 #4 type] 
Type domain.Users is not enhanced.

