------------------------------------------------------------------------------------------------------------------------

[2017-05-17 11:47:16 #1 store] 
Database 'G:\Informatika\4 curso\Ingenieria del software\RuralHouses\resources\ruralHouses.odb' has been recovered (tr. 1009-1018)

[2017-05-17 11:47:16 #2 store] 
Database 'G:\Informatika\4 curso\Ingenieria del software\RuralHouses\resources\ruralHouses.odb' is opened by 14100@ASIER

[2017-05-17 11:47:16 #3 type] 
Type domain.RuralHouse is not enhanced.

[2017-05-17 11:47:16 #4 type] 
Type domain.Offer is not enhanced.

[2017-05-17 11:47:16 #5 type] 
Type domain.Users is not enhanced.

[2017-05-17 11:47:16 #6 type] 
Type domain.Client is not enhanced.

[2017-05-17 11:47:16 #7 type] 
Type domain.Owner is not enhanced.

[2017-05-17 11:47:16 #8 type] 
Type domain.Valoracion is not enhanced.

[2017-05-17 11:47:16 #9 type] 
Type domain.Reserva is not enhanced.

------------------------------------------------------------------------------------------------------------------------

[2017-05-17 12:13:35 #1 store] 
Database 'G:\Informatika\4 curso\Ingenieria del software\RuralHouses\resources\ruralHouses.odb' has been recovered (tr. 1019-1019)

[2017-05-17 12:13:35 #2 store] 
Database 'G:\Informatika\4 curso\Ingenieria del software\RuralHouses\resources\ruralHouses.odb' is opened by 12908@ASIER

[2017-05-17 12:13:35 #3 type] 
Type domain.RuralHouse is not enhanced.

[2017-05-17 12:13:35 #4 type] 
Type domain.Offer is not enhanced.

[2017-05-17 12:13:35 #5 type] 
Type domain.Users is not enhanced.

[2017-05-17 12:13:35 #6 type] 
Type domain.Client is not enhanced.

[2017-05-17 12:13:35 #7 type] 
Type domain.Owner is not enhanced.

[2017-05-17 12:13:35 #8 type] 
Type domain.Valoracion is not enhanced.

[2017-05-17 12:13:35 #9 type] 
Type domain.Reserva is not enhanced.

------------------------------------------------------------------------------------------------------------------------

[2017-05-17 12:50:00 #1 store] 
Database 'G:\Informatika\4 curso\Ingenieria del software\RuralHouses\resources\ruralHouses.odb' is opened by 9556@ASIER

[2017-05-17 12:50:00 #2 type] 
Type domain.RuralHouse is not enhanced.

[2017-05-17 12:50:00 #3 type] 
Type domain.Offer is not enhanced.

[2017-05-17 12:50:00 #4 type] 
Type domain.Users is not enhanced.

[2017-05-17 12:50:00 #5 type] 
Type domain.Client is not enhanced.

[2017-05-17 12:50:00 #6 type] 
Type domain.Owner is not enhanced.

[2017-05-17 12:50:00 #7 type] 
Type domain.Valoracion is not enhanced.

[2017-05-17 12:50:00 #8 type] 
Type domain.Reserva is not enhanced.

