------------------------------------------------------------------------------------------------------------------------

[2017-02-21 16:54:00 #1 store] 
Database 'G:\Informatika\4 curso\Ingenieria del software\RuralHouses\resources\ruralHouses.odb' has been recovered (tr. 24-24)

[2017-02-21 16:54:00 #2 store] 
Database 'G:\Informatika\4 curso\Ingenieria del software\RuralHouses\resources\ruralHouses.odb' is opened by 812@ASIER

[2017-02-21 16:54:00 #3 type] 
Type domain.RuralHouse is not enhanced.

[2017-02-21 16:54:00 #4 type] 
Type domain.Offer is not enhanced.

------------------------------------------------------------------------------------------------------------------------

[2017-02-21 16:57:29 #1 store] 
Database 'G:\Informatika\4 curso\Ingenieria del software\RuralHouses\resources\ruralHouses.odb' has been recovered (tr. 25-25)

[2017-02-21 16:57:30 #2 store] 
Database 'G:\Informatika\4 curso\Ingenieria del software\RuralHouses\resources\ruralHouses.odb' is opened by 11464@ASIER

[2017-02-21 16:57:30 #3 type] 
Type domain.RuralHouse is not enhanced.

[2017-02-21 16:57:30 #4 type] 
Type domain.Offer is not enhanced.

------------------------------------------------------------------------------------------------------------------------

[2017-02-21 16:59:58 #1 store] 
Database 'G:\Informatika\4 curso\Ingenieria del software\RuralHouses\resources\ruralHouses.odb' has been recovered (tr. 26-26)

[2017-02-21 16:59:58 #2 store] 
Database 'G:\Informatika\4 curso\Ingenieria del software\RuralHouses\resources\ruralHouses.odb' is opened by 2660@ASIER

[2017-02-21 16:59:59 #3 type] 
Type domain.RuralHouse is not enhanced.

[2017-02-21 16:59:59 #4 type] 
Type domain.Offer is not enhanced.

------------------------------------------------------------------------------------------------------------------------

[2017-02-21 17:00:22 #1 store] 
Database 'G:\Informatika\4 curso\Ingenieria del software\RuralHouses\resources\ruralHouses.odb' has been recovered (tr. 27-27)

[2017-02-21 17:00:22 #2 store] 
Database 'G:\Informatika\4 curso\Ingenieria del software\RuralHouses\resources\ruralHouses.odb' is opened by 9308@ASIER

[2017-02-21 17:00:22 #3 type] 
Type domain.RuralHouse is not enhanced.

[2017-02-21 17:00:22 #4 type] 
Type domain.Offer is not enhanced.

------------------------------------------------------------------------------------------------------------------------

[2017-02-21 17:15:37 #1 store] 
Database 'G:\Informatika\4 curso\Ingenieria del software\RuralHouses\resources\ruralHouses.odb' has been recovered (tr. 28-28)

[2017-02-21 17:15:37 #2 store] 
Database 'G:\Informatika\4 curso\Ingenieria del software\RuralHouses\resources\ruralHouses.odb' is opened by 11312@ASIER

[2017-02-21 17:15:37 #3 type] 
Type domain.RuralHouse is not enhanced.

[2017-02-21 17:15:37 #4 type] 
Type domain.Offer is not enhanced.

------------------------------------------------------------------------------------------------------------------------

[2017-02-21 17:16:15 #1 store] 
Database 'G:\Informatika\4 curso\Ingenieria del software\RuralHouses\resources\ruralHouses.odb' has been recovered (tr. 29-29)

[2017-02-21 17:16:15 #2 store] 
Database 'G:\Informatika\4 curso\Ingenieria del software\RuralHouses\resources\ruralHouses.odb' is opened by 11192@ASIER

[2017-02-21 17:16:15 #3 type] 
Type domain.RuralHouse is not enhanced.

[2017-02-21 17:16:15 #4 type] 
Type domain.Offer is not enhanced.

------------------------------------------------------------------------------------------------------------------------

[2017-02-21 17:58:06 #1 store] 
Database 'G:\Informatika\4 curso\Ingenieria del software\RuralHouses\resources\ruralHouses.odb' has been recovered (tr. 30-30)

[2017-02-21 17:58:06 #2 store] 
Database 'G:\Informatika\4 curso\Ingenieria del software\RuralHouses\resources\ruralHouses.odb' is opened by 12328@ASIER

[2017-02-21 17:58:06 #3 type] 
Type domain.RuralHouse is not enhanced.

[2017-02-21 17:58:06 #4 type] 
Type domain.Offer is not enhanced.

------------------------------------------------------------------------------------------------------------------------

[2017-02-21 17:58:33 #1 store] 
Database 'G:\Informatika\4 curso\Ingenieria del software\RuralHouses\resources\ruralHouses.odb' has been recovered (tr. 31-31)

[2017-02-21 17:58:33 #2 store] 
Database 'G:\Informatika\4 curso\Ingenieria del software\RuralHouses\resources\ruralHouses.odb' is opened by 4000@ASIER

[2017-02-21 17:58:34 #3 type] 
Type domain.RuralHouse is not enhanced.

[2017-02-21 17:58:34 #4 type] 
Type domain.Offer is not enhanced.

------------------------------------------------------------------------------------------------------------------------

[2017-02-21 17:58:38 #1 store] 
Database 'G:\Informatika\4 curso\Ingenieria del software\RuralHouses\resources\ruralHouses.odb' has been recovered (tr. 32-32)

[2017-02-21 17:58:38 #2 store] 
Database 'G:\Informatika\4 curso\Ingenieria del software\RuralHouses\resources\ruralHouses.odb' is opened by 12464@ASIER

[2017-02-21 17:58:39 #3 type] 
Type domain.RuralHouse is not enhanced.

[2017-02-21 17:58:39 #4 type] 
Type domain.Offer is not enhanced.

