------------------------------------------------------------------------------------------------------------------------

[2017-02-27 11:26:57 #1 store] 
Database 'G:\Informatika\4 curso\Ingenieria del software\RuralHouses\resources\ruralHouses.odb' has been recovered (tr. 114-114)

[2017-02-27 11:26:57 #2 store] 
Database 'G:\Informatika\4 curso\Ingenieria del software\RuralHouses\resources\ruralHouses.odb' is opened by 6400@ASIER

[2017-02-27 11:26:57 #3 type] 
Type domain.RuralHouse is not enhanced.

[2017-02-27 11:26:57 #4 type] 
Type domain.Offer is not enhanced.

[2017-02-27 11:26:57 #5 type] 
Type domain.Users is not enhanced.

[2017-02-27 11:26:57 #6 type] 
Type domain.Client is not enhanced.

[2017-02-27 11:26:57 #7 type] 
Type domain.Owner is not enhanced.

------------------------------------------------------------------------------------------------------------------------

[2017-02-27 11:31:18 #1 store] 
Database 'G:\Informatika\4 curso\Ingenieria del software\RuralHouses\resources\ruralHouses.odb' has been recovered (tr. 115-115)

[2017-02-27 11:31:19 #2 store] 
Database 'G:\Informatika\4 curso\Ingenieria del software\RuralHouses\resources\ruralHouses.odb' is opened by 9116@ASIER

[2017-02-27 11:31:19 #3 type] 
Type domain.RuralHouse is not enhanced.

[2017-02-27 11:31:19 #4 type] 
Type domain.Offer is not enhanced.

[2017-02-27 11:31:19 #5 type] 
Type domain.Users is not enhanced.

[2017-02-27 11:31:19 #6 type] 
Type domain.Client is not enhanced.

[2017-02-27 11:31:19 #7 type] 
Type domain.Owner is not enhanced.

------------------------------------------------------------------------------------------------------------------------

[2017-02-27 11:42:05 #1 store] 
Database 'G:\Informatika\4 curso\Ingenieria del software\RuralHouses\resources\ruralHouses.odb' has been recovered (tr. 116-116)

[2017-02-27 11:42:05 #2 store] 
Database 'G:\Informatika\4 curso\Ingenieria del software\RuralHouses\resources\ruralHouses.odb' is opened by 7232@ASIER

[2017-02-27 11:42:05 #3 type] 
Type domain.RuralHouse is not enhanced.

[2017-02-27 11:42:06 #4 type] 
Type domain.Offer is not enhanced.

[2017-02-27 11:42:06 #5 type] 
Type domain.Users is not enhanced.

[2017-02-27 11:42:06 #6 type] 
Type domain.Client is not enhanced.

[2017-02-27 11:42:06 #7 type] 
Type domain.Owner is not enhanced.

------------------------------------------------------------------------------------------------------------------------

[2017-02-27 11:42:26 #1 store] 
Database 'G:\Informatika\4 curso\Ingenieria del software\RuralHouses\resources\ruralHouses.odb' has been recovered (tr. 117-117)

[2017-02-27 11:42:26 #2 store] 
Database 'G:\Informatika\4 curso\Ingenieria del software\RuralHouses\resources\ruralHouses.odb' is opened by 10252@ASIER

[2017-02-27 11:42:26 #3 type] 
Type domain.RuralHouse is not enhanced.

[2017-02-27 11:42:26 #4 type] 
Type domain.Offer is not enhanced.

[2017-02-27 11:42:26 #5 type] 
Type domain.Users is not enhanced.

[2017-02-27 11:42:26 #6 type] 
Type domain.Client is not enhanced.

[2017-02-27 11:42:26 #7 type] 
Type domain.Owner is not enhanced.

------------------------------------------------------------------------------------------------------------------------

[2017-02-27 12:43:54 #1 store] 
Database 'G:\Informatika\4 curso\Ingenieria del software\RuralHouses\resources\ruralHouses.odb' has been recovered (tr. 118-118)

[2017-02-27 12:43:55 #2 store] 
Database 'G:\Informatika\4 curso\Ingenieria del software\RuralHouses\resources\ruralHouses.odb' is opened by 7436@ASIER

[2017-02-27 12:43:55 #3 type] 
Type domain.RuralHouse is not enhanced.

[2017-02-27 12:43:55 #4 type] 
Type domain.Offer is not enhanced.

[2017-02-27 12:43:55 #5 type] 
Type domain.Users is not enhanced.

[2017-02-27 12:43:55 #6 type] 
Type domain.Client is not enhanced.

[2017-02-27 12:43:55 #7 type] 
Type domain.Owner is not enhanced.

------------------------------------------------------------------------------------------------------------------------

[2017-02-27 12:44:30 #1 store] 
Database 'G:\Informatika\4 curso\Ingenieria del software\RuralHouses\resources\ruralHouses.odb' has been recovered (tr. 119-119)

[2017-02-27 12:44:30 #2 store] 
Database 'G:\Informatika\4 curso\Ingenieria del software\RuralHouses\resources\ruralHouses.odb' is opened by 7096@ASIER

[2017-02-27 12:44:30 #3 type] 
Type domain.RuralHouse is not enhanced.

[2017-02-27 12:44:30 #4 type] 
Type domain.Offer is not enhanced.

[2017-02-27 12:44:30 #5 type] 
Type domain.Users is not enhanced.

[2017-02-27 12:44:30 #6 type] 
Type domain.Client is not enhanced.

[2017-02-27 12:44:30 #7 type] 
Type domain.Owner is not enhanced.

------------------------------------------------------------------------------------------------------------------------

[2017-02-27 12:48:44 #1 store] 
Database 'G:\Informatika\4 curso\Ingenieria del software\RuralHouses\resources\ruralHouses.odb' has been recovered (tr. 120-120)

[2017-02-27 12:48:44 #2 store] 
Database 'G:\Informatika\4 curso\Ingenieria del software\RuralHouses\resources\ruralHouses.odb' is opened by 11244@ASIER

[2017-02-27 12:48:44 #3 type] 
Type domain.RuralHouse is not enhanced.

[2017-02-27 12:48:44 #4 type] 
Type domain.Offer is not enhanced.

[2017-02-27 12:48:44 #5 type] 
Type domain.Users is not enhanced.

[2017-02-27 12:48:44 #6 type] 
Type domain.Client is not enhanced.

[2017-02-27 12:48:44 #7 type] 
Type domain.Owner is not enhanced.

------------------------------------------------------------------------------------------------------------------------

[2017-02-27 13:31:07 #1 store] 
Database 'G:\Informatika\4 curso\Ingenieria del software\RuralHouses\resources\ruralHouses.odb' has been recovered (tr. 121-121)

[2017-02-27 13:31:07 #2 store] 
Database 'G:\Informatika\4 curso\Ingenieria del software\RuralHouses\resources\ruralHouses.odb' is opened by 12176@ASIER

[2017-02-27 13:31:07 #3 type] 
Type domain.RuralHouse is not enhanced.

[2017-02-27 13:31:07 #4 type] 
Type domain.Offer is not enhanced.

[2017-02-27 13:31:07 #5 type] 
Type domain.Users is not enhanced.

[2017-02-27 13:31:07 #6 type] 
Type domain.Client is not enhanced.

[2017-02-27 13:31:07 #7 type] 
Type domain.Owner is not enhanced.

------------------------------------------------------------------------------------------------------------------------

[2017-02-27 13:33:23 #1 store] 
Database 'G:\Informatika\4 curso\Ingenieria del software\RuralHouses\resources\ruralHouses.odb' has been recovered (tr. 122-123)

[2017-02-27 13:33:23 #2 store] 
Database 'G:\Informatika\4 curso\Ingenieria del software\RuralHouses\resources\ruralHouses.odb' is opened by 11824@ASIER

[2017-02-27 13:33:23 #3 type] 
Type domain.RuralHouse is not enhanced.

[2017-02-27 13:33:23 #4 type] 
Type domain.Offer is not enhanced.

[2017-02-27 13:33:23 #5 type] 
Type domain.Users is not enhanced.

[2017-02-27 13:33:23 #6 type] 
Type domain.Client is not enhanced.

[2017-02-27 13:33:23 #7 type] 
Type domain.Owner is not enhanced.

------------------------------------------------------------------------------------------------------------------------

[2017-02-27 13:33:51 #1 store] 
Database 'G:\Informatika\4 curso\Ingenieria del software\RuralHouses\resources\ruralHouses.odb' has been recovered (tr. 124-125)

[2017-02-27 13:33:51 #2 store] 
Database 'G:\Informatika\4 curso\Ingenieria del software\RuralHouses\resources\ruralHouses.odb' is opened by 17156@ASIER

[2017-02-27 13:33:52 #3 type] 
Type domain.RuralHouse is not enhanced.

[2017-02-27 13:33:52 #4 type] 
Type domain.Offer is not enhanced.

[2017-02-27 13:33:52 #5 type] 
Type domain.Users is not enhanced.

[2017-02-27 13:33:52 #6 type] 
Type domain.Client is not enhanced.

[2017-02-27 13:33:52 #7 type] 
Type domain.Owner is not enhanced.

------------------------------------------------------------------------------------------------------------------------

[2017-02-27 13:41:57 #1 store] 
Database 'G:\Informatika\4 curso\Ingenieria del software\RuralHouses\resources\ruralHouses.odb' is opened by 16472@ASIER

[2017-02-27 13:41:57 #2 type] 
Type domain.RuralHouse is not enhanced.

[2017-02-27 13:41:57 #3 type] 
Type domain.Offer is not enhanced.

[2017-02-27 13:41:57 #4 type] 
Type domain.Users is not enhanced.

[2017-02-27 13:41:57 #5 type] 
Type domain.Client is not enhanced.

[2017-02-27 13:41:57 #6 type] 
Type domain.Owner is not enhanced.

------------------------------------------------------------------------------------------------------------------------

[2017-02-27 14:57:11 #1 store] 
Database 'G:\Informatika\4 curso\Ingenieria del software\RuralHouses\resources\ruralHouses.odb' has been recovered (tr. 127-128)

[2017-02-27 14:57:11 #2 store] 
Database 'G:\Informatika\4 curso\Ingenieria del software\RuralHouses\resources\ruralHouses.odb' is opened by 13556@ASIER

[2017-02-27 14:57:11 #3 type] 
Type domain.RuralHouse is not enhanced.

[2017-02-27 14:57:11 #4 type] 
Type domain.Offer is not enhanced.

[2017-02-27 14:57:11 #5 type] 
Type domain.Users is not enhanced.

[2017-02-27 14:57:11 #6 type] 
Type domain.Client is not enhanced.

[2017-02-27 14:57:11 #7 type] 
Type domain.Owner is not enhanced.

------------------------------------------------------------------------------------------------------------------------

[2017-02-27 14:58:23 #1 store] 
Database 'G:\Informatika\4 curso\Ingenieria del software\RuralHouses\resources\ruralHouses.odb' has been recovered (tr. 129-129)

[2017-02-27 14:58:23 #2 store] 
Database 'G:\Informatika\4 curso\Ingenieria del software\RuralHouses\resources\ruralHouses.odb' is opened by 15600@ASIER

[2017-02-27 14:58:23 #3 type] 
Type domain.RuralHouse is not enhanced.

[2017-02-27 14:58:23 #4 type] 
Type domain.Offer is not enhanced.

[2017-02-27 14:58:23 #5 type] 
Type domain.Users is not enhanced.

[2017-02-27 14:58:23 #6 type] 
Type domain.Client is not enhanced.

[2017-02-27 14:58:23 #7 type] 
Type domain.Owner is not enhanced.

------------------------------------------------------------------------------------------------------------------------

[2017-02-27 15:01:11 #1 store] 
Database 'G:\Informatika\4 curso\Ingenieria del software\RuralHouses\resources\ruralHouses.odb' is opened by 3424@ASIER

[2017-02-27 15:01:11 #2 type] 
Type domain.RuralHouse is not enhanced.

[2017-02-27 15:01:11 #3 type] 
Type domain.Offer is not enhanced.

[2017-02-27 15:01:11 #4 type] 
Type domain.Users is not enhanced.

[2017-02-27 15:01:11 #5 type] 
Type domain.Client is not enhanced.

[2017-02-27 15:01:11 #6 type] 
Type domain.Owner is not enhanced.

------------------------------------------------------------------------------------------------------------------------

[2017-02-27 15:03:11 #1 store] 
Database 'G:\Informatika\4 curso\Ingenieria del software\RuralHouses\resources\ruralHouses.odb' has been recovered (tr. 135-137)

[2017-02-27 15:03:11 #2 store] 
Database 'G:\Informatika\4 curso\Ingenieria del software\RuralHouses\resources\ruralHouses.odb' is opened by 15052@ASIER

[2017-02-27 15:03:11 #3 type] 
Type domain.RuralHouse is not enhanced.

[2017-02-27 15:03:11 #4 type] 
Type domain.Offer is not enhanced.

[2017-02-27 15:03:11 #5 type] 
Type domain.Users is not enhanced.

[2017-02-27 15:03:11 #6 type] 
Type domain.Client is not enhanced.

[2017-02-27 15:03:11 #7 type] 
Type domain.Owner is not enhanced.

------------------------------------------------------------------------------------------------------------------------

[2017-02-27 15:04:29 #1 store] 
Database 'G:\Informatika\4 curso\Ingenieria del software\RuralHouses\resources\ruralHouses.odb' has been recovered (tr. 138-138)

[2017-02-27 15:04:29 #2 store] 
Database 'G:\Informatika\4 curso\Ingenieria del software\RuralHouses\resources\ruralHouses.odb' is opened by 8580@ASIER

[2017-02-27 15:04:29 #3 type] 
Type domain.RuralHouse is not enhanced.

[2017-02-27 15:04:29 #4 type] 
Type domain.Offer is not enhanced.

[2017-02-27 15:04:29 #5 type] 
Type domain.Users is not enhanced.

[2017-02-27 15:04:29 #6 type] 
Type domain.Client is not enhanced.

[2017-02-27 15:04:29 #7 type] 
Type domain.Owner is not enhanced.

------------------------------------------------------------------------------------------------------------------------

[2017-02-27 15:06:28 #1 store] 
Database 'G:\Informatika\4 curso\Ingenieria del software\RuralHouses\resources\ruralHouses.odb' has been recovered (tr. 139-141)

[2017-02-27 15:06:28 #2 store] 
Database 'G:\Informatika\4 curso\Ingenieria del software\RuralHouses\resources\ruralHouses.odb' is opened by 14328@ASIER

[2017-02-27 15:06:28 #3 type] 
Type domain.RuralHouse is not enhanced.

[2017-02-27 15:06:28 #4 type] 
Type domain.Offer is not enhanced.

[2017-02-27 15:06:28 #5 type] 
Type domain.Users is not enhanced.

[2017-02-27 15:06:28 #6 type] 
Type domain.Client is not enhanced.

[2017-02-27 15:06:28 #7 type] 
Type domain.Owner is not enhanced.

------------------------------------------------------------------------------------------------------------------------

[2017-02-27 15:06:34 #1 store] 
Database 'G:\Informatika\4 curso\Ingenieria del software\RuralHouses\resources\ruralHouses.odb' has been recovered (tr. 142-142)

[2017-02-27 15:06:34 #2 store] 
Database 'G:\Informatika\4 curso\Ingenieria del software\RuralHouses\resources\ruralHouses.odb' is opened by 16836@ASIER

[2017-02-27 15:06:34 #3 type] 
Type domain.RuralHouse is not enhanced.

[2017-02-27 15:06:34 #4 type] 
Type domain.Offer is not enhanced.

[2017-02-27 15:06:34 #5 type] 
Type domain.Users is not enhanced.

[2017-02-27 15:06:34 #6 type] 
Type domain.Client is not enhanced.

[2017-02-27 15:06:34 #7 type] 
Type domain.Owner is not enhanced.

------------------------------------------------------------------------------------------------------------------------

[2017-02-27 15:10:00 #1 store] 
Database 'G:\Informatika\4 curso\Ingenieria del software\RuralHouses\resources\ruralHouses.odb' has been recovered (tr. 143-143)

[2017-02-27 15:10:00 #2 store] 
Database 'G:\Informatika\4 curso\Ingenieria del software\RuralHouses\resources\ruralHouses.odb' is opened by 13136@ASIER

[2017-02-27 15:10:00 #3 type] 
Type domain.RuralHouse is not enhanced.

[2017-02-27 15:10:00 #4 type] 
Type domain.Offer is not enhanced.

[2017-02-27 15:10:00 #5 type] 
Type domain.Users is not enhanced.

[2017-02-27 15:10:00 #6 type] 
Type domain.Client is not enhanced.

[2017-02-27 15:10:00 #7 type] 
Type domain.Owner is not enhanced.

------------------------------------------------------------------------------------------------------------------------

[2017-02-27 15:10:44 #1 store] 
Database 'G:\Informatika\4 curso\Ingenieria del software\RuralHouses\resources\ruralHouses.odb' has been recovered (tr. 144-145)

[2017-02-27 15:10:44 #2 store] 
Database 'G:\Informatika\4 curso\Ingenieria del software\RuralHouses\resources\ruralHouses.odb' is opened by 15324@ASIER

[2017-02-27 15:10:44 #3 type] 
Type domain.RuralHouse is not enhanced.

[2017-02-27 15:10:44 #4 type] 
Type domain.Offer is not enhanced.

[2017-02-27 15:10:44 #5 type] 
Type domain.Users is not enhanced.

[2017-02-27 15:10:44 #6 type] 
Type domain.Client is not enhanced.

[2017-02-27 15:10:45 #7 type] 
Type domain.Owner is not enhanced.

------------------------------------------------------------------------------------------------------------------------

[2017-02-27 15:11:04 #1 store] 
Database 'G:\Informatika\4 curso\Ingenieria del software\RuralHouses\resources\ruralHouses.odb' has been recovered (tr. 146-146)

[2017-02-27 15:11:04 #2 store] 
Database 'G:\Informatika\4 curso\Ingenieria del software\RuralHouses\resources\ruralHouses.odb' is opened by 10936@ASIER

[2017-02-27 15:11:05 #3 type] 
Type domain.RuralHouse is not enhanced.

[2017-02-27 15:11:05 #4 type] 
Type domain.Offer is not enhanced.

[2017-02-27 15:11:05 #5 type] 
Type domain.Users is not enhanced.

[2017-02-27 15:11:05 #6 type] 
Type domain.Client is not enhanced.

[2017-02-27 15:11:05 #7 type] 
Type domain.Owner is not enhanced.

------------------------------------------------------------------------------------------------------------------------

[2017-02-27 15:11:26 #1 store] 
Database 'G:\Informatika\4 curso\Ingenieria del software\RuralHouses\resources\ruralHouses.odb' has been recovered (tr. 147-147)

[2017-02-27 15:11:27 #2 store] 
Database 'G:\Informatika\4 curso\Ingenieria del software\RuralHouses\resources\ruralHouses.odb' is opened by 19188@ASIER

[2017-02-27 15:11:27 #3 type] 
Type domain.RuralHouse is not enhanced.

[2017-02-27 15:11:27 #4 type] 
Type domain.Offer is not enhanced.

[2017-02-27 15:11:27 #5 type] 
Type domain.Users is not enhanced.

[2017-02-27 15:11:27 #6 type] 
Type domain.Client is not enhanced.

[2017-02-27 15:11:27 #7 type] 
Type domain.Owner is not enhanced.

