------------------------------------------------------------------------------------------------------------------------

[2017-03-30 10:47:41 #1 store] 
Database 'G:\Informatika\4 curso\Ingenieria del software\RuralHouses\resources\ruralHouses.odb' has been recovered (tr. 245-249)

[2017-03-30 10:47:41 #2 store] 
Database 'G:\Informatika\4 curso\Ingenieria del software\RuralHouses\resources\ruralHouses.odb' is opened by 4512@ASIER

[2017-03-30 10:47:41 #3 type] 
Type domain.RuralHouse is not enhanced.

[2017-03-30 10:47:41 #4 type] 
Type domain.Offer is not enhanced.

[2017-03-30 10:47:41 #5 type] 
Type domain.Users is not enhanced.

[2017-03-30 10:47:41 #6 type] 
Type domain.Client is not enhanced.

[2017-03-30 10:47:41 #7 type] 
Type domain.Owner is not enhanced.

------------------------------------------------------------------------------------------------------------------------

[2017-03-30 11:02:10 #1 store] 
Database 'G:\Informatika\4 curso\Ingenieria del software\RuralHouses\resources\ruralHouses.odb' has been recovered (tr. 250-250)

[2017-03-30 11:02:10 #2 store] 
Database 'G:\Informatika\4 curso\Ingenieria del software\RuralHouses\resources\ruralHouses.odb' is opened by 6348@ASIER

[2017-03-30 11:02:11 #3 type] 
Type domain.RuralHouse is not enhanced.

[2017-03-30 11:02:11 #4 type] 
Type domain.Offer is not enhanced.

[2017-03-30 11:02:11 #5 type] 
Type domain.Users is not enhanced.

[2017-03-30 11:02:11 #6 type] 
Type domain.Client is not enhanced.

[2017-03-30 11:02:11 #7 type] 
Type domain.Owner is not enhanced.

------------------------------------------------------------------------------------------------------------------------

[2017-03-30 11:08:53 #1 store] 
Database 'G:\Informatika\4 curso\Ingenieria del software\RuralHouses\resources\ruralHouses.odb' has been recovered (tr. 251-252)

[2017-03-30 11:08:53 #2 store] 
Database 'G:\Informatika\4 curso\Ingenieria del software\RuralHouses\resources\ruralHouses.odb' is opened by 11480@ASIER

[2017-03-30 11:08:53 #3 type] 
Type domain.RuralHouse is not enhanced.

[2017-03-30 11:08:53 #4 type] 
Type domain.Offer is not enhanced.

[2017-03-30 11:08:53 #5 type] 
Type domain.Users is not enhanced.

[2017-03-30 11:08:53 #6 type] 
Type domain.Client is not enhanced.

[2017-03-30 11:08:53 #7 type] 
Type domain.Owner is not enhanced.

------------------------------------------------------------------------------------------------------------------------

[2017-03-30 11:18:20 #1 store] 
Database 'G:\Informatika\4 curso\Ingenieria del software\RuralHouses\resources\ruralHouses.odb' has been recovered (tr. 253-254)

[2017-03-30 11:18:20 #2 store] 
Database 'G:\Informatika\4 curso\Ingenieria del software\RuralHouses\resources\ruralHouses.odb' is opened by 10752@ASIER

[2017-03-30 11:18:20 #3 type] 
Type domain.RuralHouse is not enhanced.

[2017-03-30 11:18:20 #4 type] 
Type domain.Offer is not enhanced.

[2017-03-30 11:18:20 #5 type] 
Type domain.Users is not enhanced.

[2017-03-30 11:18:20 #6 type] 
Type domain.Client is not enhanced.

[2017-03-30 11:18:20 #7 type] 
Type domain.Owner is not enhanced.

------------------------------------------------------------------------------------------------------------------------

[2017-03-30 14:55:35 #1 store] 
Database 'G:\Informatika\4 curso\Ingenieria del software\RuralHouses\resources\ruralHouses.odb' is opened by 4584@ASIER

[2017-03-30 14:55:35 #2 type] 
Type domain.RuralHouse is not enhanced.

[2017-03-30 14:55:35 #3 type] 
Type domain.Offer is not enhanced.

[2017-03-30 14:55:35 #4 type] 
Type domain.Users is not enhanced.

[2017-03-30 14:55:35 #5 type] 
Type domain.Client is not enhanced.

[2017-03-30 14:55:35 #6 type] 
Type domain.Owner is not enhanced.

------------------------------------------------------------------------------------------------------------------------

[2017-03-30 14:58:06 #1 store] 
Database 'G:\Informatika\4 curso\Ingenieria del software\RuralHouses\resources\ruralHouses.odb' is opened by 6800@ASIER

[2017-03-30 14:58:07 #2 type] 
Type domain.RuralHouse is not enhanced.

[2017-03-30 14:58:07 #3 type] 
Type domain.Offer is not enhanced.

[2017-03-30 14:58:07 #4 type] 
Type domain.Users is not enhanced.

[2017-03-30 14:58:07 #5 type] 
Type domain.Client is not enhanced.

[2017-03-30 14:58:07 #6 type] 
Type domain.Owner is not enhanced.

------------------------------------------------------------------------------------------------------------------------

[2017-03-30 15:02:13 #1 store] 
Database 'G:\Informatika\4 curso\Ingenieria del software\RuralHouses\resources\ruralHouses.odb' has been recovered (tr. 255-258)

[2017-03-30 15:02:13 #2 store] 
Database 'G:\Informatika\4 curso\Ingenieria del software\RuralHouses\resources\ruralHouses.odb' is opened by 7236@ASIER

[2017-03-30 15:02:13 #3 type] 
Type domain.RuralHouse is not enhanced.

[2017-03-30 15:02:13 #4 type] 
Type domain.Offer is not enhanced.

[2017-03-30 15:02:13 #5 type] 
Type domain.Users is not enhanced.

[2017-03-30 15:02:13 #6 type] 
Type domain.Client is not enhanced.

[2017-03-30 15:02:14 #7 type] 
Type domain.Owner is not enhanced.

------------------------------------------------------------------------------------------------------------------------

[2017-03-30 15:30:49 #1 store] 
Database 'G:\Informatika\4 curso\Ingenieria del software\RuralHouses\resources\ruralHouses.odb' is opened by 11204@ASIER

[2017-03-30 15:30:50 #2 type] 
Type domain.RuralHouse is not enhanced.

[2017-03-30 15:30:50 #3 type] 
Type domain.Offer is not enhanced.

[2017-03-30 15:30:50 #4 type] 
Type domain.Users is not enhanced.

[2017-03-30 15:30:50 #5 type] 
Type domain.Client is not enhanced.

[2017-03-30 15:30:50 #6 type] 
Type domain.Owner is not enhanced.

------------------------------------------------------------------------------------------------------------------------

[2017-03-30 15:35:32 #1 store] 
Database 'G:\Informatika\4 curso\Ingenieria del software\RuralHouses\resources\ruralHouses.odb' is opened by 4428@ASIER

[2017-03-30 15:35:32 #2 type] 
Type domain.RuralHouse is not enhanced.

[2017-03-30 15:35:32 #3 type] 
Type domain.Offer is not enhanced.

[2017-03-30 15:35:32 #4 type] 
Type domain.Users is not enhanced.

[2017-03-30 15:35:32 #5 type] 
Type domain.Client is not enhanced.

[2017-03-30 15:35:32 #6 type] 
Type domain.Owner is not enhanced.

------------------------------------------------------------------------------------------------------------------------

[2017-03-30 15:44:55 #1 store] 
Database 'G:\Informatika\4 curso\Ingenieria del software\RuralHouses\resources\ruralHouses.odb' has been recovered (tr. 282-282)

[2017-03-30 15:44:55 #2 store] 
Database 'G:\Informatika\4 curso\Ingenieria del software\RuralHouses\resources\ruralHouses.odb' is opened by 9404@ASIER

[2017-03-30 15:44:55 #3 type] 
Type domain.RuralHouse is not enhanced.

[2017-03-30 15:44:55 #4 type] 
Type domain.Offer is not enhanced.

[2017-03-30 15:44:55 #5 type] 
Type domain.Users is not enhanced.

[2017-03-30 15:44:55 #6 type] 
Type domain.Client is not enhanced.

[2017-03-30 15:44:55 #7 type] 
Type domain.Owner is not enhanced.

