------------------------------------------------------------------------------------------------------------------------

[2017-02-28 11:46:03 #1 store] 
Database 'G:\Informatika\4 curso\Ingenieria del software\RuralHouses\resources\ruralHouses.odb' is opened by 7560@ASIER

[2017-02-28 11:46:03 #2 type] 
Type domain.RuralHouse is not enhanced.

[2017-02-28 11:46:03 #3 type] 
Type domain.Offer is not enhanced.

[2017-02-28 11:46:03 #4 type] 
Type domain.Users is not enhanced.

[2017-02-28 11:46:03 #5 type] 
Type domain.Client is not enhanced.

[2017-02-28 11:46:03 #6 type] 
Type domain.Owner is not enhanced.

------------------------------------------------------------------------------------------------------------------------

[2017-02-28 11:46:54 #1 store] 
Database 'G:\Informatika\4 curso\Ingenieria del software\RuralHouses\resources\ruralHouses.odb' has been recovered (tr. 150-151)

[2017-02-28 11:46:54 #2 store] 
Database 'G:\Informatika\4 curso\Ingenieria del software\RuralHouses\resources\ruralHouses.odb' is opened by 17372@ASIER

[2017-02-28 11:46:54 #3 type] 
Type domain.RuralHouse is not enhanced.

[2017-02-28 11:46:54 #4 type] 
Type domain.Offer is not enhanced.

[2017-02-28 11:46:54 #5 type] 
Type domain.Users is not enhanced.

[2017-02-28 11:46:54 #6 type] 
Type domain.Client is not enhanced.

[2017-02-28 11:46:54 #7 type] 
Type domain.Owner is not enhanced.

------------------------------------------------------------------------------------------------------------------------

[2017-02-28 11:47:33 #1 store] 
Database 'G:\Informatika\4 curso\Ingenieria del software\RuralHouses\resources\ruralHouses.odb' is opened by 17852@ASIER

[2017-02-28 11:47:33 #2 type] 
Type domain.RuralHouse is not enhanced.

[2017-02-28 11:47:33 #3 type] 
Type domain.Offer is not enhanced.

[2017-02-28 11:47:33 #4 type] 
Type domain.Users is not enhanced.

[2017-02-28 11:47:33 #5 type] 
Type domain.Client is not enhanced.

[2017-02-28 11:47:33 #6 type] 
Type domain.Owner is not enhanced.

------------------------------------------------------------------------------------------------------------------------

[2017-02-28 11:49:18 #1 store] 
Database 'G:\Informatika\4 curso\Ingenieria del software\RuralHouses\resources\ruralHouses.odb' has been recovered (tr. 152-153)

[2017-02-28 11:49:18 #2 store] 
Database 'G:\Informatika\4 curso\Ingenieria del software\RuralHouses\resources\ruralHouses.odb' is opened by 14856@ASIER

[2017-02-28 11:49:18 #3 type] 
Type domain.RuralHouse is not enhanced.

[2017-02-28 11:49:18 #4 type] 
Type domain.Offer is not enhanced.

[2017-02-28 11:49:18 #5 type] 
Type domain.Users is not enhanced.

[2017-02-28 11:49:18 #6 type] 
Type domain.Client is not enhanced.

[2017-02-28 11:49:18 #7 type] 
Type domain.Owner is not enhanced.

------------------------------------------------------------------------------------------------------------------------

[2017-02-28 11:52:43 #1 store] 
Database 'G:\Informatika\4 curso\Ingenieria del software\RuralHouses\resources\ruralHouses.odb' is opened by 7704@ASIER

[2017-02-28 11:52:43 #2 type] 
Type domain.RuralHouse is not enhanced.

[2017-02-28 11:52:43 #3 type] 
Type domain.Offer is not enhanced.

[2017-02-28 11:52:43 #4 type] 
Type domain.Users is not enhanced.

[2017-02-28 11:52:43 #5 type] 
Type domain.Client is not enhanced.

[2017-02-28 11:52:43 #6 type] 
Type domain.Owner is not enhanced.

------------------------------------------------------------------------------------------------------------------------

[2017-02-28 11:55:11 #1 store] 
Database 'G:\Informatika\4 curso\Ingenieria del software\RuralHouses\resources\ruralHouses.odb' has been recovered (tr. 161-161)

[2017-02-28 11:55:11 #2 store] 
Database 'G:\Informatika\4 curso\Ingenieria del software\RuralHouses\resources\ruralHouses.odb' is opened by 15408@ASIER

[2017-02-28 11:55:11 #3 type] 
Type domain.RuralHouse is not enhanced.

[2017-02-28 11:55:11 #4 type] 
Type domain.Offer is not enhanced.

[2017-02-28 11:55:11 #5 type] 
Type domain.Users is not enhanced.

[2017-02-28 11:55:11 #6 type] 
Type domain.Client is not enhanced.

[2017-02-28 11:55:11 #7 type] 
Type domain.Owner is not enhanced.

------------------------------------------------------------------------------------------------------------------------

[2017-02-28 11:56:11 #1 store] 
Database 'G:\Informatika\4 curso\Ingenieria del software\RuralHouses\resources\ruralHouses.odb' is opened by 8340@ASIER

[2017-02-28 11:56:11 #2 type] 
Type domain.RuralHouse is not enhanced.

[2017-02-28 11:56:11 #3 type] 
Type domain.Offer is not enhanced.

[2017-02-28 11:56:11 #4 type] 
Type domain.Users is not enhanced.

[2017-02-28 11:56:11 #5 type] 
Type domain.Client is not enhanced.

[2017-02-28 11:56:11 #6 type] 
Type domain.Owner is not enhanced.

------------------------------------------------------------------------------------------------------------------------

[2017-02-28 12:04:14 #1 store] 
Database 'G:\Informatika\4 curso\Ingenieria del software\RuralHouses\resources\ruralHouses.odb' is opened by 3936@ASIER

[2017-02-28 12:04:14 #2 type] 
Type domain.RuralHouse is not enhanced.

[2017-02-28 12:04:14 #3 type] 
Type domain.Offer is not enhanced.

[2017-02-28 12:04:14 #4 type] 
Type domain.Users is not enhanced.

[2017-02-28 12:04:14 #5 type] 
Type domain.Client is not enhanced.

[2017-02-28 12:04:14 #6 type] 
Type domain.Owner is not enhanced.

------------------------------------------------------------------------------------------------------------------------

[2017-02-28 12:08:30 #1 store] 
Database 'G:\Informatika\4 curso\Ingenieria del software\RuralHouses\resources\ruralHouses.odb' is opened by 15592@ASIER

[2017-02-28 12:08:30 #2 type] 
Type domain.RuralHouse is not enhanced.

[2017-02-28 12:08:30 #3 type] 
Type domain.Offer is not enhanced.

[2017-02-28 12:08:30 #4 type] 
Type domain.Users is not enhanced.

[2017-02-28 12:08:30 #5 type] 
Type domain.Client is not enhanced.

[2017-02-28 12:08:30 #6 type] 
Type domain.Owner is not enhanced.

------------------------------------------------------------------------------------------------------------------------

[2017-02-28 12:13:16 #1 store] 
Database 'G:\Informatika\4 curso\Ingenieria del software\RuralHouses\resources\ruralHouses.odb' is opened by 5840@ASIER

[2017-02-28 12:13:16 #2 type] 
Type domain.RuralHouse is not enhanced.

[2017-02-28 12:13:16 #3 type] 
Type domain.Offer is not enhanced.

[2017-02-28 12:13:16 #4 type] 
Type domain.Users is not enhanced.

[2017-02-28 12:13:16 #5 type] 
Type domain.Client is not enhanced.

[2017-02-28 12:13:16 #6 type] 
Type domain.Owner is not enhanced.

------------------------------------------------------------------------------------------------------------------------

[2017-02-28 12:17:17 #1 store] 
Database 'G:\Informatika\4 curso\Ingenieria del software\RuralHouses\resources\ruralHouses.odb' is opened by 772@ASIER

[2017-02-28 12:17:18 #2 type] 
Type domain.RuralHouse is not enhanced.

[2017-02-28 12:17:18 #3 type] 
Type domain.Offer is not enhanced.

[2017-02-28 12:17:18 #4 type] 
Type domain.Users is not enhanced.

[2017-02-28 12:17:18 #5 type] 
Type domain.Client is not enhanced.

[2017-02-28 12:17:18 #6 type] 
Type domain.Owner is not enhanced.

------------------------------------------------------------------------------------------------------------------------

[2017-02-28 12:20:06 #1 store] 
Database 'G:\Informatika\4 curso\Ingenieria del software\RuralHouses\resources\ruralHouses.odb' is opened by 15968@ASIER

[2017-02-28 12:20:06 #2 type] 
Type domain.RuralHouse is not enhanced.

[2017-02-28 12:20:06 #3 type] 
Type domain.Offer is not enhanced.

[2017-02-28 12:20:06 #4 type] 
Type domain.Users is not enhanced.

[2017-02-28 12:20:06 #5 type] 
Type domain.Client is not enhanced.

[2017-02-28 12:20:06 #6 type] 
Type domain.Owner is not enhanced.

------------------------------------------------------------------------------------------------------------------------

[2017-02-28 12:46:51 #1 store] 
Database 'G:\Informatika\4 curso\Ingenieria del software\RuralHouses\resources\ruralHouses.odb' is opened by 6728@ASIER

[2017-02-28 12:46:51 #2 type] 
Type domain.RuralHouse is not enhanced.

[2017-02-28 12:46:51 #3 type] 
Type domain.Offer is not enhanced.

[2017-02-28 12:46:51 #4 type] 
Type domain.Users is not enhanced.

[2017-02-28 12:46:51 #5 type] 
Type domain.Client is not enhanced.

[2017-02-28 12:46:51 #6 type] 
Type domain.Owner is not enhanced.

------------------------------------------------------------------------------------------------------------------------

[2017-02-28 12:49:00 #1 store] 
Database 'G:\Informatika\4 curso\Ingenieria del software\RuralHouses\resources\ruralHouses.odb' has been recovered (tr. 162-162)

[2017-02-28 12:49:00 #2 store] 
Database 'G:\Informatika\4 curso\Ingenieria del software\RuralHouses\resources\ruralHouses.odb' is opened by 14596@ASIER

[2017-02-28 12:49:00 #3 type] 
Type domain.RuralHouse is not enhanced.

[2017-02-28 12:49:00 #4 type] 
Type domain.Offer is not enhanced.

[2017-02-28 12:49:00 #5 type] 
Type domain.Users is not enhanced.

[2017-02-28 12:49:00 #6 type] 
Type domain.Client is not enhanced.

[2017-02-28 12:49:00 #7 type] 
Type domain.Owner is not enhanced.

------------------------------------------------------------------------------------------------------------------------

[2017-02-28 12:49:10 #1 store] 
Database 'G:\Informatika\4 curso\Ingenieria del software\RuralHouses\resources\ruralHouses.odb' is opened by 836@ASIER

[2017-02-28 12:49:10 #2 type] 
Type domain.RuralHouse is not enhanced.

[2017-02-28 12:49:10 #3 type] 
Type domain.Offer is not enhanced.

[2017-02-28 12:49:10 #4 type] 
Type domain.Users is not enhanced.

[2017-02-28 12:49:10 #5 type] 
Type domain.Client is not enhanced.

[2017-02-28 12:49:10 #6 type] 
Type domain.Owner is not enhanced.

------------------------------------------------------------------------------------------------------------------------

[2017-02-28 12:50:56 #1 store] 
Database 'G:\Informatika\4 curso\Ingenieria del software\RuralHouses\resources\ruralHouses.odb' is opened by 10492@ASIER

[2017-02-28 12:50:56 #2 type] 
Type domain.RuralHouse is not enhanced.

[2017-02-28 12:50:56 #3 type] 
Type domain.Offer is not enhanced.

[2017-02-28 12:50:56 #4 type] 
Type domain.Users is not enhanced.

[2017-02-28 12:50:56 #5 type] 
Type domain.Client is not enhanced.

[2017-02-28 12:50:56 #6 type] 
Type domain.Owner is not enhanced.

------------------------------------------------------------------------------------------------------------------------

[2017-02-28 12:51:13 #1 store] 
Database 'G:\Informatika\4 curso\Ingenieria del software\RuralHouses\resources\ruralHouses.odb' is opened by 11300@ASIER

[2017-02-28 12:51:13 #2 type] 
Type domain.RuralHouse is not enhanced.

[2017-02-28 12:51:13 #3 type] 
Type domain.Offer is not enhanced.

[2017-02-28 12:51:13 #4 type] 
Type domain.Users is not enhanced.

[2017-02-28 12:51:13 #5 type] 
Type domain.Client is not enhanced.

[2017-02-28 12:51:13 #6 type] 
Type domain.Owner is not enhanced.

------------------------------------------------------------------------------------------------------------------------

[2017-02-28 13:11:05 #1 store] 
Database 'G:\Informatika\4 curso\Ingenieria del software\RuralHouses\resources\ruralHouses.odb' is opened by 13512@ASIER

[2017-02-28 13:11:06 #2 type] 
Type domain.RuralHouse is not enhanced.

[2017-02-28 13:11:06 #3 type] 
Type domain.Offer is not enhanced.

[2017-02-28 13:11:06 #4 type] 
Type domain.Users is not enhanced.

[2017-02-28 13:11:06 #5 type] 
Type domain.Client is not enhanced.

[2017-02-28 13:11:06 #6 type] 
Type domain.Owner is not enhanced.

------------------------------------------------------------------------------------------------------------------------

[2017-02-28 13:11:44 #1 store] 
Database 'G:\Informatika\4 curso\Ingenieria del software\RuralHouses\resources\ruralHouses.odb' is opened by 13928@ASIER

[2017-02-28 13:11:45 #2 type] 
Type domain.RuralHouse is not enhanced.

[2017-02-28 13:11:45 #3 type] 
Type domain.Offer is not enhanced.

[2017-02-28 13:11:45 #4 type] 
Type domain.Users is not enhanced.

[2017-02-28 13:11:45 #5 type] 
Type domain.Client is not enhanced.

[2017-02-28 13:11:45 #6 type] 
Type domain.Owner is not enhanced.

------------------------------------------------------------------------------------------------------------------------

[2017-02-28 13:35:19 #1 store] 
Database 'G:\Informatika\4 curso\Ingenieria del software\RuralHouses\resources\ruralHouses.odb' is opened by 16676@ASIER

[2017-02-28 13:35:19 #2 type] 
Type domain.RuralHouse is not enhanced.

[2017-02-28 13:35:19 #3 type] 
Type domain.Offer is not enhanced.

[2017-02-28 13:35:19 #4 type] 
Type domain.Users is not enhanced.

[2017-02-28 13:35:19 #5 type] 
Type domain.Client is not enhanced.

[2017-02-28 13:35:19 #6 type] 
Type domain.Owner is not enhanced.

------------------------------------------------------------------------------------------------------------------------

[2017-02-28 14:51:17 #1 store] 
Database 'G:\Informatika\4 curso\Ingenieria del software\RuralHouses\resources\ruralHouses.odb' is opened by 2316@ASIER

[2017-02-28 14:51:17 #2 type] 
Type domain.RuralHouse is not enhanced.

[2017-02-28 14:51:17 #3 type] 
Type domain.Offer is not enhanced.

[2017-02-28 14:51:17 #4 type] 
Type domain.Users is not enhanced.

[2017-02-28 14:51:17 #5 type] 
Type domain.Client is not enhanced.

[2017-02-28 14:51:17 #6 type] 
Type domain.Owner is not enhanced.

------------------------------------------------------------------------------------------------------------------------

[2017-02-28 14:53:46 #1 store] 
Database 'G:\Informatika\4 curso\Ingenieria del software\RuralHouses\resources\ruralHouses.odb' is opened by 12160@ASIER

[2017-02-28 14:53:46 #2 type] 
Type domain.RuralHouse is not enhanced.

[2017-02-28 14:53:46 #3 type] 
Type domain.Offer is not enhanced.

[2017-02-28 14:53:46 #4 type] 
Type domain.Users is not enhanced.

[2017-02-28 14:53:46 #5 type] 
Type domain.Client is not enhanced.

[2017-02-28 14:53:46 #6 type] 
Type domain.Owner is not enhanced.

------------------------------------------------------------------------------------------------------------------------

[2017-02-28 14:55:15 #1 store] 
Database 'G:\Informatika\4 curso\Ingenieria del software\RuralHouses\resources\ruralHouses.odb' is opened by 11796@ASIER

[2017-02-28 14:55:15 #2 type] 
Type domain.RuralHouse is not enhanced.

[2017-02-28 14:55:15 #3 type] 
Type domain.Offer is not enhanced.

[2017-02-28 14:55:15 #4 type] 
Type domain.Users is not enhanced.

[2017-02-28 14:55:15 #5 type] 
Type domain.Client is not enhanced.

[2017-02-28 14:55:15 #6 type] 
Type domain.Owner is not enhanced.

------------------------------------------------------------------------------------------------------------------------

[2017-02-28 14:59:05 #1 store] 
Database 'G:\Informatika\4 curso\Ingenieria del software\RuralHouses\resources\ruralHouses.odb' is opened by 16696@ASIER

[2017-02-28 14:59:05 #2 type] 
Type domain.RuralHouse is not enhanced.

[2017-02-28 14:59:05 #3 type] 
Type domain.Offer is not enhanced.

[2017-02-28 14:59:05 #4 type] 
Type domain.Users is not enhanced.

[2017-02-28 14:59:05 #5 type] 
Type domain.Client is not enhanced.

[2017-02-28 14:59:05 #6 type] 
Type domain.Owner is not enhanced.

