------------------------------------------------------------------------------------------------------------------------

[2017-05-16 09:42:54 #1 store] 
Database 'G:\Informatika\4 curso\Ingenieria del software\RuralHouses\resources\ruralHouses.odb' has been recovered (tr. 903-906)

[2017-05-16 09:42:55 #2 store] 
Database 'G:\Informatika\4 curso\Ingenieria del software\RuralHouses\resources\ruralHouses.odb' is opened by 11788@ASIER

[2017-05-16 09:43:42 #3 store] 
Database 'G:\Informatika\4 curso\Ingenieria del software\RuralHouses\resources\ruralHouses.odb' is closed by 11788@ASIER

------------------------------------------------------------------------------------------------------------------------

[2017-05-16 09:53:28 #1 store] 
Database 'G:\Informatika\4 curso\Ingenieria del software\RuralHouses\resources\ruralHouses.odb' has been recovered (tr. 942-942)

[2017-05-16 09:53:28 #2 store] 
Database 'G:\Informatika\4 curso\Ingenieria del software\RuralHouses\resources\ruralHouses.odb' is opened by 10284@ASIER

[2017-05-16 09:53:53 #3 store] 
Database 'G:\Informatika\4 curso\Ingenieria del software\RuralHouses\resources\ruralHouses.odb' is closed by 10284@ASIER

------------------------------------------------------------------------------------------------------------------------

[2017-05-16 09:57:34 #1 store] 
Database 'G:\Informatika\4 curso\Ingenieria del software\RuralHouses\resources\ruralHouses.odb' has been recovered (tr. 946-949)

[2017-05-16 09:57:34 #2 store] 
Database 'G:\Informatika\4 curso\Ingenieria del software\RuralHouses\resources\ruralHouses.odb' is opened by 10236@ASIER

[2017-05-16 09:58:29 #3 store] 
Database 'G:\Informatika\4 curso\Ingenieria del software\RuralHouses\resources\ruralHouses.odb' is closed by 10236@ASIER

------------------------------------------------------------------------------------------------------------------------

[2017-05-16 10:15:45 #1 store] 
Database 'G:\Informatika\4 curso\Ingenieria del software\RuralHouses\resources\ruralHouses.odb' is opened by 5412@ASIER

[2017-05-16 10:16:20 #2 store] 
Database 'G:\Informatika\4 curso\Ingenieria del software\RuralHouses\resources\ruralHouses.odb' is closed by 5412@ASIER

------------------------------------------------------------------------------------------------------------------------

[2017-05-16 13:05:43 #1 store] 
Database 'G:\Informatika\4 curso\Ingenieria del software\RuralHouses\resources\ruralHouses.odb' is opened by 11344@ASIER

------------------------------------------------------------------------------------------------------------------------

[2017-05-16 13:17:01 #1 store] 
Database 'G:\Informatika\4 curso\Ingenieria del software\RuralHouses\resources\ruralHouses.odb' has been recovered (tr. 991-991)

[2017-05-16 13:17:01 #2 store] 
Database 'G:\Informatika\4 curso\Ingenieria del software\RuralHouses\resources\ruralHouses.odb' is opened by 7676@ASIER

[2017-05-16 13:19:59 #3 store] 
Database 'G:\Informatika\4 curso\Ingenieria del software\RuralHouses\resources\ruralHouses.odb' is closed by 7676@ASIER

