------------------------------------------------------------------------------------------------------------------------

[2017-05-14 13:14:36 #1 store] 
Database 'G:\Informatika\4 curso\Ingenieria del software\RuralHouses\resources\ruralHouses.odb' is opened by 7076@ASIER

[2017-05-14 13:15:01 #2 store] 
Database 'G:\Informatika\4 curso\Ingenieria del software\RuralHouses\resources\ruralHouses.odb' is closed by 7076@ASIER

------------------------------------------------------------------------------------------------------------------------

[2017-05-14 16:26:08 #1 store] 
Database 'G:\Informatika\4 curso\Ingenieria del software\RuralHouses\resources\ruralHouses.odb' has been recovered (tr. 693-696)

[2017-05-14 16:26:08 #2 store] 
Database 'G:\Informatika\4 curso\Ingenieria del software\RuralHouses\resources\ruralHouses.odb' is opened by 8252@ASIER

[2017-05-14 16:26:53 #3 store] 
Database 'G:\Informatika\4 curso\Ingenieria del software\RuralHouses\resources\ruralHouses.odb' is closed by 8252@ASIER

------------------------------------------------------------------------------------------------------------------------

[2017-05-14 16:51:57 #1 store] 
Database 'G:\Informatika\4 curso\Ingenieria del software\RuralHouses\resources\ruralHouses.odb' has been recovered (tr. 705-705)

[2017-05-14 16:51:57 #2 store] 
Database 'G:\Informatika\4 curso\Ingenieria del software\RuralHouses\resources\ruralHouses.odb' is opened by 1152@ASIER

[2017-05-14 16:55:06 #3 store] 
Database 'G:\Informatika\4 curso\Ingenieria del software\RuralHouses\resources\ruralHouses.odb' is closed by 1152@ASIER

------------------------------------------------------------------------------------------------------------------------

[2017-05-14 16:56:19 #1 store] 
Database 'G:\Informatika\4 curso\Ingenieria del software\RuralHouses\resources\ruralHouses.odb' has been recovered (tr. 737-738)

[2017-05-14 16:56:19 #2 store] 
Database 'G:\Informatika\4 curso\Ingenieria del software\RuralHouses\resources\ruralHouses.odb' is opened by 5728@ASIER

[2017-05-14 16:57:32 #3 store] 
Database 'G:\Informatika\4 curso\Ingenieria del software\RuralHouses\resources\ruralHouses.odb' is closed by 5728@ASIER

------------------------------------------------------------------------------------------------------------------------

[2017-05-14 17:07:48 #1 store] 
Database 'G:\Informatika\4 curso\Ingenieria del software\RuralHouses\resources\ruralHouses.odb' has been recovered (tr. 741-741)

[2017-05-14 17:07:48 #2 store] 
Database 'G:\Informatika\4 curso\Ingenieria del software\RuralHouses\resources\ruralHouses.odb' is opened by 14820@ASIER

[2017-05-14 17:08:25 #3 store] 
Database 'G:\Informatika\4 curso\Ingenieria del software\RuralHouses\resources\ruralHouses.odb' is closed by 14820@ASIER

------------------------------------------------------------------------------------------------------------------------

[2017-05-14 17:32:11 #1 store] 
Database 'G:\Informatika\4 curso\Ingenieria del software\RuralHouses\resources\ruralHouses.odb' has been recovered (tr. 745-746)

[2017-05-14 17:32:11 #2 store] 
Database 'G:\Informatika\4 curso\Ingenieria del software\RuralHouses\resources\ruralHouses.odb' is opened by 14728@ASIER

[2017-05-14 17:32:46 #3 store] 
Database 'G:\Informatika\4 curso\Ingenieria del software\RuralHouses\resources\ruralHouses.odb' is closed by 14728@ASIER

