------------------------------------------------------------------------------------------------------------------------

[2017-05-12 12:32:06 #1 store] 
Database 'G:\Informatika\4 curso\Ingenieria del software\RuralHouses\resources\ruralHouses.odb' is opened by 8264@ASIER

[2017-05-12 12:32:35 #2 explorer] 
java.lang.NullPointerException
	at com.objectdb.o.ARI.G(ARI.java:123)
	at com.objectdb.o.CNI.K(CNI.java:161)
	at com.objectdb.o.MultiValueItem.K(MultiValueItem.java:14)
	at com.objectdb.o.ITP.D(ITP.java:456)
	at com.objectdb.o.ITP.VQ(ITP.java:340)
	at com.objectdb.o.RTR.VQ(RTR.java:69)
	at com.objectdb.o.CMD.actionPerformed(CMD.java:470)
	at javax.swing.AbstractButton.fireActionPerformed(Unknown Source)
	at javax.swing.AbstractButton$Handler.actionPerformed(Unknown Source)
	at javax.swing.DefaultButtonModel.fireActionPerformed(Unknown Source)
	at javax.swing.DefaultButtonModel.setPressed(Unknown Source)
	at javax.swing.AbstractButton.doClick(Unknown Source)
	at javax.swing.AbstractButton.doClick(Unknown Source)
	at javax.swing.plaf.basic.BasicMenuItemUI$Actions.actionPerformed(Unknown Source)
	at javax.swing.SwingUtilities.notifyAction(Unknown Source)
	at javax.swing.JComponent.processKeyBinding(Unknown Source)
	at javax.swing.JMenuBar.processBindingForKeyStrokeRecursive(Unknown Source)
	at javax.swing.JMenuBar.processBindingForKeyStrokeRecursive(Unknown Source)
	at javax.swing.JMenuBar.processBindingForKeyStrokeRecursive(Unknown Source)
	at javax.swing.JMenuBar.processKeyBinding(Unknown Source)
	at javax.swing.KeyboardManager.fireBinding(Unknown Source)
	at javax.swing.KeyboardManager.fireKeyboardAction(Unknown Source)
	at javax.swing.JComponent.processKeyBindingsForAllComponents(Unknown Source)
	at javax.swing.JComponent.processKeyBindings(Unknown Source)
	at javax.swing.JComponent.processKeyEvent(Unknown Source)
	at java.awt.Component.processEvent(Unknown Source)
	at java.awt.Container.processEvent(Unknown Source)
	at java.awt.Component.dispatchEventImpl(Unknown Source)
	at java.awt.Container.dispatchEventImpl(Unknown Source)
	at java.awt.Component.dispatchEvent(Unknown Source)
	at java.awt.KeyboardFocusManager.redispatchEvent(Unknown Source)
	at java.awt.DefaultKeyboardFocusManager.dispatchKeyEvent(Unknown Source)
	at java.awt.DefaultKeyboardFocusManager.preDispatchKeyEvent(Unknown Source)
	at java.awt.DefaultKeyboardFocusManager.typeAheadAssertions(Unknown Source)
	at java.awt.DefaultKeyboardFocusManager.dispatchEvent(Unknown Source)
	at java.awt.Component.dispatchEventImpl(Unknown Source)
	at java.awt.Container.dispatchEventImpl(Unknown Source)
	at java.awt.Window.dispatchEventImpl(Unknown Source)
	at java.awt.Component.dispatchEvent(Unknown Source)
	at java.awt.EventQueue.dispatchEventImpl(Unknown Source)
	at java.awt.EventQueue.access$500(Unknown Source)
	at java.awt.EventQueue$3.run(Unknown Source)
	at java.awt.EventQueue$3.run(Unknown Source)
	at java.security.AccessController.doPrivileged(Native Method)
	at java.security.ProtectionDomain$JavaSecurityAccessImpl.doIntersectionPrivilege(Unknown Source)
	at java.security.ProtectionDomain$JavaSecurityAccessImpl.doIntersectionPrivilege(Unknown Source)
	at java.awt.EventQueue$4.run(Unknown Source)
	at java.awt.EventQueue$4.run(Unknown Source)
	at java.security.AccessController.doPrivileged(Native Method)
	at java.security.ProtectionDomain$JavaSecurityAccessImpl.doIntersectionPrivilege(Unknown Source)
	at java.awt.EventQueue.dispatchEvent(Unknown Source)
	at java.awt.EventDispatchThread.pumpOneEventForFilters(Unknown Source)
	at java.awt.EventDispatchThread.pumpEventsForFilter(Unknown Source)
	at java.awt.EventDispatchThread.pumpEventsForHierarchy(Unknown Source)
	at java.awt.EventDispatchThread.pumpEvents(Unknown Source)
	at java.awt.EventDispatchThread.pumpEvents(Unknown Source)
	at java.awt.EventDispatchThread.run(Unknown Source)

[2017-05-12 12:33:33 #3 store] 
Database 'G:\Informatika\4 curso\Ingenieria del software\RuralHouses\resources\ruralHouses.odb' is closed by 8264@ASIER

