------------------------------------------------------------------------------------------------------------------------

[2017-05-09 17:58:20 #1 store] 
Database 'G:\Informatika\4 curso\Ingenieria del software\RuralHouses\resources\ruralHouses.odb' is opened by 3472@ASIER

[2017-05-09 17:58:52 #2 store] 
Database 'G:\Informatika\4 curso\Ingenieria del software\RuralHouses\resources\ruralHouses.odb' is closed by 3472@ASIER

------------------------------------------------------------------------------------------------------------------------

[2017-05-09 18:10:07 #1 store] 
Database 'G:\Informatika\4 curso\Ingenieria del software\RuralHouses\resources\ruralHouses.odb' has been recovered (tr. 482-482)

[2017-05-09 18:10:08 #2 store] 
Database 'G:\Informatika\4 curso\Ingenieria del software\RuralHouses\resources\ruralHouses.odb' is opened by 12444@ASIER

[2017-05-09 18:11:13 #3 store] 
Database 'G:\Informatika\4 curso\Ingenieria del software\RuralHouses\resources\ruralHouses.odb' is closed by 12444@ASIER

------------------------------------------------------------------------------------------------------------------------

[2017-05-09 18:14:14 #1 store] 
Database 'G:\Informatika\4 curso\Ingenieria del software\RuralHouses\resources\ruralHouses.odb' is opened by 13604@ASIER

[2017-05-09 18:14:33 #2 store] 
Database 'G:\Informatika\4 curso\Ingenieria del software\RuralHouses\resources\ruralHouses.odb' is closed by 13604@ASIER

------------------------------------------------------------------------------------------------------------------------

[2017-05-09 18:19:26 #1 store] 
Database 'G:\Informatika\4 curso\Ingenieria del software\RuralHouses\resources\ruralHouses.odb' is opened by 11736@ASIER

[2017-05-09 18:20:18 #2 store] 
Database 'G:\Informatika\4 curso\Ingenieria del software\RuralHouses\resources\ruralHouses.odb' is closed by 11736@ASIER

