------------------------------------------------------------------------------------------------------------------------

[2017-05-15 11:27:37 #1 store] 
Database 'G:\Informatika\4 curso\Ingenieria del software\RuralHouses\resources\ruralHouses.odb' has been recovered (tr. 769-769)

[2017-05-15 11:27:37 #2 store] 
Database 'G:\Informatika\4 curso\Ingenieria del software\RuralHouses\resources\ruralHouses.odb' is opened by 8564@ASIER

[2017-05-15 11:28:34 #3 store] 
Database 'G:\Informatika\4 curso\Ingenieria del software\RuralHouses\resources\ruralHouses.odb' is closed by 8564@ASIER

------------------------------------------------------------------------------------------------------------------------

[2017-05-15 11:48:19 #1 store] 
Database 'G:\Informatika\4 curso\Ingenieria del software\RuralHouses\resources\ruralHouses.odb' has been recovered (tr. 777-788)

[2017-05-15 11:48:19 #2 store] 
Database 'G:\Informatika\4 curso\Ingenieria del software\RuralHouses\resources\ruralHouses.odb' is opened by 4024@ASIER

[2017-05-15 11:50:20 #3 store] 
Database 'G:\Informatika\4 curso\Ingenieria del software\RuralHouses\resources\ruralHouses.odb' is closed by 4024@ASIER

------------------------------------------------------------------------------------------------------------------------

[2017-05-15 11:51:38 #1 store] 
Database 'G:\Informatika\4 curso\Ingenieria del software\RuralHouses\resources\ruralHouses.odb' has been recovered (tr. 797-800)

[2017-05-15 11:51:38 #2 store] 
Database 'G:\Informatika\4 curso\Ingenieria del software\RuralHouses\resources\ruralHouses.odb' is opened by 3376@ASIER

[2017-05-15 12:00:56 #3 store] 
Database 'G:\Informatika\4 curso\Ingenieria del software\RuralHouses\resources\ruralHouses.odb' is closed by 3376@ASIER

------------------------------------------------------------------------------------------------------------------------

[2017-05-15 12:12:01 #1 store] 
Database 'G:\Informatika\4 curso\Ingenieria del software\RuralHouses\resources\ruralHouses.odb' is opened by 8792@ASIER

[2017-05-15 12:27:23 #2 store] 
Database 'G:\Informatika\4 curso\Ingenieria del software\RuralHouses\resources\ruralHouses.odb' is closed by 8792@ASIER

------------------------------------------------------------------------------------------------------------------------

[2017-05-15 16:40:04 #1 store] 
Database 'G:\Informatika\4 curso\Ingenieria del software\RuralHouses\resources\ruralHouses.odb' has been recovered (tr. 823-823)

[2017-05-15 16:40:04 #2 store] 
Database 'G:\Informatika\4 curso\Ingenieria del software\RuralHouses\resources\ruralHouses.odb' is opened by 8588@ASIER

[2017-05-15 16:40:41 #3 store] 
Database 'G:\Informatika\4 curso\Ingenieria del software\RuralHouses\resources\ruralHouses.odb' is closed by 8588@ASIER

------------------------------------------------------------------------------------------------------------------------

[2017-05-15 17:01:50 #1 store] 
Database 'G:\Informatika\4 curso\Ingenieria del software\RuralHouses\resources\ruralHouses.odb' is opened by 11332@ASIER

[2017-05-15 17:02:52 #2 store] 
Database 'G:\Informatika\4 curso\Ingenieria del software\RuralHouses\resources\ruralHouses.odb' is closed by 11332@ASIER

------------------------------------------------------------------------------------------------------------------------

[2017-05-15 17:06:58 #1 store] 
Database 'G:\Informatika\4 curso\Ingenieria del software\RuralHouses\resources\ruralHouses.odb' is opened by 11292@ASIER

[2017-05-15 17:07:51 #2 store] 
Database 'G:\Informatika\4 curso\Ingenieria del software\RuralHouses\resources\ruralHouses.odb' is closed by 11292@ASIER

------------------------------------------------------------------------------------------------------------------------

[2017-05-15 17:11:37 #1 store] 
Database 'G:\Informatika\4 curso\Ingenieria del software\RuralHouses\resources\ruralHouses.odb' is opened by 2040@ASIER

[2017-05-15 17:12:15 #2 store] 
Database 'G:\Informatika\4 curso\Ingenieria del software\RuralHouses\resources\ruralHouses.odb' is closed by 2040@ASIER

------------------------------------------------------------------------------------------------------------------------

[2017-05-15 17:38:34 #1 store] 
Database 'G:\Informatika\4 curso\Ingenieria del software\RuralHouses\resources\ruralHouses.odb' has been recovered (tr. 876-897)

[2017-05-15 17:38:34 #2 store] 
Database 'G:\Informatika\4 curso\Ingenieria del software\RuralHouses\resources\ruralHouses.odb' is opened by 11748@ASIER

[2017-05-15 17:41:10 #3 store] 
Database 'G:\Informatika\4 curso\Ingenieria del software\RuralHouses\resources\ruralHouses.odb' is closed by 11748@ASIER

