------------------------------------------------------------------------------------------------------------------------

[2017-02-28 11:51:38 #1 store] 
Database 'G:\Informatika\4 curso\Ingenieria del software\RuralHouses\resources\ruralHouses.odb' is opened by 19028@ASIER

[2017-02-28 11:52:36 #2 store] 
Database 'G:\Informatika\4 curso\Ingenieria del software\RuralHouses\resources\ruralHouses.odb' is closed by 19028@ASIER

------------------------------------------------------------------------------------------------------------------------

[2017-02-28 11:58:19 #1 store] 
Database 'G:\Informatika\4 curso\Ingenieria del software\RuralHouses\resources\ruralHouses.odb' is opened by 8348@ASIER

[2017-02-28 11:58:52 #2 store] 
Database 'G:\Informatika\4 curso\Ingenieria del software\RuralHouses\resources\ruralHouses.odb' is closed by 8348@ASIER

------------------------------------------------------------------------------------------------------------------------

[2017-02-28 13:35:57 #1 store] 
Database 'G:\Informatika\4 curso\Ingenieria del software\RuralHouses\resources\ruralHouses.odb' has been recovered (tr. 163-163)

[2017-02-28 13:35:57 #2 store] 
Database 'G:\Informatika\4 curso\Ingenieria del software\RuralHouses\resources\ruralHouses.odb' is opened by 2820@ASIER

[2017-02-28 13:38:59 #3 store] 
Database 'G:\Informatika\4 curso\Ingenieria del software\RuralHouses\resources\ruralHouses.odb' is closed by 2820@ASIER

------------------------------------------------------------------------------------------------------------------------

[2017-02-28 15:13:53 #1 store] 
Database 'G:\Informatika\4 curso\Ingenieria del software\RuralHouses\resources\ruralHouses.odb' is opened by 10380@ASIER

[2017-02-28 15:15:00 #2 store] 
Database 'G:\Informatika\4 curso\Ingenieria del software\RuralHouses\resources\ruralHouses.odb' is closed by 10380@ASIER

------------------------------------------------------------------------------------------------------------------------

[2017-02-28 16:12:04 #1 store] 
Database 'G:\Informatika\4 curso\Ingenieria del software\RuralHouses\resources\ruralHouses.odb' is opened by 15624@ASIER

[2017-02-28 16:12:32 #2 store] 
Database 'G:\Informatika\4 curso\Ingenieria del software\RuralHouses\resources\ruralHouses.odb' is closed by 15624@ASIER

------------------------------------------------------------------------------------------------------------------------

[2017-02-28 16:35:00 #1 store] 
Database 'G:\Informatika\4 curso\Ingenieria del software\RuralHouses\resources\ruralHouses.odb' is opened by 14360@ASIER

[2017-02-28 16:35:37 #2 store] 
Database 'G:\Informatika\4 curso\Ingenieria del software\RuralHouses\resources\ruralHouses.odb' is closed by 14360@ASIER

------------------------------------------------------------------------------------------------------------------------

[2017-02-28 16:36:58 #1 store] 
Database 'G:\Informatika\4 curso\Ingenieria del software\RuralHouses\resources\ruralHouses.odb' has been recovered (tr. 175-176)

[2017-02-28 16:36:58 #2 store] 
Database 'G:\Informatika\4 curso\Ingenieria del software\RuralHouses\resources\ruralHouses.odb' is opened by 3652@ASIER

[2017-02-28 16:37:40 #3 store] 
Database 'G:\Informatika\4 curso\Ingenieria del software\RuralHouses\resources\ruralHouses.odb' is closed by 3652@ASIER

