------------------------------------------------------------------------------------------------------------------------

[2017-02-20 16:01:35 #1 store] 
Database 'G:\Informatika\4 curso\Ingenieria del software\RuralHouses\resources\ruralHouses.odb' has been recovered (tr. 21-21)

[2017-02-20 16:01:35 #2 store] 
Database 'G:\Informatika\4 curso\Ingenieria del software\RuralHouses\resources\ruralHouses.odb' is opened by 5068@ASIER

[2017-02-20 16:01:36 #3 type] 
Type domain.RuralHouse is not enhanced.

[2017-02-20 16:01:36 #4 type] 
Type domain.Offer is not enhanced.

------------------------------------------------------------------------------------------------------------------------

[2017-02-20 17:22:19 #1 store] 
Database 'G:\Informatika\4 curso\Ingenieria del software\RuralHouses\resources\ruralHouses.odb' has been recovered (tr. 22-22)

[2017-02-20 17:22:19 #2 store] 
Database 'G:\Informatika\4 curso\Ingenieria del software\RuralHouses\resources\ruralHouses.odb' is opened by 11348@ASIER

[2017-02-20 17:22:19 #3 type] 
Type domain.RuralHouse is not enhanced.

[2017-02-20 17:22:19 #4 type] 
Type domain.Offer is not enhanced.

------------------------------------------------------------------------------------------------------------------------

[2017-02-20 17:22:33 #1 store] 
Database 'G:\Informatika\4 curso\Ingenieria del software\RuralHouses\resources\ruralHouses.odb' has been recovered (tr. 23-23)

[2017-02-20 17:22:34 #2 store] 
Database 'G:\Informatika\4 curso\Ingenieria del software\RuralHouses\resources\ruralHouses.odb' is opened by 11548@ASIER

[2017-02-20 17:22:34 #3 type] 
Type domain.RuralHouse is not enhanced.

[2017-02-20 17:22:34 #4 type] 
Type domain.Offer is not enhanced.

