------------------------------------------------------------------------------------------------------------------------

[2017-04-13 23:23:24 #1 store] 
Database 'G:\Informatika\4 curso\Ingenieria del software\RuralHouses\resources\ruralHouses.odb' is opened by 6488@ASIER

[2017-04-13 23:23:25 #2 type] 
Type domain.RuralHouse is not enhanced.

[2017-04-13 23:23:25 #3 type] 
Type domain.Offer is not enhanced.

[2017-04-13 23:23:25 #4 type] 
Type domain.Users is not enhanced.

[2017-04-13 23:23:25 #5 type] 
Type domain.Client is not enhanced.

[2017-04-13 23:23:25 #6 type] 
Type domain.Owner is not enhanced.

------------------------------------------------------------------------------------------------------------------------

[2017-04-13 23:23:52 #1 store] 
Database 'G:\Informatika\4 curso\Ingenieria del software\RuralHouses\resources\ruralHouses.odb' is opened by 6672@ASIER

[2017-04-13 23:23:52 #2 type] 
Type domain.RuralHouse is not enhanced.

[2017-04-13 23:23:52 #3 type] 
Type domain.Offer is not enhanced.

[2017-04-13 23:23:52 #4 type] 
Type domain.Users is not enhanced.

[2017-04-13 23:23:52 #5 type] 
Type domain.Client is not enhanced.

[2017-04-13 23:23:52 #6 type] 
Type domain.Owner is not enhanced.

------------------------------------------------------------------------------------------------------------------------

[2017-04-13 23:29:40 #1 store] 
Database 'G:\Informatika\4 curso\Ingenieria del software\RuralHouses\resources\ruralHouses.odb' has been recovered (tr. 475-480)

[2017-04-13 23:29:40 #2 store] 
Database 'G:\Informatika\4 curso\Ingenieria del software\RuralHouses\resources\ruralHouses.odb' is opened by 3668@ASIER

[2017-04-13 23:29:40 #3 type] 
Type domain.RuralHouse is not enhanced.

[2017-04-13 23:29:40 #4 type] 
Type domain.Offer is not enhanced.

[2017-04-13 23:29:40 #5 type] 
Type domain.Users is not enhanced.

[2017-04-13 23:29:40 #6 type] 
Type domain.Client is not enhanced.

[2017-04-13 23:29:40 #7 type] 
Type domain.Owner is not enhanced.

------------------------------------------------------------------------------------------------------------------------

[2017-04-13 23:31:29 #1 store] 
Database 'G:\Informatika\4 curso\Ingenieria del software\RuralHouses\resources\ruralHouses.odb' is opened by 9816@ASIER

[2017-04-13 23:31:29 #2 type] 
Type domain.RuralHouse is not enhanced.

[2017-04-13 23:31:29 #3 type] 
Type domain.Offer is not enhanced.

[2017-04-13 23:31:29 #4 type] 
Type domain.Users is not enhanced.

[2017-04-13 23:31:29 #5 type] 
Type domain.Client is not enhanced.

[2017-04-13 23:31:29 #6 type] 
Type domain.Owner is not enhanced.

