------------------------------------------------------------------------------------------------------------------------

[2017-04-05 23:01:32 #1 store] 
Database 'G:\Informatika\4 curso\Ingenieria del software\RuralHouses\resources\ruralHouses.odb' is opened by 11492@ASIER

[2017-04-05 23:01:32 #2 type] 
Type domain.RuralHouse is not enhanced.

[2017-04-05 23:01:32 #3 type] 
Type domain.Offer is not enhanced.

[2017-04-05 23:01:32 #4 type] 
Type domain.Users is not enhanced.

[2017-04-05 23:01:32 #5 type] 
Type domain.Client is not enhanced.

[2017-04-05 23:01:32 #6 type] 
Type domain.Owner is not enhanced.

------------------------------------------------------------------------------------------------------------------------

[2017-04-05 23:03:19 #1 store] 
Database 'G:\Informatika\4 curso\Ingenieria del software\RuralHouses\resources\ruralHouses.odb' has been recovered (tr. 361-361)

[2017-04-05 23:03:19 #2 store] 
Database 'G:\Informatika\4 curso\Ingenieria del software\RuralHouses\resources\ruralHouses.odb' is opened by 12328@ASIER

[2017-04-05 23:03:19 #3 type] 
Type domain.RuralHouse is not enhanced.

[2017-04-05 23:03:19 #4 type] 
Type domain.Offer is not enhanced.

[2017-04-05 23:03:19 #5 type] 
Type domain.Users is not enhanced.

[2017-04-05 23:03:19 #6 type] 
Type domain.Client is not enhanced.

[2017-04-05 23:03:19 #7 type] 
Type domain.Owner is not enhanced.

------------------------------------------------------------------------------------------------------------------------

[2017-04-05 23:05:53 #1 store] 
Database 'G:\Informatika\4 curso\Ingenieria del software\RuralHouses\resources\ruralHouses.odb' has been recovered (tr. 362-362)

[2017-04-05 23:05:54 #2 store] 
Database 'G:\Informatika\4 curso\Ingenieria del software\RuralHouses\resources\ruralHouses.odb' is opened by 9316@ASIER

[2017-04-05 23:05:54 #3 type] 
Type domain.RuralHouse is not enhanced.

[2017-04-05 23:05:54 #4 type] 
Type domain.Offer is not enhanced.

[2017-04-05 23:05:54 #5 type] 
Type domain.Users is not enhanced.

[2017-04-05 23:05:54 #6 type] 
Type domain.Client is not enhanced.

[2017-04-05 23:05:54 #7 type] 
Type domain.Owner is not enhanced.

------------------------------------------------------------------------------------------------------------------------

[2017-04-05 23:08:35 #1 store] 
Database 'G:\Informatika\4 curso\Ingenieria del software\RuralHouses\resources\ruralHouses.odb' has been recovered (tr. 363-363)

[2017-04-05 23:08:35 #2 store] 
Database 'G:\Informatika\4 curso\Ingenieria del software\RuralHouses\resources\ruralHouses.odb' is opened by 8984@ASIER

[2017-04-05 23:08:35 #3 type] 
Type domain.RuralHouse is not enhanced.

[2017-04-05 23:08:35 #4 type] 
Type domain.Offer is not enhanced.

[2017-04-05 23:08:35 #5 type] 
Type domain.Users is not enhanced.

[2017-04-05 23:08:35 #6 type] 
Type domain.Client is not enhanced.

[2017-04-05 23:08:35 #7 type] 
Type domain.Owner is not enhanced.

------------------------------------------------------------------------------------------------------------------------

[2017-04-05 23:27:31 #1 store] 
Database 'G:\Informatika\4 curso\Ingenieria del software\RuralHouses\resources\ruralHouses.odb' has been recovered (tr. 364-364)

[2017-04-05 23:27:31 #2 store] 
Database 'G:\Informatika\4 curso\Ingenieria del software\RuralHouses\resources\ruralHouses.odb' is opened by 6012@ASIER

[2017-04-05 23:27:31 #3 type] 
Type domain.RuralHouse is not enhanced.

[2017-04-05 23:27:31 #4 type] 
Type domain.Offer is not enhanced.

[2017-04-05 23:27:31 #5 type] 
Type domain.Users is not enhanced.

[2017-04-05 23:27:31 #6 type] 
Type domain.Client is not enhanced.

[2017-04-05 23:27:31 #7 type] 
Type domain.Owner is not enhanced.

------------------------------------------------------------------------------------------------------------------------

[2017-04-05 23:31:13 #1 store] 
Database 'G:\Informatika\4 curso\Ingenieria del software\RuralHouses\resources\ruralHouses.odb' is opened by 13108@ASIER

[2017-04-05 23:31:13 #2 type] 
Type domain.RuralHouse is not enhanced.

[2017-04-05 23:31:13 #3 type] 
Type domain.Offer is not enhanced.

[2017-04-05 23:31:13 #4 type] 
Type domain.Users is not enhanced.

[2017-04-05 23:31:13 #5 type] 
Type domain.Client is not enhanced.

[2017-04-05 23:31:13 #6 type] 
Type domain.Owner is not enhanced.

