------------------------------------------------------------------------------------------------------------------------

[2017-04-06 10:45:02 #1 store] 
Database 'G:\Informatika\4 curso\Ingenieria del software\RuralHouses\resources\ruralHouses.odb' is opened by 7352@ASIER

[2017-04-06 10:45:02 #2 type] 
Type domain.RuralHouse is not enhanced.

[2017-04-06 10:45:02 #3 type] 
Type domain.Offer is not enhanced.

[2017-04-06 10:45:02 #4 type] 
Type domain.Users is not enhanced.

[2017-04-06 10:45:02 #5 type] 
Type domain.Client is not enhanced.

[2017-04-06 10:45:02 #6 type] 
Type domain.Owner is not enhanced.

------------------------------------------------------------------------------------------------------------------------

[2017-04-06 10:49:48 #1 store] 
Database 'G:\Informatika\4 curso\Ingenieria del software\RuralHouses\resources\ruralHouses.odb' is opened by 7176@ASIER

[2017-04-06 10:49:48 #2 type] 
Type domain.RuralHouse is not enhanced.

[2017-04-06 10:49:48 #3 type] 
Type domain.Offer is not enhanced.

[2017-04-06 10:49:48 #4 type] 
Type domain.Users is not enhanced.

[2017-04-06 10:49:48 #5 type] 
Type domain.Client is not enhanced.

[2017-04-06 10:49:48 #6 type] 
Type domain.Owner is not enhanced.

------------------------------------------------------------------------------------------------------------------------

[2017-04-06 10:52:17 #1 store] 
Database 'G:\Informatika\4 curso\Ingenieria del software\RuralHouses\resources\ruralHouses.odb' is opened by 5364@ASIER

[2017-04-06 10:52:17 #2 type] 
Type domain.RuralHouse is not enhanced.

[2017-04-06 10:52:17 #3 type] 
Type domain.Offer is not enhanced.

[2017-04-06 10:52:17 #4 type] 
Type domain.Users is not enhanced.

[2017-04-06 10:52:17 #5 type] 
Type domain.Client is not enhanced.

[2017-04-06 10:52:17 #6 type] 
Type domain.Owner is not enhanced.

------------------------------------------------------------------------------------------------------------------------

[2017-04-06 10:56:58 #1 store] 
Database 'G:\Informatika\4 curso\Ingenieria del software\RuralHouses\resources\ruralHouses.odb' is opened by 14200@ASIER

[2017-04-06 10:56:58 #2 type] 
Type domain.RuralHouse is not enhanced.

[2017-04-06 10:56:58 #3 type] 
Type domain.Offer is not enhanced.

[2017-04-06 10:56:58 #4 type] 
Type domain.Users is not enhanced.

[2017-04-06 10:56:58 #5 type] 
Type domain.Client is not enhanced.

[2017-04-06 10:56:58 #6 type] 
Type domain.Owner is not enhanced.

------------------------------------------------------------------------------------------------------------------------

[2017-04-06 11:02:17 #1 store] 
Database 'G:\Informatika\4 curso\Ingenieria del software\RuralHouses\resources\ruralHouses.odb' has been recovered (tr. 374-374)

[2017-04-06 11:02:17 #2 store] 
Database 'G:\Informatika\4 curso\Ingenieria del software\RuralHouses\resources\ruralHouses.odb' is opened by 11432@ASIER

[2017-04-06 11:02:17 #3 type] 
Type domain.RuralHouse is not enhanced.

[2017-04-06 11:02:17 #4 type] 
Type domain.Offer is not enhanced.

[2017-04-06 11:02:17 #5 type] 
Type domain.Users is not enhanced.

[2017-04-06 11:02:17 #6 type] 
Type domain.Client is not enhanced.

[2017-04-06 11:02:17 #7 type] 
Type domain.Owner is not enhanced.

------------------------------------------------------------------------------------------------------------------------

[2017-04-06 11:03:21 #1 store] 
Database 'G:\Informatika\4 curso\Ingenieria del software\RuralHouses\resources\ruralHouses.odb' is opened by 15288@ASIER

[2017-04-06 11:03:22 #2 type] 
Type domain.RuralHouse is not enhanced.

[2017-04-06 11:03:22 #3 type] 
Type domain.Offer is not enhanced.

[2017-04-06 11:03:22 #4 type] 
Type domain.Users is not enhanced.

[2017-04-06 11:03:22 #5 type] 
Type domain.Client is not enhanced.

[2017-04-06 11:03:22 #6 type] 
Type domain.Owner is not enhanced.

------------------------------------------------------------------------------------------------------------------------

[2017-04-06 11:06:32 #1 store] 
Database 'G:\Informatika\4 curso\Ingenieria del software\RuralHouses\resources\ruralHouses.odb' is opened by 12384@ASIER

[2017-04-06 11:06:32 #2 type] 
Type domain.RuralHouse is not enhanced.

[2017-04-06 11:06:32 #3 type] 
Type domain.Offer is not enhanced.

[2017-04-06 11:06:32 #4 type] 
Type domain.Users is not enhanced.

[2017-04-06 11:06:32 #5 type] 
Type domain.Client is not enhanced.

[2017-04-06 11:06:32 #6 type] 
Type domain.Owner is not enhanced.

------------------------------------------------------------------------------------------------------------------------

[2017-04-06 11:08:19 #1 store] 
Database 'G:\Informatika\4 curso\Ingenieria del software\RuralHouses\resources\ruralHouses.odb' is opened by 13648@ASIER

[2017-04-06 11:08:19 #2 type] 
Type domain.RuralHouse is not enhanced.

[2017-04-06 11:08:19 #3 type] 
Type domain.Offer is not enhanced.

[2017-04-06 11:08:19 #4 type] 
Type domain.Users is not enhanced.

[2017-04-06 11:08:19 #5 type] 
Type domain.Client is not enhanced.

[2017-04-06 11:08:19 #6 type] 
Type domain.Owner is not enhanced.

------------------------------------------------------------------------------------------------------------------------

[2017-04-06 11:11:41 #1 store] 
Database 'G:\Informatika\4 curso\Ingenieria del software\RuralHouses\resources\ruralHouses.odb' is opened by 2772@ASIER

[2017-04-06 11:11:41 #2 type] 
Type domain.RuralHouse is not enhanced.

[2017-04-06 11:11:41 #3 type] 
Type domain.Offer is not enhanced.

[2017-04-06 11:11:41 #4 type] 
Type domain.Users is not enhanced.

[2017-04-06 11:11:41 #5 type] 
Type domain.Client is not enhanced.

[2017-04-06 11:11:41 #6 type] 
Type domain.Owner is not enhanced.

------------------------------------------------------------------------------------------------------------------------

[2017-04-06 11:13:00 #1 store] 
Database 'G:\Informatika\4 curso\Ingenieria del software\RuralHouses\resources\ruralHouses.odb' is opened by 13128@ASIER

[2017-04-06 11:13:01 #2 type] 
Type domain.RuralHouse is not enhanced.

[2017-04-06 11:13:01 #3 type] 
Type domain.Offer is not enhanced.

[2017-04-06 11:13:01 #4 type] 
Type domain.Users is not enhanced.

[2017-04-06 11:13:01 #5 type] 
Type domain.Client is not enhanced.

[2017-04-06 11:13:01 #6 type] 
Type domain.Owner is not enhanced.

------------------------------------------------------------------------------------------------------------------------

[2017-04-06 11:15:53 #1 store] 
Database 'G:\Informatika\4 curso\Ingenieria del software\RuralHouses\resources\ruralHouses.odb' is opened by 956@ASIER

[2017-04-06 11:15:53 #2 type] 
Type domain.RuralHouse is not enhanced.

[2017-04-06 11:15:53 #3 type] 
Type domain.Offer is not enhanced.

[2017-04-06 11:15:53 #4 type] 
Type domain.Users is not enhanced.

[2017-04-06 11:15:53 #5 type] 
Type domain.Client is not enhanced.

[2017-04-06 11:15:53 #6 type] 
Type domain.Owner is not enhanced.

------------------------------------------------------------------------------------------------------------------------

[2017-04-06 11:19:03 #1 store] 
Database 'G:\Informatika\4 curso\Ingenieria del software\RuralHouses\resources\ruralHouses.odb' has been recovered (tr. 375-376)

[2017-04-06 11:19:04 #2 store] 
Database 'G:\Informatika\4 curso\Ingenieria del software\RuralHouses\resources\ruralHouses.odb' is opened by 3652@ASIER

[2017-04-06 11:19:04 #3 type] 
Type domain.RuralHouse is not enhanced.

[2017-04-06 11:19:04 #4 type] 
Type domain.Offer is not enhanced.

[2017-04-06 11:19:04 #5 type] 
Type domain.Users is not enhanced.

[2017-04-06 11:19:04 #6 type] 
Type domain.Client is not enhanced.

[2017-04-06 11:19:04 #7 type] 
Type domain.Owner is not enhanced.

------------------------------------------------------------------------------------------------------------------------

[2017-04-06 11:22:11 #1 store] 
Database 'G:\Informatika\4 curso\Ingenieria del software\RuralHouses\resources\ruralHouses.odb' has been recovered (tr. 377-377)

[2017-04-06 11:22:11 #2 store] 
Database 'G:\Informatika\4 curso\Ingenieria del software\RuralHouses\resources\ruralHouses.odb' is opened by 3140@ASIER

[2017-04-06 11:22:12 #3 type] 
Type domain.RuralHouse is not enhanced.

[2017-04-06 11:22:12 #4 type] 
Type domain.Offer is not enhanced.

[2017-04-06 11:22:12 #5 type] 
Type domain.Users is not enhanced.

[2017-04-06 11:22:12 #6 type] 
Type domain.Client is not enhanced.

[2017-04-06 11:22:12 #7 type] 
Type domain.Owner is not enhanced.

------------------------------------------------------------------------------------------------------------------------

[2017-04-06 11:23:02 #1 store] 
Database 'G:\Informatika\4 curso\Ingenieria del software\RuralHouses\resources\ruralHouses.odb' is opened by 7008@ASIER

[2017-04-06 11:23:03 #2 type] 
Type domain.RuralHouse is not enhanced.

[2017-04-06 11:23:03 #3 type] 
Type domain.Offer is not enhanced.

[2017-04-06 11:23:03 #4 type] 
Type domain.Users is not enhanced.

[2017-04-06 11:23:03 #5 type] 
Type domain.Client is not enhanced.

[2017-04-06 11:23:03 #6 type] 
Type domain.Owner is not enhanced.

------------------------------------------------------------------------------------------------------------------------

[2017-04-06 11:24:10 #1 store] 
Database 'G:\Informatika\4 curso\Ingenieria del software\RuralHouses\resources\ruralHouses.odb' is opened by 580@ASIER

[2017-04-06 11:24:10 #2 type] 
Type domain.RuralHouse is not enhanced.

[2017-04-06 11:24:10 #3 type] 
Type domain.Offer is not enhanced.

[2017-04-06 11:24:10 #4 type] 
Type domain.Users is not enhanced.

[2017-04-06 11:24:10 #5 type] 
Type domain.Client is not enhanced.

[2017-04-06 11:24:10 #6 type] 
Type domain.Owner is not enhanced.

------------------------------------------------------------------------------------------------------------------------

[2017-04-06 11:25:33 #1 store] 
Database 'G:\Informatika\4 curso\Ingenieria del software\RuralHouses\resources\ruralHouses.odb' is opened by 14232@ASIER

[2017-04-06 11:25:33 #2 type] 
Type domain.RuralHouse is not enhanced.

[2017-04-06 11:25:33 #3 type] 
Type domain.Offer is not enhanced.

[2017-04-06 11:25:33 #4 type] 
Type domain.Users is not enhanced.

[2017-04-06 11:25:33 #5 type] 
Type domain.Client is not enhanced.

[2017-04-06 11:25:33 #6 type] 
Type domain.Owner is not enhanced.

------------------------------------------------------------------------------------------------------------------------

[2017-04-06 11:33:51 #1 store] 
Database 'G:\Informatika\4 curso\Ingenieria del software\RuralHouses\resources\ruralHouses.odb' is opened by 6524@ASIER

[2017-04-06 11:33:52 #2 type] 
Type domain.RuralHouse is not enhanced.

[2017-04-06 11:33:52 #3 type] 
Type domain.Offer is not enhanced.

[2017-04-06 11:33:52 #4 type] 
Type domain.Users is not enhanced.

[2017-04-06 11:33:52 #5 type] 
Type domain.Client is not enhanced.

[2017-04-06 11:33:52 #6 type] 
Type domain.Owner is not enhanced.

------------------------------------------------------------------------------------------------------------------------

[2017-04-06 11:36:01 #1 store] 
Database 'G:\Informatika\4 curso\Ingenieria del software\RuralHouses\resources\ruralHouses.odb' is opened by 8224@ASIER

[2017-04-06 11:36:01 #2 type] 
Type domain.RuralHouse is not enhanced.

[2017-04-06 11:36:01 #3 type] 
Type domain.Offer is not enhanced.

[2017-04-06 11:36:01 #4 type] 
Type domain.Users is not enhanced.

[2017-04-06 11:36:01 #5 type] 
Type domain.Client is not enhanced.

[2017-04-06 11:36:01 #6 type] 
Type domain.Owner is not enhanced.

------------------------------------------------------------------------------------------------------------------------

[2017-04-06 11:36:49 #1 store] 
Database 'G:\Informatika\4 curso\Ingenieria del software\RuralHouses\resources\ruralHouses.odb' is opened by 3400@ASIER

[2017-04-06 11:36:49 #2 type] 
Type domain.RuralHouse is not enhanced.

[2017-04-06 11:36:49 #3 type] 
Type domain.Offer is not enhanced.

[2017-04-06 11:36:49 #4 type] 
Type domain.Users is not enhanced.

[2017-04-06 11:36:49 #5 type] 
Type domain.Client is not enhanced.

[2017-04-06 11:36:49 #6 type] 
Type domain.Owner is not enhanced.

------------------------------------------------------------------------------------------------------------------------

[2017-04-06 11:37:27 #1 store] 
Database 'G:\Informatika\4 curso\Ingenieria del software\RuralHouses\resources\ruralHouses.odb' is opened by 9696@ASIER

[2017-04-06 11:37:28 #2 type] 
Type domain.RuralHouse is not enhanced.

[2017-04-06 11:37:28 #3 type] 
Type domain.Offer is not enhanced.

[2017-04-06 11:37:28 #4 type] 
Type domain.Users is not enhanced.

[2017-04-06 11:37:28 #5 type] 
Type domain.Client is not enhanced.

[2017-04-06 11:37:28 #6 type] 
Type domain.Owner is not enhanced.

------------------------------------------------------------------------------------------------------------------------

[2017-04-06 11:38:07 #1 store] 
Database 'G:\Informatika\4 curso\Ingenieria del software\RuralHouses\resources\ruralHouses.odb' is opened by 13508@ASIER

[2017-04-06 11:38:07 #2 type] 
Type domain.RuralHouse is not enhanced.

[2017-04-06 11:38:07 #3 type] 
Type domain.Offer is not enhanced.

[2017-04-06 11:38:07 #4 type] 
Type domain.Users is not enhanced.

[2017-04-06 11:38:07 #5 type] 
Type domain.Client is not enhanced.

[2017-04-06 11:38:07 #6 type] 
Type domain.Owner is not enhanced.

------------------------------------------------------------------------------------------------------------------------

[2017-04-06 11:43:24 #1 store] 
Database 'G:\Informatika\4 curso\Ingenieria del software\RuralHouses\resources\ruralHouses.odb' is opened by 11796@ASIER

[2017-04-06 11:43:24 #2 type] 
Type domain.RuralHouse is not enhanced.

[2017-04-06 11:43:24 #3 type] 
Type domain.Offer is not enhanced.

[2017-04-06 11:43:24 #4 type] 
Type domain.Users is not enhanced.

[2017-04-06 11:43:24 #5 type] 
Type domain.Client is not enhanced.

[2017-04-06 11:43:24 #6 type] 
Type domain.Owner is not enhanced.

------------------------------------------------------------------------------------------------------------------------

[2017-04-06 11:44:52 #1 store] 
Database 'G:\Informatika\4 curso\Ingenieria del software\RuralHouses\resources\ruralHouses.odb' is opened by 4436@ASIER

[2017-04-06 11:44:52 #2 type] 
Type domain.RuralHouse is not enhanced.

[2017-04-06 11:44:52 #3 type] 
Type domain.Offer is not enhanced.

[2017-04-06 11:44:52 #4 type] 
Type domain.Users is not enhanced.

[2017-04-06 11:44:52 #5 type] 
Type domain.Client is not enhanced.

[2017-04-06 11:44:52 #6 type] 
Type domain.Owner is not enhanced.

------------------------------------------------------------------------------------------------------------------------

[2017-04-06 11:54:11 #1 store] 
Database 'G:\Informatika\4 curso\Ingenieria del software\RuralHouses\resources\ruralHouses.odb' is opened by 12264@ASIER

[2017-04-06 11:54:11 #2 type] 
Type domain.RuralHouse is not enhanced.

[2017-04-06 11:54:11 #3 type] 
Type domain.Offer is not enhanced.

[2017-04-06 11:54:11 #4 type] 
Type domain.Users is not enhanced.

[2017-04-06 11:54:11 #5 type] 
Type domain.Client is not enhanced.

[2017-04-06 11:54:11 #6 type] 
Type domain.Owner is not enhanced.

------------------------------------------------------------------------------------------------------------------------

[2017-04-06 12:02:20 #1 store] 
Database 'G:\Informatika\4 curso\Ingenieria del software\RuralHouses\resources\ruralHouses.odb' is opened by 14556@ASIER

[2017-04-06 12:02:20 #2 type] 
Type domain.RuralHouse is not enhanced.

[2017-04-06 12:02:20 #3 type] 
Type domain.Offer is not enhanced.

[2017-04-06 12:02:20 #4 type] 
Type domain.Users is not enhanced.

[2017-04-06 12:02:20 #5 type] 
Type domain.Client is not enhanced.

[2017-04-06 12:02:20 #6 type] 
Type domain.Owner is not enhanced.

------------------------------------------------------------------------------------------------------------------------

[2017-04-06 12:39:56 #1 store] 
Database 'G:\Informatika\4 curso\Ingenieria del software\RuralHouses\resources\ruralHouses.odb' is opened by 9340@ASIER

[2017-04-06 12:39:56 #2 type] 
Type domain.RuralHouse is not enhanced.

[2017-04-06 12:39:56 #3 type] 
Type domain.Offer is not enhanced.

[2017-04-06 12:39:56 #4 type] 
Type domain.Users is not enhanced.

[2017-04-06 12:39:56 #5 type] 
Type domain.Client is not enhanced.

[2017-04-06 12:39:56 #6 type] 
Type domain.Owner is not enhanced.

------------------------------------------------------------------------------------------------------------------------

[2017-04-06 12:42:11 #1 store] 
Database 'G:\Informatika\4 curso\Ingenieria del software\RuralHouses\resources\ruralHouses.odb' has been recovered (tr. 394-394)

[2017-04-06 12:42:11 #2 store] 
Database 'G:\Informatika\4 curso\Ingenieria del software\RuralHouses\resources\ruralHouses.odb' is opened by 9548@ASIER

[2017-04-06 12:42:11 #3 type] 
Type domain.RuralHouse is not enhanced.

[2017-04-06 12:42:11 #4 type] 
Type domain.Offer is not enhanced.

[2017-04-06 12:42:11 #5 type] 
Type domain.Users is not enhanced.

[2017-04-06 12:42:11 #6 type] 
Type domain.Client is not enhanced.

[2017-04-06 12:42:11 #7 type] 
Type domain.Owner is not enhanced.

------------------------------------------------------------------------------------------------------------------------

[2017-04-06 12:49:25 #1 store] 
Database 'G:\Informatika\4 curso\Ingenieria del software\RuralHouses\resources\ruralHouses.odb' has been recovered (tr. 395-395)

[2017-04-06 12:49:25 #2 store] 
Database 'G:\Informatika\4 curso\Ingenieria del software\RuralHouses\resources\ruralHouses.odb' is opened by 5424@ASIER

[2017-04-06 12:49:25 #3 type] 
Type domain.RuralHouse is not enhanced.

[2017-04-06 12:49:25 #4 type] 
Type domain.Offer is not enhanced.

[2017-04-06 12:49:25 #5 type] 
Type domain.Users is not enhanced.

[2017-04-06 12:49:25 #6 type] 
Type domain.Client is not enhanced.

[2017-04-06 12:49:25 #7 type] 
Type domain.Owner is not enhanced.

------------------------------------------------------------------------------------------------------------------------

[2017-04-06 12:53:50 #1 store] 
Database 'G:\Informatika\4 curso\Ingenieria del software\RuralHouses\resources\ruralHouses.odb' has been recovered (tr. 396-396)

[2017-04-06 12:53:50 #2 store] 
Database 'G:\Informatika\4 curso\Ingenieria del software\RuralHouses\resources\ruralHouses.odb' is opened by 4068@ASIER

[2017-04-06 12:53:50 #3 type] 
Type domain.RuralHouse is not enhanced.

[2017-04-06 12:53:50 #4 type] 
Type domain.Offer is not enhanced.

[2017-04-06 12:53:50 #5 type] 
Type domain.Users is not enhanced.

[2017-04-06 12:53:50 #6 type] 
Type domain.Client is not enhanced.

[2017-04-06 12:53:50 #7 type] 
Type domain.Owner is not enhanced.

------------------------------------------------------------------------------------------------------------------------

[2017-04-06 12:55:02 #1 store] 
Database 'G:\Informatika\4 curso\Ingenieria del software\RuralHouses\resources\ruralHouses.odb' is opened by 5904@ASIER

[2017-04-06 12:55:02 #2 type] 
Type domain.RuralHouse is not enhanced.

[2017-04-06 12:55:02 #3 type] 
Type domain.Offer is not enhanced.

[2017-04-06 12:55:02 #4 type] 
Type domain.Users is not enhanced.

[2017-04-06 12:55:02 #5 type] 
Type domain.Client is not enhanced.

[2017-04-06 12:55:02 #6 type] 
Type domain.Owner is not enhanced.

------------------------------------------------------------------------------------------------------------------------

[2017-04-06 12:56:33 #1 store] 
Database 'G:\Informatika\4 curso\Ingenieria del software\RuralHouses\resources\ruralHouses.odb' has been recovered (tr. 397-397)

[2017-04-06 12:56:33 #2 store] 
Database 'G:\Informatika\4 curso\Ingenieria del software\RuralHouses\resources\ruralHouses.odb' is opened by 8356@ASIER

[2017-04-06 12:56:33 #3 type] 
Type domain.RuralHouse is not enhanced.

[2017-04-06 12:56:33 #4 type] 
Type domain.Offer is not enhanced.

[2017-04-06 12:56:33 #5 type] 
Type domain.Users is not enhanced.

[2017-04-06 12:56:33 #6 type] 
Type domain.Client is not enhanced.

[2017-04-06 12:56:33 #7 type] 
Type domain.Owner is not enhanced.

------------------------------------------------------------------------------------------------------------------------

[2017-04-06 12:58:05 #1 store] 
Database 'G:\Informatika\4 curso\Ingenieria del software\RuralHouses\resources\ruralHouses.odb' is opened by 7136@ASIER

[2017-04-06 12:58:05 #2 type] 
Type domain.RuralHouse is not enhanced.

[2017-04-06 12:58:05 #3 type] 
Type domain.Offer is not enhanced.

[2017-04-06 12:58:05 #4 type] 
Type domain.Users is not enhanced.

[2017-04-06 12:58:05 #5 type] 
Type domain.Client is not enhanced.

[2017-04-06 12:58:05 #6 type] 
Type domain.Owner is not enhanced.

------------------------------------------------------------------------------------------------------------------------

[2017-04-06 12:59:12 #1 store] 
Database 'G:\Informatika\4 curso\Ingenieria del software\RuralHouses\resources\ruralHouses.odb' has been recovered (tr. 398-398)

[2017-04-06 12:59:12 #2 store] 
Database 'G:\Informatika\4 curso\Ingenieria del software\RuralHouses\resources\ruralHouses.odb' is opened by 8384@ASIER

[2017-04-06 12:59:12 #3 type] 
Type domain.RuralHouse is not enhanced.

[2017-04-06 12:59:12 #4 type] 
Type domain.Offer is not enhanced.

[2017-04-06 12:59:12 #5 type] 
Type domain.Users is not enhanced.

[2017-04-06 12:59:12 #6 type] 
Type domain.Client is not enhanced.

[2017-04-06 12:59:12 #7 type] 
Type domain.Owner is not enhanced.

------------------------------------------------------------------------------------------------------------------------

[2017-04-06 13:04:43 #1 store] 
Database 'G:\Informatika\4 curso\Ingenieria del software\RuralHouses\resources\ruralHouses.odb' has been recovered (tr. 399-401)

[2017-04-06 13:04:43 #2 store] 
Database 'G:\Informatika\4 curso\Ingenieria del software\RuralHouses\resources\ruralHouses.odb' is opened by 6560@ASIER

[2017-04-06 13:04:43 #3 type] 
Type domain.RuralHouse is not enhanced.

[2017-04-06 13:04:43 #4 type] 
Type domain.Offer is not enhanced.

[2017-04-06 13:04:43 #5 type] 
Type domain.Users is not enhanced.

[2017-04-06 13:04:43 #6 type] 
Type domain.Client is not enhanced.

[2017-04-06 13:04:43 #7 type] 
Type domain.Owner is not enhanced.

------------------------------------------------------------------------------------------------------------------------

[2017-04-06 13:07:20 #1 store] 
Database 'G:\Informatika\4 curso\Ingenieria del software\RuralHouses\resources\ruralHouses.odb' is opened by 11020@ASIER

[2017-04-06 13:07:20 #2 type] 
Type domain.RuralHouse is not enhanced.

[2017-04-06 13:07:20 #3 type] 
Type domain.Offer is not enhanced.

[2017-04-06 13:07:20 #4 type] 
Type domain.Users is not enhanced.

[2017-04-06 13:07:20 #5 type] 
Type domain.Client is not enhanced.

[2017-04-06 13:07:20 #6 type] 
Type domain.Owner is not enhanced.

------------------------------------------------------------------------------------------------------------------------

[2017-04-06 15:41:40 #1 store] 
Database 'G:\Informatika\4 curso\Ingenieria del software\RuralHouses\resources\ruralHouses.odb' has been recovered (tr. 402-402)

[2017-04-06 15:41:40 #2 store] 
Database 'G:\Informatika\4 curso\Ingenieria del software\RuralHouses\resources\ruralHouses.odb' is opened by 13892@ASIER

[2017-04-06 15:41:40 #3 type] 
Type domain.RuralHouse is not enhanced.

[2017-04-06 15:41:40 #4 type] 
Type domain.Offer is not enhanced.

[2017-04-06 15:41:40 #5 type] 
Type domain.Users is not enhanced.

[2017-04-06 15:41:40 #6 type] 
Type domain.Client is not enhanced.

[2017-04-06 15:41:40 #7 type] 
Type domain.Owner is not enhanced.

------------------------------------------------------------------------------------------------------------------------

[2017-04-06 15:44:19 #1 store] 
Database 'G:\Informatika\4 curso\Ingenieria del software\RuralHouses\resources\ruralHouses.odb' is opened by 15164@ASIER

[2017-04-06 15:44:19 #2 type] 
Type domain.RuralHouse is not enhanced.

[2017-04-06 15:44:19 #3 type] 
Type domain.Offer is not enhanced.

[2017-04-06 15:44:19 #4 type] 
Type domain.Users is not enhanced.

[2017-04-06 15:44:19 #5 type] 
Type domain.Client is not enhanced.

[2017-04-06 15:44:19 #6 type] 
Type domain.Owner is not enhanced.

------------------------------------------------------------------------------------------------------------------------

[2017-04-06 15:45:46 #1 store] 
Database 'G:\Informatika\4 curso\Ingenieria del software\RuralHouses\resources\ruralHouses.odb' has been recovered (tr. 403-405)

[2017-04-06 15:45:46 #2 store] 
Database 'G:\Informatika\4 curso\Ingenieria del software\RuralHouses\resources\ruralHouses.odb' is opened by 7172@ASIER

[2017-04-06 15:45:46 #3 type] 
Type domain.RuralHouse is not enhanced.

[2017-04-06 15:45:46 #4 type] 
Type domain.Offer is not enhanced.

[2017-04-06 15:45:46 #5 type] 
Type domain.Users is not enhanced.

[2017-04-06 15:45:46 #6 type] 
Type domain.Client is not enhanced.

[2017-04-06 15:45:46 #7 type] 
Type domain.Owner is not enhanced.

------------------------------------------------------------------------------------------------------------------------

[2017-04-06 15:52:20 #1 store] 
Database 'G:\Informatika\4 curso\Ingenieria del software\RuralHouses\resources\ruralHouses.odb' has been recovered (tr. 406-408)

[2017-04-06 15:52:20 #2 store] 
Database 'G:\Informatika\4 curso\Ingenieria del software\RuralHouses\resources\ruralHouses.odb' is opened by 6468@ASIER

[2017-04-06 15:52:21 #3 type] 
Type domain.RuralHouse is not enhanced.

[2017-04-06 15:52:21 #4 type] 
Type domain.Offer is not enhanced.

[2017-04-06 15:52:21 #5 type] 
Type domain.Users is not enhanced.

[2017-04-06 15:52:21 #6 type] 
Type domain.Client is not enhanced.

[2017-04-06 15:52:21 #7 type] 
Type domain.Owner is not enhanced.

------------------------------------------------------------------------------------------------------------------------

[2017-04-06 15:57:50 #1 store] 
Database 'G:\Informatika\4 curso\Ingenieria del software\RuralHouses\resources\ruralHouses.odb' is opened by 6060@ASIER

[2017-04-06 15:57:50 #2 type] 
Type domain.RuralHouse is not enhanced.

[2017-04-06 15:57:50 #3 type] 
Type domain.Offer is not enhanced.

[2017-04-06 15:57:50 #4 type] 
Type domain.Users is not enhanced.

[2017-04-06 15:57:50 #5 type] 
Type domain.Client is not enhanced.

[2017-04-06 15:57:50 #6 type] 
Type domain.Owner is not enhanced.

------------------------------------------------------------------------------------------------------------------------

[2017-04-06 15:59:09 #1 store] 
Database 'G:\Informatika\4 curso\Ingenieria del software\RuralHouses\resources\ruralHouses.odb' is opened by 4896@ASIER

[2017-04-06 15:59:09 #2 type] 
Type domain.RuralHouse is not enhanced.

[2017-04-06 15:59:09 #3 type] 
Type domain.Offer is not enhanced.

[2017-04-06 15:59:09 #4 type] 
Type domain.Users is not enhanced.

[2017-04-06 15:59:09 #5 type] 
Type domain.Client is not enhanced.

[2017-04-06 15:59:09 #6 type] 
Type domain.Owner is not enhanced.

------------------------------------------------------------------------------------------------------------------------

[2017-04-06 16:06:48 #1 store] 
Database 'G:\Informatika\4 curso\Ingenieria del software\RuralHouses\resources\ruralHouses.odb' is opened by 13516@ASIER

[2017-04-06 16:06:48 #2 type] 
Type domain.RuralHouse is not enhanced.

[2017-04-06 16:06:48 #3 type] 
Type domain.Offer is not enhanced.

[2017-04-06 16:06:48 #4 type] 
Type domain.Users is not enhanced.

[2017-04-06 16:06:48 #5 type] 
Type domain.Client is not enhanced.

[2017-04-06 16:06:48 #6 type] 
Type domain.Owner is not enhanced.

------------------------------------------------------------------------------------------------------------------------

[2017-04-06 16:07:58 #1 store] 
Database 'G:\Informatika\4 curso\Ingenieria del software\RuralHouses\resources\ruralHouses.odb' has been recovered (tr. 425-426)

[2017-04-06 16:07:58 #2 store] 
Database 'G:\Informatika\4 curso\Ingenieria del software\RuralHouses\resources\ruralHouses.odb' is opened by 13484@ASIER

[2017-04-06 16:07:58 #3 type] 
Type domain.RuralHouse is not enhanced.

[2017-04-06 16:07:58 #4 type] 
Type domain.Offer is not enhanced.

[2017-04-06 16:07:58 #5 type] 
Type domain.Users is not enhanced.

[2017-04-06 16:07:58 #6 type] 
Type domain.Client is not enhanced.

[2017-04-06 16:07:58 #7 type] 
Type domain.Owner is not enhanced.

------------------------------------------------------------------------------------------------------------------------

[2017-04-06 16:16:30 #1 store] 
Database 'G:\Informatika\4 curso\Ingenieria del software\RuralHouses\resources\ruralHouses.odb' has been recovered (tr. 427-428)

[2017-04-06 16:16:30 #2 store] 
Database 'G:\Informatika\4 curso\Ingenieria del software\RuralHouses\resources\ruralHouses.odb' is opened by 4444@ASIER

[2017-04-06 16:16:30 #3 type] 
Type domain.RuralHouse is not enhanced.

[2017-04-06 16:16:30 #4 type] 
Type domain.Offer is not enhanced.

[2017-04-06 16:16:30 #5 type] 
Type domain.Users is not enhanced.

[2017-04-06 16:16:30 #6 type] 
Type domain.Client is not enhanced.

[2017-04-06 16:16:30 #7 type] 
Type domain.Owner is not enhanced.

------------------------------------------------------------------------------------------------------------------------

[2017-04-06 16:24:00 #1 store] 
Database 'G:\Informatika\4 curso\Ingenieria del software\RuralHouses\resources\ruralHouses.odb' has been recovered (tr. 429-430)

[2017-04-06 16:24:00 #2 store] 
Database 'G:\Informatika\4 curso\Ingenieria del software\RuralHouses\resources\ruralHouses.odb' is opened by 11356@ASIER

[2017-04-06 16:24:00 #3 type] 
Type domain.RuralHouse is not enhanced.

[2017-04-06 16:24:00 #4 type] 
Type domain.Offer is not enhanced.

[2017-04-06 16:24:00 #5 type] 
Type domain.Users is not enhanced.

[2017-04-06 16:24:00 #6 type] 
Type domain.Client is not enhanced.

[2017-04-06 16:24:00 #7 type] 
Type domain.Owner is not enhanced.

------------------------------------------------------------------------------------------------------------------------

[2017-04-06 16:29:45 #1 store] 
Database 'G:\Informatika\4 curso\Ingenieria del software\RuralHouses\resources\ruralHouses.odb' has been recovered (tr. 431-434)

[2017-04-06 16:29:45 #2 store] 
Database 'G:\Informatika\4 curso\Ingenieria del software\RuralHouses\resources\ruralHouses.odb' is opened by 7416@ASIER

[2017-04-06 16:29:45 #3 type] 
Type domain.RuralHouse is not enhanced.

[2017-04-06 16:29:45 #4 type] 
Type domain.Offer is not enhanced.

[2017-04-06 16:29:45 #5 type] 
Type domain.Users is not enhanced.

[2017-04-06 16:29:45 #6 type] 
Type domain.Client is not enhanced.

[2017-04-06 16:29:45 #7 type] 
Type domain.Owner is not enhanced.

------------------------------------------------------------------------------------------------------------------------

[2017-04-06 16:33:39 #1 store] 
Database 'G:\Informatika\4 curso\Ingenieria del software\RuralHouses\resources\ruralHouses.odb' has been recovered (tr. 435-435)

[2017-04-06 16:33:40 #2 store] 
Database 'G:\Informatika\4 curso\Ingenieria del software\RuralHouses\resources\ruralHouses.odb' is opened by 5364@ASIER

[2017-04-06 16:33:40 #3 type] 
Type domain.RuralHouse is not enhanced.

[2017-04-06 16:33:40 #4 type] 
Type domain.Offer is not enhanced.

[2017-04-06 16:33:40 #5 type] 
Type domain.Users is not enhanced.

[2017-04-06 16:33:40 #6 type] 
Type domain.Client is not enhanced.

[2017-04-06 16:33:40 #7 type] 
Type domain.Owner is not enhanced.

------------------------------------------------------------------------------------------------------------------------

[2017-04-06 16:38:23 #1 store] 
Database 'G:\Informatika\4 curso\Ingenieria del software\RuralHouses\resources\ruralHouses.odb' has been recovered (tr. 436-441)

[2017-04-06 16:38:23 #2 store] 
Database 'G:\Informatika\4 curso\Ingenieria del software\RuralHouses\resources\ruralHouses.odb' is opened by 15128@ASIER

[2017-04-06 16:38:23 #3 type] 
Type domain.RuralHouse is not enhanced.

[2017-04-06 16:38:23 #4 type] 
Type domain.Offer is not enhanced.

[2017-04-06 16:38:23 #5 type] 
Type domain.Users is not enhanced.

[2017-04-06 16:38:23 #6 type] 
Type domain.Client is not enhanced.

[2017-04-06 16:38:23 #7 type] 
Type domain.Owner is not enhanced.

------------------------------------------------------------------------------------------------------------------------

[2017-04-06 16:44:08 #1 store] 
Database 'G:\Informatika\4 curso\Ingenieria del software\RuralHouses\resources\ruralHouses.odb' is opened by 12892@ASIER

[2017-04-06 16:44:08 #2 type] 
Type domain.RuralHouse is not enhanced.

[2017-04-06 16:44:08 #3 type] 
Type domain.Offer is not enhanced.

[2017-04-06 16:44:08 #4 type] 
Type domain.Users is not enhanced.

[2017-04-06 16:44:08 #5 type] 
Type domain.Client is not enhanced.

[2017-04-06 16:44:08 #6 type] 
Type domain.Owner is not enhanced.

------------------------------------------------------------------------------------------------------------------------

[2017-04-06 16:47:27 #1 store] 
Database 'G:\Informatika\4 curso\Ingenieria del software\RuralHouses\resources\ruralHouses.odb' has been recovered (tr. 442-445)

[2017-04-06 16:47:27 #2 store] 
Database 'G:\Informatika\4 curso\Ingenieria del software\RuralHouses\resources\ruralHouses.odb' is opened by 11016@ASIER

[2017-04-06 16:47:27 #3 type] 
Type domain.RuralHouse is not enhanced.

[2017-04-06 16:47:27 #4 type] 
Type domain.Offer is not enhanced.

[2017-04-06 16:47:27 #5 type] 
Type domain.Users is not enhanced.

[2017-04-06 16:47:27 #6 type] 
Type domain.Client is not enhanced.

[2017-04-06 16:47:27 #7 type] 
Type domain.Owner is not enhanced.

