------------------------------------------------------------------------------------------------------------------------

[2017-03-27 17:17:34 #1 store] 
Database 'G:\Informatika\4 curso\Ingenieria del software\RuralHouses\resources\ruralHouses.odb' has been recovered (tr. 189-189)

[2017-03-27 17:17:34 #2 store] 
Database 'G:\Informatika\4 curso\Ingenieria del software\RuralHouses\resources\ruralHouses.odb' is opened by 6816@ASIER

[2017-03-27 17:17:34 #3 type] 
Type domain.RuralHouse is not enhanced.

[2017-03-27 17:17:34 #4 type] 
Type domain.Offer is not enhanced.

[2017-03-27 17:17:34 #5 type] 
Type domain.Users is not enhanced.

[2017-03-27 17:17:34 #6 type] 
Type domain.Client is not enhanced.

[2017-03-27 17:17:34 #7 type] 
Type domain.Owner is not enhanced.

------------------------------------------------------------------------------------------------------------------------

[2017-03-27 17:19:18 #1 store] 
Database 'G:\Informatika\4 curso\Ingenieria del software\RuralHouses\resources\ruralHouses.odb' is opened by 8788@ASIER

[2017-03-27 17:19:18 #2 type] 
Type domain.RuralHouse is not enhanced.

[2017-03-27 17:19:18 #3 type] 
Type domain.Offer is not enhanced.

[2017-03-27 17:19:18 #4 type] 
Type domain.Users is not enhanced.

[2017-03-27 17:19:18 #5 type] 
Type domain.Client is not enhanced.

[2017-03-27 17:19:18 #6 type] 
Type domain.Owner is not enhanced.

------------------------------------------------------------------------------------------------------------------------

[2017-03-27 17:23:13 #1 store] 
Database 'G:\Informatika\4 curso\Ingenieria del software\RuralHouses\resources\ruralHouses.odb' is opened by 3332@ASIER

[2017-03-27 17:23:13 #2 type] 
Type domain.RuralHouse is not enhanced.

[2017-03-27 17:23:13 #3 type] 
Type domain.Offer is not enhanced.

[2017-03-27 17:23:13 #4 type] 
Type domain.Users is not enhanced.

[2017-03-27 17:23:13 #5 type] 
Type domain.Client is not enhanced.

[2017-03-27 17:23:13 #6 type] 
Type domain.Owner is not enhanced.

