------------------------------------------------------------------------------------------------------------------------

[2017-05-15 11:05:05 #1 store] 
Database 'G:\Informatika\4 curso\Ingenieria del software\RuralHouses\resources\ruralHouses.odb' is opened by 12744@ASIER

[2017-05-15 11:05:06 #2 type] 
Type domain.RuralHouse is not enhanced.

[2017-05-15 11:05:06 #3 type] 
Type domain.Offer is not enhanced.

[2017-05-15 11:05:06 #4 type] 
Type domain.Users is not enhanced.

[2017-05-15 11:05:06 #5 type] 
Type domain.Client is not enhanced.

[2017-05-15 11:05:06 #6 type] 
Type domain.Owner is not enhanced.

[2017-05-15 11:05:06 #7 type] 
Type domain.Valoracion is not enhanced.

[2017-05-15 11:05:06 #8 type] 
Type domain.Reserva is not enhanced.

------------------------------------------------------------------------------------------------------------------------

[2017-05-15 11:23:28 #1 store] 
Database 'G:\Informatika\4 curso\Ingenieria del software\RuralHouses\resources\ruralHouses.odb' has been recovered (tr. 768-768)

[2017-05-15 11:23:28 #2 store] 
Database 'G:\Informatika\4 curso\Ingenieria del software\RuralHouses\resources\ruralHouses.odb' is opened by 496@ASIER

[2017-05-15 11:23:28 #3 type] 
Type domain.RuralHouse is not enhanced.

[2017-05-15 11:23:28 #4 type] 
Type domain.Offer is not enhanced.

[2017-05-15 11:23:28 #5 type] 
Type domain.Users is not enhanced.

[2017-05-15 11:23:28 #6 type] 
Type domain.Client is not enhanced.

[2017-05-15 11:23:28 #7 type] 
Type domain.Owner is not enhanced.

[2017-05-15 11:23:28 #8 type] 
Type domain.Valoracion is not enhanced.

[2017-05-15 11:23:28 #9 type] 
Type domain.Reserva is not enhanced.

------------------------------------------------------------------------------------------------------------------------

[2017-05-15 11:29:08 #1 store] 
Database 'G:\Informatika\4 curso\Ingenieria del software\RuralHouses\resources\ruralHouses.odb' is opened by 4760@ASIER

[2017-05-15 11:29:08 #2 type] 
Type domain.RuralHouse is not enhanced.

[2017-05-15 11:29:08 #3 type] 
Type domain.Offer is not enhanced.

[2017-05-15 11:29:08 #4 type] 
Type domain.Users is not enhanced.

[2017-05-15 11:29:08 #5 type] 
Type domain.Client is not enhanced.

[2017-05-15 11:29:08 #6 type] 
Type domain.Owner is not enhanced.

[2017-05-15 11:29:08 #7 type] 
Type domain.Valoracion is not enhanced.

[2017-05-15 11:29:08 #8 type] 
Type domain.Reserva is not enhanced.

------------------------------------------------------------------------------------------------------------------------

[2017-05-15 11:50:31 #1 store] 
Database 'G:\Informatika\4 curso\Ingenieria del software\RuralHouses\resources\ruralHouses.odb' is opened by 8000@ASIER

[2017-05-15 11:50:31 #2 type] 
Type domain.RuralHouse is not enhanced.

[2017-05-15 11:50:31 #3 type] 
Type domain.Offer is not enhanced.

[2017-05-15 11:50:31 #4 type] 
Type domain.Users is not enhanced.

[2017-05-15 11:50:31 #5 type] 
Type domain.Client is not enhanced.

[2017-05-15 11:50:31 #6 type] 
Type domain.Owner is not enhanced.

[2017-05-15 11:50:31 #7 type] 
Type domain.Valoracion is not enhanced.

[2017-05-15 11:50:31 #8 type] 
Type domain.Reserva is not enhanced.

------------------------------------------------------------------------------------------------------------------------

[2017-05-15 12:01:05 #1 store] 
Database 'G:\Informatika\4 curso\Ingenieria del software\RuralHouses\resources\ruralHouses.odb' is opened by 14064@ASIER

[2017-05-15 12:01:05 #2 type] 
Type domain.RuralHouse is not enhanced.

[2017-05-15 12:01:05 #3 type] 
Type domain.Offer is not enhanced.

[2017-05-15 12:01:05 #4 type] 
Type domain.Users is not enhanced.

[2017-05-15 12:01:05 #5 type] 
Type domain.Client is not enhanced.

[2017-05-15 12:01:05 #6 type] 
Type domain.Owner is not enhanced.

[2017-05-15 12:01:05 #7 type] 
Type domain.Valoracion is not enhanced.

[2017-05-15 12:01:05 #8 type] 
Type domain.Reserva is not enhanced.

------------------------------------------------------------------------------------------------------------------------

[2017-05-15 12:05:09 #1 store] 
Database 'G:\Informatika\4 curso\Ingenieria del software\RuralHouses\resources\ruralHouses.odb' has been recovered (tr. 808-810)

[2017-05-15 12:05:09 #2 store] 
Database 'G:\Informatika\4 curso\Ingenieria del software\RuralHouses\resources\ruralHouses.odb' is opened by 3428@ASIER

[2017-05-15 12:05:09 #3 type] 
Type domain.RuralHouse is not enhanced.

[2017-05-15 12:05:09 #4 type] 
Type domain.Offer is not enhanced.

[2017-05-15 12:05:09 #5 type] 
Type domain.Users is not enhanced.

[2017-05-15 12:05:09 #6 type] 
Type domain.Client is not enhanced.

[2017-05-15 12:05:09 #7 type] 
Type domain.Owner is not enhanced.

[2017-05-15 12:05:09 #8 type] 
Type domain.Valoracion is not enhanced.

[2017-05-15 12:05:09 #9 type] 
Type domain.Reserva is not enhanced.

------------------------------------------------------------------------------------------------------------------------

[2017-05-15 12:08:48 #1 store] 
Database 'G:\Informatika\4 curso\Ingenieria del software\RuralHouses\resources\ruralHouses.odb' has been recovered (tr. 811-815)

[2017-05-15 12:08:48 #2 store] 
Database 'G:\Informatika\4 curso\Ingenieria del software\RuralHouses\resources\ruralHouses.odb' is opened by 11988@ASIER

[2017-05-15 12:08:48 #3 type] 
Type domain.RuralHouse is not enhanced.

[2017-05-15 12:08:48 #4 type] 
Type domain.Offer is not enhanced.

[2017-05-15 12:08:48 #5 type] 
Type domain.Users is not enhanced.

[2017-05-15 12:08:48 #6 type] 
Type domain.Client is not enhanced.

[2017-05-15 12:08:48 #7 type] 
Type domain.Owner is not enhanced.

[2017-05-15 12:08:48 #8 type] 
Type domain.Valoracion is not enhanced.

[2017-05-15 12:08:48 #9 type] 
Type domain.Reserva is not enhanced.

------------------------------------------------------------------------------------------------------------------------

[2017-05-15 12:09:33 #1 store] 
Database 'G:\Informatika\4 curso\Ingenieria del software\RuralHouses\resources\ruralHouses.odb' is opened by 14164@ASIER

[2017-05-15 12:09:33 #2 type] 
Type domain.RuralHouse is not enhanced.

[2017-05-15 12:09:33 #3 type] 
Type domain.Offer is not enhanced.

[2017-05-15 12:09:33 #4 type] 
Type domain.Users is not enhanced.

[2017-05-15 12:09:33 #5 type] 
Type domain.Client is not enhanced.

[2017-05-15 12:09:33 #6 type] 
Type domain.Owner is not enhanced.

[2017-05-15 12:09:33 #7 type] 
Type domain.Valoracion is not enhanced.

[2017-05-15 12:09:33 #8 type] 
Type domain.Reserva is not enhanced.

------------------------------------------------------------------------------------------------------------------------

[2017-05-15 12:30:05 #1 store] 
Database 'G:\Informatika\4 curso\Ingenieria del software\RuralHouses\resources\ruralHouses.odb' is opened by 8496@ASIER

[2017-05-15 12:30:05 #2 type] 
Type domain.RuralHouse is not enhanced.

[2017-05-15 12:30:05 #3 type] 
Type domain.Offer is not enhanced.

[2017-05-15 12:30:05 #4 type] 
Type domain.Users is not enhanced.

[2017-05-15 12:30:05 #5 type] 
Type domain.Client is not enhanced.

[2017-05-15 12:30:05 #6 type] 
Type domain.Owner is not enhanced.

[2017-05-15 12:30:05 #7 type] 
Type domain.Valoracion is not enhanced.

[2017-05-15 12:30:05 #8 type] 
Type domain.Reserva is not enhanced.

------------------------------------------------------------------------------------------------------------------------

[2017-05-15 12:30:29 #1 store] 
Database 'G:\Informatika\4 curso\Ingenieria del software\RuralHouses\resources\ruralHouses.odb' is opened by 11736@ASIER

[2017-05-15 12:30:29 #2 type] 
Type domain.RuralHouse is not enhanced.

[2017-05-15 12:30:29 #3 type] 
Type domain.Offer is not enhanced.

[2017-05-15 12:30:29 #4 type] 
Type domain.Users is not enhanced.

[2017-05-15 12:30:29 #5 type] 
Type domain.Client is not enhanced.

[2017-05-15 12:30:29 #6 type] 
Type domain.Owner is not enhanced.

[2017-05-15 12:30:29 #7 type] 
Type domain.Valoracion is not enhanced.

[2017-05-15 12:30:29 #8 type] 
Type domain.Reserva is not enhanced.

------------------------------------------------------------------------------------------------------------------------

[2017-05-15 12:31:16 #1 store] 
Database 'G:\Informatika\4 curso\Ingenieria del software\RuralHouses\resources\ruralHouses.odb' is opened by 15204@ASIER

[2017-05-15 12:31:16 #2 type] 
Type domain.RuralHouse is not enhanced.

[2017-05-15 12:31:16 #3 type] 
Type domain.Offer is not enhanced.

[2017-05-15 12:31:16 #4 type] 
Type domain.Users is not enhanced.

[2017-05-15 12:31:16 #5 type] 
Type domain.Client is not enhanced.

[2017-05-15 12:31:16 #6 type] 
Type domain.Owner is not enhanced.

[2017-05-15 12:31:16 #7 type] 
Type domain.Valoracion is not enhanced.

[2017-05-15 12:31:16 #8 type] 
Type domain.Reserva is not enhanced.

------------------------------------------------------------------------------------------------------------------------

[2017-05-15 14:27:42 #1 store] 
Database 'G:\Informatika\4 curso\Ingenieria del software\RuralHouses\resources\ruralHouses.odb' is opened by 11312@ASIER

[2017-05-15 14:27:42 #2 type] 
Type domain.RuralHouse is not enhanced.

[2017-05-15 14:27:42 #3 type] 
Type domain.Offer is not enhanced.

[2017-05-15 14:27:42 #4 type] 
Type domain.Users is not enhanced.

[2017-05-15 14:27:42 #5 type] 
Type domain.Client is not enhanced.

[2017-05-15 14:27:42 #6 type] 
Type domain.Owner is not enhanced.

[2017-05-15 14:27:42 #7 type] 
Type domain.Valoracion is not enhanced.

[2017-05-15 14:27:42 #8 type] 
Type domain.Reserva is not enhanced.

------------------------------------------------------------------------------------------------------------------------

[2017-05-15 14:33:11 #1 store] 
Database 'G:\Informatika\4 curso\Ingenieria del software\RuralHouses\resources\ruralHouses.odb' has been recovered (tr. 816-822)

[2017-05-15 14:33:11 #2 store] 
Database 'G:\Informatika\4 curso\Ingenieria del software\RuralHouses\resources\ruralHouses.odb' is opened by 6800@ASIER

[2017-05-15 14:33:11 #3 type] 
Type domain.RuralHouse is not enhanced.

[2017-05-15 14:33:11 #4 type] 
Type domain.Offer is not enhanced.

[2017-05-15 14:33:11 #5 type] 
Type domain.Users is not enhanced.

[2017-05-15 14:33:11 #6 type] 
Type domain.Client is not enhanced.

[2017-05-15 14:33:11 #7 type] 
Type domain.Owner is not enhanced.

[2017-05-15 14:33:11 #8 type] 
Type domain.Valoracion is not enhanced.

[2017-05-15 14:33:11 #9 type] 
Type domain.Reserva is not enhanced.

------------------------------------------------------------------------------------------------------------------------

[2017-05-15 14:35:15 #1 store] 
Database 'G:\Informatika\4 curso\Ingenieria del software\RuralHouses\resources\ruralHouses.odb' is opened by 8332@ASIER

[2017-05-15 14:35:15 #2 type] 
Type domain.RuralHouse is not enhanced.

[2017-05-15 14:35:15 #3 type] 
Type domain.Offer is not enhanced.

[2017-05-15 14:35:15 #4 type] 
Type domain.Users is not enhanced.

[2017-05-15 14:35:15 #5 type] 
Type domain.Client is not enhanced.

[2017-05-15 14:35:15 #6 type] 
Type domain.Owner is not enhanced.

[2017-05-15 14:35:15 #7 type] 
Type domain.Valoracion is not enhanced.

[2017-05-15 14:35:15 #8 type] 
Type domain.Reserva is not enhanced.

------------------------------------------------------------------------------------------------------------------------

[2017-05-15 14:46:57 #1 store] 
Database 'G:\Informatika\4 curso\Ingenieria del software\RuralHouses\resources\ruralHouses.odb' is opened by 1740@ASIER

[2017-05-15 14:46:57 #2 type] 
Type domain.RuralHouse is not enhanced.

[2017-05-15 14:46:57 #3 type] 
Type domain.Offer is not enhanced.

[2017-05-15 14:46:57 #4 type] 
Type domain.Users is not enhanced.

[2017-05-15 14:46:57 #5 type] 
Type domain.Client is not enhanced.

[2017-05-15 14:46:57 #6 type] 
Type domain.Owner is not enhanced.

[2017-05-15 14:46:57 #7 type] 
Type domain.Valoracion is not enhanced.

[2017-05-15 14:46:57 #8 type] 
Type domain.Reserva is not enhanced.

------------------------------------------------------------------------------------------------------------------------

[2017-05-15 14:59:53 #1 store] 
Database 'G:\Informatika\4 curso\Ingenieria del software\RuralHouses\resources\ruralHouses.odb' is opened by 7268@ASIER

[2017-05-15 14:59:53 #2 type] 
Type domain.RuralHouse is not enhanced.

[2017-05-15 14:59:53 #3 type] 
Type domain.Offer is not enhanced.

[2017-05-15 14:59:53 #4 type] 
Type domain.Users is not enhanced.

[2017-05-15 14:59:53 #5 type] 
Type domain.Client is not enhanced.

[2017-05-15 14:59:53 #6 type] 
Type domain.Owner is not enhanced.

[2017-05-15 14:59:53 #7 type] 
Type domain.Valoracion is not enhanced.

[2017-05-15 14:59:53 #8 type] 
Type domain.Reserva is not enhanced.

------------------------------------------------------------------------------------------------------------------------

[2017-05-15 15:03:18 #1 store] 
Database 'G:\Informatika\4 curso\Ingenieria del software\RuralHouses\resources\ruralHouses.odb' is opened by 6760@ASIER

[2017-05-15 15:03:19 #2 type] 
Type domain.RuralHouse is not enhanced.

[2017-05-15 15:03:19 #3 type] 
Type domain.Offer is not enhanced.

[2017-05-15 15:03:19 #4 type] 
Type domain.Users is not enhanced.

[2017-05-15 15:03:19 #5 type] 
Type domain.Client is not enhanced.

[2017-05-15 15:03:19 #6 type] 
Type domain.Owner is not enhanced.

[2017-05-15 15:03:19 #7 type] 
Type domain.Valoracion is not enhanced.

[2017-05-15 15:03:19 #8 type] 
Type domain.Reserva is not enhanced.

------------------------------------------------------------------------------------------------------------------------

[2017-05-15 15:05:08 #1 store] 
Database 'G:\Informatika\4 curso\Ingenieria del software\RuralHouses\resources\ruralHouses.odb' is opened by 14072@ASIER

[2017-05-15 15:05:08 #2 type] 
Type domain.RuralHouse is not enhanced.

[2017-05-15 15:05:08 #3 type] 
Type domain.Offer is not enhanced.

[2017-05-15 15:05:09 #4 type] 
Type domain.Users is not enhanced.

[2017-05-15 15:05:09 #5 type] 
Type domain.Client is not enhanced.

[2017-05-15 15:05:09 #6 type] 
Type domain.Owner is not enhanced.

[2017-05-15 15:05:09 #7 type] 
Type domain.Valoracion is not enhanced.

[2017-05-15 15:05:09 #8 type] 
Type domain.Reserva is not enhanced.

------------------------------------------------------------------------------------------------------------------------

[2017-05-15 15:06:06 #1 store] 
Database 'G:\Informatika\4 curso\Ingenieria del software\RuralHouses\resources\ruralHouses.odb' is opened by 5900@ASIER

[2017-05-15 15:06:06 #2 type] 
Type domain.RuralHouse is not enhanced.

[2017-05-15 15:06:06 #3 type] 
Type domain.Offer is not enhanced.

[2017-05-15 15:06:06 #4 type] 
Type domain.Users is not enhanced.

[2017-05-15 15:06:06 #5 type] 
Type domain.Client is not enhanced.

[2017-05-15 15:06:06 #6 type] 
Type domain.Owner is not enhanced.

[2017-05-15 15:06:06 #7 type] 
Type domain.Valoracion is not enhanced.

[2017-05-15 15:06:06 #8 type] 
Type domain.Reserva is not enhanced.

------------------------------------------------------------------------------------------------------------------------

[2017-05-15 16:17:38 #1 store] 
Database 'G:\Informatika\4 curso\Ingenieria del software\RuralHouses\resources\ruralHouses.odb' is opened by 876@ASIER

[2017-05-15 16:17:38 #2 type] 
Type domain.RuralHouse is not enhanced.

[2017-05-15 16:17:38 #3 type] 
Type domain.Offer is not enhanced.

[2017-05-15 16:17:38 #4 type] 
Type domain.Users is not enhanced.

[2017-05-15 16:17:38 #5 type] 
Type domain.Client is not enhanced.

[2017-05-15 16:17:38 #6 type] 
Type domain.Owner is not enhanced.

[2017-05-15 16:17:38 #7 type] 
Type domain.Valoracion is not enhanced.

[2017-05-15 16:17:38 #8 type] 
Type domain.Reserva is not enhanced.

------------------------------------------------------------------------------------------------------------------------

[2017-05-15 16:21:05 #1 store] 
Database 'G:\Informatika\4 curso\Ingenieria del software\RuralHouses\resources\ruralHouses.odb' is opened by 764@ASIER

[2017-05-15 16:21:05 #2 type] 
Type domain.RuralHouse is not enhanced.

[2017-05-15 16:21:05 #3 type] 
Type domain.Offer is not enhanced.

[2017-05-15 16:21:05 #4 type] 
Type domain.Users is not enhanced.

[2017-05-15 16:21:05 #5 type] 
Type domain.Client is not enhanced.

[2017-05-15 16:21:05 #6 type] 
Type domain.Owner is not enhanced.

[2017-05-15 16:21:05 #7 type] 
Type domain.Valoracion is not enhanced.

[2017-05-15 16:21:05 #8 type] 
Type domain.Reserva is not enhanced.

------------------------------------------------------------------------------------------------------------------------

[2017-05-15 16:22:15 #1 store] 
Database 'G:\Informatika\4 curso\Ingenieria del software\RuralHouses\resources\ruralHouses.odb' is opened by 14976@ASIER

[2017-05-15 16:22:15 #2 type] 
Type domain.RuralHouse is not enhanced.

[2017-05-15 16:22:15 #3 type] 
Type domain.Offer is not enhanced.

[2017-05-15 16:22:15 #4 type] 
Type domain.Users is not enhanced.

[2017-05-15 16:22:15 #5 type] 
Type domain.Client is not enhanced.

[2017-05-15 16:22:15 #6 type] 
Type domain.Owner is not enhanced.

[2017-05-15 16:22:15 #7 type] 
Type domain.Valoracion is not enhanced.

[2017-05-15 16:22:15 #8 type] 
Type domain.Reserva is not enhanced.

------------------------------------------------------------------------------------------------------------------------

[2017-05-15 16:33:11 #1 store] 
Database 'G:\Informatika\4 curso\Ingenieria del software\RuralHouses\resources\ruralHouses.odb' is opened by 4920@ASIER

[2017-05-15 16:33:11 #2 type] 
Type domain.RuralHouse is not enhanced.

[2017-05-15 16:33:11 #3 type] 
Type domain.Offer is not enhanced.

[2017-05-15 16:33:11 #4 type] 
Type domain.Users is not enhanced.

[2017-05-15 16:33:11 #5 type] 
Type domain.Client is not enhanced.

[2017-05-15 16:33:11 #6 type] 
Type domain.Owner is not enhanced.

[2017-05-15 16:33:11 #7 type] 
Type domain.Valoracion is not enhanced.

[2017-05-15 16:33:11 #8 type] 
Type domain.Reserva is not enhanced.

------------------------------------------------------------------------------------------------------------------------

[2017-05-15 16:33:39 #1 store] 
Database 'G:\Informatika\4 curso\Ingenieria del software\RuralHouses\resources\ruralHouses.odb' is opened by 7504@ASIER

[2017-05-15 16:33:39 #2 type] 
Type domain.RuralHouse is not enhanced.

[2017-05-15 16:33:39 #3 type] 
Type domain.Offer is not enhanced.

[2017-05-15 16:33:39 #4 type] 
Type domain.Users is not enhanced.

[2017-05-15 16:33:39 #5 type] 
Type domain.Client is not enhanced.

[2017-05-15 16:33:39 #6 type] 
Type domain.Owner is not enhanced.

[2017-05-15 16:33:39 #7 type] 
Type domain.Valoracion is not enhanced.

[2017-05-15 16:33:39 #8 type] 
Type domain.Reserva is not enhanced.

------------------------------------------------------------------------------------------------------------------------

[2017-05-15 16:35:44 #1 store] 
Database 'G:\Informatika\4 curso\Ingenieria del software\RuralHouses\resources\ruralHouses.odb' is opened by 7960@ASIER

[2017-05-15 16:35:44 #2 type] 
Type domain.RuralHouse is not enhanced.

[2017-05-15 16:35:44 #3 type] 
Type domain.Offer is not enhanced.

[2017-05-15 16:35:44 #4 type] 
Type domain.Users is not enhanced.

[2017-05-15 16:35:44 #5 type] 
Type domain.Client is not enhanced.

[2017-05-15 16:35:44 #6 type] 
Type domain.Owner is not enhanced.

[2017-05-15 16:35:44 #7 type] 
Type domain.Valoracion is not enhanced.

[2017-05-15 16:35:44 #8 type] 
Type domain.Reserva is not enhanced.

------------------------------------------------------------------------------------------------------------------------

[2017-05-15 16:39:39 #1 store] 
Database 'G:\Informatika\4 curso\Ingenieria del software\RuralHouses\resources\ruralHouses.odb' is opened by 2040@ASIER

[2017-05-15 16:39:39 #2 type] 
Type domain.RuralHouse is not enhanced.

[2017-05-15 16:39:39 #3 type] 
Type domain.Offer is not enhanced.

[2017-05-15 16:39:39 #4 type] 
Type domain.Users is not enhanced.

[2017-05-15 16:39:39 #5 type] 
Type domain.Client is not enhanced.

[2017-05-15 16:39:39 #6 type] 
Type domain.Owner is not enhanced.

[2017-05-15 16:39:39 #7 type] 
Type domain.Valoracion is not enhanced.

[2017-05-15 16:39:39 #8 type] 
Type domain.Reserva is not enhanced.

------------------------------------------------------------------------------------------------------------------------

[2017-05-15 16:41:04 #1 store] 
Database 'G:\Informatika\4 curso\Ingenieria del software\RuralHouses\resources\ruralHouses.odb' is opened by 12084@ASIER

[2017-05-15 16:41:04 #2 type] 
Type domain.RuralHouse is not enhanced.

[2017-05-15 16:41:04 #3 type] 
Type domain.Offer is not enhanced.

[2017-05-15 16:41:04 #4 type] 
Type domain.Users is not enhanced.

[2017-05-15 16:41:04 #5 type] 
Type domain.Client is not enhanced.

[2017-05-15 16:41:04 #6 type] 
Type domain.Owner is not enhanced.

[2017-05-15 16:41:04 #7 type] 
Type domain.Valoracion is not enhanced.

[2017-05-15 16:41:04 #8 type] 
Type domain.Reserva is not enhanced.

------------------------------------------------------------------------------------------------------------------------

[2017-05-15 16:43:35 #1 store] 
Database 'G:\Informatika\4 curso\Ingenieria del software\RuralHouses\resources\ruralHouses.odb' has been recovered (tr. 835-839)

[2017-05-15 16:43:35 #2 store] 
Database 'G:\Informatika\4 curso\Ingenieria del software\RuralHouses\resources\ruralHouses.odb' is opened by 12988@ASIER

[2017-05-15 16:43:36 #3 type] 
Type domain.RuralHouse is not enhanced.

[2017-05-15 16:43:36 #4 type] 
Type domain.Offer is not enhanced.

[2017-05-15 16:43:36 #5 type] 
Type domain.Users is not enhanced.

[2017-05-15 16:43:36 #6 type] 
Type domain.Client is not enhanced.

[2017-05-15 16:43:36 #7 type] 
Type domain.Owner is not enhanced.

[2017-05-15 16:43:36 #8 type] 
Type domain.Valoracion is not enhanced.

[2017-05-15 16:43:36 #9 type] 
Type domain.Reserva is not enhanced.

------------------------------------------------------------------------------------------------------------------------

[2017-05-15 16:45:08 #1 store] 
Database 'G:\Informatika\4 curso\Ingenieria del software\RuralHouses\resources\ruralHouses.odb' is opened by 14960@ASIER

[2017-05-15 16:45:08 #2 type] 
Type domain.RuralHouse is not enhanced.

[2017-05-15 16:45:08 #3 type] 
Type domain.Offer is not enhanced.

[2017-05-15 16:45:08 #4 type] 
Type domain.Users is not enhanced.

[2017-05-15 16:45:08 #5 type] 
Type domain.Client is not enhanced.

[2017-05-15 16:45:08 #6 type] 
Type domain.Owner is not enhanced.

[2017-05-15 16:45:08 #7 type] 
Type domain.Valoracion is not enhanced.

[2017-05-15 16:45:08 #8 type] 
Type domain.Reserva is not enhanced.

------------------------------------------------------------------------------------------------------------------------

[2017-05-15 16:48:06 #1 store] 
Database 'G:\Informatika\4 curso\Ingenieria del software\RuralHouses\resources\ruralHouses.odb' is opened by 12208@ASIER

[2017-05-15 16:48:06 #2 type] 
Type domain.RuralHouse is not enhanced.

[2017-05-15 16:48:06 #3 type] 
Type domain.Offer is not enhanced.

[2017-05-15 16:48:06 #4 type] 
Type domain.Users is not enhanced.

[2017-05-15 16:48:06 #5 type] 
Type domain.Client is not enhanced.

[2017-05-15 16:48:06 #6 type] 
Type domain.Owner is not enhanced.

[2017-05-15 16:48:06 #7 type] 
Type domain.Valoracion is not enhanced.

[2017-05-15 16:48:06 #8 type] 
Type domain.Reserva is not enhanced.

------------------------------------------------------------------------------------------------------------------------

[2017-05-15 16:52:27 #1 store] 
Database 'G:\Informatika\4 curso\Ingenieria del software\RuralHouses\resources\ruralHouses.odb' has been recovered (tr. 840-841)

[2017-05-15 16:52:27 #2 store] 
Database 'G:\Informatika\4 curso\Ingenieria del software\RuralHouses\resources\ruralHouses.odb' is opened by 12216@ASIER

[2017-05-15 16:52:27 #3 type] 
Type domain.RuralHouse is not enhanced.

[2017-05-15 16:52:27 #4 type] 
Type domain.Offer is not enhanced.

[2017-05-15 16:52:27 #5 type] 
Type domain.Users is not enhanced.

[2017-05-15 16:52:27 #6 type] 
Type domain.Client is not enhanced.

[2017-05-15 16:52:27 #7 type] 
Type domain.Owner is not enhanced.

[2017-05-15 16:52:27 #8 type] 
Type domain.Valoracion is not enhanced.

[2017-05-15 16:52:27 #9 type] 
Type domain.Reserva is not enhanced.

------------------------------------------------------------------------------------------------------------------------

[2017-05-15 16:55:13 #1 store] 
Database 'G:\Informatika\4 curso\Ingenieria del software\RuralHouses\resources\ruralHouses.odb' is opened by 1572@ASIER

[2017-05-15 16:55:13 #2 type] 
Type domain.RuralHouse is not enhanced.

[2017-05-15 16:55:13 #3 type] 
Type domain.Offer is not enhanced.

[2017-05-15 16:55:13 #4 type] 
Type domain.Users is not enhanced.

[2017-05-15 16:55:13 #5 type] 
Type domain.Client is not enhanced.

[2017-05-15 16:55:13 #6 type] 
Type domain.Owner is not enhanced.

[2017-05-15 16:55:13 #7 type] 
Type domain.Valoracion is not enhanced.

[2017-05-15 16:55:13 #8 type] 
Type domain.Reserva is not enhanced.

------------------------------------------------------------------------------------------------------------------------

[2017-05-15 16:59:16 #1 store] 
Database 'G:\Informatika\4 curso\Ingenieria del software\RuralHouses\resources\ruralHouses.odb' is opened by 14940@ASIER

[2017-05-15 16:59:16 #2 type] 
Type domain.RuralHouse is not enhanced.

[2017-05-15 16:59:16 #3 type] 
Type domain.Offer is not enhanced.

[2017-05-15 16:59:16 #4 type] 
Type domain.Users is not enhanced.

[2017-05-15 16:59:16 #5 type] 
Type domain.Client is not enhanced.

[2017-05-15 16:59:16 #6 type] 
Type domain.Owner is not enhanced.

[2017-05-15 16:59:16 #7 type] 
Type domain.Valoracion is not enhanced.

[2017-05-15 16:59:16 #8 type] 
Type domain.Reserva is not enhanced.

------------------------------------------------------------------------------------------------------------------------

[2017-05-15 17:00:13 #1 store] 
Database 'G:\Informatika\4 curso\Ingenieria del software\RuralHouses\resources\ruralHouses.odb' is opened by 6932@ASIER

[2017-05-15 17:00:14 #2 type] 
Type domain.RuralHouse is not enhanced.

[2017-05-15 17:00:14 #3 type] 
Type domain.Offer is not enhanced.

[2017-05-15 17:00:14 #4 type] 
Type domain.Users is not enhanced.

[2017-05-15 17:00:14 #5 type] 
Type domain.Client is not enhanced.

[2017-05-15 17:00:14 #6 type] 
Type domain.Owner is not enhanced.

[2017-05-15 17:00:14 #7 type] 
Type domain.Valoracion is not enhanced.

[2017-05-15 17:00:14 #8 type] 
Type domain.Reserva is not enhanced.

------------------------------------------------------------------------------------------------------------------------

[2017-05-15 17:03:13 #1 store] 
Database 'G:\Informatika\4 curso\Ingenieria del software\RuralHouses\resources\ruralHouses.odb' is opened by 7600@ASIER

[2017-05-15 17:03:14 #2 type] 
Type domain.RuralHouse is not enhanced.

[2017-05-15 17:03:14 #3 type] 
Type domain.Offer is not enhanced.

[2017-05-15 17:03:14 #4 type] 
Type domain.Users is not enhanced.

[2017-05-15 17:03:14 #5 type] 
Type domain.Client is not enhanced.

[2017-05-15 17:03:14 #6 type] 
Type domain.Owner is not enhanced.

[2017-05-15 17:03:14 #7 type] 
Type domain.Valoracion is not enhanced.

[2017-05-15 17:03:14 #8 type] 
Type domain.Reserva is not enhanced.

------------------------------------------------------------------------------------------------------------------------

[2017-05-15 17:06:40 #1 store] 
Database 'G:\Informatika\4 curso\Ingenieria del software\RuralHouses\resources\ruralHouses.odb' has been recovered (tr. 848-854)

[2017-05-15 17:06:40 #2 store] 
Database 'G:\Informatika\4 curso\Ingenieria del software\RuralHouses\resources\ruralHouses.odb' is opened by 14608@ASIER

[2017-05-15 17:06:40 #3 type] 
Type domain.RuralHouse is not enhanced.

[2017-05-15 17:06:40 #4 type] 
Type domain.Offer is not enhanced.

[2017-05-15 17:06:40 #5 type] 
Type domain.Users is not enhanced.

[2017-05-15 17:06:40 #6 type] 
Type domain.Client is not enhanced.

[2017-05-15 17:06:40 #7 type] 
Type domain.Owner is not enhanced.

[2017-05-15 17:06:40 #8 type] 
Type domain.Valoracion is not enhanced.

[2017-05-15 17:06:40 #9 type] 
Type domain.Reserva is not enhanced.

------------------------------------------------------------------------------------------------------------------------

[2017-05-15 17:14:38 #1 store] 
Database 'G:\Informatika\4 curso\Ingenieria del software\RuralHouses\resources\ruralHouses.odb' is opened by 9040@ASIER

[2017-05-15 17:14:38 #2 type] 
Type domain.RuralHouse is not enhanced.

[2017-05-15 17:14:38 #3 type] 
Type domain.Offer is not enhanced.

[2017-05-15 17:14:38 #4 type] 
Type domain.Users is not enhanced.

[2017-05-15 17:14:38 #5 type] 
Type domain.Client is not enhanced.

[2017-05-15 17:14:38 #6 type] 
Type domain.Owner is not enhanced.

[2017-05-15 17:14:38 #7 type] 
Type domain.Valoracion is not enhanced.

[2017-05-15 17:14:38 #8 type] 
Type domain.Reserva is not enhanced.

------------------------------------------------------------------------------------------------------------------------

[2017-05-15 17:18:29 #1 store] 
Database 'G:\Informatika\4 curso\Ingenieria del software\RuralHouses\resources\ruralHouses.odb' has been recovered (tr. 864-875)

[2017-05-15 17:18:29 #2 store] 
Database 'G:\Informatika\4 curso\Ingenieria del software\RuralHouses\resources\ruralHouses.odb' is opened by 14608@ASIER

[2017-05-15 17:18:29 #3 type] 
Type domain.RuralHouse is not enhanced.

[2017-05-15 17:18:29 #4 type] 
Type domain.Offer is not enhanced.

[2017-05-15 17:18:29 #5 type] 
Type domain.Users is not enhanced.

[2017-05-15 17:18:29 #6 type] 
Type domain.Client is not enhanced.

[2017-05-15 17:18:29 #7 type] 
Type domain.Owner is not enhanced.

[2017-05-15 17:18:29 #8 type] 
Type domain.Valoracion is not enhanced.

[2017-05-15 17:18:29 #9 type] 
Type domain.Reserva is not enhanced.

------------------------------------------------------------------------------------------------------------------------

[2017-05-15 17:20:46 #1 store] 
Database 'G:\Informatika\4 curso\Ingenieria del software\RuralHouses\resources\ruralHouses.odb' is opened by 2428@ASIER

[2017-05-15 17:20:46 #2 type] 
Type domain.RuralHouse is not enhanced.

[2017-05-15 17:20:46 #3 type] 
Type domain.Offer is not enhanced.

[2017-05-15 17:20:46 #4 type] 
Type domain.Users is not enhanced.

[2017-05-15 17:20:46 #5 type] 
Type domain.Client is not enhanced.

[2017-05-15 17:20:46 #6 type] 
Type domain.Owner is not enhanced.

[2017-05-15 17:20:46 #7 type] 
Type domain.Valoracion is not enhanced.

[2017-05-15 17:20:46 #8 type] 
Type domain.Reserva is not enhanced.

------------------------------------------------------------------------------------------------------------------------

[2017-05-15 17:46:01 #1 store] 
Database 'G:\Informatika\4 curso\Ingenieria del software\RuralHouses\resources\ruralHouses.odb' is opened by 4084@ASIER

[2017-05-15 17:46:01 #2 type] 
Type domain.RuralHouse is not enhanced.

[2017-05-15 17:46:01 #3 type] 
Type domain.Offer is not enhanced.

[2017-05-15 17:46:01 #4 type] 
Type domain.Users is not enhanced.

[2017-05-15 17:46:01 #5 type] 
Type domain.Client is not enhanced.

[2017-05-15 17:46:01 #6 type] 
Type domain.Owner is not enhanced.

[2017-05-15 17:46:01 #7 type] 
Type domain.Valoracion is not enhanced.

[2017-05-15 17:46:01 #8 type] 
Type domain.Reserva is not enhanced.

