------------------------------------------------------------------------------------------------------------------------

[2017-05-11 09:41:10 #1 store] 
Database 'G:\Informatika\4 curso\Ingenieria del software\RuralHouses\resources\ruralHouses.odb' is opened by 84@ASIER

[2017-05-11 09:41:10 #2 type] 
Type domain.RuralHouse is not enhanced.

[2017-05-11 09:41:10 #3 type] 
Type domain.Offer is not enhanced.

[2017-05-11 09:41:10 #4 type] 
Type domain.Users is not enhanced.

[2017-05-11 09:41:10 #5 type] 
Type domain.Client is not enhanced.

[2017-05-11 09:41:10 #6 type] 
Type domain.Owner is not enhanced.

[2017-05-11 09:41:10 #7 type] 
Type domain.Valoracion is not enhanced.

------------------------------------------------------------------------------------------------------------------------

[2017-05-11 09:49:17 #1 store] 
Database 'G:\Informatika\4 curso\Ingenieria del software\RuralHouses\resources\ruralHouses.odb' has been recovered (tr. 556-556)

[2017-05-11 09:49:17 #2 store] 
Database 'G:\Informatika\4 curso\Ingenieria del software\RuralHouses\resources\ruralHouses.odb' is opened by 3324@ASIER

[2017-05-11 09:49:17 #3 type] 
Type domain.RuralHouse is not enhanced.

[2017-05-11 09:49:17 #4 type] 
Type domain.Offer is not enhanced.

[2017-05-11 09:49:17 #5 type] 
Type domain.Users is not enhanced.

[2017-05-11 09:49:17 #6 type] 
Type domain.Client is not enhanced.

[2017-05-11 09:49:17 #7 type] 
Type domain.Owner is not enhanced.

[2017-05-11 09:49:17 #8 type] 
Type domain.Valoracion is not enhanced.

------------------------------------------------------------------------------------------------------------------------

[2017-05-11 09:50:08 #1 store] 
Database 'G:\Informatika\4 curso\Ingenieria del software\RuralHouses\resources\ruralHouses.odb' is opened by 8784@ASIER

[2017-05-11 09:50:08 #2 type] 
Type domain.RuralHouse is not enhanced.

[2017-05-11 09:50:08 #3 type] 
Type domain.Offer is not enhanced.

[2017-05-11 09:50:08 #4 type] 
Type domain.Users is not enhanced.

[2017-05-11 09:50:08 #5 type] 
Type domain.Client is not enhanced.

[2017-05-11 09:50:08 #6 type] 
Type domain.Owner is not enhanced.

[2017-05-11 09:50:08 #7 type] 
Type domain.Valoracion is not enhanced.

------------------------------------------------------------------------------------------------------------------------

[2017-05-11 09:50:46 #1 store] 
Database 'G:\Informatika\4 curso\Ingenieria del software\RuralHouses\resources\ruralHouses.odb' is opened by 2120@ASIER

[2017-05-11 09:50:46 #2 type] 
Type domain.RuralHouse is not enhanced.

[2017-05-11 09:50:46 #3 type] 
Type domain.Offer is not enhanced.

[2017-05-11 09:50:46 #4 type] 
Type domain.Users is not enhanced.

[2017-05-11 09:50:46 #5 type] 
Type domain.Client is not enhanced.

[2017-05-11 09:50:46 #6 type] 
Type domain.Owner is not enhanced.

[2017-05-11 09:50:46 #7 type] 
Type domain.Valoracion is not enhanced.

------------------------------------------------------------------------------------------------------------------------

[2017-05-11 09:53:21 #1 store] 
Database 'G:\Informatika\4 curso\Ingenieria del software\RuralHouses\resources\ruralHouses.odb' is opened by 2664@ASIER

[2017-05-11 09:53:21 #2 type] 
Type domain.RuralHouse is not enhanced.

[2017-05-11 09:53:21 #3 type] 
Type domain.Offer is not enhanced.

[2017-05-11 09:53:21 #4 type] 
Type domain.Users is not enhanced.

[2017-05-11 09:53:21 #5 type] 
Type domain.Client is not enhanced.

[2017-05-11 09:53:21 #6 type] 
Type domain.Owner is not enhanced.

[2017-05-11 09:53:21 #7 type] 
Type domain.Valoracion is not enhanced.

------------------------------------------------------------------------------------------------------------------------

[2017-05-11 09:55:09 #1 store] 
Database 'G:\Informatika\4 curso\Ingenieria del software\RuralHouses\resources\ruralHouses.odb' is opened by 8136@ASIER

[2017-05-11 09:55:09 #2 type] 
Type domain.RuralHouse is not enhanced.

[2017-05-11 09:55:09 #3 type] 
Type domain.Offer is not enhanced.

[2017-05-11 09:55:09 #4 type] 
Type domain.Users is not enhanced.

[2017-05-11 09:55:09 #5 type] 
Type domain.Client is not enhanced.

[2017-05-11 09:55:09 #6 type] 
Type domain.Owner is not enhanced.

[2017-05-11 09:55:09 #7 type] 
Type domain.Valoracion is not enhanced.

------------------------------------------------------------------------------------------------------------------------

[2017-05-11 09:57:48 #1 store] 
Database 'G:\Informatika\4 curso\Ingenieria del software\RuralHouses\resources\ruralHouses.odb' is opened by 2668@ASIER

[2017-05-11 09:57:48 #2 type] 
Type domain.RuralHouse is not enhanced.

[2017-05-11 09:57:48 #3 type] 
Type domain.Offer is not enhanced.

[2017-05-11 09:57:48 #4 type] 
Type domain.Users is not enhanced.

[2017-05-11 09:57:48 #5 type] 
Type domain.Client is not enhanced.

[2017-05-11 09:57:48 #6 type] 
Type domain.Owner is not enhanced.

[2017-05-11 09:57:48 #7 type] 
Type domain.Valoracion is not enhanced.

------------------------------------------------------------------------------------------------------------------------

[2017-05-11 10:00:09 #1 store] 
Database 'G:\Informatika\4 curso\Ingenieria del software\RuralHouses\resources\ruralHouses.odb' is opened by 4668@ASIER

[2017-05-11 10:00:09 #2 type] 
Type domain.RuralHouse is not enhanced.

[2017-05-11 10:00:09 #3 type] 
Type domain.Offer is not enhanced.

[2017-05-11 10:00:09 #4 type] 
Type domain.Users is not enhanced.

[2017-05-11 10:00:09 #5 type] 
Type domain.Client is not enhanced.

[2017-05-11 10:00:09 #6 type] 
Type domain.Owner is not enhanced.

[2017-05-11 10:00:09 #7 type] 
Type domain.Valoracion is not enhanced.

------------------------------------------------------------------------------------------------------------------------

[2017-05-11 10:04:41 #1 store] 
Database 'G:\Informatika\4 curso\Ingenieria del software\RuralHouses\resources\ruralHouses.odb' is opened by 6832@ASIER

[2017-05-11 10:04:41 #2 type] 
Type domain.RuralHouse is not enhanced.

[2017-05-11 10:04:41 #3 type] 
Type domain.Offer is not enhanced.

[2017-05-11 10:04:41 #4 type] 
Type domain.Users is not enhanced.

[2017-05-11 10:04:41 #5 type] 
Type domain.Client is not enhanced.

[2017-05-11 10:04:41 #6 type] 
Type domain.Owner is not enhanced.

[2017-05-11 10:04:41 #7 type] 
Type domain.Valoracion is not enhanced.

------------------------------------------------------------------------------------------------------------------------

[2017-05-11 10:06:59 #1 store] 
Database 'G:\Informatika\4 curso\Ingenieria del software\RuralHouses\resources\ruralHouses.odb' is opened by 1004@ASIER

[2017-05-11 10:06:59 #2 type] 
Type domain.RuralHouse is not enhanced.

[2017-05-11 10:06:59 #3 type] 
Type domain.Offer is not enhanced.

[2017-05-11 10:06:59 #4 type] 
Type domain.Users is not enhanced.

[2017-05-11 10:06:59 #5 type] 
Type domain.Client is not enhanced.

[2017-05-11 10:06:59 #6 type] 
Type domain.Owner is not enhanced.

[2017-05-11 10:06:59 #7 type] 
Type domain.Valoracion is not enhanced.

------------------------------------------------------------------------------------------------------------------------

[2017-05-11 10:08:36 #1 store] 
Database 'G:\Informatika\4 curso\Ingenieria del software\RuralHouses\resources\ruralHouses.odb' is opened by 6916@ASIER

[2017-05-11 10:08:36 #2 type] 
Type domain.RuralHouse is not enhanced.

[2017-05-11 10:08:36 #3 type] 
Type domain.Offer is not enhanced.

[2017-05-11 10:08:36 #4 type] 
Type domain.Users is not enhanced.

[2017-05-11 10:08:36 #5 type] 
Type domain.Client is not enhanced.

[2017-05-11 10:08:36 #6 type] 
Type domain.Owner is not enhanced.

[2017-05-11 10:08:36 #7 type] 
Type domain.Valoracion is not enhanced.

------------------------------------------------------------------------------------------------------------------------

[2017-05-11 10:18:21 #1 store] 
Database 'G:\Informatika\4 curso\Ingenieria del software\RuralHouses\resources\ruralHouses.odb' is opened by 11608@ASIER

[2017-05-11 10:18:21 #2 type] 
Type domain.RuralHouse is not enhanced.

[2017-05-11 10:18:21 #3 type] 
Type domain.Offer is not enhanced.

[2017-05-11 10:18:21 #4 type] 
Type domain.Users is not enhanced.

[2017-05-11 10:18:21 #5 type] 
Type domain.Client is not enhanced.

[2017-05-11 10:18:21 #6 type] 
Type domain.Owner is not enhanced.

[2017-05-11 10:18:21 #7 type] 
Type domain.Valoracion is not enhanced.

------------------------------------------------------------------------------------------------------------------------

[2017-05-11 10:20:20 #1 store] 
Database 'G:\Informatika\4 curso\Ingenieria del software\RuralHouses\resources\ruralHouses.odb' is opened by 7892@ASIER

[2017-05-11 10:20:20 #2 type] 
Type domain.RuralHouse is not enhanced.

[2017-05-11 10:20:20 #3 type] 
Type domain.Offer is not enhanced.

[2017-05-11 10:20:20 #4 type] 
Type domain.Users is not enhanced.

[2017-05-11 10:20:20 #5 type] 
Type domain.Client is not enhanced.

[2017-05-11 10:20:20 #6 type] 
Type domain.Owner is not enhanced.

[2017-05-11 10:20:20 #7 type] 
Type domain.Valoracion is not enhanced.

------------------------------------------------------------------------------------------------------------------------

[2017-05-11 10:22:41 #1 store] 
Database 'G:\Informatika\4 curso\Ingenieria del software\RuralHouses\resources\ruralHouses.odb' is opened by 5468@ASIER

[2017-05-11 10:22:41 #2 type] 
Type domain.RuralHouse is not enhanced.

[2017-05-11 10:22:41 #3 type] 
Type domain.Offer is not enhanced.

[2017-05-11 10:22:41 #4 type] 
Type domain.Users is not enhanced.

[2017-05-11 10:22:41 #5 type] 
Type domain.Client is not enhanced.

[2017-05-11 10:22:41 #6 type] 
Type domain.Owner is not enhanced.

[2017-05-11 10:22:41 #7 type] 
Type domain.Valoracion is not enhanced.

------------------------------------------------------------------------------------------------------------------------

[2017-05-11 10:23:21 #1 store] 
Database 'G:\Informatika\4 curso\Ingenieria del software\RuralHouses\resources\ruralHouses.odb' is opened by 992@ASIER

[2017-05-11 10:23:21 #2 type] 
Type domain.RuralHouse is not enhanced.

[2017-05-11 10:23:21 #3 type] 
Type domain.Offer is not enhanced.

[2017-05-11 10:23:21 #4 type] 
Type domain.Users is not enhanced.

[2017-05-11 10:23:21 #5 type] 
Type domain.Client is not enhanced.

[2017-05-11 10:23:21 #6 type] 
Type domain.Owner is not enhanced.

[2017-05-11 10:23:21 #7 type] 
Type domain.Valoracion is not enhanced.

------------------------------------------------------------------------------------------------------------------------

[2017-05-11 10:34:33 #1 store] 
Database 'G:\Informatika\4 curso\Ingenieria del software\RuralHouses\resources\ruralHouses.odb' is opened by 6276@ASIER

[2017-05-11 10:34:33 #2 type] 
Type domain.RuralHouse is not enhanced.

[2017-05-11 10:34:33 #3 type] 
Type domain.Offer is not enhanced.

[2017-05-11 10:34:33 #4 type] 
Type domain.Users is not enhanced.

[2017-05-11 10:34:33 #5 type] 
Type domain.Client is not enhanced.

[2017-05-11 10:34:33 #6 type] 
Type domain.Owner is not enhanced.

[2017-05-11 10:34:33 #7 type] 
Type domain.Valoracion is not enhanced.

------------------------------------------------------------------------------------------------------------------------

[2017-05-11 10:37:19 #1 store] 
Database 'G:\Informatika\4 curso\Ingenieria del software\RuralHouses\resources\ruralHouses.odb' is opened by 5468@ASIER

[2017-05-11 10:37:19 #2 type] 
Type domain.RuralHouse is not enhanced.

[2017-05-11 10:37:19 #3 type] 
Type domain.Offer is not enhanced.

[2017-05-11 10:37:19 #4 type] 
Type domain.Users is not enhanced.

[2017-05-11 10:37:19 #5 type] 
Type domain.Client is not enhanced.

[2017-05-11 10:37:19 #6 type] 
Type domain.Owner is not enhanced.

[2017-05-11 10:37:19 #7 type] 
Type domain.Valoracion is not enhanced.

------------------------------------------------------------------------------------------------------------------------

[2017-05-11 10:40:45 #1 store] 
Database 'G:\Informatika\4 curso\Ingenieria del software\RuralHouses\resources\ruralHouses.odb' has been recovered (tr. 557-557)

[2017-05-11 10:40:45 #2 store] 
Database 'G:\Informatika\4 curso\Ingenieria del software\RuralHouses\resources\ruralHouses.odb' is opened by 4064@ASIER

[2017-05-11 10:40:45 #3 type] 
Type domain.RuralHouse is not enhanced.

[2017-05-11 10:40:45 #4 type] 
Type domain.Offer is not enhanced.

[2017-05-11 10:40:45 #5 type] 
Type domain.Users is not enhanced.

[2017-05-11 10:40:45 #6 type] 
Type domain.Client is not enhanced.

[2017-05-11 10:40:45 #7 type] 
Type domain.Owner is not enhanced.

[2017-05-11 10:40:45 #8 type] 
Type domain.Valoracion is not enhanced.

------------------------------------------------------------------------------------------------------------------------

[2017-05-11 10:42:58 #1 store] 
Database 'G:\Informatika\4 curso\Ingenieria del software\RuralHouses\resources\ruralHouses.odb' has been recovered (tr. 558-559)

[2017-05-11 10:42:58 #2 store] 
Database 'G:\Informatika\4 curso\Ingenieria del software\RuralHouses\resources\ruralHouses.odb' is opened by 2476@ASIER

[2017-05-11 10:42:58 #3 type] 
Type domain.RuralHouse is not enhanced.

[2017-05-11 10:42:58 #4 type] 
Type domain.Offer is not enhanced.

[2017-05-11 10:42:58 #5 type] 
Type domain.Users is not enhanced.

[2017-05-11 10:42:58 #6 type] 
Type domain.Client is not enhanced.

[2017-05-11 10:42:58 #7 type] 
Type domain.Owner is not enhanced.

[2017-05-11 10:42:58 #8 type] 
Type domain.Valoracion is not enhanced.

------------------------------------------------------------------------------------------------------------------------

[2017-05-11 10:44:00 #1 store] 
Database 'G:\Informatika\4 curso\Ingenieria del software\RuralHouses\resources\ruralHouses.odb' is opened by 1096@ASIER

[2017-05-11 10:44:00 #2 type] 
Type domain.RuralHouse is not enhanced.

[2017-05-11 10:44:00 #3 type] 
Type domain.Offer is not enhanced.

[2017-05-11 10:44:00 #4 type] 
Type domain.Users is not enhanced.

[2017-05-11 10:44:00 #5 type] 
Type domain.Client is not enhanced.

[2017-05-11 10:44:00 #6 type] 
Type domain.Owner is not enhanced.

[2017-05-11 10:44:00 #7 type] 
Type domain.Valoracion is not enhanced.

------------------------------------------------------------------------------------------------------------------------

[2017-05-11 10:44:23 #1 store] 
Database 'G:\Informatika\4 curso\Ingenieria del software\RuralHouses\resources\ruralHouses.odb' is opened by 1276@ASIER

[2017-05-11 10:44:23 #2 type] 
Type domain.RuralHouse is not enhanced.

[2017-05-11 10:44:23 #3 type] 
Type domain.Offer is not enhanced.

[2017-05-11 10:44:23 #4 type] 
Type domain.Users is not enhanced.

[2017-05-11 10:44:23 #5 type] 
Type domain.Client is not enhanced.

[2017-05-11 10:44:23 #6 type] 
Type domain.Owner is not enhanced.

[2017-05-11 10:44:23 #7 type] 
Type domain.Valoracion is not enhanced.

------------------------------------------------------------------------------------------------------------------------

[2017-05-11 11:00:12 #1 store] 
Database 'G:\Informatika\4 curso\Ingenieria del software\RuralHouses\resources\ruralHouses.odb' is opened by 10616@ASIER

[2017-05-11 11:00:12 #2 type] 
Type domain.RuralHouse is not enhanced.

[2017-05-11 11:00:12 #3 type] 
Type domain.Offer is not enhanced.

[2017-05-11 11:00:12 #4 type] 
Type domain.Users is not enhanced.

[2017-05-11 11:00:12 #5 type] 
Type domain.Client is not enhanced.

[2017-05-11 11:00:12 #6 type] 
Type domain.Owner is not enhanced.

[2017-05-11 11:00:12 #7 type] 
Type domain.Valoracion is not enhanced.

------------------------------------------------------------------------------------------------------------------------

[2017-05-11 11:03:26 #1 store] 
Database 'G:\Informatika\4 curso\Ingenieria del software\RuralHouses\resources\ruralHouses.odb' has been recovered (tr. 560-564)

[2017-05-11 11:03:26 #2 store] 
Database 'G:\Informatika\4 curso\Ingenieria del software\RuralHouses\resources\ruralHouses.odb' is opened by 13016@ASIER

[2017-05-11 11:03:26 #3 type] 
Type domain.RuralHouse is not enhanced.

[2017-05-11 11:03:26 #4 type] 
Type domain.Offer is not enhanced.

[2017-05-11 11:03:26 #5 type] 
Type domain.Users is not enhanced.

[2017-05-11 11:03:26 #6 type] 
Type domain.Client is not enhanced.

[2017-05-11 11:03:26 #7 type] 
Type domain.Owner is not enhanced.

[2017-05-11 11:03:26 #8 type] 
Type domain.Valoracion is not enhanced.

------------------------------------------------------------------------------------------------------------------------

[2017-05-11 12:32:32 #1 store] 
Database 'G:\Informatika\4 curso\Ingenieria del software\RuralHouses\resources\ruralHouses.odb' is opened by 4044@ASIER

[2017-05-11 12:32:32 #2 type] 
Type domain.RuralHouse is not enhanced.

[2017-05-11 12:32:32 #3 type] 
Type domain.Offer is not enhanced.

[2017-05-11 12:32:32 #4 type] 
Type domain.Users is not enhanced.

[2017-05-11 12:32:32 #5 type] 
Type domain.Client is not enhanced.

[2017-05-11 12:32:32 #6 type] 
Type domain.Owner is not enhanced.

[2017-05-11 12:32:32 #7 type] 
Type domain.Valoracion is not enhanced.

------------------------------------------------------------------------------------------------------------------------

[2017-05-11 12:44:22 #1 store] 
Database 'G:\Informatika\4 curso\Ingenieria del software\RuralHouses\resources\ruralHouses.odb' is opened by 14144@ASIER

[2017-05-11 12:44:22 #2 type] 
Type domain.RuralHouse is not enhanced.

[2017-05-11 12:44:22 #3 type] 
Type domain.Offer is not enhanced.

[2017-05-11 12:44:22 #4 type] 
Type domain.Users is not enhanced.

[2017-05-11 12:44:22 #5 type] 
Type domain.Client is not enhanced.

[2017-05-11 12:44:22 #6 type] 
Type domain.Owner is not enhanced.

[2017-05-11 12:44:22 #7 type] 
Type domain.Valoracion is not enhanced.

------------------------------------------------------------------------------------------------------------------------

[2017-05-11 12:48:38 #1 store] 
Database 'G:\Informatika\4 curso\Ingenieria del software\RuralHouses\resources\ruralHouses.odb' is opened by 13088@ASIER

[2017-05-11 12:48:38 #2 type] 
Type domain.RuralHouse is not enhanced.

[2017-05-11 12:48:38 #3 type] 
Type domain.Offer is not enhanced.

[2017-05-11 12:48:38 #4 type] 
Type domain.Users is not enhanced.

[2017-05-11 12:48:38 #5 type] 
Type domain.Client is not enhanced.

[2017-05-11 12:48:38 #6 type] 
Type domain.Owner is not enhanced.

[2017-05-11 12:48:38 #7 type] 
Type domain.Valoracion is not enhanced.

------------------------------------------------------------------------------------------------------------------------

[2017-05-11 12:49:25 #1 store] 
Database 'G:\Informatika\4 curso\Ingenieria del software\RuralHouses\resources\ruralHouses.odb' is opened by 14192@ASIER

[2017-05-11 12:49:25 #2 type] 
Type domain.RuralHouse is not enhanced.

[2017-05-11 12:49:25 #3 type] 
Type domain.Offer is not enhanced.

[2017-05-11 12:49:25 #4 type] 
Type domain.Users is not enhanced.

[2017-05-11 12:49:25 #5 type] 
Type domain.Client is not enhanced.

[2017-05-11 12:49:25 #6 type] 
Type domain.Owner is not enhanced.

[2017-05-11 12:49:25 #7 type] 
Type domain.Valoracion is not enhanced.

------------------------------------------------------------------------------------------------------------------------

[2017-05-11 12:50:43 #1 store] 
Database 'G:\Informatika\4 curso\Ingenieria del software\RuralHouses\resources\ruralHouses.odb' is opened by 13176@ASIER

[2017-05-11 12:50:43 #2 type] 
Type domain.RuralHouse is not enhanced.

[2017-05-11 12:50:43 #3 type] 
Type domain.Offer is not enhanced.

[2017-05-11 12:50:43 #4 type] 
Type domain.Users is not enhanced.

[2017-05-11 12:50:43 #5 type] 
Type domain.Client is not enhanced.

[2017-05-11 12:50:43 #6 type] 
Type domain.Owner is not enhanced.

[2017-05-11 12:50:43 #7 type] 
Type domain.Valoracion is not enhanced.

------------------------------------------------------------------------------------------------------------------------

[2017-05-11 12:55:51 #1 store] 
Database 'G:\Informatika\4 curso\Ingenieria del software\RuralHouses\resources\ruralHouses.odb' is opened by 12628@ASIER

[2017-05-11 12:55:51 #2 type] 
Type domain.RuralHouse is not enhanced.

[2017-05-11 12:55:51 #3 type] 
Type domain.Offer is not enhanced.

[2017-05-11 12:55:51 #4 type] 
Type domain.Users is not enhanced.

[2017-05-11 12:55:51 #5 type] 
Type domain.Client is not enhanced.

[2017-05-11 12:55:51 #6 type] 
Type domain.Owner is not enhanced.

[2017-05-11 12:55:51 #7 type] 
Type domain.Valoracion is not enhanced.

------------------------------------------------------------------------------------------------------------------------

[2017-05-11 13:19:32 #1 store] 
Database 'G:\Informatika\4 curso\Ingenieria del software\RuralHouses\resources\ruralHouses.odb' is opened by 4064@ASIER

[2017-05-11 13:19:32 #2 type] 
Type domain.RuralHouse is not enhanced.

[2017-05-11 13:19:32 #3 type] 
Type domain.Offer is not enhanced.

[2017-05-11 13:19:32 #4 type] 
Type domain.Users is not enhanced.

[2017-05-11 13:19:32 #5 type] 
Type domain.Client is not enhanced.

[2017-05-11 13:19:32 #6 type] 
Type domain.Owner is not enhanced.

[2017-05-11 13:19:32 #7 type] 
Type domain.Valoracion is not enhanced.

------------------------------------------------------------------------------------------------------------------------

[2017-05-11 13:25:38 #1 store] 
Database 'G:\Informatika\4 curso\Ingenieria del software\RuralHouses\resources\ruralHouses.odb' has been recovered (tr. 565-565)

[2017-05-11 13:25:38 #2 store] 
Database 'G:\Informatika\4 curso\Ingenieria del software\RuralHouses\resources\ruralHouses.odb' is opened by 11808@ASIER

[2017-05-11 13:25:38 #3 type] 
Type domain.RuralHouse is not enhanced.

[2017-05-11 13:25:38 #4 type] 
Type domain.Offer is not enhanced.

[2017-05-11 13:25:38 #5 type] 
Type domain.Users is not enhanced.

[2017-05-11 13:25:38 #6 type] 
Type domain.Client is not enhanced.

[2017-05-11 13:25:38 #7 type] 
Type domain.Owner is not enhanced.

[2017-05-11 13:25:38 #8 type] 
Type domain.Valoracion is not enhanced.

------------------------------------------------------------------------------------------------------------------------

[2017-05-11 13:34:42 #1 store] 
Database 'G:\Informatika\4 curso\Ingenieria del software\RuralHouses\resources\ruralHouses.odb' is opened by 12620@ASIER

[2017-05-11 13:34:42 #2 type] 
Type domain.RuralHouse is not enhanced.

[2017-05-11 13:34:42 #3 type] 
Type domain.Offer is not enhanced.

[2017-05-11 13:34:42 #4 type] 
Type domain.Users is not enhanced.

[2017-05-11 13:34:42 #5 type] 
Type domain.Client is not enhanced.

[2017-05-11 13:34:42 #6 type] 
Type domain.Owner is not enhanced.

[2017-05-11 13:34:42 #7 type] 
Type domain.Valoracion is not enhanced.

------------------------------------------------------------------------------------------------------------------------

[2017-05-11 13:50:24 #1 store] 
Database 'G:\Informatika\4 curso\Ingenieria del software\RuralHouses\resources\ruralHouses.odb' is opened by 5704@ASIER

[2017-05-11 13:50:24 #2 type] 
Type domain.RuralHouse is not enhanced.

[2017-05-11 13:50:24 #3 type] 
Type domain.Offer is not enhanced.

[2017-05-11 13:50:24 #4 type] 
Type domain.Users is not enhanced.

[2017-05-11 13:50:24 #5 type] 
Type domain.Client is not enhanced.

[2017-05-11 13:50:24 #6 type] 
Type domain.Owner is not enhanced.

[2017-05-11 13:50:24 #7 type] 
Type domain.Valoracion is not enhanced.

------------------------------------------------------------------------------------------------------------------------

[2017-05-11 13:53:53 #1 store] 
Database 'G:\Informatika\4 curso\Ingenieria del software\RuralHouses\resources\ruralHouses.odb' is opened by 5304@ASIER

[2017-05-11 13:53:53 #2 type] 
Type domain.RuralHouse is not enhanced.

[2017-05-11 13:53:53 #3 type] 
Type domain.Offer is not enhanced.

[2017-05-11 13:53:53 #4 type] 
Type domain.Users is not enhanced.

[2017-05-11 13:53:53 #5 type] 
Type domain.Client is not enhanced.

[2017-05-11 13:53:53 #6 type] 
Type domain.Owner is not enhanced.

[2017-05-11 13:53:53 #7 type] 
Type domain.Valoracion is not enhanced.

------------------------------------------------------------------------------------------------------------------------

[2017-05-11 13:54:46 #1 store] 
Database 'G:\Informatika\4 curso\Ingenieria del software\RuralHouses\resources\ruralHouses.odb' is opened by 8764@ASIER

[2017-05-11 13:54:47 #2 type] 
Type domain.RuralHouse is not enhanced.

[2017-05-11 13:54:47 #3 type] 
Type domain.Offer is not enhanced.

[2017-05-11 13:54:47 #4 type] 
Type domain.Users is not enhanced.

[2017-05-11 13:54:47 #5 type] 
Type domain.Client is not enhanced.

[2017-05-11 13:54:47 #6 type] 
Type domain.Owner is not enhanced.

[2017-05-11 13:54:47 #7 type] 
Type domain.Valoracion is not enhanced.

------------------------------------------------------------------------------------------------------------------------

[2017-05-11 14:07:53 #1 store] 
Database 'G:\Informatika\4 curso\Ingenieria del software\RuralHouses\resources\ruralHouses.odb' is opened by 5264@ASIER

[2017-05-11 14:07:53 #2 type] 
Type domain.RuralHouse is not enhanced.

[2017-05-11 14:07:53 #3 type] 
Type domain.Offer is not enhanced.

[2017-05-11 14:07:53 #4 type] 
Type domain.Users is not enhanced.

[2017-05-11 14:07:53 #5 type] 
Type domain.Client is not enhanced.

[2017-05-11 14:07:53 #6 type] 
Type domain.Owner is not enhanced.

[2017-05-11 14:07:53 #7 type] 
Type domain.Valoracion is not enhanced.

------------------------------------------------------------------------------------------------------------------------

[2017-05-11 14:10:25 #1 store] 
Database 'G:\Informatika\4 curso\Ingenieria del software\RuralHouses\resources\ruralHouses.odb' is opened by 10712@ASIER

[2017-05-11 14:10:25 #2 type] 
Type domain.RuralHouse is not enhanced.

[2017-05-11 14:10:25 #3 type] 
Type domain.Offer is not enhanced.

[2017-05-11 14:10:25 #4 type] 
Type domain.Users is not enhanced.

[2017-05-11 14:10:25 #5 type] 
Type domain.Client is not enhanced.

[2017-05-11 14:10:25 #6 type] 
Type domain.Owner is not enhanced.

[2017-05-11 14:10:25 #7 type] 
Type domain.Valoracion is not enhanced.

------------------------------------------------------------------------------------------------------------------------

[2017-05-11 14:10:50 #1 store] 
Database 'G:\Informatika\4 curso\Ingenieria del software\RuralHouses\resources\ruralHouses.odb' is opened by 12184@ASIER

[2017-05-11 14:10:50 #2 type] 
Type domain.RuralHouse is not enhanced.

[2017-05-11 14:10:50 #3 type] 
Type domain.Offer is not enhanced.

[2017-05-11 14:10:50 #4 type] 
Type domain.Users is not enhanced.

[2017-05-11 14:10:50 #5 type] 
Type domain.Client is not enhanced.

[2017-05-11 14:10:50 #6 type] 
Type domain.Owner is not enhanced.

[2017-05-11 14:10:50 #7 type] 
Type domain.Valoracion is not enhanced.

------------------------------------------------------------------------------------------------------------------------

[2017-05-11 14:11:37 #1 store] 
Database 'G:\Informatika\4 curso\Ingenieria del software\RuralHouses\resources\ruralHouses.odb' is opened by 2236@ASIER

[2017-05-11 14:11:37 #2 type] 
Type domain.RuralHouse is not enhanced.

[2017-05-11 14:11:37 #3 type] 
Type domain.Offer is not enhanced.

[2017-05-11 14:11:37 #4 type] 
Type domain.Users is not enhanced.

[2017-05-11 14:11:37 #5 type] 
Type domain.Client is not enhanced.

[2017-05-11 14:11:37 #6 type] 
Type domain.Owner is not enhanced.

[2017-05-11 14:11:37 #7 type] 
Type domain.Valoracion is not enhanced.

------------------------------------------------------------------------------------------------------------------------

[2017-05-11 14:13:10 #1 store] 
Database 'G:\Informatika\4 curso\Ingenieria del software\RuralHouses\resources\ruralHouses.odb' is opened by 6792@ASIER

[2017-05-11 14:13:10 #2 type] 
Type domain.RuralHouse is not enhanced.

[2017-05-11 14:13:10 #3 type] 
Type domain.Offer is not enhanced.

[2017-05-11 14:13:10 #4 type] 
Type domain.Users is not enhanced.

[2017-05-11 14:13:10 #5 type] 
Type domain.Client is not enhanced.

[2017-05-11 14:13:10 #6 type] 
Type domain.Owner is not enhanced.

[2017-05-11 14:13:10 #7 type] 
Type domain.Valoracion is not enhanced.

------------------------------------------------------------------------------------------------------------------------

[2017-05-11 14:46:34 #1 store] 
Database 'G:\Informatika\4 curso\Ingenieria del software\RuralHouses\resources\ruralHouses.odb' is opened by 1484@ASIER

[2017-05-11 14:46:35 #2 type] 
Type domain.RuralHouse is not enhanced.

[2017-05-11 14:46:35 #3 type] 
Type domain.Offer is not enhanced.

[2017-05-11 14:46:35 #4 type] 
Type domain.Users is not enhanced.

[2017-05-11 14:46:35 #5 type] 
Type domain.Client is not enhanced.

[2017-05-11 14:46:35 #6 type] 
Type domain.Owner is not enhanced.

[2017-05-11 14:46:35 #7 type] 
Type domain.Valoracion is not enhanced.

------------------------------------------------------------------------------------------------------------------------

[2017-05-11 14:47:09 #1 store] 
Database 'G:\Informatika\4 curso\Ingenieria del software\RuralHouses\resources\ruralHouses.odb' is opened by 12596@ASIER

[2017-05-11 14:47:09 #2 type] 
Type domain.RuralHouse is not enhanced.

[2017-05-11 14:47:09 #3 type] 
Type domain.Offer is not enhanced.

[2017-05-11 14:47:09 #4 type] 
Type domain.Users is not enhanced.

[2017-05-11 14:47:09 #5 type] 
Type domain.Client is not enhanced.

[2017-05-11 14:47:09 #6 type] 
Type domain.Owner is not enhanced.

[2017-05-11 14:47:09 #7 type] 
Type domain.Valoracion is not enhanced.

------------------------------------------------------------------------------------------------------------------------

[2017-05-11 14:47:53 #1 store] 
Database 'G:\Informatika\4 curso\Ingenieria del software\RuralHouses\resources\ruralHouses.odb' is opened by 6728@ASIER

[2017-05-11 14:47:53 #2 type] 
Type domain.RuralHouse is not enhanced.

[2017-05-11 14:47:53 #3 type] 
Type domain.Offer is not enhanced.

[2017-05-11 14:47:54 #4 type] 
Type domain.Users is not enhanced.

[2017-05-11 14:47:54 #5 type] 
Type domain.Client is not enhanced.

[2017-05-11 14:47:54 #6 type] 
Type domain.Owner is not enhanced.

[2017-05-11 14:47:54 #7 type] 
Type domain.Valoracion is not enhanced.

------------------------------------------------------------------------------------------------------------------------

[2017-05-11 14:54:06 #1 store] 
Database 'G:\Informatika\4 curso\Ingenieria del software\RuralHouses\resources\ruralHouses.odb' is opened by 1452@ASIER

[2017-05-11 14:54:06 #2 type] 
Type domain.RuralHouse is not enhanced.

[2017-05-11 14:54:06 #3 type] 
Type domain.Offer is not enhanced.

[2017-05-11 14:54:06 #4 type] 
Type domain.Users is not enhanced.

[2017-05-11 14:54:06 #5 type] 
Type domain.Client is not enhanced.

[2017-05-11 14:54:06 #6 type] 
Type domain.Owner is not enhanced.

[2017-05-11 14:54:06 #7 type] 
Type domain.Valoracion is not enhanced.

------------------------------------------------------------------------------------------------------------------------

[2017-05-11 14:57:40 #1 store] 
Database 'G:\Informatika\4 curso\Ingenieria del software\RuralHouses\resources\ruralHouses.odb' is opened by 12660@ASIER

[2017-05-11 14:57:40 #2 type] 
Type domain.RuralHouse is not enhanced.

[2017-05-11 14:57:40 #3 type] 
Type domain.Offer is not enhanced.

[2017-05-11 14:57:40 #4 type] 
Type domain.Users is not enhanced.

[2017-05-11 14:57:40 #5 type] 
Type domain.Client is not enhanced.

[2017-05-11 14:57:40 #6 type] 
Type domain.Owner is not enhanced.

[2017-05-11 14:57:40 #7 type] 
Type domain.Valoracion is not enhanced.

------------------------------------------------------------------------------------------------------------------------

[2017-05-11 15:02:48 #1 store] 
Database 'G:\Informatika\4 curso\Ingenieria del software\RuralHouses\resources\ruralHouses.odb' is opened by 13888@ASIER

[2017-05-11 15:02:48 #2 type] 
Type domain.RuralHouse is not enhanced.

[2017-05-11 15:02:48 #3 type] 
Type domain.Offer is not enhanced.

[2017-05-11 15:02:48 #4 type] 
Type domain.Users is not enhanced.

[2017-05-11 15:02:48 #5 type] 
Type domain.Client is not enhanced.

[2017-05-11 15:02:48 #6 type] 
Type domain.Owner is not enhanced.

[2017-05-11 15:02:48 #7 type] 
Type domain.Valoracion is not enhanced.

------------------------------------------------------------------------------------------------------------------------

[2017-05-11 15:05:54 #1 store] 
Database 'G:\Informatika\4 curso\Ingenieria del software\RuralHouses\resources\ruralHouses.odb' is opened by 11040@ASIER

[2017-05-11 15:05:54 #2 type] 
Type domain.RuralHouse is not enhanced.

[2017-05-11 15:05:54 #3 type] 
Type domain.Offer is not enhanced.

[2017-05-11 15:05:54 #4 type] 
Type domain.Users is not enhanced.

[2017-05-11 15:05:54 #5 type] 
Type domain.Client is not enhanced.

[2017-05-11 15:05:54 #6 type] 
Type domain.Owner is not enhanced.

[2017-05-11 15:05:54 #7 type] 
Type domain.Valoracion is not enhanced.

------------------------------------------------------------------------------------------------------------------------

[2017-05-11 15:33:27 #1 store] 
Database 'G:\Informatika\4 curso\Ingenieria del software\RuralHouses\resources\ruralHouses.odb' is opened by 11888@ASIER

[2017-05-11 15:33:27 #2 type] 
Type domain.RuralHouse is not enhanced.

[2017-05-11 15:33:27 #3 type] 
Type domain.Offer is not enhanced.

[2017-05-11 15:33:27 #4 type] 
Type domain.Users is not enhanced.

[2017-05-11 15:33:27 #5 type] 
Type domain.Client is not enhanced.

[2017-05-11 15:33:27 #6 type] 
Type domain.Owner is not enhanced.

[2017-05-11 15:33:27 #7 type] 
Type domain.Valoracion is not enhanced.

------------------------------------------------------------------------------------------------------------------------

[2017-05-11 15:35:37 #1 store] 
Database 'G:\Informatika\4 curso\Ingenieria del software\RuralHouses\resources\ruralHouses.odb' is opened by 14156@ASIER

[2017-05-11 15:35:38 #2 type] 
Type domain.RuralHouse is not enhanced.

[2017-05-11 15:35:38 #3 type] 
Type domain.Offer is not enhanced.

[2017-05-11 15:35:38 #4 type] 
Type domain.Users is not enhanced.

[2017-05-11 15:35:38 #5 type] 
Type domain.Client is not enhanced.

[2017-05-11 15:35:38 #6 type] 
Type domain.Owner is not enhanced.

[2017-05-11 15:35:38 #7 type] 
Type domain.Valoracion is not enhanced.

------------------------------------------------------------------------------------------------------------------------

[2017-05-11 15:41:08 #1 store] 
Database 'G:\Informatika\4 curso\Ingenieria del software\RuralHouses\resources\ruralHouses.odb' is opened by 11816@ASIER

[2017-05-11 15:41:08 #2 type] 
Type domain.RuralHouse is not enhanced.

[2017-05-11 15:41:08 #3 type] 
Type domain.Offer is not enhanced.

[2017-05-11 15:41:08 #4 type] 
Type domain.Users is not enhanced.

[2017-05-11 15:41:08 #5 type] 
Type domain.Client is not enhanced.

[2017-05-11 15:41:08 #6 type] 
Type domain.Owner is not enhanced.

[2017-05-11 15:41:08 #7 type] 
Type domain.Valoracion is not enhanced.

------------------------------------------------------------------------------------------------------------------------

[2017-05-11 15:43:25 #1 store] 
Database 'G:\Informatika\4 curso\Ingenieria del software\RuralHouses\resources\ruralHouses.odb' is opened by 1944@ASIER

[2017-05-11 15:43:25 #2 type] 
Type domain.RuralHouse is not enhanced.

[2017-05-11 15:43:25 #3 type] 
Type domain.Offer is not enhanced.

[2017-05-11 15:43:25 #4 type] 
Type domain.Users is not enhanced.

[2017-05-11 15:43:25 #5 type] 
Type domain.Client is not enhanced.

[2017-05-11 15:43:25 #6 type] 
Type domain.Owner is not enhanced.

[2017-05-11 15:43:25 #7 type] 
Type domain.Valoracion is not enhanced.

------------------------------------------------------------------------------------------------------------------------

[2017-05-11 15:51:28 #1 store] 
Database 'G:\Informatika\4 curso\Ingenieria del software\RuralHouses\resources\ruralHouses.odb' is opened by 6108@ASIER

[2017-05-11 15:51:29 #2 type] 
Type domain.RuralHouse is not enhanced.

[2017-05-11 15:51:29 #3 type] 
Type domain.Offer is not enhanced.

[2017-05-11 15:51:29 #4 type] 
Type domain.Users is not enhanced.

[2017-05-11 15:51:29 #5 type] 
Type domain.Client is not enhanced.

[2017-05-11 15:51:29 #6 type] 
Type domain.Owner is not enhanced.

[2017-05-11 15:51:29 #7 type] 
Type domain.Valoracion is not enhanced.

------------------------------------------------------------------------------------------------------------------------

[2017-05-11 15:55:58 #1 store] 
Database 'G:\Informatika\4 curso\Ingenieria del software\RuralHouses\resources\ruralHouses.odb' is opened by 2288@ASIER

[2017-05-11 15:55:58 #2 type] 
Type domain.RuralHouse is not enhanced.

[2017-05-11 15:55:58 #3 type] 
Type domain.Offer is not enhanced.

[2017-05-11 15:55:58 #4 type] 
Type domain.Users is not enhanced.

[2017-05-11 15:55:58 #5 type] 
Type domain.Client is not enhanced.

[2017-05-11 15:55:58 #6 type] 
Type domain.Owner is not enhanced.

[2017-05-11 15:55:58 #7 type] 
Type domain.Valoracion is not enhanced.

------------------------------------------------------------------------------------------------------------------------

[2017-05-11 16:38:08 #1 store] 
Database 'G:\Informatika\4 curso\Ingenieria del software\RuralHouses\resources\ruralHouses.odb' is opened by 8600@ASIER

[2017-05-11 16:38:08 #2 type] 
Type domain.RuralHouse is not enhanced.

[2017-05-11 16:38:08 #3 type] 
Type domain.Offer is not enhanced.

[2017-05-11 16:38:08 #4 type] 
Type domain.Users is not enhanced.

[2017-05-11 16:38:08 #5 type] 
Type domain.Client is not enhanced.

[2017-05-11 16:38:08 #6 type] 
Type domain.Owner is not enhanced.

[2017-05-11 16:38:08 #7 type] 
Type domain.Valoracion is not enhanced.

------------------------------------------------------------------------------------------------------------------------

[2017-05-11 16:39:08 #1 store] 
Database 'G:\Informatika\4 curso\Ingenieria del software\RuralHouses\resources\ruralHouses.odb' is opened by 9128@ASIER

[2017-05-11 16:39:08 #2 type] 
Type domain.RuralHouse is not enhanced.

[2017-05-11 16:39:08 #3 type] 
Type domain.Offer is not enhanced.

[2017-05-11 16:39:08 #4 type] 
Type domain.Users is not enhanced.

[2017-05-11 16:39:08 #5 type] 
Type domain.Client is not enhanced.

[2017-05-11 16:39:08 #6 type] 
Type domain.Owner is not enhanced.

[2017-05-11 16:39:08 #7 type] 
Type domain.Valoracion is not enhanced.

------------------------------------------------------------------------------------------------------------------------

[2017-05-11 16:50:26 #1 store] 
Database 'G:\Informatika\4 curso\Ingenieria del software\RuralHouses\resources\ruralHouses.odb' is opened by 12676@ASIER

[2017-05-11 16:50:26 #2 type] 
Type domain.RuralHouse is not enhanced.

[2017-05-11 16:50:26 #3 type] 
Type domain.Offer is not enhanced.

[2017-05-11 16:50:26 #4 type] 
Type domain.Users is not enhanced.

[2017-05-11 16:50:26 #5 type] 
Type domain.Client is not enhanced.

[2017-05-11 16:50:26 #6 type] 
Type domain.Owner is not enhanced.

[2017-05-11 16:50:26 #7 type] 
Type domain.Valoracion is not enhanced.

------------------------------------------------------------------------------------------------------------------------

[2017-05-11 19:59:48 #1 store] 
Database 'G:\Informatika\4 curso\Ingenieria del software\RuralHouses\resources\ruralHouses.odb' is opened by 7540@ASIER

[2017-05-11 19:59:48 #2 type] 
Type domain.RuralHouse is not enhanced.

[2017-05-11 19:59:48 #3 type] 
Type domain.Offer is not enhanced.

[2017-05-11 19:59:48 #4 type] 
Type domain.Users is not enhanced.

[2017-05-11 19:59:48 #5 type] 
Type domain.Client is not enhanced.

[2017-05-11 19:59:48 #6 type] 
Type domain.Owner is not enhanced.

[2017-05-11 19:59:48 #7 type] 
Type domain.Valoracion is not enhanced.

------------------------------------------------------------------------------------------------------------------------

[2017-05-11 20:11:03 #1 store] 
Database 'G:\Informatika\4 curso\Ingenieria del software\RuralHouses\resources\ruralHouses.odb' has been recovered (tr. 566-568)

[2017-05-11 20:11:03 #2 store] 
Database 'G:\Informatika\4 curso\Ingenieria del software\RuralHouses\resources\ruralHouses.odb' is opened by 7888@ASIER

[2017-05-11 20:11:04 #3 type] 
Type domain.RuralHouse is not enhanced.

[2017-05-11 20:11:04 #4 type] 
Type domain.Offer is not enhanced.

[2017-05-11 20:11:04 #5 type] 
Type domain.Users is not enhanced.

[2017-05-11 20:11:04 #6 type] 
Type domain.Client is not enhanced.

[2017-05-11 20:11:04 #7 type] 
Type domain.Owner is not enhanced.

[2017-05-11 20:11:04 #8 type] 
Type domain.Valoracion is not enhanced.

------------------------------------------------------------------------------------------------------------------------

[2017-05-11 21:20:36 #1 store] 
Database 'G:\Informatika\4 curso\Ingenieria del software\RuralHouses\resources\ruralHouses.odb' is opened by 12228@ASIER

[2017-05-11 21:20:36 #2 type] 
Type domain.RuralHouse is not enhanced.

[2017-05-11 21:20:36 #3 type] 
Type domain.Offer is not enhanced.

[2017-05-11 21:20:36 #4 type.registry] 
New type domain.Reserva

[2017-05-11 21:20:36 #5 type] 
Type domain.Users is not enhanced.

[2017-05-11 21:20:36 #6 type.registry] 
New type java.util.Vector<domain.Reserva>

[2017-05-11 21:20:36 #7 type] 
Type domain.Client is not enhanced.

[2017-05-11 21:20:36 #8 type] 
Type domain.Owner is not enhanced.

[2017-05-11 21:20:36 #9 type] 
Type domain.Valoracion is not enhanced.

[2017-05-11 21:20:36 #10 type] 
Type domain.Reserva is not enhanced.

------------------------------------------------------------------------------------------------------------------------

[2017-05-11 21:24:31 #1 store] 
Database 'G:\Informatika\4 curso\Ingenieria del software\RuralHouses\resources\ruralHouses.odb' is opened by 12848@ASIER

[2017-05-11 21:24:31 #2 type] 
Type domain.RuralHouse is not enhanced.

[2017-05-11 21:24:31 #3 type] 
Type domain.Offer is not enhanced.

[2017-05-11 21:24:31 #4 type] 
Type domain.Users is not enhanced.

[2017-05-11 21:24:31 #5 type] 
Type domain.Client is not enhanced.

[2017-05-11 21:24:31 #6 type] 
Type domain.Owner is not enhanced.

[2017-05-11 21:24:31 #7 type] 
Type domain.Valoracion is not enhanced.

[2017-05-11 21:24:31 #8 type] 
Type domain.Reserva is not enhanced.

------------------------------------------------------------------------------------------------------------------------

[2017-05-11 21:29:47 #1 store] 
Database 'G:\Informatika\4 curso\Ingenieria del software\RuralHouses\resources\ruralHouses.odb' has been recovered (tr. 590-597)

[2017-05-11 21:29:48 #2 store] 
Database 'G:\Informatika\4 curso\Ingenieria del software\RuralHouses\resources\ruralHouses.odb' is opened by 5708@ASIER

[2017-05-11 21:29:48 #3 type] 
Type domain.RuralHouse is not enhanced.

[2017-05-11 21:29:48 #4 type] 
Type domain.Offer is not enhanced.

[2017-05-11 21:29:48 #5 type] 
Type domain.Users is not enhanced.

[2017-05-11 21:29:48 #6 type] 
Type domain.Client is not enhanced.

[2017-05-11 21:29:48 #7 type] 
Type domain.Owner is not enhanced.

[2017-05-11 21:29:48 #8 type] 
Type domain.Valoracion is not enhanced.

[2017-05-11 21:29:48 #9 type] 
Type domain.Reserva is not enhanced.

------------------------------------------------------------------------------------------------------------------------

[2017-05-11 21:31:28 #1 store] 
Database 'G:\Informatika\4 curso\Ingenieria del software\RuralHouses\resources\ruralHouses.odb' is opened by 7492@ASIER

[2017-05-11 21:31:28 #2 type] 
Type domain.RuralHouse is not enhanced.

[2017-05-11 21:31:28 #3 type] 
Type domain.Offer is not enhanced.

[2017-05-11 21:31:28 #4 type] 
Type domain.Users is not enhanced.

[2017-05-11 21:31:28 #5 type] 
Type domain.Client is not enhanced.

[2017-05-11 21:31:28 #6 type] 
Type domain.Owner is not enhanced.

[2017-05-11 21:31:28 #7 type] 
Type domain.Valoracion is not enhanced.

[2017-05-11 21:31:28 #8 type] 
Type domain.Reserva is not enhanced.

------------------------------------------------------------------------------------------------------------------------

[2017-05-11 21:37:58 #1 store] 
Database 'G:\Informatika\4 curso\Ingenieria del software\RuralHouses\resources\ruralHouses.odb' is opened by 8268@ASIER

[2017-05-11 21:37:58 #2 type] 
Type domain.RuralHouse is not enhanced.

[2017-05-11 21:37:58 #3 type] 
Type domain.Offer is not enhanced.

[2017-05-11 21:37:58 #4 type] 
Type domain.Users is not enhanced.

[2017-05-11 21:37:58 #5 type] 
Type domain.Client is not enhanced.

[2017-05-11 21:37:58 #6 type] 
Type domain.Owner is not enhanced.

[2017-05-11 21:37:58 #7 type] 
Type domain.Valoracion is not enhanced.

[2017-05-11 21:37:58 #8 type] 
Type domain.Reserva is not enhanced.

------------------------------------------------------------------------------------------------------------------------

[2017-05-11 21:40:11 #1 store] 
Database 'G:\Informatika\4 curso\Ingenieria del software\RuralHouses\resources\ruralHouses.odb' has been recovered (tr. 603-603)

[2017-05-11 21:40:11 #2 store] 
Database 'G:\Informatika\4 curso\Ingenieria del software\RuralHouses\resources\ruralHouses.odb' is opened by 13828@ASIER

[2017-05-11 21:40:11 #3 type] 
Type domain.RuralHouse is not enhanced.

[2017-05-11 21:40:11 #4 type] 
Type domain.Offer is not enhanced.

[2017-05-11 21:40:11 #5 type] 
Type domain.Users is not enhanced.

[2017-05-11 21:40:11 #6 type] 
Type domain.Client is not enhanced.

[2017-05-11 21:40:11 #7 type] 
Type domain.Owner is not enhanced.

[2017-05-11 21:40:11 #8 type] 
Type domain.Valoracion is not enhanced.

[2017-05-11 21:40:11 #9 type] 
Type domain.Reserva is not enhanced.

------------------------------------------------------------------------------------------------------------------------

[2017-05-11 21:40:45 #1 store] 
Database 'G:\Informatika\4 curso\Ingenieria del software\RuralHouses\resources\ruralHouses.odb' is opened by 5296@ASIER

[2017-05-11 21:40:45 #2 type] 
Type domain.RuralHouse is not enhanced.

[2017-05-11 21:40:45 #3 type] 
Type domain.Offer is not enhanced.

[2017-05-11 21:40:45 #4 type] 
Type domain.Users is not enhanced.

[2017-05-11 21:40:45 #5 type] 
Type domain.Client is not enhanced.

[2017-05-11 21:40:45 #6 type] 
Type domain.Owner is not enhanced.

[2017-05-11 21:40:45 #7 type] 
Type domain.Valoracion is not enhanced.

[2017-05-11 21:40:45 #8 type] 
Type domain.Reserva is not enhanced.

------------------------------------------------------------------------------------------------------------------------

[2017-05-11 21:43:01 #1 store] 
Database 'G:\Informatika\4 curso\Ingenieria del software\RuralHouses\resources\ruralHouses.odb' has been recovered (tr. 604-604)

[2017-05-11 21:43:01 #2 store] 
Database 'G:\Informatika\4 curso\Ingenieria del software\RuralHouses\resources\ruralHouses.odb' is opened by 11460@ASIER

[2017-05-11 21:43:01 #3 type] 
Type domain.RuralHouse is not enhanced.

[2017-05-11 21:43:01 #4 type] 
Type domain.Offer is not enhanced.

[2017-05-11 21:43:01 #5 type] 
Type domain.Users is not enhanced.

[2017-05-11 21:43:01 #6 type] 
Type domain.Client is not enhanced.

[2017-05-11 21:43:01 #7 type] 
Type domain.Owner is not enhanced.

[2017-05-11 21:43:01 #8 type] 
Type domain.Valoracion is not enhanced.

[2017-05-11 21:43:01 #9 type] 
Type domain.Reserva is not enhanced.

------------------------------------------------------------------------------------------------------------------------

[2017-05-11 22:30:27 #1 store] 
Database 'G:\Informatika\4 curso\Ingenieria del software\RuralHouses\resources\ruralHouses.odb' is opened by 9692@ASIER

[2017-05-11 22:30:27 #2 type] 
Type domain.RuralHouse is not enhanced.

[2017-05-11 22:30:27 #3 type] 
Type domain.Offer is not enhanced.

[2017-05-11 22:30:27 #4 type] 
Type domain.Users is not enhanced.

[2017-05-11 22:30:27 #5 type] 
Type domain.Client is not enhanced.

[2017-05-11 22:30:27 #6 type] 
Type domain.Owner is not enhanced.

[2017-05-11 22:30:27 #7 type] 
Type domain.Valoracion is not enhanced.

[2017-05-11 22:30:27 #8 type] 
Type domain.Reserva is not enhanced.

------------------------------------------------------------------------------------------------------------------------

[2017-05-11 22:32:30 #1 store] 
Database 'G:\Informatika\4 curso\Ingenieria del software\RuralHouses\resources\ruralHouses.odb' is opened by 11548@ASIER

[2017-05-11 22:32:31 #2 type] 
Type domain.RuralHouse is not enhanced.

[2017-05-11 22:32:31 #3 type] 
Type domain.Offer is not enhanced.

[2017-05-11 22:32:31 #4 type] 
Type domain.Users is not enhanced.

[2017-05-11 22:32:31 #5 type] 
Type domain.Client is not enhanced.

[2017-05-11 22:32:31 #6 type] 
Type domain.Owner is not enhanced.

[2017-05-11 22:32:31 #7 type] 
Type domain.Valoracion is not enhanced.

[2017-05-11 22:32:31 #8 type] 
Type domain.Reserva is not enhanced.

------------------------------------------------------------------------------------------------------------------------

[2017-05-11 22:35:19 #1 store] 
Database 'G:\Informatika\4 curso\Ingenieria del software\RuralHouses\resources\ruralHouses.odb' is opened by 9824@ASIER

[2017-05-11 22:35:19 #2 type] 
Type domain.RuralHouse is not enhanced.

[2017-05-11 22:35:19 #3 type] 
Type domain.Offer is not enhanced.

[2017-05-11 22:35:19 #4 type] 
Type domain.Users is not enhanced.

[2017-05-11 22:35:19 #5 type] 
Type domain.Client is not enhanced.

[2017-05-11 22:35:19 #6 type] 
Type domain.Owner is not enhanced.

[2017-05-11 22:35:19 #7 type] 
Type domain.Valoracion is not enhanced.

[2017-05-11 22:35:19 #8 type] 
Type domain.Reserva is not enhanced.

------------------------------------------------------------------------------------------------------------------------

[2017-05-11 22:47:14 #1 store] 
Database 'G:\Informatika\4 curso\Ingenieria del software\RuralHouses\resources\ruralHouses.odb' is opened by 7444@ASIER

[2017-05-11 22:47:14 #2 type] 
Type domain.RuralHouse is not enhanced.

[2017-05-11 22:47:14 #3 type] 
Type domain.Offer is not enhanced.

[2017-05-11 22:47:15 #4 type] 
Type domain.Users is not enhanced.

[2017-05-11 22:47:15 #5 type] 
Type domain.Client is not enhanced.

[2017-05-11 22:47:15 #6 type] 
Type domain.Owner is not enhanced.

[2017-05-11 22:47:15 #7 type] 
Type domain.Valoracion is not enhanced.

[2017-05-11 22:47:15 #8 type] 
Type domain.Reserva is not enhanced.

------------------------------------------------------------------------------------------------------------------------

[2017-05-11 22:47:59 #1 store] 
Database 'G:\Informatika\4 curso\Ingenieria del software\RuralHouses\resources\ruralHouses.odb' is opened by 13728@ASIER

[2017-05-11 22:48:00 #2 type] 
Type domain.RuralHouse is not enhanced.

[2017-05-11 22:48:00 #3 type] 
Type domain.Offer is not enhanced.

[2017-05-11 22:48:00 #4 type] 
Type domain.Users is not enhanced.

[2017-05-11 22:48:00 #5 type] 
Type domain.Client is not enhanced.

[2017-05-11 22:48:00 #6 type] 
Type domain.Owner is not enhanced.

[2017-05-11 22:48:00 #7 type] 
Type domain.Valoracion is not enhanced.

[2017-05-11 22:48:00 #8 type] 
Type domain.Reserva is not enhanced.

------------------------------------------------------------------------------------------------------------------------

[2017-05-11 22:54:23 #1 store] 
Database 'G:\Informatika\4 curso\Ingenieria del software\RuralHouses\resources\ruralHouses.odb' is opened by 5856@ASIER

[2017-05-11 22:54:23 #2 type] 
Type domain.RuralHouse is not enhanced.

[2017-05-11 22:54:23 #3 type] 
Type domain.Offer is not enhanced.

[2017-05-11 22:54:23 #4 type] 
Type domain.Users is not enhanced.

[2017-05-11 22:54:23 #5 type] 
Type domain.Client is not enhanced.

[2017-05-11 22:54:23 #6 type] 
Type domain.Owner is not enhanced.

[2017-05-11 22:54:23 #7 type] 
Type domain.Valoracion is not enhanced.

[2017-05-11 22:54:23 #8 type] 
Type domain.Reserva is not enhanced.

------------------------------------------------------------------------------------------------------------------------

[2017-05-11 22:55:42 #1 store] 
Database 'G:\Informatika\4 curso\Ingenieria del software\RuralHouses\resources\ruralHouses.odb' is opened by 13692@ASIER

[2017-05-11 22:55:42 #2 type] 
Type domain.RuralHouse is not enhanced.

[2017-05-11 22:55:42 #3 type] 
Type domain.Offer is not enhanced.

[2017-05-11 22:55:42 #4 type] 
Type domain.Users is not enhanced.

[2017-05-11 22:55:42 #5 type] 
Type domain.Client is not enhanced.

[2017-05-11 22:55:42 #6 type] 
Type domain.Owner is not enhanced.

[2017-05-11 22:55:42 #7 type] 
Type domain.Valoracion is not enhanced.

[2017-05-11 22:55:42 #8 type] 
Type domain.Reserva is not enhanced.

