------------------------------------------------------------------------------------------------------------------------

[2017-05-13 12:37:38 #1 store] 
Database 'G:\Informatika\4 curso\Ingenieria del software\RuralHouses\resources\ruralHouses.odb' is opened by 14996@ASIER

[2017-05-13 12:37:39 #2 type] 
Type domain.RuralHouse is not enhanced.

[2017-05-13 12:37:39 #3 type] 
Type domain.Offer is not enhanced.

[2017-05-13 12:37:39 #4 type] 
Type domain.Users is not enhanced.

[2017-05-13 12:37:39 #5 type] 
Type domain.Client is not enhanced.

[2017-05-13 12:37:39 #6 type] 
Type domain.Owner is not enhanced.

[2017-05-13 12:37:39 #7 type] 
Type domain.Valoracion is not enhanced.

[2017-05-13 12:37:39 #8 type] 
Type domain.Reserva is not enhanced.

------------------------------------------------------------------------------------------------------------------------

[2017-05-13 12:41:54 #1 store] 
Database 'G:\Informatika\4 curso\Ingenieria del software\RuralHouses\resources\ruralHouses.odb' is opened by 14748@ASIER

[2017-05-13 12:41:54 #2 type] 
Type domain.RuralHouse is not enhanced.

[2017-05-13 12:41:54 #3 type] 
Type domain.Offer is not enhanced.

[2017-05-13 12:41:54 #4 type] 
Type domain.Users is not enhanced.

[2017-05-13 12:41:54 #5 type] 
Type domain.Client is not enhanced.

[2017-05-13 12:41:54 #6 type] 
Type domain.Owner is not enhanced.

[2017-05-13 12:41:54 #7 type] 
Type domain.Valoracion is not enhanced.

[2017-05-13 12:41:54 #8 type] 
Type domain.Reserva is not enhanced.

------------------------------------------------------------------------------------------------------------------------

[2017-05-13 12:47:34 #1 store] 
Database 'G:\Informatika\4 curso\Ingenieria del software\RuralHouses\resources\ruralHouses.odb' is opened by 12112@ASIER

[2017-05-13 12:47:35 #2 type] 
Type domain.RuralHouse is not enhanced.

[2017-05-13 12:47:35 #3 type] 
Type domain.Offer is not enhanced.

[2017-05-13 12:47:35 #4 type] 
Type domain.Users is not enhanced.

[2017-05-13 12:47:35 #5 type] 
Type domain.Client is not enhanced.

[2017-05-13 12:47:35 #6 type] 
Type domain.Owner is not enhanced.

[2017-05-13 12:47:35 #7 type] 
Type domain.Valoracion is not enhanced.

[2017-05-13 12:47:35 #8 type] 
Type domain.Reserva is not enhanced.

------------------------------------------------------------------------------------------------------------------------

[2017-05-13 12:51:03 #1 store] 
Database 'G:\Informatika\4 curso\Ingenieria del software\RuralHouses\resources\ruralHouses.odb' has been recovered (tr. 646-650)

[2017-05-13 12:51:03 #2 store] 
Database 'G:\Informatika\4 curso\Ingenieria del software\RuralHouses\resources\ruralHouses.odb' is opened by 13248@ASIER

[2017-05-13 12:51:03 #3 type] 
Type domain.RuralHouse is not enhanced.

[2017-05-13 12:51:03 #4 type] 
Type domain.Offer is not enhanced.

[2017-05-13 12:51:03 #5 type] 
Type domain.Users is not enhanced.

[2017-05-13 12:51:03 #6 type] 
Type domain.Client is not enhanced.

[2017-05-13 12:51:03 #7 type] 
Type domain.Owner is not enhanced.

[2017-05-13 12:51:03 #8 type] 
Type domain.Valoracion is not enhanced.

[2017-05-13 12:51:03 #9 type] 
Type domain.Reserva is not enhanced.

------------------------------------------------------------------------------------------------------------------------

[2017-05-13 12:54:42 #1 store] 
Database 'G:\Informatika\4 curso\Ingenieria del software\RuralHouses\resources\ruralHouses.odb' is opened by 12080@ASIER

[2017-05-13 12:54:42 #2 type] 
Type domain.RuralHouse is not enhanced.

[2017-05-13 12:54:42 #3 type] 
Type domain.Offer is not enhanced.

[2017-05-13 12:54:42 #4 type] 
Type domain.Users is not enhanced.

[2017-05-13 12:54:42 #5 type] 
Type domain.Client is not enhanced.

[2017-05-13 12:54:42 #6 type] 
Type domain.Owner is not enhanced.

[2017-05-13 12:54:42 #7 type] 
Type domain.Valoracion is not enhanced.

[2017-05-13 12:54:42 #8 type] 
Type domain.Reserva is not enhanced.

------------------------------------------------------------------------------------------------------------------------

[2017-05-13 13:00:48 #1 store] 
Database 'G:\Informatika\4 curso\Ingenieria del software\RuralHouses\resources\ruralHouses.odb' has been recovered (tr. 653-655)

[2017-05-13 13:00:48 #2 store] 
Database 'G:\Informatika\4 curso\Ingenieria del software\RuralHouses\resources\ruralHouses.odb' is opened by 6372@ASIER

[2017-05-13 13:00:48 #3 type] 
Type domain.RuralHouse is not enhanced.

[2017-05-13 13:00:48 #4 type] 
Type domain.Offer is not enhanced.

[2017-05-13 13:00:48 #5 type] 
Type domain.Users is not enhanced.

[2017-05-13 13:00:48 #6 type] 
Type domain.Client is not enhanced.

[2017-05-13 13:00:48 #7 type] 
Type domain.Owner is not enhanced.

[2017-05-13 13:00:48 #8 type] 
Type domain.Valoracion is not enhanced.

[2017-05-13 13:00:48 #9 type] 
Type domain.Reserva is not enhanced.

------------------------------------------------------------------------------------------------------------------------

[2017-05-13 13:03:23 #1 store] 
Database 'G:\Informatika\4 curso\Ingenieria del software\RuralHouses\resources\ruralHouses.odb' has been recovered (tr. 656-656)

[2017-05-13 13:03:23 #2 store] 
Database 'G:\Informatika\4 curso\Ingenieria del software\RuralHouses\resources\ruralHouses.odb' is opened by 9820@ASIER

[2017-05-13 13:03:23 #3 type] 
Type domain.RuralHouse is not enhanced.

[2017-05-13 13:03:23 #4 type] 
Type domain.Offer is not enhanced.

[2017-05-13 13:03:23 #5 type] 
Type domain.Users is not enhanced.

[2017-05-13 13:03:23 #6 type] 
Type domain.Client is not enhanced.

[2017-05-13 13:03:23 #7 type] 
Type domain.Owner is not enhanced.

[2017-05-13 13:03:23 #8 type] 
Type domain.Valoracion is not enhanced.

[2017-05-13 13:03:23 #9 type] 
Type domain.Reserva is not enhanced.

------------------------------------------------------------------------------------------------------------------------

[2017-05-13 13:05:23 #1 store] 
Database 'G:\Informatika\4 curso\Ingenieria del software\RuralHouses\resources\ruralHouses.odb' has been recovered (tr. 657-657)

[2017-05-13 13:05:23 #2 store] 
Database 'G:\Informatika\4 curso\Ingenieria del software\RuralHouses\resources\ruralHouses.odb' is opened by 2904@ASIER

[2017-05-13 13:05:23 #3 type] 
Type domain.RuralHouse is not enhanced.

[2017-05-13 13:05:23 #4 type] 
Type domain.Offer is not enhanced.

[2017-05-13 13:05:23 #5 type] 
Type domain.Users is not enhanced.

[2017-05-13 13:05:23 #6 type] 
Type domain.Client is not enhanced.

[2017-05-13 13:05:23 #7 type] 
Type domain.Owner is not enhanced.

[2017-05-13 13:05:23 #8 type] 
Type domain.Valoracion is not enhanced.

[2017-05-13 13:05:23 #9 type] 
Type domain.Reserva is not enhanced.

------------------------------------------------------------------------------------------------------------------------

[2017-05-13 13:56:28 #1 store] 
Database 'G:\Informatika\4 curso\Ingenieria del software\RuralHouses\resources\ruralHouses.odb' has been recovered (tr. 658-658)

[2017-05-13 13:56:28 #2 store] 
Database 'G:\Informatika\4 curso\Ingenieria del software\RuralHouses\resources\ruralHouses.odb' is opened by 14428@ASIER

[2017-05-13 13:56:28 #3 type] 
Type domain.RuralHouse is not enhanced.

[2017-05-13 13:56:28 #4 type] 
Type domain.Offer is not enhanced.

[2017-05-13 13:56:28 #5 type] 
Type domain.Users is not enhanced.

[2017-05-13 13:56:28 #6 type] 
Type domain.Client is not enhanced.

[2017-05-13 13:56:28 #7 type] 
Type domain.Owner is not enhanced.

[2017-05-13 13:56:28 #8 type] 
Type domain.Valoracion is not enhanced.

[2017-05-13 13:56:28 #9 type] 
Type domain.Reserva is not enhanced.

------------------------------------------------------------------------------------------------------------------------

[2017-05-13 14:11:51 #1 store] 
Database 'G:\Informatika\4 curso\Ingenieria del software\RuralHouses\resources\ruralHouses.odb' is opened by 13584@ASIER

[2017-05-13 14:11:52 #2 type] 
Type domain.RuralHouse is not enhanced.

[2017-05-13 14:11:52 #3 type] 
Type domain.Offer is not enhanced.

[2017-05-13 14:11:52 #4 type] 
Type domain.Users is not enhanced.

[2017-05-13 14:11:52 #5 type] 
Type domain.Client is not enhanced.

[2017-05-13 14:11:52 #6 type] 
Type domain.Owner is not enhanced.

[2017-05-13 14:11:52 #7 type] 
Type domain.Valoracion is not enhanced.

[2017-05-13 14:11:52 #8 type] 
Type domain.Reserva is not enhanced.

------------------------------------------------------------------------------------------------------------------------

[2017-05-13 14:56:54 #1 store] 
Database 'G:\Informatika\4 curso\Ingenieria del software\RuralHouses\resources\ruralHouses.odb' has been recovered (tr. 659-659)

[2017-05-13 14:56:54 #2 store] 
Database 'G:\Informatika\4 curso\Ingenieria del software\RuralHouses\resources\ruralHouses.odb' is opened by 6308@ASIER

[2017-05-13 14:56:54 #3 type] 
Type domain.RuralHouse is not enhanced.

[2017-05-13 14:56:54 #4 type] 
Type domain.Offer is not enhanced.

[2017-05-13 14:56:54 #5 type] 
Type domain.Users is not enhanced.

[2017-05-13 14:56:54 #6 type] 
Type domain.Client is not enhanced.

[2017-05-13 14:56:54 #7 type] 
Type domain.Owner is not enhanced.

[2017-05-13 14:56:54 #8 type] 
Type domain.Valoracion is not enhanced.

[2017-05-13 14:56:54 #9 type] 
Type domain.Reserva is not enhanced.

------------------------------------------------------------------------------------------------------------------------

[2017-05-13 14:57:25 #1 store] 
Database 'G:\Informatika\4 curso\Ingenieria del software\RuralHouses\resources\ruralHouses.odb' is opened by 12876@ASIER

[2017-05-13 14:57:25 #2 type] 
Type domain.RuralHouse is not enhanced.

[2017-05-13 14:57:25 #3 type] 
Type domain.Offer is not enhanced.

[2017-05-13 14:57:25 #4 type] 
Type domain.Users is not enhanced.

[2017-05-13 14:57:25 #5 type] 
Type domain.Client is not enhanced.

[2017-05-13 14:57:25 #6 type] 
Type domain.Owner is not enhanced.

[2017-05-13 14:57:25 #7 type] 
Type domain.Valoracion is not enhanced.

[2017-05-13 14:57:25 #8 type] 
Type domain.Reserva is not enhanced.

------------------------------------------------------------------------------------------------------------------------

[2017-05-13 14:58:25 #1 store] 
Database 'G:\Informatika\4 curso\Ingenieria del software\RuralHouses\resources\ruralHouses.odb' is opened by 7776@ASIER

[2017-05-13 14:58:25 #2 type] 
Type domain.RuralHouse is not enhanced.

[2017-05-13 14:58:25 #3 type] 
Type domain.Offer is not enhanced.

[2017-05-13 14:58:25 #4 type] 
Type domain.Users is not enhanced.

[2017-05-13 14:58:25 #5 type] 
Type domain.Client is not enhanced.

[2017-05-13 14:58:25 #6 type] 
Type domain.Owner is not enhanced.

[2017-05-13 14:58:25 #7 type] 
Type domain.Valoracion is not enhanced.

[2017-05-13 14:58:25 #8 type] 
Type domain.Reserva is not enhanced.

------------------------------------------------------------------------------------------------------------------------

[2017-05-13 15:02:37 #1 store] 
Database 'G:\Informatika\4 curso\Ingenieria del software\RuralHouses\resources\ruralHouses.odb' is opened by 15196@ASIER

[2017-05-13 15:02:37 #2 type] 
Type domain.RuralHouse is not enhanced.

[2017-05-13 15:02:37 #3 type] 
Type domain.Offer is not enhanced.

[2017-05-13 15:02:37 #4 type] 
Type domain.Users is not enhanced.

[2017-05-13 15:02:37 #5 type] 
Type domain.Client is not enhanced.

[2017-05-13 15:02:37 #6 type] 
Type domain.Owner is not enhanced.

[2017-05-13 15:02:37 #7 type] 
Type domain.Valoracion is not enhanced.

[2017-05-13 15:02:37 #8 type] 
Type domain.Reserva is not enhanced.

------------------------------------------------------------------------------------------------------------------------

[2017-05-13 15:05:49 #1 store] 
Database 'G:\Informatika\4 curso\Ingenieria del software\RuralHouses\resources\ruralHouses.odb' is opened by 12964@ASIER

[2017-05-13 15:05:50 #2 type] 
Type domain.RuralHouse is not enhanced.

[2017-05-13 15:05:50 #3 type] 
Type domain.Offer is not enhanced.

[2017-05-13 15:05:50 #4 type] 
Type domain.Users is not enhanced.

[2017-05-13 15:05:50 #5 type] 
Type domain.Client is not enhanced.

[2017-05-13 15:05:50 #6 type] 
Type domain.Owner is not enhanced.

[2017-05-13 15:05:50 #7 type] 
Type domain.Valoracion is not enhanced.

[2017-05-13 15:05:50 #8 type] 
Type domain.Reserva is not enhanced.

------------------------------------------------------------------------------------------------------------------------

[2017-05-13 15:28:28 #1 store] 
Database 'G:\Informatika\4 curso\Ingenieria del software\RuralHouses\resources\ruralHouses.odb' is opened by 13520@ASIER

[2017-05-13 15:28:28 #2 type] 
Type domain.RuralHouse is not enhanced.

[2017-05-13 15:28:28 #3 type] 
Type domain.Offer is not enhanced.

[2017-05-13 15:28:28 #4 type] 
Type domain.Users is not enhanced.

[2017-05-13 15:28:28 #5 type] 
Type domain.Client is not enhanced.

[2017-05-13 15:28:28 #6 type] 
Type domain.Owner is not enhanced.

[2017-05-13 15:28:28 #7 type] 
Type domain.Valoracion is not enhanced.

[2017-05-13 15:28:28 #8 type] 
Type domain.Reserva is not enhanced.

------------------------------------------------------------------------------------------------------------------------

[2017-05-13 15:29:45 #1 store] 
Database 'G:\Informatika\4 curso\Ingenieria del software\RuralHouses\resources\ruralHouses.odb' is opened by 13216@ASIER

[2017-05-13 15:29:46 #2 type] 
Type domain.RuralHouse is not enhanced.

[2017-05-13 15:29:46 #3 type] 
Type domain.Offer is not enhanced.

[2017-05-13 15:29:46 #4 type] 
Type domain.Users is not enhanced.

[2017-05-13 15:29:46 #5 type] 
Type domain.Client is not enhanced.

[2017-05-13 15:29:46 #6 type] 
Type domain.Owner is not enhanced.

[2017-05-13 15:29:46 #7 type] 
Type domain.Valoracion is not enhanced.

[2017-05-13 15:29:46 #8 type] 
Type domain.Reserva is not enhanced.

------------------------------------------------------------------------------------------------------------------------

[2017-05-13 15:44:19 #1 store] 
Database 'G:\Informatika\4 curso\Ingenieria del software\RuralHouses\resources\ruralHouses.odb' is opened by 1032@ASIER

[2017-05-13 15:44:19 #2 type] 
Type domain.RuralHouse is not enhanced.

[2017-05-13 15:44:19 #3 type] 
Type domain.Offer is not enhanced.

[2017-05-13 15:44:19 #4 type] 
Type domain.Users is not enhanced.

[2017-05-13 15:44:19 #5 type] 
Type domain.Client is not enhanced.

[2017-05-13 15:44:19 #6 type] 
Type domain.Owner is not enhanced.

[2017-05-13 15:44:19 #7 type] 
Type domain.Valoracion is not enhanced.

[2017-05-13 15:44:19 #8 type] 
Type domain.Reserva is not enhanced.

------------------------------------------------------------------------------------------------------------------------

[2017-05-13 15:48:13 #1 store] 
Database 'G:\Informatika\4 curso\Ingenieria del software\RuralHouses\resources\ruralHouses.odb' is opened by 14084@ASIER

[2017-05-13 15:48:14 #2 type] 
Type domain.RuralHouse is not enhanced.

[2017-05-13 15:48:14 #3 type] 
Type domain.Offer is not enhanced.

[2017-05-13 15:48:14 #4 type] 
Type domain.Users is not enhanced.

[2017-05-13 15:48:14 #5 type] 
Type domain.Client is not enhanced.

[2017-05-13 15:48:14 #6 type] 
Type domain.Owner is not enhanced.

[2017-05-13 15:48:14 #7 type] 
Type domain.Valoracion is not enhanced.

[2017-05-13 15:48:14 #8 type] 
Type domain.Reserva is not enhanced.

------------------------------------------------------------------------------------------------------------------------

[2017-05-13 15:55:32 #1 store] 
Database 'G:\Informatika\4 curso\Ingenieria del software\RuralHouses\resources\ruralHouses.odb' is opened by 12912@ASIER

[2017-05-13 15:55:33 #2 type] 
Type domain.RuralHouse is not enhanced.

[2017-05-13 15:55:33 #3 type] 
Type domain.Offer is not enhanced.

[2017-05-13 15:55:33 #4 type] 
Type domain.Users is not enhanced.

[2017-05-13 15:55:33 #5 type] 
Type domain.Client is not enhanced.

[2017-05-13 15:55:33 #6 type] 
Type domain.Owner is not enhanced.

[2017-05-13 15:55:33 #7 type] 
Type domain.Valoracion is not enhanced.

[2017-05-13 15:55:33 #8 type] 
Type domain.Reserva is not enhanced.

------------------------------------------------------------------------------------------------------------------------

[2017-05-13 16:04:36 #1 store] 
Database 'G:\Informatika\4 curso\Ingenieria del software\RuralHouses\resources\ruralHouses.odb' is opened by 15180@ASIER

[2017-05-13 16:04:37 #2 type] 
Type domain.RuralHouse is not enhanced.

[2017-05-13 16:04:37 #3 type] 
Type domain.Offer is not enhanced.

[2017-05-13 16:04:37 #4 type] 
Type domain.Users is not enhanced.

[2017-05-13 16:04:37 #5 type] 
Type domain.Client is not enhanced.

[2017-05-13 16:04:37 #6 type] 
Type domain.Owner is not enhanced.

[2017-05-13 16:04:37 #7 type] 
Type domain.Valoracion is not enhanced.

[2017-05-13 16:04:37 #8 type] 
Type domain.Reserva is not enhanced.

