------------------------------------------------------------------------------------------------------------------------

[2017-05-16 09:39:12 #1 store] 
Database 'G:\Informatika\4 curso\Ingenieria del software\RuralHouses\resources\ruralHouses.odb' has been recovered (tr. 898-902)

[2017-05-16 09:39:12 #2 store] 
Database 'G:\Informatika\4 curso\Ingenieria del software\RuralHouses\resources\ruralHouses.odb' is opened by 13272@ASIER

[2017-05-16 09:39:12 #3 type] 
Type domain.RuralHouse is not enhanced.

[2017-05-16 09:39:12 #4 type] 
Type domain.Offer is not enhanced.

[2017-05-16 09:39:12 #5 type] 
Type domain.Users is not enhanced.

[2017-05-16 09:39:12 #6 type] 
Type domain.Client is not enhanced.

[2017-05-16 09:39:12 #7 type] 
Type domain.Owner is not enhanced.

[2017-05-16 09:39:12 #8 type] 
Type domain.Valoracion is not enhanced.

[2017-05-16 09:39:12 #9 type] 
Type domain.Reserva is not enhanced.

------------------------------------------------------------------------------------------------------------------------

[2017-05-16 09:44:30 #1 store] 
Database 'G:\Informatika\4 curso\Ingenieria del software\RuralHouses\resources\ruralHouses.odb' is opened by 184@ASIER

[2017-05-16 09:44:30 #2 type] 
Type domain.RuralHouse is not enhanced.

[2017-05-16 09:44:30 #3 type] 
Type domain.Offer is not enhanced.

[2017-05-16 09:44:30 #4 type] 
Type domain.Users is not enhanced.

[2017-05-16 09:44:30 #5 type] 
Type domain.Client is not enhanced.

[2017-05-16 09:44:30 #6 type] 
Type domain.Owner is not enhanced.

[2017-05-16 09:44:30 #7 type] 
Type domain.Valoracion is not enhanced.

[2017-05-16 09:44:30 #8 type] 
Type domain.Reserva is not enhanced.

------------------------------------------------------------------------------------------------------------------------

[2017-05-16 09:46:36 #1 store] 
Database 'G:\Informatika\4 curso\Ingenieria del software\RuralHouses\resources\ruralHouses.odb' has been recovered (tr. 935-937)

[2017-05-16 09:46:36 #2 store] 
Database 'G:\Informatika\4 curso\Ingenieria del software\RuralHouses\resources\ruralHouses.odb' is opened by 7164@ASIER

[2017-05-16 09:46:36 #3 type] 
Type domain.RuralHouse is not enhanced.

[2017-05-16 09:46:36 #4 type] 
Type domain.Offer is not enhanced.

[2017-05-16 09:46:36 #5 type] 
Type domain.Users is not enhanced.

[2017-05-16 09:46:36 #6 type] 
Type domain.Client is not enhanced.

[2017-05-16 09:46:36 #7 type] 
Type domain.Owner is not enhanced.

[2017-05-16 09:46:36 #8 type] 
Type domain.Valoracion is not enhanced.

[2017-05-16 09:46:36 #9 type] 
Type domain.Reserva is not enhanced.

------------------------------------------------------------------------------------------------------------------------

[2017-05-16 09:46:54 #1 store] 
Database 'G:\Informatika\4 curso\Ingenieria del software\RuralHouses\resources\ruralHouses.odb' is opened by 692@ASIER

[2017-05-16 09:46:54 #2 type] 
Type domain.RuralHouse is not enhanced.

[2017-05-16 09:46:54 #3 type] 
Type domain.Offer is not enhanced.

[2017-05-16 09:46:54 #4 type] 
Type domain.Users is not enhanced.

[2017-05-16 09:46:54 #5 type] 
Type domain.Client is not enhanced.

[2017-05-16 09:46:54 #6 type] 
Type domain.Owner is not enhanced.

[2017-05-16 09:46:54 #7 type] 
Type domain.Valoracion is not enhanced.

[2017-05-16 09:46:54 #8 type] 
Type domain.Reserva is not enhanced.

------------------------------------------------------------------------------------------------------------------------

[2017-05-16 09:51:30 #1 store] 
Database 'G:\Informatika\4 curso\Ingenieria del software\RuralHouses\resources\ruralHouses.odb' has been recovered (tr. 938-941)

[2017-05-16 09:51:30 #2 store] 
Database 'G:\Informatika\4 curso\Ingenieria del software\RuralHouses\resources\ruralHouses.odb' is opened by 14388@ASIER

[2017-05-16 09:51:30 #3 type] 
Type domain.RuralHouse is not enhanced.

[2017-05-16 09:51:30 #4 type] 
Type domain.Offer is not enhanced.

[2017-05-16 09:51:30 #5 type] 
Type domain.Users is not enhanced.

[2017-05-16 09:51:30 #6 type] 
Type domain.Client is not enhanced.

[2017-05-16 09:51:30 #7 type] 
Type domain.Owner is not enhanced.

[2017-05-16 09:51:30 #8 type] 
Type domain.Valoracion is not enhanced.

[2017-05-16 09:51:30 #9 type] 
Type domain.Reserva is not enhanced.

------------------------------------------------------------------------------------------------------------------------

[2017-05-16 09:54:08 #1 store] 
Database 'G:\Informatika\4 curso\Ingenieria del software\RuralHouses\resources\ruralHouses.odb' is opened by 15008@ASIER

[2017-05-16 09:54:08 #2 type] 
Type domain.RuralHouse is not enhanced.

[2017-05-16 09:54:08 #3 type] 
Type domain.Offer is not enhanced.

[2017-05-16 09:54:08 #4 type] 
Type domain.Users is not enhanced.

[2017-05-16 09:54:08 #5 type] 
Type domain.Client is not enhanced.

[2017-05-16 09:54:08 #6 type] 
Type domain.Owner is not enhanced.

[2017-05-16 09:54:08 #7 type] 
Type domain.Valoracion is not enhanced.

[2017-05-16 09:54:08 #8 type] 
Type domain.Reserva is not enhanced.

------------------------------------------------------------------------------------------------------------------------

[2017-05-16 09:59:00 #1 store] 
Database 'G:\Informatika\4 curso\Ingenieria del software\RuralHouses\resources\ruralHouses.odb' is opened by 14588@ASIER

[2017-05-16 09:59:00 #2 type] 
Type domain.RuralHouse is not enhanced.

[2017-05-16 09:59:00 #3 type] 
Type domain.Offer is not enhanced.

[2017-05-16 09:59:00 #4 type] 
Type domain.Users is not enhanced.

[2017-05-16 09:59:00 #5 type] 
Type domain.Client is not enhanced.

[2017-05-16 09:59:00 #6 type] 
Type domain.Owner is not enhanced.

[2017-05-16 09:59:00 #7 type] 
Type domain.Valoracion is not enhanced.

[2017-05-16 09:59:00 #8 type] 
Type domain.Reserva is not enhanced.

------------------------------------------------------------------------------------------------------------------------

[2017-05-16 10:04:21 #1 store] 
Database 'G:\Informatika\4 curso\Ingenieria del software\RuralHouses\resources\ruralHouses.odb' has been recovered (tr. 952-956)

[2017-05-16 10:04:21 #2 store] 
Database 'G:\Informatika\4 curso\Ingenieria del software\RuralHouses\resources\ruralHouses.odb' is opened by 10628@ASIER

[2017-05-16 10:04:21 #3 type] 
Type domain.RuralHouse is not enhanced.

[2017-05-16 10:04:21 #4 type] 
Type domain.Offer is not enhanced.

[2017-05-16 10:04:21 #5 type] 
Type domain.Users is not enhanced.

[2017-05-16 10:04:21 #6 type] 
Type domain.Client is not enhanced.

[2017-05-16 10:04:21 #7 type] 
Type domain.Owner is not enhanced.

[2017-05-16 10:04:21 #8 type] 
Type domain.Valoracion is not enhanced.

[2017-05-16 10:04:21 #9 type] 
Type domain.Reserva is not enhanced.

------------------------------------------------------------------------------------------------------------------------

[2017-05-16 10:06:01 #1 store] 
Database 'G:\Informatika\4 curso\Ingenieria del software\RuralHouses\resources\ruralHouses.odb' is opened by 9616@ASIER

[2017-05-16 10:06:01 #2 type] 
Type domain.RuralHouse is not enhanced.

[2017-05-16 10:06:01 #3 type] 
Type domain.Offer is not enhanced.

[2017-05-16 10:06:01 #4 type] 
Type domain.Users is not enhanced.

[2017-05-16 10:06:01 #5 type] 
Type domain.Client is not enhanced.

[2017-05-16 10:06:01 #6 type] 
Type domain.Owner is not enhanced.

[2017-05-16 10:06:01 #7 type] 
Type domain.Valoracion is not enhanced.

[2017-05-16 10:06:01 #8 type] 
Type domain.Reserva is not enhanced.

------------------------------------------------------------------------------------------------------------------------

[2017-05-16 10:08:07 #1 store] 
Database 'G:\Informatika\4 curso\Ingenieria del software\RuralHouses\resources\ruralHouses.odb' is opened by 5108@ASIER

[2017-05-16 10:08:07 #2 type] 
Type domain.RuralHouse is not enhanced.

[2017-05-16 10:08:07 #3 type] 
Type domain.Offer is not enhanced.

[2017-05-16 10:08:07 #4 type] 
Type domain.Users is not enhanced.

[2017-05-16 10:08:07 #5 type] 
Type domain.Client is not enhanced.

[2017-05-16 10:08:07 #6 type] 
Type domain.Owner is not enhanced.

[2017-05-16 10:08:07 #7 type] 
Type domain.Valoracion is not enhanced.

[2017-05-16 10:08:07 #8 type] 
Type domain.Reserva is not enhanced.

------------------------------------------------------------------------------------------------------------------------

[2017-05-16 10:16:52 #1 store] 
Database 'G:\Informatika\4 curso\Ingenieria del software\RuralHouses\resources\ruralHouses.odb' is opened by 8044@ASIER

[2017-05-16 10:16:52 #2 type] 
Type domain.RuralHouse is not enhanced.

[2017-05-16 10:16:52 #3 type] 
Type domain.Offer is not enhanced.

[2017-05-16 10:16:52 #4 type] 
Type domain.Users is not enhanced.

[2017-05-16 10:16:52 #5 type] 
Type domain.Client is not enhanced.

[2017-05-16 10:16:52 #6 type] 
Type domain.Owner is not enhanced.

[2017-05-16 10:16:52 #7 type] 
Type domain.Valoracion is not enhanced.

[2017-05-16 10:16:52 #8 type] 
Type domain.Reserva is not enhanced.

------------------------------------------------------------------------------------------------------------------------

[2017-05-16 10:28:27 #1 store] 
Database 'G:\Informatika\4 curso\Ingenieria del software\RuralHouses\resources\ruralHouses.odb' has been recovered (tr. 964-968)

[2017-05-16 10:28:27 #2 store] 
Database 'G:\Informatika\4 curso\Ingenieria del software\RuralHouses\resources\ruralHouses.odb' is opened by 8352@ASIER

[2017-05-16 10:28:28 #3 type] 
Type domain.RuralHouse is not enhanced.

[2017-05-16 10:28:28 #4 type] 
Type domain.Offer is not enhanced.

[2017-05-16 10:28:28 #5 type] 
Type domain.Users is not enhanced.

[2017-05-16 10:28:28 #6 type] 
Type domain.Client is not enhanced.

[2017-05-16 10:28:28 #7 type] 
Type domain.Owner is not enhanced.

[2017-05-16 10:28:28 #8 type] 
Type domain.Valoracion is not enhanced.

[2017-05-16 10:28:28 #9 type] 
Type domain.Reserva is not enhanced.

------------------------------------------------------------------------------------------------------------------------

[2017-05-16 11:16:00 #1 store] 
Database 'G:\Informatika\4 curso\Ingenieria del software\RuralHouses\resources\ruralHouses.odb' has been recovered (tr. 969-975)

[2017-05-16 11:16:01 #2 store] 
Database 'G:\Informatika\4 curso\Ingenieria del software\RuralHouses\resources\ruralHouses.odb' is opened by 4828@ASIER

[2017-05-16 11:16:01 #3 type] 
Type domain.RuralHouse is not enhanced.

[2017-05-16 11:16:01 #4 type] 
Type domain.Offer is not enhanced.

[2017-05-16 11:16:01 #5 type] 
Type domain.Users is not enhanced.

[2017-05-16 11:16:01 #6 type] 
Type domain.Client is not enhanced.

[2017-05-16 11:16:01 #7 type] 
Type domain.Owner is not enhanced.

[2017-05-16 11:16:01 #8 type] 
Type domain.Valoracion is not enhanced.

[2017-05-16 11:16:01 #9 type] 
Type domain.Reserva is not enhanced.

------------------------------------------------------------------------------------------------------------------------

[2017-05-16 11:41:18 #1 store] 
Database 'G:\Informatika\4 curso\Ingenieria del software\RuralHouses\resources\ruralHouses.odb' is opened by 9748@ASIER

[2017-05-16 11:41:18 #2 type] 
Type domain.RuralHouse is not enhanced.

[2017-05-16 11:41:18 #3 type] 
Type domain.Offer is not enhanced.

[2017-05-16 11:41:18 #4 type] 
Type domain.Users is not enhanced.

[2017-05-16 11:41:18 #5 type] 
Type domain.Client is not enhanced.

[2017-05-16 11:41:18 #6 type] 
Type domain.Owner is not enhanced.

[2017-05-16 11:41:18 #7 type] 
Type domain.Valoracion is not enhanced.

[2017-05-16 11:41:18 #8 type] 
Type domain.Reserva is not enhanced.

------------------------------------------------------------------------------------------------------------------------

[2017-05-16 12:26:45 #1 store] 
Database 'G:\Informatika\4 curso\Ingenieria del software\RuralHouses\resources\ruralHouses.odb' has been recovered (tr. 976-984)

[2017-05-16 12:26:45 #2 store] 
Database 'G:\Informatika\4 curso\Ingenieria del software\RuralHouses\resources\ruralHouses.odb' is opened by 11420@ASIER

[2017-05-16 12:26:45 #3 type] 
Type domain.RuralHouse is not enhanced.

[2017-05-16 12:26:45 #4 type] 
Type domain.Offer is not enhanced.

[2017-05-16 12:26:45 #5 type] 
Type domain.Users is not enhanced.

[2017-05-16 12:26:45 #6 type] 
Type domain.Client is not enhanced.

[2017-05-16 12:26:45 #7 type] 
Type domain.Owner is not enhanced.

[2017-05-16 12:26:45 #8 type] 
Type domain.Valoracion is not enhanced.

[2017-05-16 12:26:45 #9 type] 
Type domain.Reserva is not enhanced.

------------------------------------------------------------------------------------------------------------------------

[2017-05-16 13:21:03 #1 store] 
Database 'G:\Informatika\4 curso\Ingenieria del software\RuralHouses\resources\ruralHouses.odb' is opened by 11604@ASIER

[2017-05-16 13:21:04 #2 type] 
Type domain.RuralHouse is not enhanced.

[2017-05-16 13:21:04 #3 type] 
Type domain.Offer is not enhanced.

[2017-05-16 13:21:04 #4 type] 
Type domain.Users is not enhanced.

[2017-05-16 13:21:04 #5 type] 
Type domain.Client is not enhanced.

[2017-05-16 13:21:04 #6 type] 
Type domain.Owner is not enhanced.

[2017-05-16 13:21:04 #7 type] 
Type domain.Valoracion is not enhanced.

[2017-05-16 13:21:04 #8 type] 
Type domain.Reserva is not enhanced.

------------------------------------------------------------------------------------------------------------------------

[2017-05-16 20:48:58 #1 store] 
Database 'G:\Informatika\4 curso\Ingenieria del software\RuralHouses\resources\ruralHouses.odb' has been recovered (tr. 1003-1008)

[2017-05-16 20:48:58 #2 store] 
Database 'G:\Informatika\4 curso\Ingenieria del software\RuralHouses\resources\ruralHouses.odb' is opened by 11980@ASIER

[2017-05-16 20:48:58 #3 type] 
Type domain.RuralHouse is not enhanced.

[2017-05-16 20:48:58 #4 type] 
Type domain.Offer is not enhanced.

[2017-05-16 20:48:58 #5 type] 
Type domain.Users is not enhanced.

[2017-05-16 20:48:58 #6 type] 
Type domain.Client is not enhanced.

[2017-05-16 20:48:58 #7 type] 
Type domain.Owner is not enhanced.

[2017-05-16 20:48:58 #8 type] 
Type domain.Valoracion is not enhanced.

[2017-05-16 20:48:58 #9 type] 
Type domain.Reserva is not enhanced.

