------------------------------------------------------------------------------------------------------------------------

[2017-04-02 15:51:01 #1 store] 
Database 'G:\Informatika\4 curso\Ingenieria del software\RuralHouses\resources\ruralHouses.odb' is opened by 12840@ASIER

[2017-04-02 15:51:01 #2 type] 
Type domain.RuralHouse is not enhanced.

[2017-04-02 15:51:02 #3 type] 
Type domain.Offer is not enhanced.

[2017-04-02 15:51:02 #4 type] 
Type domain.Users is not enhanced.

[2017-04-02 15:51:02 #5 type] 
Type domain.Client is not enhanced.

[2017-04-02 15:51:02 #6 type] 
Type domain.Owner is not enhanced.

------------------------------------------------------------------------------------------------------------------------

[2017-04-02 16:09:03 #1 store] 
Database 'G:\Informatika\4 curso\Ingenieria del software\RuralHouses\resources\ruralHouses.odb' is opened by 12244@ASIER

[2017-04-02 16:09:03 #2 type] 
Type domain.RuralHouse is not enhanced.

[2017-04-02 16:09:03 #3 type] 
Type domain.Offer is not enhanced.

[2017-04-02 16:09:03 #4 type] 
Type domain.Users is not enhanced.

[2017-04-02 16:09:03 #5 type] 
Type domain.Client is not enhanced.

[2017-04-02 16:09:03 #6 type] 
Type domain.Owner is not enhanced.

------------------------------------------------------------------------------------------------------------------------

[2017-04-02 16:09:54 #1 store] 
Database 'G:\Informatika\4 curso\Ingenieria del software\RuralHouses\resources\ruralHouses.odb' is opened by 10060@ASIER

[2017-04-02 16:09:54 #2 type] 
Type domain.RuralHouse is not enhanced.

[2017-04-02 16:09:54 #3 type] 
Type domain.Offer is not enhanced.

[2017-04-02 16:09:54 #4 type] 
Type domain.Users is not enhanced.

[2017-04-02 16:09:54 #5 type] 
Type domain.Client is not enhanced.

[2017-04-02 16:09:54 #6 type] 
Type domain.Owner is not enhanced.

------------------------------------------------------------------------------------------------------------------------

[2017-04-02 16:10:26 #1 store] 
Database 'G:\Informatika\4 curso\Ingenieria del software\RuralHouses\resources\ruralHouses.odb' is opened by 9504@ASIER

[2017-04-02 16:10:26 #2 type] 
Type domain.RuralHouse is not enhanced.

[2017-04-02 16:10:26 #3 type] 
Type domain.Offer is not enhanced.

[2017-04-02 16:10:26 #4 type] 
Type domain.Users is not enhanced.

[2017-04-02 16:10:26 #5 type] 
Type domain.Client is not enhanced.

[2017-04-02 16:10:26 #6 type] 
Type domain.Owner is not enhanced.

------------------------------------------------------------------------------------------------------------------------

[2017-04-02 16:13:35 #1 store] 
Database 'G:\Informatika\4 curso\Ingenieria del software\RuralHouses\resources\ruralHouses.odb' is opened by 5588@ASIER

[2017-04-02 16:13:35 #2 type] 
Type domain.RuralHouse is not enhanced.

[2017-04-02 16:13:35 #3 type] 
Type domain.Offer is not enhanced.

[2017-04-02 16:13:35 #4 type] 
Type domain.Users is not enhanced.

[2017-04-02 16:13:35 #5 type] 
Type domain.Client is not enhanced.

[2017-04-02 16:13:35 #6 type] 
Type domain.Owner is not enhanced.

------------------------------------------------------------------------------------------------------------------------

[2017-04-02 16:15:25 #1 store] 
Database 'G:\Informatika\4 curso\Ingenieria del software\RuralHouses\resources\ruralHouses.odb' is opened by 5904@ASIER

[2017-04-02 16:15:25 #2 type] 
Type domain.RuralHouse is not enhanced.

[2017-04-02 16:15:25 #3 type] 
Type domain.Offer is not enhanced.

[2017-04-02 16:15:25 #4 type] 
Type domain.Users is not enhanced.

[2017-04-02 16:15:25 #5 type] 
Type domain.Client is not enhanced.

[2017-04-02 16:15:25 #6 type] 
Type domain.Owner is not enhanced.

------------------------------------------------------------------------------------------------------------------------

[2017-04-02 16:29:00 #1 store] 
Database 'G:\Informatika\4 curso\Ingenieria del software\RuralHouses\resources\ruralHouses.odb' is opened by 1472@ASIER

[2017-04-02 16:29:00 #2 type] 
Type domain.RuralHouse is not enhanced.

[2017-04-02 16:29:00 #3 type] 
Type domain.Offer is not enhanced.

[2017-04-02 16:29:00 #4 type] 
Type domain.Users is not enhanced.

[2017-04-02 16:29:00 #5 type] 
Type domain.Client is not enhanced.

[2017-04-02 16:29:00 #6 type] 
Type domain.Owner is not enhanced.

------------------------------------------------------------------------------------------------------------------------

[2017-04-02 16:36:55 #1 store] 
Database 'G:\Informatika\4 curso\Ingenieria del software\RuralHouses\resources\ruralHouses.odb' is opened by 3416@ASIER

[2017-04-02 16:36:56 #2 type] 
Type domain.RuralHouse is not enhanced.

[2017-04-02 16:36:56 #3 type] 
Type domain.Offer is not enhanced.

[2017-04-02 16:36:56 #4 type] 
Type domain.Users is not enhanced.

[2017-04-02 16:36:56 #5 type] 
Type domain.Client is not enhanced.

[2017-04-02 16:36:56 #6 type] 
Type domain.Owner is not enhanced.

------------------------------------------------------------------------------------------------------------------------

[2017-04-02 17:01:17 #1 store] 
Database 'G:\Informatika\4 curso\Ingenieria del software\RuralHouses\resources\ruralHouses.odb' is opened by 11360@ASIER

[2017-04-02 17:01:17 #2 type] 
Type domain.RuralHouse is not enhanced.

[2017-04-02 17:01:17 #3 type] 
Type domain.Offer is not enhanced.

[2017-04-02 17:01:17 #4 type] 
Type domain.Users is not enhanced.

[2017-04-02 17:01:17 #5 type] 
Type domain.Client is not enhanced.

[2017-04-02 17:01:17 #6 type] 
Type domain.Owner is not enhanced.

------------------------------------------------------------------------------------------------------------------------

[2017-04-02 17:01:39 #1 store] 
Database 'G:\Informatika\4 curso\Ingenieria del software\RuralHouses\resources\ruralHouses.odb' is opened by 12508@ASIER

[2017-04-02 17:01:39 #2 type] 
Type domain.RuralHouse is not enhanced.

[2017-04-02 17:01:39 #3 type] 
Type domain.Offer is not enhanced.

[2017-04-02 17:01:39 #4 type] 
Type domain.Users is not enhanced.

[2017-04-02 17:01:39 #5 type] 
Type domain.Client is not enhanced.

[2017-04-02 17:01:39 #6 type] 
Type domain.Owner is not enhanced.

------------------------------------------------------------------------------------------------------------------------

[2017-04-02 17:02:35 #1 store] 
Database 'G:\Informatika\4 curso\Ingenieria del software\RuralHouses\resources\ruralHouses.odb' is opened by 8496@ASIER

[2017-04-02 17:02:35 #2 type] 
Type domain.RuralHouse is not enhanced.

[2017-04-02 17:02:35 #3 type] 
Type domain.Offer is not enhanced.

[2017-04-02 17:02:35 #4 type] 
Type domain.Users is not enhanced.

[2017-04-02 17:02:35 #5 type] 
Type domain.Client is not enhanced.

[2017-04-02 17:02:35 #6 type] 
Type domain.Owner is not enhanced.

------------------------------------------------------------------------------------------------------------------------

[2017-04-02 17:06:02 #1 store] 
Database 'G:\Informatika\4 curso\Ingenieria del software\RuralHouses\resources\ruralHouses.odb' is opened by 10104@ASIER

[2017-04-02 17:06:02 #2 type] 
Type domain.RuralHouse is not enhanced.

[2017-04-02 17:06:02 #3 type] 
Type domain.Offer is not enhanced.

[2017-04-02 17:06:02 #4 type] 
Type domain.Users is not enhanced.

[2017-04-02 17:06:02 #5 type] 
Type domain.Client is not enhanced.

[2017-04-02 17:06:02 #6 type] 
Type domain.Owner is not enhanced.

------------------------------------------------------------------------------------------------------------------------

[2017-04-02 17:13:54 #1 store] 
Database 'G:\Informatika\4 curso\Ingenieria del software\RuralHouses\resources\ruralHouses.odb' is opened by 13444@ASIER

[2017-04-02 17:13:55 #2 type] 
Type domain.RuralHouse is not enhanced.

[2017-04-02 17:13:55 #3 type] 
Type domain.Offer is not enhanced.

[2017-04-02 17:13:55 #4 type] 
Type domain.Users is not enhanced.

[2017-04-02 17:13:55 #5 type] 
Type domain.Client is not enhanced.

[2017-04-02 17:13:55 #6 type] 
Type domain.Owner is not enhanced.

------------------------------------------------------------------------------------------------------------------------

[2017-04-02 17:14:52 #1 store] 
Database 'G:\Informatika\4 curso\Ingenieria del software\RuralHouses\resources\ruralHouses.odb' is opened by 8724@ASIER

[2017-04-02 17:14:52 #2 type] 
Type domain.RuralHouse is not enhanced.

[2017-04-02 17:14:52 #3 type] 
Type domain.Offer is not enhanced.

[2017-04-02 17:14:52 #4 type] 
Type domain.Users is not enhanced.

[2017-04-02 17:14:52 #5 type] 
Type domain.Client is not enhanced.

[2017-04-02 17:14:52 #6 type] 
Type domain.Owner is not enhanced.

------------------------------------------------------------------------------------------------------------------------

[2017-04-02 17:15:59 #1 store] 
Database 'G:\Informatika\4 curso\Ingenieria del software\RuralHouses\resources\ruralHouses.odb' is opened by 1808@ASIER

[2017-04-02 17:16:00 #2 type] 
Type domain.RuralHouse is not enhanced.

[2017-04-02 17:16:00 #3 type] 
Type domain.Offer is not enhanced.

[2017-04-02 17:16:00 #4 type] 
Type domain.Users is not enhanced.

[2017-04-02 17:16:00 #5 type] 
Type domain.Client is not enhanced.

[2017-04-02 17:16:00 #6 type] 
Type domain.Owner is not enhanced.

------------------------------------------------------------------------------------------------------------------------

[2017-04-02 17:18:43 #1 store] 
Database 'G:\Informatika\4 curso\Ingenieria del software\RuralHouses\resources\ruralHouses.odb' is opened by 5568@ASIER

[2017-04-02 17:18:43 #2 type] 
Type domain.RuralHouse is not enhanced.

[2017-04-02 17:18:43 #3 type] 
Type domain.Offer is not enhanced.

[2017-04-02 17:18:43 #4 type] 
Type domain.Users is not enhanced.

[2017-04-02 17:18:43 #5 type] 
Type domain.Client is not enhanced.

[2017-04-02 17:18:43 #6 type] 
Type domain.Owner is not enhanced.

------------------------------------------------------------------------------------------------------------------------

[2017-04-02 17:35:35 #1 store] 
Database 'G:\Informatika\4 curso\Ingenieria del software\RuralHouses\resources\ruralHouses.odb' is opened by 3256@ASIER

[2017-04-02 17:35:35 #2 type] 
Type domain.RuralHouse is not enhanced.

[2017-04-02 17:35:35 #3 type] 
Type domain.Offer is not enhanced.

[2017-04-02 17:35:35 #4 type] 
Type domain.Users is not enhanced.

[2017-04-02 17:35:35 #5 type] 
Type domain.Client is not enhanced.

[2017-04-02 17:35:35 #6 type] 
Type domain.Owner is not enhanced.

------------------------------------------------------------------------------------------------------------------------

[2017-04-02 17:39:00 #1 store] 
Database 'G:\Informatika\4 curso\Ingenieria del software\RuralHouses\resources\ruralHouses.odb' is opened by 9280@ASIER

[2017-04-02 17:39:00 #2 type] 
Type domain.RuralHouse is not enhanced.

[2017-04-02 17:39:00 #3 type] 
Type domain.Offer is not enhanced.

[2017-04-02 17:39:00 #4 type] 
Type domain.Users is not enhanced.

[2017-04-02 17:39:00 #5 type] 
Type domain.Client is not enhanced.

[2017-04-02 17:39:00 #6 type] 
Type domain.Owner is not enhanced.

------------------------------------------------------------------------------------------------------------------------

[2017-04-02 17:53:39 #1 store] 
Database 'G:\Informatika\4 curso\Ingenieria del software\RuralHouses\resources\ruralHouses.odb' is opened by 6640@ASIER

[2017-04-02 17:53:40 #2 type] 
Type domain.RuralHouse is not enhanced.

[2017-04-02 17:53:40 #3 type] 
Type domain.Offer is not enhanced.

[2017-04-02 17:53:40 #4 type] 
Type domain.Users is not enhanced.

[2017-04-02 17:53:40 #5 type] 
Type domain.Client is not enhanced.

[2017-04-02 17:53:40 #6 type] 
Type domain.Owner is not enhanced.

------------------------------------------------------------------------------------------------------------------------

[2017-04-02 17:57:27 #1 store] 
Database 'G:\Informatika\4 curso\Ingenieria del software\RuralHouses\resources\ruralHouses.odb' is opened by 9000@ASIER

[2017-04-02 17:57:27 #2 type] 
Type domain.RuralHouse is not enhanced.

[2017-04-02 17:57:27 #3 type] 
Type domain.Offer is not enhanced.

[2017-04-02 17:57:27 #4 type] 
Type domain.Users is not enhanced.

[2017-04-02 17:57:27 #5 type] 
Type domain.Client is not enhanced.

[2017-04-02 17:57:27 #6 type] 
Type domain.Owner is not enhanced.

------------------------------------------------------------------------------------------------------------------------

[2017-04-02 18:01:50 #1 store] 
Database 'G:\Informatika\4 curso\Ingenieria del software\RuralHouses\resources\ruralHouses.odb' is opened by 10792@ASIER

[2017-04-02 18:01:50 #2 type] 
Type domain.RuralHouse is not enhanced.

[2017-04-02 18:01:50 #3 type] 
Type domain.Offer is not enhanced.

[2017-04-02 18:01:50 #4 type] 
Type domain.Users is not enhanced.

[2017-04-02 18:01:50 #5 type] 
Type domain.Client is not enhanced.

[2017-04-02 18:01:50 #6 type] 
Type domain.Owner is not enhanced.

------------------------------------------------------------------------------------------------------------------------

[2017-04-02 18:08:54 #1 store] 
Database 'G:\Informatika\4 curso\Ingenieria del software\RuralHouses\resources\ruralHouses.odb' is opened by 7836@ASIER

[2017-04-02 18:08:54 #2 type] 
Type domain.RuralHouse is not enhanced.

[2017-04-02 18:08:54 #3 type] 
Type domain.Offer is not enhanced.

[2017-04-02 18:08:54 #4 type] 
Type domain.Users is not enhanced.

[2017-04-02 18:08:54 #5 type] 
Type domain.Client is not enhanced.

[2017-04-02 18:08:54 #6 type] 
Type domain.Owner is not enhanced.

------------------------------------------------------------------------------------------------------------------------

[2017-04-02 18:21:27 #1 store] 
Database 'G:\Informatika\4 curso\Ingenieria del software\RuralHouses\resources\ruralHouses.odb' is opened by 3840@ASIER

[2017-04-02 18:21:27 #2 type] 
Type domain.RuralHouse is not enhanced.

[2017-04-02 18:21:27 #3 type] 
Type domain.Offer is not enhanced.

[2017-04-02 18:21:27 #4 type] 
Type domain.Users is not enhanced.

[2017-04-02 18:21:27 #5 type] 
Type domain.Client is not enhanced.

[2017-04-02 18:21:27 #6 type] 
Type domain.Owner is not enhanced.

------------------------------------------------------------------------------------------------------------------------

[2017-04-02 18:49:29 #1 store] 
Database 'G:\Informatika\4 curso\Ingenieria del software\RuralHouses\resources\ruralHouses.odb' is opened by 7332@ASIER

[2017-04-02 18:49:29 #2 type] 
Type domain.RuralHouse is not enhanced.

[2017-04-02 18:49:29 #3 type] 
Type domain.Offer is not enhanced.

[2017-04-02 18:49:29 #4 type] 
Type domain.Users is not enhanced.

[2017-04-02 18:49:29 #5 type] 
Type domain.Client is not enhanced.

[2017-04-02 18:49:29 #6 type] 
Type domain.Owner is not enhanced.

------------------------------------------------------------------------------------------------------------------------

[2017-04-02 18:50:43 #1 store] 
Database 'G:\Informatika\4 curso\Ingenieria del software\RuralHouses\resources\ruralHouses.odb' is opened by 12996@ASIER

[2017-04-02 18:50:43 #2 type] 
Type domain.RuralHouse is not enhanced.

[2017-04-02 18:50:43 #3 type] 
Type domain.Offer is not enhanced.

[2017-04-02 18:50:43 #4 type] 
Type domain.Users is not enhanced.

[2017-04-02 18:50:43 #5 type] 
Type domain.Client is not enhanced.

[2017-04-02 18:50:43 #6 type] 
Type domain.Owner is not enhanced.

------------------------------------------------------------------------------------------------------------------------

[2017-04-02 18:52:11 #1 store] 
Database 'G:\Informatika\4 curso\Ingenieria del software\RuralHouses\resources\ruralHouses.odb' is opened by 9204@ASIER

[2017-04-02 18:52:11 #2 type] 
Type domain.RuralHouse is not enhanced.

[2017-04-02 18:52:11 #3 type] 
Type domain.Offer is not enhanced.

[2017-04-02 18:52:11 #4 type] 
Type domain.Users is not enhanced.

[2017-04-02 18:52:11 #5 type] 
Type domain.Client is not enhanced.

[2017-04-02 18:52:11 #6 type] 
Type domain.Owner is not enhanced.

------------------------------------------------------------------------------------------------------------------------

[2017-04-02 18:56:34 #1 store] 
Database 'G:\Informatika\4 curso\Ingenieria del software\RuralHouses\resources\ruralHouses.odb' has been recovered (tr. 327-329)

[2017-04-02 18:56:34 #2 store] 
Database 'G:\Informatika\4 curso\Ingenieria del software\RuralHouses\resources\ruralHouses.odb' is opened by 1432@ASIER

[2017-04-02 18:56:34 #3 type] 
Type domain.RuralHouse is not enhanced.

[2017-04-02 18:56:34 #4 type] 
Type domain.Offer is not enhanced.

[2017-04-02 18:56:34 #5 type] 
Type domain.Users is not enhanced.

[2017-04-02 18:56:34 #6 type] 
Type domain.Client is not enhanced.

[2017-04-02 18:56:34 #7 type] 
Type domain.Owner is not enhanced.

