------------------------------------------------------------------------------------------------------------------------

[2017-04-03 16:41:25 #1 store] 
Database 'G:\Informatika\4 curso\Ingenieria del software\RuralHouses\resources\ruralHouses.odb' is opened by 12728@ASIER

[2017-04-03 16:41:25 #2 type] 
Type domain.RuralHouse is not enhanced.

[2017-04-03 16:41:25 #3 type] 
Type domain.Offer is not enhanced.

[2017-04-03 16:41:25 #4 type] 
Type domain.Users is not enhanced.

[2017-04-03 16:41:25 #5 type] 
Type domain.Client is not enhanced.

[2017-04-03 16:41:25 #6 type] 
Type domain.Owner is not enhanced.

------------------------------------------------------------------------------------------------------------------------

[2017-04-03 19:14:22 #1 store] 
Database 'G:\Informatika\4 curso\Ingenieria del software\RuralHouses\resources\ruralHouses.odb' has been recovered (tr. 330-330)

[2017-04-03 19:14:22 #2 store] 
Database 'G:\Informatika\4 curso\Ingenieria del software\RuralHouses\resources\ruralHouses.odb' is opened by 6260@ASIER

[2017-04-03 19:14:22 #3 type] 
Type domain.RuralHouse is not enhanced.

[2017-04-03 19:14:22 #4 type] 
Type domain.Offer is not enhanced.

[2017-04-03 19:14:22 #5 type] 
Type domain.Users is not enhanced.

[2017-04-03 19:14:22 #6 type] 
Type domain.Client is not enhanced.

[2017-04-03 19:14:22 #7 type] 
Type domain.Owner is not enhanced.

------------------------------------------------------------------------------------------------------------------------

[2017-04-03 21:16:24 #1 store] 
Database 'G:\Informatika\4 curso\Ingenieria del software\RuralHouses\resources\ruralHouses.odb' is opened by 6008@ASIER

[2017-04-03 21:16:25 #2 type] 
Type domain.RuralHouse is not enhanced.

[2017-04-03 21:16:25 #3 type] 
Type domain.Offer is not enhanced.

[2017-04-03 21:16:25 #4 type] 
Type domain.Users is not enhanced.

[2017-04-03 21:16:25 #5 type] 
Type domain.Client is not enhanced.

[2017-04-03 21:16:25 #6 type] 
Type domain.Owner is not enhanced.

------------------------------------------------------------------------------------------------------------------------

[2017-04-03 21:19:37 #1 store] 
Database 'G:\Informatika\4 curso\Ingenieria del software\RuralHouses\resources\ruralHouses.odb' is opened by 9464@ASIER

[2017-04-03 21:19:37 #2 type] 
Type domain.RuralHouse is not enhanced.

[2017-04-03 21:19:37 #3 type] 
Type domain.Offer is not enhanced.

[2017-04-03 21:19:37 #4 type] 
Type domain.Users is not enhanced.

[2017-04-03 21:19:37 #5 type] 
Type domain.Client is not enhanced.

[2017-04-03 21:19:37 #6 type] 
Type domain.Owner is not enhanced.

------------------------------------------------------------------------------------------------------------------------

[2017-04-03 21:22:19 #1 store] 
Database 'G:\Informatika\4 curso\Ingenieria del software\RuralHouses\resources\ruralHouses.odb' is opened by 7044@ASIER

[2017-04-03 21:22:19 #2 type] 
Type domain.RuralHouse is not enhanced.

[2017-04-03 21:22:19 #3 type] 
Type domain.Offer is not enhanced.

[2017-04-03 21:22:20 #4 type] 
Type domain.Users is not enhanced.

[2017-04-03 21:22:20 #5 type] 
Type domain.Client is not enhanced.

[2017-04-03 21:22:20 #6 type] 
Type domain.Owner is not enhanced.

------------------------------------------------------------------------------------------------------------------------

[2017-04-03 21:24:54 #1 store] 
Database 'G:\Informatika\4 curso\Ingenieria del software\RuralHouses\resources\ruralHouses.odb' is opened by 10568@ASIER

[2017-04-03 21:24:54 #2 type] 
Type domain.RuralHouse is not enhanced.

[2017-04-03 21:24:54 #3 type] 
Type domain.Offer is not enhanced.

[2017-04-03 21:24:54 #4 type] 
Type domain.Users is not enhanced.

[2017-04-03 21:24:54 #5 type] 
Type domain.Client is not enhanced.

[2017-04-03 21:24:54 #6 type] 
Type domain.Owner is not enhanced.

------------------------------------------------------------------------------------------------------------------------

[2017-04-03 21:26:07 #1 store] 
Database 'G:\Informatika\4 curso\Ingenieria del software\RuralHouses\resources\ruralHouses.odb' is opened by 10248@ASIER

[2017-04-03 21:26:07 #2 type] 
Type domain.RuralHouse is not enhanced.

[2017-04-03 21:26:07 #3 type] 
Type domain.Offer is not enhanced.

[2017-04-03 21:26:07 #4 type] 
Type domain.Users is not enhanced.

[2017-04-03 21:26:07 #5 type] 
Type domain.Client is not enhanced.

[2017-04-03 21:26:07 #6 type] 
Type domain.Owner is not enhanced.

------------------------------------------------------------------------------------------------------------------------

[2017-04-03 21:28:02 #1 store] 
Database 'G:\Informatika\4 curso\Ingenieria del software\RuralHouses\resources\ruralHouses.odb' is opened by 7588@ASIER

[2017-04-03 21:28:03 #2 type] 
Type domain.RuralHouse is not enhanced.

[2017-04-03 21:28:03 #3 type] 
Type domain.Offer is not enhanced.

[2017-04-03 21:28:03 #4 type] 
Type domain.Users is not enhanced.

[2017-04-03 21:28:03 #5 type] 
Type domain.Client is not enhanced.

[2017-04-03 21:28:03 #6 type] 
Type domain.Owner is not enhanced.

------------------------------------------------------------------------------------------------------------------------

[2017-04-03 21:32:12 #1 store] 
Database 'G:\Informatika\4 curso\Ingenieria del software\RuralHouses\resources\ruralHouses.odb' is opened by 8996@ASIER

[2017-04-03 21:32:12 #2 type] 
Type domain.RuralHouse is not enhanced.

[2017-04-03 21:32:12 #3 type] 
Type domain.Offer is not enhanced.

[2017-04-03 21:32:12 #4 type] 
Type domain.Users is not enhanced.

[2017-04-03 21:32:12 #5 type] 
Type domain.Client is not enhanced.

[2017-04-03 21:32:12 #6 type] 
Type domain.Owner is not enhanced.

------------------------------------------------------------------------------------------------------------------------

[2017-04-03 21:33:03 #1 store] 
Database 'G:\Informatika\4 curso\Ingenieria del software\RuralHouses\resources\ruralHouses.odb' has been recovered (tr. 331-331)

[2017-04-03 21:33:03 #2 store] 
Database 'G:\Informatika\4 curso\Ingenieria del software\RuralHouses\resources\ruralHouses.odb' is opened by 13752@ASIER

[2017-04-03 21:33:03 #3 type] 
Type domain.RuralHouse is not enhanced.

[2017-04-03 21:33:03 #4 type] 
Type domain.Offer is not enhanced.

[2017-04-03 21:33:03 #5 type] 
Type domain.Users is not enhanced.

[2017-04-03 21:33:03 #6 type] 
Type domain.Client is not enhanced.

[2017-04-03 21:33:03 #7 type] 
Type domain.Owner is not enhanced.

------------------------------------------------------------------------------------------------------------------------

[2017-04-03 21:34:03 #1 store] 
Database 'G:\Informatika\4 curso\Ingenieria del software\RuralHouses\resources\ruralHouses.odb' is opened by 2076@ASIER

[2017-04-03 21:34:03 #2 type] 
Type domain.RuralHouse is not enhanced.

[2017-04-03 21:34:03 #3 type] 
Type domain.Offer is not enhanced.

[2017-04-03 21:34:03 #4 type] 
Type domain.Users is not enhanced.

[2017-04-03 21:34:03 #5 type] 
Type domain.Client is not enhanced.

[2017-04-03 21:34:03 #6 type] 
Type domain.Owner is not enhanced.

------------------------------------------------------------------------------------------------------------------------

[2017-04-03 21:35:39 #1 store] 
Database 'G:\Informatika\4 curso\Ingenieria del software\RuralHouses\resources\ruralHouses.odb' has been recovered (tr. 332-332)

[2017-04-03 21:35:39 #2 store] 
Database 'G:\Informatika\4 curso\Ingenieria del software\RuralHouses\resources\ruralHouses.odb' is opened by 2320@ASIER

[2017-04-03 21:35:39 #3 type] 
Type domain.RuralHouse is not enhanced.

[2017-04-03 21:35:39 #4 type] 
Type domain.Offer is not enhanced.

[2017-04-03 21:35:39 #5 type] 
Type domain.Users is not enhanced.

[2017-04-03 21:35:39 #6 type] 
Type domain.Client is not enhanced.

[2017-04-03 21:35:39 #7 type] 
Type domain.Owner is not enhanced.

------------------------------------------------------------------------------------------------------------------------

[2017-04-03 21:38:01 #1 store] 
Database 'G:\Informatika\4 curso\Ingenieria del software\RuralHouses\resources\ruralHouses.odb' has been recovered (tr. 333-334)

[2017-04-03 21:38:01 #2 store] 
Database 'G:\Informatika\4 curso\Ingenieria del software\RuralHouses\resources\ruralHouses.odb' is opened by 2932@ASIER

[2017-04-03 21:38:01 #3 type] 
Type domain.RuralHouse is not enhanced.

[2017-04-03 21:38:01 #4 type] 
Type domain.Offer is not enhanced.

[2017-04-03 21:38:01 #5 type] 
Type domain.Users is not enhanced.

[2017-04-03 21:38:01 #6 type] 
Type domain.Client is not enhanced.

[2017-04-03 21:38:01 #7 type] 
Type domain.Owner is not enhanced.

------------------------------------------------------------------------------------------------------------------------

[2017-04-03 21:40:53 #1 store] 
Database 'G:\Informatika\4 curso\Ingenieria del software\RuralHouses\resources\ruralHouses.odb' has been recovered (tr. 335-337)

[2017-04-03 21:40:54 #2 store] 
Database 'G:\Informatika\4 curso\Ingenieria del software\RuralHouses\resources\ruralHouses.odb' is opened by 992@ASIER

[2017-04-03 21:40:54 #3 type] 
Type domain.RuralHouse is not enhanced.

[2017-04-03 21:40:54 #4 type] 
Type domain.Offer is not enhanced.

[2017-04-03 21:40:54 #5 type] 
Type domain.Users is not enhanced.

[2017-04-03 21:40:54 #6 type] 
Type domain.Client is not enhanced.

[2017-04-03 21:40:54 #7 type] 
Type domain.Owner is not enhanced.

------------------------------------------------------------------------------------------------------------------------

[2017-04-03 21:44:29 #1 store] 
Database 'G:\Informatika\4 curso\Ingenieria del software\RuralHouses\resources\ruralHouses.odb' is opened by 9884@ASIER

[2017-04-03 21:44:30 #2 type] 
Type domain.RuralHouse is not enhanced.

[2017-04-03 21:44:30 #3 type] 
Type domain.Offer is not enhanced.

[2017-04-03 21:44:30 #4 type] 
Type domain.Users is not enhanced.

[2017-04-03 21:44:30 #5 type] 
Type domain.Client is not enhanced.

[2017-04-03 21:44:30 #6 type] 
Type domain.Owner is not enhanced.

------------------------------------------------------------------------------------------------------------------------

[2017-04-03 21:46:16 #1 store] 
Database 'G:\Informatika\4 curso\Ingenieria del software\RuralHouses\resources\ruralHouses.odb' is opened by 9796@ASIER

[2017-04-03 21:46:16 #2 type] 
Type domain.RuralHouse is not enhanced.

[2017-04-03 21:46:16 #3 type] 
Type domain.Offer is not enhanced.

[2017-04-03 21:46:16 #4 type] 
Type domain.Users is not enhanced.

[2017-04-03 21:46:16 #5 type] 
Type domain.Client is not enhanced.

[2017-04-03 21:46:16 #6 type] 
Type domain.Owner is not enhanced.

------------------------------------------------------------------------------------------------------------------------

[2017-04-03 21:49:40 #1 store] 
Database 'G:\Informatika\4 curso\Ingenieria del software\RuralHouses\resources\ruralHouses.odb' is opened by 14332@ASIER

[2017-04-03 21:49:40 #2 type] 
Type domain.RuralHouse is not enhanced.

[2017-04-03 21:49:40 #3 type] 
Type domain.Offer is not enhanced.

[2017-04-03 21:49:40 #4 type] 
Type domain.Users is not enhanced.

[2017-04-03 21:49:40 #5 type] 
Type domain.Client is not enhanced.

[2017-04-03 21:49:40 #6 type] 
Type domain.Owner is not enhanced.

------------------------------------------------------------------------------------------------------------------------

[2017-04-03 21:57:52 #1 store] 
Database 'G:\Informatika\4 curso\Ingenieria del software\RuralHouses\resources\ruralHouses.odb' has been recovered (tr. 338-338)

[2017-04-03 21:57:52 #2 store] 
Database 'G:\Informatika\4 curso\Ingenieria del software\RuralHouses\resources\ruralHouses.odb' is opened by 12648@ASIER

[2017-04-03 21:57:52 #3 type] 
Type domain.RuralHouse is not enhanced.

[2017-04-03 21:57:52 #4 type] 
Type domain.Offer is not enhanced.

[2017-04-03 21:57:52 #5 type] 
Type domain.Users is not enhanced.

[2017-04-03 21:57:52 #6 type] 
Type domain.Client is not enhanced.

[2017-04-03 21:57:52 #7 type] 
Type domain.Owner is not enhanced.

------------------------------------------------------------------------------------------------------------------------

[2017-04-03 22:39:04 #1 store] 
Database 'G:\Informatika\4 curso\Ingenieria del software\RuralHouses\resources\ruralHouses.odb' is opened by 8028@ASIER

[2017-04-03 22:39:05 #2 type] 
Type domain.RuralHouse is not enhanced.

[2017-04-03 22:39:05 #3 type] 
Type domain.Offer is not enhanced.

[2017-04-03 22:39:05 #4 type] 
Type domain.Users is not enhanced.

[2017-04-03 22:39:05 #5 type] 
Type domain.Client is not enhanced.

[2017-04-03 22:39:05 #6 type] 
Type domain.Owner is not enhanced.

------------------------------------------------------------------------------------------------------------------------

[2017-04-03 23:24:04 #1 store] 
Database 'G:\Informatika\4 curso\Ingenieria del software\RuralHouses\resources\ruralHouses.odb' has been recovered (tr. 339-339)

[2017-04-03 23:24:04 #2 store] 
Database 'G:\Informatika\4 curso\Ingenieria del software\RuralHouses\resources\ruralHouses.odb' is opened by 2532@ASIER

[2017-04-03 23:24:04 #3 type] 
Type domain.RuralHouse is not enhanced.

[2017-04-03 23:24:04 #4 type] 
Type domain.Offer is not enhanced.

[2017-04-03 23:24:04 #5 type] 
Type domain.Users is not enhanced.

[2017-04-03 23:24:04 #6 type] 
Type domain.Client is not enhanced.

[2017-04-03 23:24:04 #7 type] 
Type domain.Owner is not enhanced.

------------------------------------------------------------------------------------------------------------------------

[2017-04-03 23:26:40 #1 store] 
Database 'G:\Informatika\4 curso\Ingenieria del software\RuralHouses\resources\ruralHouses.odb' is opened by 1332@ASIER

[2017-04-03 23:26:40 #2 type] 
Type domain.RuralHouse is not enhanced.

[2017-04-03 23:26:40 #3 type] 
Type domain.Offer is not enhanced.

[2017-04-03 23:26:40 #4 type] 
Type domain.Users is not enhanced.

[2017-04-03 23:26:40 #5 type] 
Type domain.Client is not enhanced.

[2017-04-03 23:26:40 #6 type] 
Type domain.Owner is not enhanced.

------------------------------------------------------------------------------------------------------------------------

[2017-04-03 23:26:47 #1 store] 
Database 'G:\Informatika\4 curso\Ingenieria del software\RuralHouses\resources\ruralHouses.odb' has been recovered (tr. 359-359)

[2017-04-03 23:26:47 #2 store] 
Database 'G:\Informatika\4 curso\Ingenieria del software\RuralHouses\resources\ruralHouses.odb' is opened by 1576@ASIER

[2017-04-03 23:26:47 #3 type] 
Type domain.RuralHouse is not enhanced.

[2017-04-03 23:26:47 #4 type] 
Type domain.Offer is not enhanced.

[2017-04-03 23:26:47 #5 type] 
Type domain.Users is not enhanced.

[2017-04-03 23:26:47 #6 type] 
Type domain.Client is not enhanced.

[2017-04-03 23:26:47 #7 type] 
Type domain.Owner is not enhanced.

------------------------------------------------------------------------------------------------------------------------

[2017-04-03 23:31:29 #1 store] 
Database 'G:\Informatika\4 curso\Ingenieria del software\RuralHouses\resources\ruralHouses.odb' has been recovered (tr. 360-360)

[2017-04-03 23:31:29 #2 store] 
Database 'G:\Informatika\4 curso\Ingenieria del software\RuralHouses\resources\ruralHouses.odb' is opened by 14500@ASIER

[2017-04-03 23:31:29 #3 type] 
Type domain.RuralHouse is not enhanced.

[2017-04-03 23:31:29 #4 type] 
Type domain.Offer is not enhanced.

[2017-04-03 23:31:29 #5 type] 
Type domain.Users is not enhanced.

[2017-04-03 23:31:29 #6 type] 
Type domain.Client is not enhanced.

[2017-04-03 23:31:29 #7 type] 
Type domain.Owner is not enhanced.

