------------------------------------------------------------------------------------------------------------------------

[2017-02-24 20:46:18 #1 store] 
Database 'G:\Informatika\4 curso\Ingenieria del software\RuralHouses\resources\ruralHouses.odb' is opened by 5252@ASIER

[2017-02-24 20:46:18 #2 type] 
Type domain.RuralHouse is not enhanced.

[2017-02-24 20:46:18 #3 type] 
Type domain.Offer is not enhanced.

[2017-02-24 20:46:18 #4 type] 
Type domain.Users is not enhanced.

[2017-02-24 20:46:18 #5 type] 
Type domain.Client is not enhanced.

------------------------------------------------------------------------------------------------------------------------

[2017-02-24 20:48:39 #1 store] 
Database 'G:\Informatika\4 curso\Ingenieria del software\RuralHouses\resources\ruralHouses.odb' has been recovered (tr. 67-67)

[2017-02-24 20:48:39 #2 store] 
Database 'G:\Informatika\4 curso\Ingenieria del software\RuralHouses\resources\ruralHouses.odb' is opened by 7956@ASIER

[2017-02-24 20:48:39 #3 type] 
Type domain.RuralHouse is not enhanced.

[2017-02-24 20:48:39 #4 type] 
Type domain.Offer is not enhanced.

[2017-02-24 20:48:39 #5 type] 
Type domain.Users is not enhanced.

[2017-02-24 20:48:39 #6 type] 
Type domain.Client is not enhanced.

------------------------------------------------------------------------------------------------------------------------

[2017-02-24 20:49:40 #1 store] 
Database 'G:\Informatika\4 curso\Ingenieria del software\RuralHouses\resources\ruralHouses.odb' has been recovered (tr. 68-68)

[2017-02-24 20:49:41 #2 store] 
Database 'G:\Informatika\4 curso\Ingenieria del software\RuralHouses\resources\ruralHouses.odb' is opened by 9520@ASIER

[2017-02-24 20:49:41 #3 type] 
Type domain.RuralHouse is not enhanced.

[2017-02-24 20:49:41 #4 type] 
Type domain.Offer is not enhanced.

[2017-02-24 20:49:41 #5 type] 
Type domain.Users is not enhanced.

[2017-02-24 20:49:41 #6 type] 
Type domain.Client is not enhanced.

------------------------------------------------------------------------------------------------------------------------

[2017-02-24 20:50:09 #1 store] 
Database 'G:\Informatika\4 curso\Ingenieria del software\RuralHouses\resources\ruralHouses.odb' has been recovered (tr. 69-69)

[2017-02-24 20:50:09 #2 store] 
Database 'G:\Informatika\4 curso\Ingenieria del software\RuralHouses\resources\ruralHouses.odb' is opened by 11668@ASIER

[2017-02-24 20:50:10 #3 type] 
Type domain.RuralHouse is not enhanced.

[2017-02-24 20:50:10 #4 type] 
Type domain.Offer is not enhanced.

[2017-02-24 20:50:10 #5 type] 
Type domain.Users is not enhanced.

[2017-02-24 20:50:10 #6 type] 
Type domain.Client is not enhanced.

------------------------------------------------------------------------------------------------------------------------

[2017-02-24 21:21:08 #1 store] 
Database 'G:\Informatika\4 curso\Ingenieria del software\RuralHouses\resources\ruralHouses.odb' has been recovered (tr. 70-70)

[2017-02-24 21:21:08 #2 store] 
Database 'G:\Informatika\4 curso\Ingenieria del software\RuralHouses\resources\ruralHouses.odb' is opened by 9740@ASIER

[2017-02-24 21:21:08 #3 type] 
Type domain.RuralHouse is not enhanced.

[2017-02-24 21:21:08 #4 type] 
Type domain.Offer is not enhanced.

[2017-02-24 21:21:08 #5 type] 
Type domain.Users is not enhanced.

[2017-02-24 21:21:08 #6 type] 
Type domain.Client is not enhanced.

