------------------------------------------------------------------------------------------------------------------------

[2017-03-31 10:09:52 #1 store] 
Database 'G:\Informatika\4 curso\Ingenieria del software\RuralHouses\resources\ruralHouses.odb' has been recovered (tr. 307-311)

[2017-03-31 10:09:52 #2 store] 
Database 'G:\Informatika\4 curso\Ingenieria del software\RuralHouses\resources\ruralHouses.odb' is opened by 6860@ASIER

[2017-03-31 10:09:52 #3 type] 
Type domain.RuralHouse is not enhanced.

[2017-03-31 10:09:52 #4 type] 
Type domain.Offer is not enhanced.

[2017-03-31 10:09:52 #5 type] 
Type domain.Users is not enhanced.

[2017-03-31 10:09:52 #6 type] 
Type domain.Client is not enhanced.

[2017-03-31 10:09:52 #7 type] 
Type domain.Owner is not enhanced.

------------------------------------------------------------------------------------------------------------------------

[2017-03-31 10:49:54 #1 store] 
Database 'G:\Informatika\4 curso\Ingenieria del software\RuralHouses\resources\ruralHouses.odb' is opened by 8552@ASIER

[2017-03-31 10:49:54 #2 type] 
Type domain.RuralHouse is not enhanced.

[2017-03-31 10:49:54 #3 type] 
Type domain.Offer is not enhanced.

[2017-03-31 10:49:54 #4 type] 
Type domain.Users is not enhanced.

[2017-03-31 10:49:54 #5 type] 
Type domain.Client is not enhanced.

[2017-03-31 10:49:54 #6 type] 
Type domain.Owner is not enhanced.

------------------------------------------------------------------------------------------------------------------------

[2017-03-31 14:48:01 #1 store] 
Database 'G:\Informatika\4 curso\Ingenieria del software\RuralHouses\resources\ruralHouses.odb' is opened by 3460@ASIER

[2017-03-31 14:48:01 #2 type] 
Type domain.RuralHouse is not enhanced.

[2017-03-31 14:48:01 #3 type] 
Type domain.Offer is not enhanced.

[2017-03-31 14:48:01 #4 type] 
Type domain.Users is not enhanced.

[2017-03-31 14:48:01 #5 type] 
Type domain.Client is not enhanced.

[2017-03-31 14:48:01 #6 type] 
Type domain.Owner is not enhanced.

------------------------------------------------------------------------------------------------------------------------

[2017-03-31 14:51:46 #1 store] 
Database 'G:\Informatika\4 curso\Ingenieria del software\RuralHouses\resources\ruralHouses.odb' is opened by 2340@ASIER

[2017-03-31 14:51:47 #2 type] 
Type domain.RuralHouse is not enhanced.

[2017-03-31 14:51:47 #3 type] 
Type domain.Offer is not enhanced.

[2017-03-31 14:51:47 #4 type] 
Type domain.Users is not enhanced.

[2017-03-31 14:51:47 #5 type] 
Type domain.Client is not enhanced.

[2017-03-31 14:51:47 #6 type] 
Type domain.Owner is not enhanced.

------------------------------------------------------------------------------------------------------------------------

[2017-03-31 14:55:55 #1 store] 
Database 'G:\Informatika\4 curso\Ingenieria del software\RuralHouses\resources\ruralHouses.odb' is opened by 480@ASIER

[2017-03-31 14:55:55 #2 type] 
Type domain.RuralHouse is not enhanced.

[2017-03-31 14:55:55 #3 type] 
Type domain.Offer is not enhanced.

[2017-03-31 14:55:55 #4 type] 
Type domain.Users is not enhanced.

[2017-03-31 14:55:55 #5 type] 
Type domain.Client is not enhanced.

[2017-03-31 14:55:55 #6 type] 
Type domain.Owner is not enhanced.

[2017-03-31 14:56:11 #7 type.registry] 
New type dataAccess.DataAccess$dbpru

------------------------------------------------------------------------------------------------------------------------

[2017-03-31 14:57:18 #1 store] 
Database 'G:\Informatika\4 curso\Ingenieria del software\RuralHouses\resources\ruralHouses.odb' has been recovered (tr. 312-312)

[2017-03-31 14:57:18 #2 store] 
Database 'G:\Informatika\4 curso\Ingenieria del software\RuralHouses\resources\ruralHouses.odb' is opened by 700@ASIER

[2017-03-31 14:57:18 #3 type] 
Type domain.RuralHouse is not enhanced.

[2017-03-31 14:57:18 #4 type] 
Type domain.Offer is not enhanced.

[2017-03-31 14:57:18 #5 type] 
Type domain.Users is not enhanced.

[2017-03-31 14:57:18 #6 type] 
Type domain.Client is not enhanced.

[2017-03-31 14:57:18 #7 type] 
Type domain.Owner is not enhanced.

