------------------------------------------------------------------------------------------------------------------------

[2017-03-30 10:47:41 #1 store] 
Database 'G:\Informatika\4 curso\Ingenieria del software\RuralHouses\resources\ruralHouses.odb' has been recovered (tr. 245-249)

[2017-03-30 10:47:41 #2 store] 
Database 'G:\Informatika\4 curso\Ingenieria del software\RuralHouses\resources\ruralHouses.odb' is opened by 4512@ASIER

[2017-03-30 10:47:41 #3 type] 
Type domain.RuralHouse is not enhanced.

[2017-03-30 10:47:41 #4 type] 
Type domain.Offer is not enhanced.

[2017-03-30 10:47:41 #5 type] 
Type domain.Users is not enhanced.

[2017-03-30 10:47:41 #6 type] 
Type domain.Client is not enhanced.

[2017-03-30 10:47:41 #7 type] 
Type domain.Owner is not enhanced.

------------------------------------------------------------------------------------------------------------------------

[2017-03-30 11:02:10 #1 store] 
Database 'G:\Informatika\4 curso\Ingenieria del software\RuralHouses\resources\ruralHouses.odb' has been recovered (tr. 250-250)

[2017-03-30 11:02:10 #2 store] 
Database 'G:\Informatika\4 curso\Ingenieria del software\RuralHouses\resources\ruralHouses.odb' is opened by 6348@ASIER

[2017-03-30 11:02:11 #3 type] 
Type domain.RuralHouse is not enhanced.

[2017-03-30 11:02:11 #4 type] 
Type domain.Offer is not enhanced.

[2017-03-30 11:02:11 #5 type] 
Type domain.Users is not enhanced.

[2017-03-30 11:02:11 #6 type] 
Type domain.Client is not enhanced.

[2017-03-30 11:02:11 #7 type] 
Type domain.Owner is not enhanced.

------------------------------------------------------------------------------------------------------------------------

[2017-03-30 11:08:53 #1 store] 
Database 'G:\Informatika\4 curso\Ingenieria del software\RuralHouses\resources\ruralHouses.odb' has been recovered (tr. 251-252)

[2017-03-30 11:08:53 #2 store] 
Database 'G:\Informatika\4 curso\Ingenieria del software\RuralHouses\resources\ruralHouses.odb' is opened by 11480@ASIER

[2017-03-30 11:08:53 #3 type] 
Type domain.RuralHouse is not enhanced.

[2017-03-30 11:08:53 #4 type] 
Type domain.Offer is not enhanced.

[2017-03-30 11:08:53 #5 type] 
Type domain.Users is not enhanced.

[2017-03-30 11:08:53 #6 type] 
Type domain.Client is not enhanced.

[2017-03-30 11:08:53 #7 type] 
Type domain.Owner is not enhanced.

------------------------------------------------------------------------------------------------------------------------

[2017-03-30 11:18:20 #1 store] 
Database 'G:\Informatika\4 curso\Ingenieria del software\RuralHouses\resources\ruralHouses.odb' has been recovered (tr. 253-254)

[2017-03-30 11:18:20 #2 store] 
Database 'G:\Informatika\4 curso\Ingenieria del software\RuralHouses\resources\ruralHouses.odb' is opened by 10752@ASIER

[2017-03-30 11:18:20 #3 type] 
Type domain.RuralHouse is not enhanced.

[2017-03-30 11:18:20 #4 type] 
Type domain.Offer is not enhanced.

[2017-03-30 11:18:20 #5 type] 
Type domain.Users is not enhanced.

[2017-03-30 11:18:20 #6 type] 
Type domain.Client is not enhanced.

[2017-03-30 11:18:20 #7 type] 
Type domain.Owner is not enhanced.

------------------------------------------------------------------------------------------------------------------------

[2017-03-30 14:55:35 #1 store] 
Database 'G:\Informatika\4 curso\Ingenieria del software\RuralHouses\resources\ruralHouses.odb' is opened by 4584@ASIER

[2017-03-30 14:55:35 #2 type] 
Type domain.RuralHouse is not enhanced.

[2017-03-30 14:55:35 #3 type] 
Type domain.Offer is not enhanced.

[2017-03-30 14:55:35 #4 type] 
Type domain.Users is not enhanced.

[2017-03-30 14:55:35 #5 type] 
Type domain.Client is not enhanced.

[2017-03-30 14:55:35 #6 type] 
Type domain.Owner is not enhanced.

------------------------------------------------------------------------------------------------------------------------

[2017-03-30 14:58:06 #1 store] 
Database 'G:\Informatika\4 curso\Ingenieria del software\RuralHouses\resources\ruralHouses.odb' is opened by 6800@ASIER

[2017-03-30 14:58:07 #2 type] 
Type domain.RuralHouse is not enhanced.

[2017-03-30 14:58:07 #3 type] 
Type domain.Offer is not enhanced.

[2017-03-30 14:58:07 #4 type] 
Type domain.Users is not enhanced.

[2017-03-30 14:58:07 #5 type] 
Type domain.Client is not enhanced.

[2017-03-30 14:58:07 #6 type] 
Type domain.Owner is not enhanced.

------------------------------------------------------------------------------------------------------------------------

[2017-03-30 15:02:13 #1 store] 
Database 'G:\Informatika\4 curso\Ingenieria del software\RuralHouses\resources\ruralHouses.odb' has been recovered (tr. 255-258)

[2017-03-30 15:02:13 #2 store] 
Database 'G:\Informatika\4 curso\Ingenieria del software\RuralHouses\resources\ruralHouses.odb' is opened by 7236@ASIER

[2017-03-30 15:02:13 #3 type] 
Type domain.RuralHouse is not enhanced.

[2017-03-30 15:02:13 #4 type] 
Type domain.Offer is not enhanced.

[2017-03-30 15:02:13 #5 type] 
Type domain.Users is not enhanced.

[2017-03-30 15:02:13 #6 type] 
Type domain.Client is not enhanced.

[2017-03-30 15:02:14 #7 type] 
Type domain.Owner is not enhanced.

------------------------------------------------------------------------------------------------------------------------

[2017-03-30 15:30:49 #1 store] 
Database 'G:\Informatika\4 curso\Ingenieria del software\RuralHouses\resources\ruralHouses.odb' is opened by 11204@ASIER

[2017-03-30 15:30:50 #2 type] 
Type domain.RuralHouse is not enhanced.

[2017-03-30 15:30:50 #3 type] 
Type domain.Offer is not enhanced.

[2017-03-30 15:30:50 #4 type] 
Type domain.Users is not enhanced.

[2017-03-30 15:30:50 #5 type] 
Type domain.Client is not enhanced.

[2017-03-30 15:30:50 #6 type] 
Type domain.Owner is not enhanced.

------------------------------------------------------------------------------------------------------------------------

[2017-03-30 15:35:32 #1 store] 
Database 'G:\Informatika\4 curso\Ingenieria del software\RuralHouses\resources\ruralHouses.odb' is opened by 4428@ASIER

[2017-03-30 15:35:32 #2 type] 
Type domain.RuralHouse is not enhanced.

[2017-03-30 15:35:32 #3 type] 
Type domain.Offer is not enhanced.

[2017-03-30 15:35:32 #4 type] 
Type domain.Users is not enhanced.

[2017-03-30 15:35:32 #5 type] 
Type domain.Client is not enhanced.

[2017-03-30 15:35:32 #6 type] 
Type domain.Owner is not enhanced.

------------------------------------------------------------------------------------------------------------------------

[2017-03-30 15:44:55 #1 store] 
Database 'G:\Informatika\4 curso\Ingenieria del software\RuralHouses\resources\ruralHouses.odb' has been recovered (tr. 282-282)

[2017-03-30 15:44:55 #2 store] 
Database 'G:\Informatika\4 curso\Ingenieria del software\RuralHouses\resources\ruralHouses.odb' is opened by 9404@ASIER

[2017-03-30 15:44:55 #3 type] 
Type domain.RuralHouse is not enhanced.

[2017-03-30 15:44:55 #4 type] 
Type domain.Offer is not enhanced.

[2017-03-30 15:44:55 #5 type] 
Type domain.Users is not enhanced.

[2017-03-30 15:44:55 #6 type] 
Type domain.Client is not enhanced.

[2017-03-30 15:44:55 #7 type] 
Type domain.Owner is not enhanced.

------------------------------------------------------------------------------------------------------------------------

[2017-03-30 17:23:34 #1 store] 
Database 'G:\Informatika\4 curso\Ingenieria del software\RuralHouses\resources\ruralHouses.odb' is opened by 2736@ASIER

[2017-03-30 17:23:34 #2 type] 
Type domain.RuralHouse is not enhanced.

[2017-03-30 17:23:34 #3 type] 
Type domain.Offer is not enhanced.

[2017-03-30 17:23:34 #4 type] 
Type domain.Users is not enhanced.

[2017-03-30 17:23:34 #5 type] 
Type domain.Client is not enhanced.

[2017-03-30 17:23:34 #6 type] 
Type domain.Owner is not enhanced.

------------------------------------------------------------------------------------------------------------------------

[2017-03-30 17:38:23 #1 store] 
Database 'G:\Informatika\4 curso\Ingenieria del software\RuralHouses\resources\ruralHouses.odb' has been recovered (tr. 283-283)

[2017-03-30 17:38:24 #2 store] 
Database 'G:\Informatika\4 curso\Ingenieria del software\RuralHouses\resources\ruralHouses.odb' is opened by 4084@ASIER

[2017-03-30 17:38:24 #3 type] 
Type domain.RuralHouse is not enhanced.

[2017-03-30 17:38:24 #4 type] 
Type domain.Offer is not enhanced.

[2017-03-30 17:38:24 #5 type] 
Type domain.Users is not enhanced.

[2017-03-30 17:38:24 #6 type] 
Type domain.Client is not enhanced.

[2017-03-30 17:38:24 #7 type] 
Type domain.Owner is not enhanced.

------------------------------------------------------------------------------------------------------------------------

[2017-03-30 17:39:38 #1 store] 
Database 'G:\Informatika\4 curso\Ingenieria del software\RuralHouses\resources\ruralHouses.odb' has been recovered (tr. 284-285)

[2017-03-30 17:39:38 #2 store] 
Database 'G:\Informatika\4 curso\Ingenieria del software\RuralHouses\resources\ruralHouses.odb' is opened by 11260@ASIER

[2017-03-30 17:39:39 #3 type] 
Type domain.RuralHouse is not enhanced.

[2017-03-30 17:39:39 #4 type] 
Type domain.Offer is not enhanced.

[2017-03-30 17:39:39 #5 type] 
Type domain.Users is not enhanced.

[2017-03-30 17:39:39 #6 type] 
Type domain.Client is not enhanced.

[2017-03-30 17:39:39 #7 type] 
Type domain.Owner is not enhanced.

------------------------------------------------------------------------------------------------------------------------

[2017-03-30 19:16:32 #1 store] 
Database 'G:\Informatika\4 curso\Ingenieria del software\RuralHouses\resources\ruralHouses.odb' has been recovered (tr. 286-287)

[2017-03-30 19:16:32 #2 store] 
Database 'G:\Informatika\4 curso\Ingenieria del software\RuralHouses\resources\ruralHouses.odb' is opened by 6184@ASIER

[2017-03-30 19:16:33 #3 type] 
Type domain.RuralHouse is not enhanced.

[2017-03-30 19:16:33 #4 type] 
Type domain.Offer is not enhanced.

[2017-03-30 19:16:33 #5 type] 
Type domain.Users is not enhanced.

[2017-03-30 19:16:33 #6 type] 
Type domain.Client is not enhanced.

[2017-03-30 19:16:33 #7 type] 
Type domain.Owner is not enhanced.

------------------------------------------------------------------------------------------------------------------------

[2017-03-30 19:20:59 #1 store] 
Database 'G:\Informatika\4 curso\Ingenieria del software\RuralHouses\resources\ruralHouses.odb' is opened by 9984@ASIER

[2017-03-30 19:21:00 #2 type] 
Type domain.RuralHouse is not enhanced.

[2017-03-30 19:21:00 #3 type] 
Type domain.Offer is not enhanced.

[2017-03-30 19:21:00 #4 type] 
Type domain.Users is not enhanced.

[2017-03-30 19:21:00 #5 type] 
Type domain.Client is not enhanced.

[2017-03-30 19:21:00 #6 type] 
Type domain.Owner is not enhanced.

------------------------------------------------------------------------------------------------------------------------

[2017-03-30 19:23:16 #1 store] 
Database 'G:\Informatika\4 curso\Ingenieria del software\RuralHouses\resources\ruralHouses.odb' has been recovered (tr. 288-288)

[2017-03-30 19:23:16 #2 store] 
Database 'G:\Informatika\4 curso\Ingenieria del software\RuralHouses\resources\ruralHouses.odb' is opened by 10720@ASIER

[2017-03-30 19:23:16 #3 type] 
Type domain.RuralHouse is not enhanced.

[2017-03-30 19:23:16 #4 type] 
Type domain.Offer is not enhanced.

[2017-03-30 19:23:16 #5 type] 
Type domain.Users is not enhanced.

[2017-03-30 19:23:16 #6 type] 
Type domain.Client is not enhanced.

[2017-03-30 19:23:16 #7 type] 
Type domain.Owner is not enhanced.

------------------------------------------------------------------------------------------------------------------------

[2017-03-30 20:37:40 #1 store] 
Database 'G:\Informatika\4 curso\Ingenieria del software\RuralHouses\resources\ruralHouses.odb' has been recovered (tr. 289-289)

[2017-03-30 20:37:40 #2 store] 
Database 'G:\Informatika\4 curso\Ingenieria del software\RuralHouses\resources\ruralHouses.odb' is opened by 6620@ASIER

[2017-03-30 20:37:40 #3 type] 
Type domain.RuralHouse is not enhanced.

[2017-03-30 20:37:40 #4 type] 
Type domain.Offer is not enhanced.

[2017-03-30 20:37:40 #5 type] 
Type domain.Users is not enhanced.

[2017-03-30 20:37:40 #6 type] 
Type domain.Client is not enhanced.

[2017-03-30 20:37:40 #7 type] 
Type domain.Owner is not enhanced.

------------------------------------------------------------------------------------------------------------------------

[2017-03-30 20:39:28 #1 store] 
Database 'G:\Informatika\4 curso\Ingenieria del software\RuralHouses\resources\ruralHouses.odb' is opened by 9160@ASIER

[2017-03-30 20:39:28 #2 type] 
Type domain.RuralHouse is not enhanced.

[2017-03-30 20:39:28 #3 type] 
Type domain.Offer is not enhanced.

[2017-03-30 20:39:28 #4 type] 
Type domain.Users is not enhanced.

[2017-03-30 20:39:28 #5 type] 
Type domain.Client is not enhanced.

[2017-03-30 20:39:28 #6 type] 
Type domain.Owner is not enhanced.

------------------------------------------------------------------------------------------------------------------------

[2017-03-30 21:05:50 #1 store] 
Database 'G:\Informatika\4 curso\Ingenieria del software\RuralHouses\resources\ruralHouses.odb' is opened by 6684@ASIER

[2017-03-30 21:05:50 #2 type] 
Type domain.RuralHouse is not enhanced.

[2017-03-30 21:05:50 #3 type] 
Type domain.Offer is not enhanced.

[2017-03-30 21:05:50 #4 type] 
Type domain.Users is not enhanced.

[2017-03-30 21:05:50 #5 type] 
Type domain.Client is not enhanced.

[2017-03-30 21:05:50 #6 type] 
Type domain.Owner is not enhanced.

------------------------------------------------------------------------------------------------------------------------

[2017-03-30 21:11:35 #1 store] 
Database 'G:\Informatika\4 curso\Ingenieria del software\RuralHouses\resources\ruralHouses.odb' is opened by 11420@ASIER

[2017-03-30 21:11:35 #2 type] 
Type domain.RuralHouse is not enhanced.

[2017-03-30 21:11:35 #3 type] 
Type domain.Offer is not enhanced.

[2017-03-30 21:11:35 #4 type] 
Type domain.Users is not enhanced.

[2017-03-30 21:11:35 #5 type] 
Type domain.Client is not enhanced.

[2017-03-30 21:11:35 #6 type] 
Type domain.Owner is not enhanced.

------------------------------------------------------------------------------------------------------------------------

[2017-03-30 21:12:55 #1 store] 
Database 'G:\Informatika\4 curso\Ingenieria del software\RuralHouses\resources\ruralHouses.odb' is opened by 13160@ASIER

[2017-03-30 21:12:55 #2 type] 
Type domain.RuralHouse is not enhanced.

[2017-03-30 21:12:55 #3 type] 
Type domain.Offer is not enhanced.

[2017-03-30 21:12:55 #4 type] 
Type domain.Users is not enhanced.

[2017-03-30 21:12:55 #5 type] 
Type domain.Client is not enhanced.

[2017-03-30 21:12:55 #6 type] 
Type domain.Owner is not enhanced.

------------------------------------------------------------------------------------------------------------------------

[2017-03-30 21:16:14 #1 store] 
Database 'G:\Informatika\4 curso\Ingenieria del software\RuralHouses\resources\ruralHouses.odb' is opened by 4340@ASIER

[2017-03-30 21:16:14 #2 type] 
Type domain.RuralHouse is not enhanced.

[2017-03-30 21:16:14 #3 type] 
Type domain.Offer is not enhanced.

[2017-03-30 21:16:14 #4 type] 
Type domain.Users is not enhanced.

[2017-03-30 21:16:14 #5 type] 
Type domain.Client is not enhanced.

[2017-03-30 21:16:14 #6 type] 
Type domain.Owner is not enhanced.

------------------------------------------------------------------------------------------------------------------------

[2017-03-30 21:18:10 #1 store] 
Database 'G:\Informatika\4 curso\Ingenieria del software\RuralHouses\resources\ruralHouses.odb' is opened by 7500@ASIER

[2017-03-30 21:18:10 #2 type] 
Type domain.RuralHouse is not enhanced.

[2017-03-30 21:18:10 #3 type] 
Type domain.Offer is not enhanced.

[2017-03-30 21:18:10 #4 type] 
Type domain.Users is not enhanced.

[2017-03-30 21:18:10 #5 type] 
Type domain.Client is not enhanced.

[2017-03-30 21:18:10 #6 type] 
Type domain.Owner is not enhanced.

------------------------------------------------------------------------------------------------------------------------

[2017-03-30 21:21:32 #1 store] 
Database 'G:\Informatika\4 curso\Ingenieria del software\RuralHouses\resources\ruralHouses.odb' is opened by 3396@ASIER

[2017-03-30 21:21:32 #2 type] 
Type domain.RuralHouse is not enhanced.

[2017-03-30 21:21:32 #3 type] 
Type domain.Offer is not enhanced.

[2017-03-30 21:21:32 #4 type] 
Type domain.Users is not enhanced.

[2017-03-30 21:21:32 #5 type] 
Type domain.Client is not enhanced.

[2017-03-30 21:21:32 #6 type] 
Type domain.Owner is not enhanced.

------------------------------------------------------------------------------------------------------------------------

[2017-03-30 21:23:10 #1 store] 
Database 'G:\Informatika\4 curso\Ingenieria del software\RuralHouses\resources\ruralHouses.odb' is opened by 13140@ASIER

[2017-03-30 21:23:10 #2 type] 
Type domain.RuralHouse is not enhanced.

[2017-03-30 21:23:10 #3 type] 
Type domain.Offer is not enhanced.

[2017-03-30 21:23:10 #4 type] 
Type domain.Users is not enhanced.

[2017-03-30 21:23:10 #5 type] 
Type domain.Client is not enhanced.

[2017-03-30 21:23:10 #6 type] 
Type domain.Owner is not enhanced.

------------------------------------------------------------------------------------------------------------------------

[2017-03-30 21:25:06 #1 store] 
Database 'G:\Informatika\4 curso\Ingenieria del software\RuralHouses\resources\ruralHouses.odb' is opened by 4388@ASIER

[2017-03-30 21:25:07 #2 type] 
Type domain.RuralHouse is not enhanced.

[2017-03-30 21:25:07 #3 type] 
Type domain.Offer is not enhanced.

[2017-03-30 21:25:07 #4 type] 
Type domain.Users is not enhanced.

[2017-03-30 21:25:07 #5 type] 
Type domain.Client is not enhanced.

[2017-03-30 21:25:07 #6 type] 
Type domain.Owner is not enhanced.

------------------------------------------------------------------------------------------------------------------------

[2017-03-30 21:27:27 #1 store] 
Database 'G:\Informatika\4 curso\Ingenieria del software\RuralHouses\resources\ruralHouses.odb' is opened by 10284@ASIER

[2017-03-30 21:27:28 #2 type] 
Type domain.RuralHouse is not enhanced.

[2017-03-30 21:27:28 #3 type] 
Type domain.Offer is not enhanced.

[2017-03-30 21:27:28 #4 type] 
Type domain.Users is not enhanced.

[2017-03-30 21:27:28 #5 type] 
Type domain.Client is not enhanced.

[2017-03-30 21:27:28 #6 type] 
Type domain.Owner is not enhanced.

------------------------------------------------------------------------------------------------------------------------

[2017-03-30 21:48:44 #1 store] 
Database 'G:\Informatika\4 curso\Ingenieria del software\RuralHouses\resources\ruralHouses.odb' is opened by 8344@ASIER

[2017-03-30 21:48:44 #2 type] 
Type domain.RuralHouse is not enhanced.

[2017-03-30 21:48:44 #3 type] 
Type domain.Offer is not enhanced.

[2017-03-30 21:48:44 #4 type] 
Type domain.Users is not enhanced.

[2017-03-30 21:48:44 #5 type] 
Type domain.Client is not enhanced.

[2017-03-30 21:48:44 #6 type] 
Type domain.Owner is not enhanced.

------------------------------------------------------------------------------------------------------------------------

[2017-03-30 22:02:20 #1 store] 
Database 'G:\Informatika\4 curso\Ingenieria del software\RuralHouses\resources\ruralHouses.odb' is opened by 936@ASIER

[2017-03-30 22:02:20 #2 type] 
Type domain.RuralHouse is not enhanced.

[2017-03-30 22:02:20 #3 type] 
Type domain.Offer is not enhanced.

[2017-03-30 22:02:20 #4 type] 
Type domain.Users is not enhanced.

[2017-03-30 22:02:20 #5 type] 
Type domain.Client is not enhanced.

[2017-03-30 22:02:20 #6 type] 
Type domain.Owner is not enhanced.

------------------------------------------------------------------------------------------------------------------------

[2017-03-30 22:06:55 #1 store] 
Database 'G:\Informatika\4 curso\Ingenieria del software\RuralHouses\resources\ruralHouses.odb' is opened by 2644@ASIER

[2017-03-30 22:06:55 #2 type] 
Type domain.RuralHouse is not enhanced.

[2017-03-30 22:06:55 #3 type] 
Type domain.Offer is not enhanced.

[2017-03-30 22:06:55 #4 type] 
Type domain.Users is not enhanced.

[2017-03-30 22:06:55 #5 type] 
Type domain.Client is not enhanced.

[2017-03-30 22:06:55 #6 type] 
Type domain.Owner is not enhanced.

