------------------------------------------------------------------------------------------------------------------------

[2017-04-12 16:54:49 #1 store] 
Database 'G:\Informatika\4 curso\Ingenieria del software\RuralHouses\resources\ruralHouses.odb' has been recovered (tr. 446-448)

[2017-04-12 16:54:49 #2 store] 
Database 'G:\Informatika\4 curso\Ingenieria del software\RuralHouses\resources\ruralHouses.odb' is opened by 8808@ASIER

[2017-04-12 16:54:50 #3 type] 
Type domain.RuralHouse is not enhanced.

[2017-04-12 16:54:50 #4 type] 
Type domain.Offer is not enhanced.

[2017-04-12 16:54:50 #5 type] 
Type domain.Users is not enhanced.

[2017-04-12 16:54:50 #6 type] 
Type domain.Client is not enhanced.

[2017-04-12 16:54:50 #7 type] 
Type domain.Owner is not enhanced.

------------------------------------------------------------------------------------------------------------------------

[2017-04-12 16:57:23 #1 store] 
Database 'G:\Informatika\4 curso\Ingenieria del software\RuralHouses\resources\ruralHouses.odb' has been recovered (tr. 449-450)

[2017-04-12 16:57:23 #2 store] 
Database 'G:\Informatika\4 curso\Ingenieria del software\RuralHouses\resources\ruralHouses.odb' is opened by 9984@ASIER

[2017-04-12 16:57:23 #3 type] 
Type domain.RuralHouse is not enhanced.

[2017-04-12 16:57:23 #4 type] 
Type domain.Offer is not enhanced.

[2017-04-12 16:57:23 #5 type] 
Type domain.Users is not enhanced.

[2017-04-12 16:57:23 #6 type] 
Type domain.Client is not enhanced.

[2017-04-12 16:57:23 #7 type] 
Type domain.Owner is not enhanced.

------------------------------------------------------------------------------------------------------------------------

[2017-04-12 16:59:19 #1 store] 
Database 'G:\Informatika\4 curso\Ingenieria del software\RuralHouses\resources\ruralHouses.odb' is opened by 6416@ASIER

[2017-04-12 16:59:19 #2 type] 
Type domain.RuralHouse is not enhanced.

[2017-04-12 16:59:19 #3 type] 
Type domain.Offer is not enhanced.

[2017-04-12 16:59:19 #4 type] 
Type domain.Users is not enhanced.

[2017-04-12 16:59:19 #5 type] 
Type domain.Client is not enhanced.

[2017-04-12 16:59:19 #6 type] 
Type domain.Owner is not enhanced.

------------------------------------------------------------------------------------------------------------------------

[2017-04-12 17:01:10 #1 store] 
Database 'G:\Informatika\4 curso\Ingenieria del software\RuralHouses\resources\ruralHouses.odb' is opened by 13140@ASIER

[2017-04-12 17:01:10 #2 type] 
Type domain.RuralHouse is not enhanced.

[2017-04-12 17:01:10 #3 type] 
Type domain.Offer is not enhanced.

[2017-04-12 17:01:10 #4 type] 
Type domain.Users is not enhanced.

[2017-04-12 17:01:10 #5 type] 
Type domain.Client is not enhanced.

[2017-04-12 17:01:10 #6 type] 
Type domain.Owner is not enhanced.

------------------------------------------------------------------------------------------------------------------------

[2017-04-12 17:07:04 #1 store] 
Database 'G:\Informatika\4 curso\Ingenieria del software\RuralHouses\resources\ruralHouses.odb' has been recovered (tr. 451-452)

[2017-04-12 17:07:04 #2 store] 
Database 'G:\Informatika\4 curso\Ingenieria del software\RuralHouses\resources\ruralHouses.odb' is opened by 6420@ASIER

[2017-04-12 17:07:04 #3 type] 
Type domain.RuralHouse is not enhanced.

[2017-04-12 17:07:04 #4 type] 
Type domain.Offer is not enhanced.

[2017-04-12 17:07:04 #5 type] 
Type domain.Users is not enhanced.

[2017-04-12 17:07:04 #6 type] 
Type domain.Client is not enhanced.

[2017-04-12 17:07:04 #7 type] 
Type domain.Owner is not enhanced.

------------------------------------------------------------------------------------------------------------------------

[2017-04-12 17:07:46 #1 store] 
Database 'G:\Informatika\4 curso\Ingenieria del software\RuralHouses\resources\ruralHouses.odb' is opened by 7136@ASIER

[2017-04-12 17:07:46 #2 type] 
Type domain.RuralHouse is not enhanced.

[2017-04-12 17:07:47 #3 type] 
Type domain.Offer is not enhanced.

[2017-04-12 17:07:47 #4 type] 
Type domain.Users is not enhanced.

[2017-04-12 17:07:47 #5 type] 
Type domain.Client is not enhanced.

[2017-04-12 17:07:47 #6 type] 
Type domain.Owner is not enhanced.

------------------------------------------------------------------------------------------------------------------------

[2017-04-12 17:17:06 #1 store] 
Database 'G:\Informatika\4 curso\Ingenieria del software\RuralHouses\resources\ruralHouses.odb' has been recovered (tr. 453-453)

[2017-04-12 17:17:06 #2 store] 
Database 'G:\Informatika\4 curso\Ingenieria del software\RuralHouses\resources\ruralHouses.odb' is opened by 2544@ASIER

[2017-04-12 17:17:07 #3 type] 
Type domain.RuralHouse is not enhanced.

[2017-04-12 17:17:07 #4 type] 
Type domain.Offer is not enhanced.

[2017-04-12 17:17:07 #5 type] 
Type domain.Users is not enhanced.

[2017-04-12 17:17:07 #6 type] 
Type domain.Client is not enhanced.

[2017-04-12 17:17:07 #7 type] 
Type domain.Owner is not enhanced.

------------------------------------------------------------------------------------------------------------------------

[2017-04-12 17:18:08 #1 store] 
Database 'G:\Informatika\4 curso\Ingenieria del software\RuralHouses\resources\ruralHouses.odb' is opened by 4084@ASIER

[2017-04-12 17:18:08 #2 type] 
Type domain.RuralHouse is not enhanced.

[2017-04-12 17:18:08 #3 type] 
Type domain.Offer is not enhanced.

[2017-04-12 17:18:08 #4 type] 
Type domain.Users is not enhanced.

[2017-04-12 17:18:08 #5 type] 
Type domain.Client is not enhanced.

[2017-04-12 17:18:08 #6 type] 
Type domain.Owner is not enhanced.

------------------------------------------------------------------------------------------------------------------------

[2017-04-12 17:19:24 #1 store] 
Database 'G:\Informatika\4 curso\Ingenieria del software\RuralHouses\resources\ruralHouses.odb' is opened by 9088@ASIER

[2017-04-12 17:19:24 #2 type] 
Type domain.RuralHouse is not enhanced.

[2017-04-12 17:19:24 #3 type] 
Type domain.Offer is not enhanced.

[2017-04-12 17:19:24 #4 type] 
Type domain.Users is not enhanced.

[2017-04-12 17:19:24 #5 type] 
Type domain.Client is not enhanced.

[2017-04-12 17:19:24 #6 type] 
Type domain.Owner is not enhanced.

------------------------------------------------------------------------------------------------------------------------

[2017-04-12 17:21:04 #1 store] 
Database 'G:\Informatika\4 curso\Ingenieria del software\RuralHouses\resources\ruralHouses.odb' is opened by 12800@ASIER

[2017-04-12 17:21:04 #2 type] 
Type domain.RuralHouse is not enhanced.

[2017-04-12 17:21:04 #3 type] 
Type domain.Offer is not enhanced.

[2017-04-12 17:21:04 #4 type] 
Type domain.Users is not enhanced.

[2017-04-12 17:21:04 #5 type] 
Type domain.Client is not enhanced.

[2017-04-12 17:21:04 #6 type] 
Type domain.Owner is not enhanced.

------------------------------------------------------------------------------------------------------------------------

[2017-04-12 17:35:45 #1 store] 
Database 'G:\Informatika\4 curso\Ingenieria del software\RuralHouses\resources\ruralHouses.odb' is opened by 8532@ASIER

[2017-04-12 17:35:46 #2 type] 
Type domain.RuralHouse is not enhanced.

[2017-04-12 17:35:46 #3 type] 
Type domain.Offer is not enhanced.

[2017-04-12 17:35:46 #4 type] 
Type domain.Users is not enhanced.

[2017-04-12 17:35:46 #5 type] 
Type domain.Client is not enhanced.

[2017-04-12 17:35:46 #6 type] 
Type domain.Owner is not enhanced.

------------------------------------------------------------------------------------------------------------------------

[2017-04-12 17:36:20 #1 store] 
Database 'G:\Informatika\4 curso\Ingenieria del software\RuralHouses\resources\ruralHouses.odb' has been recovered (tr. 454-454)

[2017-04-12 17:36:20 #2 store] 
Database 'G:\Informatika\4 curso\Ingenieria del software\RuralHouses\resources\ruralHouses.odb' is opened by 6472@ASIER

[2017-04-12 17:36:21 #3 type] 
Type domain.RuralHouse is not enhanced.

[2017-04-12 17:36:21 #4 type] 
Type domain.Offer is not enhanced.

[2017-04-12 17:36:21 #5 type] 
Type domain.Users is not enhanced.

[2017-04-12 17:36:21 #6 type] 
Type domain.Client is not enhanced.

[2017-04-12 17:36:21 #7 type] 
Type domain.Owner is not enhanced.

------------------------------------------------------------------------------------------------------------------------

[2017-04-12 17:55:37 #1 store] 
Database 'G:\Informatika\4 curso\Ingenieria del software\RuralHouses\resources\ruralHouses.odb' is opened by 2908@ASIER

[2017-04-12 17:55:37 #2 type] 
Type domain.RuralHouse is not enhanced.

[2017-04-12 17:55:37 #3 type] 
Type domain.Offer is not enhanced.

[2017-04-12 17:55:37 #4 type] 
Type domain.Users is not enhanced.

[2017-04-12 17:55:37 #5 type] 
Type domain.Client is not enhanced.

[2017-04-12 17:55:37 #6 type] 
Type domain.Owner is not enhanced.

------------------------------------------------------------------------------------------------------------------------

[2017-04-12 18:07:02 #1 store] 
Database 'G:\Informatika\4 curso\Ingenieria del software\RuralHouses\resources\ruralHouses.odb' is opened by 4084@ASIER

[2017-04-12 18:07:03 #2 type] 
Type domain.RuralHouse is not enhanced.

[2017-04-12 18:07:03 #3 type] 
Type domain.Offer is not enhanced.

[2017-04-12 18:07:03 #4 type] 
Type domain.Users is not enhanced.

[2017-04-12 18:07:03 #5 type] 
Type domain.Client is not enhanced.

[2017-04-12 18:07:03 #6 type] 
Type domain.Owner is not enhanced.

------------------------------------------------------------------------------------------------------------------------

[2017-04-12 18:25:33 #1 store] 
Database 'G:\Informatika\4 curso\Ingenieria del software\RuralHouses\resources\ruralHouses.odb' has been recovered (tr. 466-467)

[2017-04-12 18:25:33 #2 store] 
Database 'G:\Informatika\4 curso\Ingenieria del software\RuralHouses\resources\ruralHouses.odb' is opened by 7032@ASIER

[2017-04-12 18:25:33 #3 type] 
Type domain.RuralHouse is not enhanced.

[2017-04-12 18:25:33 #4 type] 
Type domain.Offer is not enhanced.

[2017-04-12 18:25:33 #5 type] 
Type domain.Users is not enhanced.

[2017-04-12 18:25:33 #6 type] 
Type domain.Client is not enhanced.

[2017-04-12 18:25:33 #7 type] 
Type domain.Owner is not enhanced.

------------------------------------------------------------------------------------------------------------------------

[2017-04-12 18:28:08 #1 store] 
Database 'G:\Informatika\4 curso\Ingenieria del software\RuralHouses\resources\ruralHouses.odb' has been recovered (tr. 468-468)

[2017-04-12 18:28:08 #2 store] 
Database 'G:\Informatika\4 curso\Ingenieria del software\RuralHouses\resources\ruralHouses.odb' is opened by 268@ASIER

[2017-04-12 18:28:08 #3 type] 
Type domain.RuralHouse is not enhanced.

[2017-04-12 18:28:08 #4 type] 
Type domain.Offer is not enhanced.

[2017-04-12 18:28:08 #5 type] 
Type domain.Users is not enhanced.

[2017-04-12 18:28:08 #6 type] 
Type domain.Client is not enhanced.

[2017-04-12 18:28:08 #7 type] 
Type domain.Owner is not enhanced.

------------------------------------------------------------------------------------------------------------------------

[2017-04-12 19:04:02 #1 store] 
Database 'G:\Informatika\4 curso\Ingenieria del software\RuralHouses\resources\ruralHouses.odb' is opened by 1448@ASIER

[2017-04-12 19:04:02 #2 type] 
Type domain.RuralHouse is not enhanced.

[2017-04-12 19:04:02 #3 type] 
Type domain.Offer is not enhanced.

[2017-04-12 19:04:02 #4 type] 
Type domain.Users is not enhanced.

[2017-04-12 19:04:02 #5 type] 
Type domain.Client is not enhanced.

[2017-04-12 19:04:02 #6 type] 
Type domain.Owner is not enhanced.

------------------------------------------------------------------------------------------------------------------------

[2017-04-12 19:13:09 #1 store] 
Database 'G:\Informatika\4 curso\Ingenieria del software\RuralHouses\resources\ruralHouses.odb' has been recovered (tr. 473-474)

[2017-04-12 19:13:09 #2 store] 
Database 'G:\Informatika\4 curso\Ingenieria del software\RuralHouses\resources\ruralHouses.odb' is opened by 5784@ASIER

[2017-04-12 19:13:09 #3 type] 
Type domain.RuralHouse is not enhanced.

[2017-04-12 19:13:09 #4 type] 
Type domain.Offer is not enhanced.

[2017-04-12 19:13:09 #5 type] 
Type domain.Users is not enhanced.

[2017-04-12 19:13:09 #6 type] 
Type domain.Client is not enhanced.

[2017-04-12 19:13:09 #7 type] 
Type domain.Owner is not enhanced.

------------------------------------------------------------------------------------------------------------------------

[2017-04-12 19:16:22 #1 store] 
Database 'G:\Informatika\4 curso\Ingenieria del software\RuralHouses\resources\ruralHouses.odb' is opened by 380@ASIER

[2017-04-12 19:16:22 #2 type] 
Type domain.RuralHouse is not enhanced.

[2017-04-12 19:16:22 #3 type] 
Type domain.Offer is not enhanced.

[2017-04-12 19:16:22 #4 type] 
Type domain.Users is not enhanced.

[2017-04-12 19:16:22 #5 type] 
Type domain.Client is not enhanced.

[2017-04-12 19:16:22 #6 type] 
Type domain.Owner is not enhanced.

