------------------------------------------------------------------------------------------------------------------------

[2017-03-01 18:42:02 #1 store] 
Database 'G:\Informatika\4 curso\Ingenieria del software\RuralHouses\resources\ruralHouses.odb' is opened by 18824@ASIER

[2017-03-01 18:42:02 #2 type] 
Type domain.RuralHouse is not enhanced.

[2017-03-01 18:42:02 #3 type] 
Type domain.Offer is not enhanced.

[2017-03-01 18:42:02 #4 type] 
Type domain.Users is not enhanced.

[2017-03-01 18:42:02 #5 type] 
Type domain.Client is not enhanced.

[2017-03-01 18:42:02 #6 type] 
Type domain.Owner is not enhanced.

------------------------------------------------------------------------------------------------------------------------

[2017-03-01 18:43:46 #1 store] 
Database 'G:\Informatika\4 curso\Ingenieria del software\RuralHouses\resources\ruralHouses.odb' is opened by 15576@ASIER

[2017-03-01 18:43:46 #2 type] 
Type domain.RuralHouse is not enhanced.

[2017-03-01 18:43:46 #3 type] 
Type domain.Offer is not enhanced.

[2017-03-01 18:43:46 #4 type] 
Type domain.Users is not enhanced.

[2017-03-01 18:43:46 #5 type] 
Type domain.Client is not enhanced.

[2017-03-01 18:43:46 #6 type] 
Type domain.Owner is not enhanced.

------------------------------------------------------------------------------------------------------------------------

[2017-03-01 18:45:06 #1 store] 
Database 'G:\Informatika\4 curso\Ingenieria del software\RuralHouses\resources\ruralHouses.odb' has been recovered (tr. 181-181)

[2017-03-01 18:45:06 #2 store] 
Database 'G:\Informatika\4 curso\Ingenieria del software\RuralHouses\resources\ruralHouses.odb' is opened by 4200@ASIER

[2017-03-01 18:45:06 #3 type] 
Type domain.RuralHouse is not enhanced.

[2017-03-01 18:45:06 #4 type] 
Type domain.Offer is not enhanced.

[2017-03-01 18:45:06 #5 type] 
Type domain.Users is not enhanced.

[2017-03-01 18:45:06 #6 type] 
Type domain.Client is not enhanced.

[2017-03-01 18:45:06 #7 type] 
Type domain.Owner is not enhanced.

------------------------------------------------------------------------------------------------------------------------

[2017-03-01 19:09:50 #1 store] 
Database 'G:\Informatika\4 curso\Ingenieria del software\RuralHouses\resources\ruralHouses.odb' is opened by 13440@ASIER

[2017-03-01 19:09:50 #2 type] 
Type domain.RuralHouse is not enhanced.

[2017-03-01 19:09:50 #3 type] 
Type domain.Offer is not enhanced.

[2017-03-01 19:09:50 #4 type] 
Type domain.Users is not enhanced.

[2017-03-01 19:09:50 #5 type] 
Type domain.Client is not enhanced.

[2017-03-01 19:09:50 #6 type] 
Type domain.Owner is not enhanced.

------------------------------------------------------------------------------------------------------------------------

[2017-03-01 19:10:34 #1 store] 
Database 'G:\Informatika\4 curso\Ingenieria del software\RuralHouses\resources\ruralHouses.odb' is opened by 11280@ASIER

[2017-03-01 19:10:34 #2 type] 
Type domain.RuralHouse is not enhanced.

[2017-03-01 19:10:34 #3 type] 
Type domain.Offer is not enhanced.

[2017-03-01 19:10:34 #4 type] 
Type domain.Users is not enhanced.

[2017-03-01 19:10:34 #5 type] 
Type domain.Client is not enhanced.

[2017-03-01 19:10:34 #6 type] 
Type domain.Owner is not enhanced.

------------------------------------------------------------------------------------------------------------------------

[2017-03-01 19:11:15 #1 store] 
Database 'G:\Informatika\4 curso\Ingenieria del software\RuralHouses\resources\ruralHouses.odb' is opened by 14700@ASIER

[2017-03-01 19:11:15 #2 type] 
Type domain.RuralHouse is not enhanced.

[2017-03-01 19:11:15 #3 type] 
Type domain.Offer is not enhanced.

[2017-03-01 19:11:15 #4 type] 
Type domain.Users is not enhanced.

[2017-03-01 19:11:15 #5 type] 
Type domain.Client is not enhanced.

[2017-03-01 19:11:15 #6 type] 
Type domain.Owner is not enhanced.

------------------------------------------------------------------------------------------------------------------------

[2017-03-01 21:00:42 #1 store] 
Database 'G:\Informatika\4 curso\Ingenieria del software\RuralHouses\resources\ruralHouses.odb' is opened by 18836@ASIER

[2017-03-01 21:00:42 #2 type] 
Type domain.RuralHouse is not enhanced.

[2017-03-01 21:00:42 #3 type] 
Type domain.Offer is not enhanced.

[2017-03-01 21:00:42 #4 type] 
Type domain.Users is not enhanced.

[2017-03-01 21:00:42 #5 type] 
Type domain.Client is not enhanced.

[2017-03-01 21:00:42 #6 type] 
Type domain.Owner is not enhanced.

------------------------------------------------------------------------------------------------------------------------

[2017-03-01 21:10:11 #1 store] 
Database 'G:\Informatika\4 curso\Ingenieria del software\RuralHouses\resources\ruralHouses.odb' has been recovered (tr. 182-182)

[2017-03-01 21:10:11 #2 store] 
Database 'G:\Informatika\4 curso\Ingenieria del software\RuralHouses\resources\ruralHouses.odb' is opened by 9508@ASIER

[2017-03-01 21:10:11 #3 type] 
Type domain.RuralHouse is not enhanced.

[2017-03-01 21:10:11 #4 type] 
Type domain.Offer is not enhanced.

[2017-03-01 21:10:11 #5 type] 
Type domain.Users is not enhanced.

[2017-03-01 21:10:11 #6 type] 
Type domain.Client is not enhanced.

[2017-03-01 21:10:11 #7 type] 
Type domain.Owner is not enhanced.

------------------------------------------------------------------------------------------------------------------------

[2017-03-01 21:11:12 #1 store] 
Database 'G:\Informatika\4 curso\Ingenieria del software\RuralHouses\resources\ruralHouses.odb' has been recovered (tr. 183-184)

[2017-03-01 21:11:12 #2 store] 
Database 'G:\Informatika\4 curso\Ingenieria del software\RuralHouses\resources\ruralHouses.odb' is opened by 15836@ASIER

[2017-03-01 21:11:12 #3 type] 
Type domain.RuralHouse is not enhanced.

[2017-03-01 21:11:12 #4 type] 
Type domain.Offer is not enhanced.

[2017-03-01 21:11:12 #5 type] 
Type domain.Users is not enhanced.

[2017-03-01 21:11:12 #6 type] 
Type domain.Client is not enhanced.

[2017-03-01 21:11:12 #7 type] 
Type domain.Owner is not enhanced.

------------------------------------------------------------------------------------------------------------------------

[2017-03-01 21:11:30 #1 store] 
Database 'G:\Informatika\4 curso\Ingenieria del software\RuralHouses\resources\ruralHouses.odb' has been recovered (tr. 185-185)

[2017-03-01 21:11:30 #2 store] 
Database 'G:\Informatika\4 curso\Ingenieria del software\RuralHouses\resources\ruralHouses.odb' is opened by 12704@ASIER

[2017-03-01 21:11:31 #3 type] 
Type domain.RuralHouse is not enhanced.

[2017-03-01 21:11:31 #4 type] 
Type domain.Offer is not enhanced.

[2017-03-01 21:11:31 #5 type] 
Type domain.Users is not enhanced.

[2017-03-01 21:11:31 #6 type] 
Type domain.Client is not enhanced.

[2017-03-01 21:11:31 #7 type] 
Type domain.Owner is not enhanced.

------------------------------------------------------------------------------------------------------------------------

[2017-03-01 21:11:57 #1 store] 
Database 'G:\Informatika\4 curso\Ingenieria del software\RuralHouses\resources\ruralHouses.odb' has been recovered (tr. 186-186)

[2017-03-01 21:11:57 #2 store] 
Database 'G:\Informatika\4 curso\Ingenieria del software\RuralHouses\resources\ruralHouses.odb' is opened by 10024@ASIER

[2017-03-01 21:11:57 #3 type] 
Type domain.RuralHouse is not enhanced.

[2017-03-01 21:11:57 #4 type] 
Type domain.Offer is not enhanced.

[2017-03-01 21:11:57 #5 type] 
Type domain.Users is not enhanced.

[2017-03-01 21:11:57 #6 type] 
Type domain.Client is not enhanced.

[2017-03-01 21:11:57 #7 type] 
Type domain.Owner is not enhanced.

------------------------------------------------------------------------------------------------------------------------

[2017-03-01 21:12:30 #1 store] 
Database 'G:\Informatika\4 curso\Ingenieria del software\RuralHouses\resources\ruralHouses.odb' is opened by 15264@ASIER

[2017-03-01 21:12:30 #2 type] 
Type domain.RuralHouse is not enhanced.

[2017-03-01 21:12:30 #3 type] 
Type domain.Offer is not enhanced.

[2017-03-01 21:12:30 #4 type] 
Type domain.Users is not enhanced.

[2017-03-01 21:12:30 #5 type] 
Type domain.Client is not enhanced.

[2017-03-01 21:12:30 #6 type] 
Type domain.Owner is not enhanced.

------------------------------------------------------------------------------------------------------------------------

[2017-03-01 21:13:30 #1 store] 
Database 'G:\Informatika\4 curso\Ingenieria del software\RuralHouses\resources\ruralHouses.odb' has been recovered (tr. 187-187)

[2017-03-01 21:13:30 #2 store] 
Database 'G:\Informatika\4 curso\Ingenieria del software\RuralHouses\resources\ruralHouses.odb' is opened by 14436@ASIER

[2017-03-01 21:13:30 #3 type] 
Type domain.RuralHouse is not enhanced.

[2017-03-01 21:13:30 #4 type] 
Type domain.Offer is not enhanced.

[2017-03-01 21:13:30 #5 type] 
Type domain.Users is not enhanced.

[2017-03-01 21:13:30 #6 type] 
Type domain.Client is not enhanced.

[2017-03-01 21:13:30 #7 type] 
Type domain.Owner is not enhanced.

------------------------------------------------------------------------------------------------------------------------

[2017-03-01 21:14:02 #1 store] 
Database 'G:\Informatika\4 curso\Ingenieria del software\RuralHouses\resources\ruralHouses.odb' has been recovered (tr. 188-188)

[2017-03-01 21:14:02 #2 store] 
Database 'G:\Informatika\4 curso\Ingenieria del software\RuralHouses\resources\ruralHouses.odb' is opened by 2764@ASIER

[2017-03-01 21:14:03 #3 type] 
Type domain.RuralHouse is not enhanced.

[2017-03-01 21:14:03 #4 type] 
Type domain.Offer is not enhanced.

[2017-03-01 21:14:03 #5 type] 
Type domain.Users is not enhanced.

[2017-03-01 21:14:03 #6 type] 
Type domain.Client is not enhanced.

[2017-03-01 21:14:03 #7 type] 
Type domain.Owner is not enhanced.

------------------------------------------------------------------------------------------------------------------------

[2017-03-01 21:14:39 #1 store] 
Database 'G:\Informatika\4 curso\Ingenieria del software\RuralHouses\resources\ruralHouses.odb' is opened by 8720@ASIER

[2017-03-01 21:14:39 #2 type] 
Type domain.RuralHouse is not enhanced.

[2017-03-01 21:14:40 #3 type] 
Type domain.Offer is not enhanced.

[2017-03-01 21:14:40 #4 type] 
Type domain.Users is not enhanced.

[2017-03-01 21:14:40 #5 type] 
Type domain.Client is not enhanced.

[2017-03-01 21:14:40 #6 type] 
Type domain.Owner is not enhanced.

