------------------------------------------------------------------------------------------------------------------------

[2017-03-28 11:56:47 #1 store] 
Database 'G:\Informatika\4 curso\Ingenieria del software\RuralHouses\resources\ruralHouses.odb' is opened by 13624@ASIER

[2017-03-28 11:56:47 #2 type] 
Type domain.RuralHouse is not enhanced.

[2017-03-28 11:56:47 #3 type] 
Type domain.Offer is not enhanced.

[2017-03-28 11:56:47 #4 type] 
Type domain.Users is not enhanced.

[2017-03-28 11:56:47 #5 type] 
Type domain.Client is not enhanced.

[2017-03-28 11:56:47 #6 type] 
Type domain.Owner is not enhanced.

------------------------------------------------------------------------------------------------------------------------

[2017-03-28 11:59:39 #1 store] 
Database 'G:\Informatika\4 curso\Ingenieria del software\RuralHouses\resources\ruralHouses.odb' has been recovered (tr. 200-200)

[2017-03-28 11:59:39 #2 store] 
Database 'G:\Informatika\4 curso\Ingenieria del software\RuralHouses\resources\ruralHouses.odb' is opened by 1404@ASIER

[2017-03-28 11:59:39 #3 type] 
Type domain.RuralHouse is not enhanced.

[2017-03-28 11:59:40 #4 type] 
Type domain.Offer is not enhanced.

[2017-03-28 11:59:40 #5 type] 
Type domain.Users is not enhanced.

[2017-03-28 11:59:40 #6 type] 
Type domain.Client is not enhanced.

[2017-03-28 11:59:40 #7 type] 
Type domain.Owner is not enhanced.

------------------------------------------------------------------------------------------------------------------------

[2017-03-28 12:01:00 #1 store] 
Database 'G:\Informatika\4 curso\Ingenieria del software\RuralHouses\resources\ruralHouses.odb' is opened by 3272@ASIER

[2017-03-28 12:01:00 #2 type] 
Type domain.RuralHouse is not enhanced.

[2017-03-28 12:01:00 #3 type] 
Type domain.Offer is not enhanced.

[2017-03-28 12:01:00 #4 type] 
Type domain.Users is not enhanced.

[2017-03-28 12:01:00 #5 type] 
Type domain.Client is not enhanced.

[2017-03-28 12:01:00 #6 type] 
Type domain.Owner is not enhanced.

------------------------------------------------------------------------------------------------------------------------

[2017-03-28 12:02:36 #1 store] 
Database 'G:\Informatika\4 curso\Ingenieria del software\RuralHouses\resources\ruralHouses.odb' is opened by 11008@ASIER

[2017-03-28 12:02:36 #2 type] 
Type domain.RuralHouse is not enhanced.

[2017-03-28 12:02:36 #3 type] 
Type domain.Offer is not enhanced.

[2017-03-28 12:02:36 #4 type] 
Type domain.Users is not enhanced.

[2017-03-28 12:02:36 #5 type] 
Type domain.Client is not enhanced.

[2017-03-28 12:02:36 #6 type] 
Type domain.Owner is not enhanced.

------------------------------------------------------------------------------------------------------------------------

[2017-03-28 12:11:23 #1 store] 
Database 'G:\Informatika\4 curso\Ingenieria del software\RuralHouses\resources\ruralHouses.odb' is opened by 13620@ASIER

[2017-03-28 12:11:23 #2 type] 
Type domain.RuralHouse is not enhanced.

[2017-03-28 12:11:23 #3 type] 
Type domain.Offer is not enhanced.

[2017-03-28 12:11:23 #4 type] 
Type domain.Users is not enhanced.

[2017-03-28 12:11:23 #5 type] 
Type domain.Client is not enhanced.

[2017-03-28 12:11:23 #6 type] 
Type domain.Owner is not enhanced.

------------------------------------------------------------------------------------------------------------------------

[2017-03-28 13:09:41 #1 store] 
Database 'G:\Informatika\4 curso\Ingenieria del software\RuralHouses\resources\ruralHouses.odb' is opened by 768@ASIER

[2017-03-28 13:09:41 #2 type] 
Type domain.RuralHouse is not enhanced.

[2017-03-28 13:09:41 #3 type] 
Type domain.Offer is not enhanced.

[2017-03-28 13:09:41 #4 type] 
Type domain.Users is not enhanced.

[2017-03-28 13:09:41 #5 type] 
Type domain.Client is not enhanced.

[2017-03-28 13:09:41 #6 type] 
Type domain.Owner is not enhanced.

------------------------------------------------------------------------------------------------------------------------

[2017-03-28 13:12:42 #1 store] 
Database 'G:\Informatika\4 curso\Ingenieria del software\RuralHouses\resources\ruralHouses.odb' has been recovered (tr. 201-201)

[2017-03-28 13:12:42 #2 store] 
Database 'G:\Informatika\4 curso\Ingenieria del software\RuralHouses\resources\ruralHouses.odb' is opened by 6740@ASIER

[2017-03-28 13:12:42 #3 type] 
Type domain.RuralHouse is not enhanced.

[2017-03-28 13:12:42 #4 type] 
Type domain.Offer is not enhanced.

[2017-03-28 13:12:42 #5 type] 
Type domain.Users is not enhanced.

[2017-03-28 13:12:42 #6 type] 
Type domain.Client is not enhanced.

[2017-03-28 13:12:42 #7 type] 
Type domain.Owner is not enhanced.

------------------------------------------------------------------------------------------------------------------------

[2017-03-28 13:16:33 #1 store] 
Database 'G:\Informatika\4 curso\Ingenieria del software\RuralHouses\resources\ruralHouses.odb' is opened by 7180@ASIER

[2017-03-28 13:16:33 #2 type] 
Type domain.RuralHouse is not enhanced.

[2017-03-28 13:16:33 #3 type] 
Type domain.Offer is not enhanced.

[2017-03-28 13:16:33 #4 type] 
Type domain.Users is not enhanced.

[2017-03-28 13:16:33 #5 type] 
Type domain.Client is not enhanced.

[2017-03-28 13:16:33 #6 type] 
Type domain.Owner is not enhanced.

------------------------------------------------------------------------------------------------------------------------

[2017-03-28 13:19:40 #1 store] 
Database 'G:\Informatika\4 curso\Ingenieria del software\RuralHouses\resources\ruralHouses.odb' is opened by 9868@ASIER

[2017-03-28 13:19:40 #2 type] 
Type domain.RuralHouse is not enhanced.

[2017-03-28 13:19:40 #3 type] 
Type domain.Offer is not enhanced.

[2017-03-28 13:19:40 #4 type] 
Type domain.Users is not enhanced.

[2017-03-28 13:19:40 #5 type] 
Type domain.Client is not enhanced.

[2017-03-28 13:19:40 #6 type] 
Type domain.Owner is not enhanced.

------------------------------------------------------------------------------------------------------------------------

[2017-03-28 13:21:27 #1 store] 
Database 'G:\Informatika\4 curso\Ingenieria del software\RuralHouses\resources\ruralHouses.odb' is opened by 3692@ASIER

[2017-03-28 13:21:27 #2 type] 
Type domain.RuralHouse is not enhanced.

[2017-03-28 13:21:27 #3 type] 
Type domain.Offer is not enhanced.

[2017-03-28 13:21:27 #4 type] 
Type domain.Users is not enhanced.

[2017-03-28 13:21:27 #5 type] 
Type domain.Client is not enhanced.

[2017-03-28 13:21:27 #6 type] 
Type domain.Owner is not enhanced.

------------------------------------------------------------------------------------------------------------------------

[2017-03-28 13:26:14 #1 store] 
Database 'G:\Informatika\4 curso\Ingenieria del software\RuralHouses\resources\ruralHouses.odb' is opened by 12156@ASIER

[2017-03-28 13:26:14 #2 type] 
Type domain.RuralHouse is not enhanced.

[2017-03-28 13:26:14 #3 type] 
Type domain.Offer is not enhanced.

[2017-03-28 13:26:14 #4 type] 
Type domain.Users is not enhanced.

[2017-03-28 13:26:14 #5 type] 
Type domain.Client is not enhanced.

[2017-03-28 13:26:14 #6 type] 
Type domain.Owner is not enhanced.

------------------------------------------------------------------------------------------------------------------------

[2017-03-28 13:38:29 #1 store] 
Database 'G:\Informatika\4 curso\Ingenieria del software\RuralHouses\resources\ruralHouses.odb' has been recovered (tr. 207-207)

[2017-03-28 13:38:29 #2 store] 
Database 'G:\Informatika\4 curso\Ingenieria del software\RuralHouses\resources\ruralHouses.odb' is opened by 14088@ASIER

[2017-03-28 13:38:29 #3 type] 
Type domain.RuralHouse is not enhanced.

[2017-03-28 13:38:29 #4 type] 
Type domain.Offer is not enhanced.

[2017-03-28 13:38:29 #5 type] 
Type domain.Users is not enhanced.

[2017-03-28 13:38:29 #6 type] 
Type domain.Client is not enhanced.

[2017-03-28 13:38:29 #7 type] 
Type domain.Owner is not enhanced.

------------------------------------------------------------------------------------------------------------------------

[2017-03-28 13:47:36 #1 store] 
Database 'G:\Informatika\4 curso\Ingenieria del software\RuralHouses\resources\ruralHouses.odb' is opened by 14112@ASIER

[2017-03-28 13:47:36 #2 type] 
Type domain.RuralHouse is not enhanced.

[2017-03-28 13:47:36 #3 type] 
Type domain.Offer is not enhanced.

[2017-03-28 13:47:36 #4 type] 
Type domain.Users is not enhanced.

[2017-03-28 13:47:36 #5 type] 
Type domain.Client is not enhanced.

[2017-03-28 13:47:36 #6 type] 
Type domain.Owner is not enhanced.

------------------------------------------------------------------------------------------------------------------------

[2017-03-28 13:54:59 #1 store] 
Database 'G:\Informatika\4 curso\Ingenieria del software\RuralHouses\resources\ruralHouses.odb' is opened by 14284@ASIER

[2017-03-28 13:54:59 #2 type] 
Type domain.RuralHouse is not enhanced.

[2017-03-28 13:54:59 #3 type] 
Type domain.Offer is not enhanced.

[2017-03-28 13:54:59 #4 type] 
Type domain.Users is not enhanced.

[2017-03-28 13:54:59 #5 type] 
Type domain.Client is not enhanced.

[2017-03-28 13:54:59 #6 type] 
Type domain.Owner is not enhanced.

------------------------------------------------------------------------------------------------------------------------

[2017-03-28 13:55:48 #1 store] 
Database 'G:\Informatika\4 curso\Ingenieria del software\RuralHouses\resources\ruralHouses.odb' is opened by 3784@ASIER

[2017-03-28 13:55:48 #2 type] 
Type domain.RuralHouse is not enhanced.

[2017-03-28 13:55:48 #3 type] 
Type domain.Offer is not enhanced.

[2017-03-28 13:55:48 #4 type] 
Type domain.Users is not enhanced.

[2017-03-28 13:55:48 #5 type] 
Type domain.Client is not enhanced.

[2017-03-28 13:55:48 #6 type] 
Type domain.Owner is not enhanced.

------------------------------------------------------------------------------------------------------------------------

[2017-03-28 15:32:51 #1 store] 
Database 'G:\Informatika\4 curso\Ingenieria del software\RuralHouses\resources\ruralHouses.odb' is opened by 6788@ASIER

[2017-03-28 15:32:51 #2 type] 
Type domain.RuralHouse is not enhanced.

[2017-03-28 15:32:51 #3 type] 
Type domain.Offer is not enhanced.

[2017-03-28 15:32:51 #4 type] 
Type domain.Users is not enhanced.

[2017-03-28 15:32:51 #5 type] 
Type domain.Client is not enhanced.

[2017-03-28 15:32:51 #6 type] 
Type domain.Owner is not enhanced.

------------------------------------------------------------------------------------------------------------------------

[2017-03-28 15:35:56 #1 store] 
Database 'G:\Informatika\4 curso\Ingenieria del software\RuralHouses\resources\ruralHouses.odb' is opened by 14248@ASIER

[2017-03-28 15:35:56 #2 type] 
Type domain.RuralHouse is not enhanced.

[2017-03-28 15:35:56 #3 type] 
Type domain.Offer is not enhanced.

[2017-03-28 15:35:56 #4 type] 
Type domain.Users is not enhanced.

[2017-03-28 15:35:56 #5 type] 
Type domain.Client is not enhanced.

[2017-03-28 15:35:56 #6 type] 
Type domain.Owner is not enhanced.

------------------------------------------------------------------------------------------------------------------------

[2017-03-28 15:36:45 #1 store] 
Database 'G:\Informatika\4 curso\Ingenieria del software\RuralHouses\resources\ruralHouses.odb' is opened by 4868@ASIER

[2017-03-28 15:36:45 #2 type] 
Type domain.RuralHouse is not enhanced.

[2017-03-28 15:36:45 #3 type] 
Type domain.Offer is not enhanced.

[2017-03-28 15:36:45 #4 type] 
Type domain.Users is not enhanced.

[2017-03-28 15:36:45 #5 type] 
Type domain.Client is not enhanced.

[2017-03-28 15:36:45 #6 type] 
Type domain.Owner is not enhanced.

------------------------------------------------------------------------------------------------------------------------

[2017-03-28 15:41:56 #1 store] 
Database 'G:\Informatika\4 curso\Ingenieria del software\RuralHouses\resources\ruralHouses.odb' is opened by 10228@ASIER

[2017-03-28 15:41:56 #2 type] 
Type domain.RuralHouse is not enhanced.

[2017-03-28 15:41:56 #3 type] 
Type domain.Offer is not enhanced.

[2017-03-28 15:41:56 #4 type] 
Type domain.Users is not enhanced.

[2017-03-28 15:41:56 #5 type] 
Type domain.Client is not enhanced.

[2017-03-28 15:41:56 #6 type] 
Type domain.Owner is not enhanced.

------------------------------------------------------------------------------------------------------------------------

[2017-03-28 17:45:42 #1 store] 
Database 'G:\Informatika\4 curso\Ingenieria del software\RuralHouses\resources\ruralHouses.odb' is opened by 8996@ASIER

[2017-03-28 17:45:42 #2 type] 
Type domain.RuralHouse is not enhanced.

[2017-03-28 17:45:42 #3 type] 
Type domain.Offer is not enhanced.

[2017-03-28 17:45:42 #4 type] 
Type domain.Users is not enhanced.

[2017-03-28 17:45:42 #5 type] 
Type domain.Client is not enhanced.

[2017-03-28 17:45:42 #6 type] 
Type domain.Owner is not enhanced.

------------------------------------------------------------------------------------------------------------------------

[2017-03-28 20:41:51 #1 store] 
Database 'G:\Informatika\4 curso\Ingenieria del software\RuralHouses\resources\ruralHouses.odb' is opened by 8932@ASIER

[2017-03-28 20:41:51 #2 type] 
Type domain.RuralHouse is not enhanced.

[2017-03-28 20:41:51 #3 type] 
Type domain.Offer is not enhanced.

[2017-03-28 20:41:51 #4 type] 
Type domain.Users is not enhanced.

[2017-03-28 20:41:51 #5 type] 
Type domain.Client is not enhanced.

[2017-03-28 20:41:51 #6 type] 
Type domain.Owner is not enhanced.

------------------------------------------------------------------------------------------------------------------------

[2017-03-28 20:42:47 #1 store] 
Database 'G:\Informatika\4 curso\Ingenieria del software\RuralHouses\resources\ruralHouses.odb' is opened by 11120@ASIER

[2017-03-28 20:42:47 #2 type] 
Type domain.RuralHouse is not enhanced.

[2017-03-28 20:42:47 #3 type] 
Type domain.Offer is not enhanced.

[2017-03-28 20:42:47 #4 type] 
Type domain.Users is not enhanced.

[2017-03-28 20:42:47 #5 type] 
Type domain.Client is not enhanced.

[2017-03-28 20:42:47 #6 type] 
Type domain.Owner is not enhanced.

------------------------------------------------------------------------------------------------------------------------

[2017-03-28 20:44:08 #1 store] 
Database 'G:\Informatika\4 curso\Ingenieria del software\RuralHouses\resources\ruralHouses.odb' is opened by 3732@ASIER

[2017-03-28 20:44:08 #2 type] 
Type domain.RuralHouse is not enhanced.

[2017-03-28 20:44:08 #3 type] 
Type domain.Offer is not enhanced.

[2017-03-28 20:44:08 #4 type] 
Type domain.Users is not enhanced.

[2017-03-28 20:44:08 #5 type] 
Type domain.Client is not enhanced.

[2017-03-28 20:44:08 #6 type] 
Type domain.Owner is not enhanced.

------------------------------------------------------------------------------------------------------------------------

[2017-03-28 20:45:31 #1 store] 
Database 'G:\Informatika\4 curso\Ingenieria del software\RuralHouses\resources\ruralHouses.odb' is opened by 6356@ASIER

[2017-03-28 20:45:31 #2 type] 
Type domain.RuralHouse is not enhanced.

[2017-03-28 20:45:31 #3 type] 
Type domain.Offer is not enhanced.

[2017-03-28 20:45:31 #4 type] 
Type domain.Users is not enhanced.

[2017-03-28 20:45:31 #5 type] 
Type domain.Client is not enhanced.

[2017-03-28 20:45:31 #6 type] 
Type domain.Owner is not enhanced.

------------------------------------------------------------------------------------------------------------------------

[2017-03-28 20:47:12 #1 store] 
Database 'G:\Informatika\4 curso\Ingenieria del software\RuralHouses\resources\ruralHouses.odb' is opened by 9348@ASIER

[2017-03-28 20:47:13 #2 type] 
Type domain.RuralHouse is not enhanced.

[2017-03-28 20:47:13 #3 type] 
Type domain.Offer is not enhanced.

[2017-03-28 20:47:13 #4 type] 
Type domain.Users is not enhanced.

[2017-03-28 20:47:13 #5 type] 
Type domain.Client is not enhanced.

[2017-03-28 20:47:13 #6 type] 
Type domain.Owner is not enhanced.

------------------------------------------------------------------------------------------------------------------------

[2017-03-28 20:48:04 #1 store] 
Database 'G:\Informatika\4 curso\Ingenieria del software\RuralHouses\resources\ruralHouses.odb' is opened by 4692@ASIER

[2017-03-28 20:48:05 #2 type] 
Type domain.RuralHouse is not enhanced.

[2017-03-28 20:48:05 #3 type] 
Type domain.Offer is not enhanced.

[2017-03-28 20:48:05 #4 type] 
Type domain.Users is not enhanced.

[2017-03-28 20:48:05 #5 type] 
Type domain.Client is not enhanced.

[2017-03-28 20:48:05 #6 type] 
Type domain.Owner is not enhanced.

------------------------------------------------------------------------------------------------------------------------

[2017-03-28 20:48:44 #1 store] 
Database 'G:\Informatika\4 curso\Ingenieria del software\RuralHouses\resources\ruralHouses.odb' is opened by 3092@ASIER

[2017-03-28 20:48:45 #2 type] 
Type domain.RuralHouse is not enhanced.

[2017-03-28 20:48:45 #3 type] 
Type domain.Offer is not enhanced.

[2017-03-28 20:48:45 #4 type] 
Type domain.Users is not enhanced.

[2017-03-28 20:48:45 #5 type] 
Type domain.Client is not enhanced.

[2017-03-28 20:48:45 #6 type] 
Type domain.Owner is not enhanced.

------------------------------------------------------------------------------------------------------------------------

[2017-03-28 21:07:18 #1 store] 
Database 'G:\Informatika\4 curso\Ingenieria del software\RuralHouses\resources\ruralHouses.odb' is opened by 3760@ASIER

[2017-03-28 21:07:18 #2 type] 
Type domain.RuralHouse is not enhanced.

[2017-03-28 21:07:18 #3 type] 
Type domain.Offer is not enhanced.

[2017-03-28 21:07:18 #4 type] 
Type domain.Users is not enhanced.

[2017-03-28 21:07:18 #5 type] 
Type domain.Client is not enhanced.

[2017-03-28 21:07:18 #6 type] 
Type domain.Owner is not enhanced.

------------------------------------------------------------------------------------------------------------------------

[2017-03-28 21:39:29 #1 store] 
Database 'G:\Informatika\4 curso\Ingenieria del software\RuralHouses\resources\ruralHouses.odb' is opened by 5612@ASIER

[2017-03-28 21:39:29 #2 type] 
Type domain.RuralHouse is not enhanced.

[2017-03-28 21:39:29 #3 type] 
Type domain.Offer is not enhanced.

[2017-03-28 21:39:29 #4 type] 
Type domain.Users is not enhanced.

[2017-03-28 21:39:29 #5 type] 
Type domain.Client is not enhanced.

[2017-03-28 21:39:29 #6 type] 
Type domain.Owner is not enhanced.

------------------------------------------------------------------------------------------------------------------------

[2017-03-28 21:49:43 #1 store] 
Database 'G:\Informatika\4 curso\Ingenieria del software\RuralHouses\resources\ruralHouses.odb' is opened by 9804@ASIER

[2017-03-28 21:49:43 #2 type] 
Type domain.RuralHouse is not enhanced.

[2017-03-28 21:49:43 #3 type] 
Type domain.Offer is not enhanced.

[2017-03-28 21:49:43 #4 type] 
Type domain.Users is not enhanced.

[2017-03-28 21:49:43 #5 type] 
Type domain.Client is not enhanced.

[2017-03-28 21:49:43 #6 type] 
Type domain.Owner is not enhanced.

------------------------------------------------------------------------------------------------------------------------

[2017-03-28 21:50:46 #1 store] 
Database 'G:\Informatika\4 curso\Ingenieria del software\RuralHouses\resources\ruralHouses.odb' is opened by 1344@ASIER

[2017-03-28 21:50:46 #2 type] 
Type domain.RuralHouse is not enhanced.

[2017-03-28 21:50:46 #3 type] 
Type domain.Offer is not enhanced.

[2017-03-28 21:50:46 #4 type] 
Type domain.Users is not enhanced.

[2017-03-28 21:50:46 #5 type] 
Type domain.Client is not enhanced.

[2017-03-28 21:50:46 #6 type] 
Type domain.Owner is not enhanced.

------------------------------------------------------------------------------------------------------------------------

[2017-03-28 21:53:11 #1 store] 
Database 'G:\Informatika\4 curso\Ingenieria del software\RuralHouses\resources\ruralHouses.odb' is opened by 8048@ASIER

[2017-03-28 21:53:11 #2 type] 
Type domain.RuralHouse is not enhanced.

[2017-03-28 21:53:11 #3 type] 
Type domain.Offer is not enhanced.

[2017-03-28 21:53:11 #4 type] 
Type domain.Users is not enhanced.

[2017-03-28 21:53:11 #5 type] 
Type domain.Client is not enhanced.

[2017-03-28 21:53:11 #6 type] 
Type domain.Owner is not enhanced.

------------------------------------------------------------------------------------------------------------------------

[2017-03-28 21:53:59 #1 store] 
Database 'G:\Informatika\4 curso\Ingenieria del software\RuralHouses\resources\ruralHouses.odb' is opened by 3304@ASIER

[2017-03-28 21:53:59 #2 type] 
Type domain.RuralHouse is not enhanced.

[2017-03-28 21:53:59 #3 type] 
Type domain.Offer is not enhanced.

[2017-03-28 21:53:59 #4 type] 
Type domain.Users is not enhanced.

[2017-03-28 21:53:59 #5 type] 
Type domain.Client is not enhanced.

[2017-03-28 21:53:59 #6 type] 
Type domain.Owner is not enhanced.

------------------------------------------------------------------------------------------------------------------------

[2017-03-28 21:55:09 #1 store] 
Database 'G:\Informatika\4 curso\Ingenieria del software\RuralHouses\resources\ruralHouses.odb' is opened by 7488@ASIER

[2017-03-28 21:55:09 #2 type] 
Type domain.RuralHouse is not enhanced.

[2017-03-28 21:55:09 #3 type] 
Type domain.Offer is not enhanced.

[2017-03-28 21:55:09 #4 type] 
Type domain.Users is not enhanced.

[2017-03-28 21:55:09 #5 type] 
Type domain.Client is not enhanced.

[2017-03-28 21:55:09 #6 type] 
Type domain.Owner is not enhanced.

------------------------------------------------------------------------------------------------------------------------

[2017-03-28 22:10:40 #1 store] 
Database 'G:\Informatika\4 curso\Ingenieria del software\RuralHouses\resources\ruralHouses.odb' is opened by 7232@ASIER

[2017-03-28 22:10:40 #2 type] 
Type domain.RuralHouse is not enhanced.

[2017-03-28 22:10:40 #3 type] 
Type domain.Offer is not enhanced.

[2017-03-28 22:10:40 #4 type] 
Type domain.Users is not enhanced.

[2017-03-28 22:10:40 #5 type] 
Type domain.Client is not enhanced.

[2017-03-28 22:10:40 #6 type] 
Type domain.Owner is not enhanced.

------------------------------------------------------------------------------------------------------------------------

[2017-03-28 22:11:46 #1 store] 
Database 'G:\Informatika\4 curso\Ingenieria del software\RuralHouses\resources\ruralHouses.odb' is opened by 11068@ASIER

[2017-03-28 22:11:46 #2 type] 
Type domain.RuralHouse is not enhanced.

[2017-03-28 22:11:46 #3 type] 
Type domain.Offer is not enhanced.

[2017-03-28 22:11:46 #4 type] 
Type domain.Users is not enhanced.

[2017-03-28 22:11:46 #5 type] 
Type domain.Client is not enhanced.

[2017-03-28 22:11:46 #6 type] 
Type domain.Owner is not enhanced.

------------------------------------------------------------------------------------------------------------------------

[2017-03-28 22:13:10 #1 store] 
Database 'G:\Informatika\4 curso\Ingenieria del software\RuralHouses\resources\ruralHouses.odb' is opened by 9696@ASIER

[2017-03-28 22:13:10 #2 type] 
Type domain.RuralHouse is not enhanced.

[2017-03-28 22:13:10 #3 type] 
Type domain.Offer is not enhanced.

[2017-03-28 22:13:10 #4 type] 
Type domain.Users is not enhanced.

[2017-03-28 22:13:10 #5 type] 
Type domain.Client is not enhanced.

[2017-03-28 22:13:10 #6 type] 
Type domain.Owner is not enhanced.

------------------------------------------------------------------------------------------------------------------------

[2017-03-28 22:13:37 #1 store] 
Database 'G:\Informatika\4 curso\Ingenieria del software\RuralHouses\resources\ruralHouses.odb' is opened by 11144@ASIER

[2017-03-28 22:13:37 #2 type] 
Type domain.RuralHouse is not enhanced.

[2017-03-28 22:13:37 #3 type] 
Type domain.Offer is not enhanced.

[2017-03-28 22:13:37 #4 type] 
Type domain.Users is not enhanced.

[2017-03-28 22:13:37 #5 type] 
Type domain.Client is not enhanced.

[2017-03-28 22:13:37 #6 type] 
Type domain.Owner is not enhanced.

------------------------------------------------------------------------------------------------------------------------

[2017-03-28 22:18:00 #1 store] 
Database 'G:\Informatika\4 curso\Ingenieria del software\RuralHouses\resources\ruralHouses.odb' has been recovered (tr. 209-209)

[2017-03-28 22:18:00 #2 store] 
Database 'G:\Informatika\4 curso\Ingenieria del software\RuralHouses\resources\ruralHouses.odb' is opened by 1684@ASIER

[2017-03-28 22:18:00 #3 type] 
Type domain.RuralHouse is not enhanced.

[2017-03-28 22:18:00 #4 type] 
Type domain.Offer is not enhanced.

[2017-03-28 22:18:00 #5 type] 
Type domain.Users is not enhanced.

[2017-03-28 22:18:00 #6 type] 
Type domain.Client is not enhanced.

[2017-03-28 22:18:00 #7 type] 
Type domain.Owner is not enhanced.

------------------------------------------------------------------------------------------------------------------------

[2017-03-28 22:21:28 #1 store] 
Database 'G:\Informatika\4 curso\Ingenieria del software\RuralHouses\resources\ruralHouses.odb' is opened by 11108@ASIER

[2017-03-28 22:21:28 #2 type] 
Type domain.RuralHouse is not enhanced.

[2017-03-28 22:21:28 #3 type] 
Type domain.Offer is not enhanced.

[2017-03-28 22:21:28 #4 type] 
Type domain.Users is not enhanced.

[2017-03-28 22:21:28 #5 type] 
Type domain.Client is not enhanced.

[2017-03-28 22:21:28 #6 type] 
Type domain.Owner is not enhanced.

------------------------------------------------------------------------------------------------------------------------

[2017-03-28 22:30:08 #1 store] 
Database 'G:\Informatika\4 curso\Ingenieria del software\RuralHouses\resources\ruralHouses.odb' is opened by 9612@ASIER

[2017-03-28 22:30:08 #2 type] 
Type domain.RuralHouse is not enhanced.

[2017-03-28 22:30:08 #3 type] 
Type domain.Offer is not enhanced.

[2017-03-28 22:30:08 #4 type] 
Type domain.Users is not enhanced.

[2017-03-28 22:30:08 #5 type] 
Type domain.Client is not enhanced.

[2017-03-28 22:30:08 #6 type] 
Type domain.Owner is not enhanced.

------------------------------------------------------------------------------------------------------------------------

[2017-03-28 22:31:05 #1 store] 
Database 'G:\Informatika\4 curso\Ingenieria del software\RuralHouses\resources\ruralHouses.odb' is opened by 9700@ASIER

[2017-03-28 22:31:05 #2 type] 
Type domain.RuralHouse is not enhanced.

[2017-03-28 22:31:05 #3 type] 
Type domain.Offer is not enhanced.

[2017-03-28 22:31:05 #4 type] 
Type domain.Users is not enhanced.

[2017-03-28 22:31:05 #5 type] 
Type domain.Client is not enhanced.

[2017-03-28 22:31:05 #6 type] 
Type domain.Owner is not enhanced.

------------------------------------------------------------------------------------------------------------------------

[2017-03-28 22:31:43 #1 store] 
Database 'G:\Informatika\4 curso\Ingenieria del software\RuralHouses\resources\ruralHouses.odb' is opened by 9628@ASIER

[2017-03-28 22:31:43 #2 type] 
Type domain.RuralHouse is not enhanced.

[2017-03-28 22:31:43 #3 type] 
Type domain.Offer is not enhanced.

[2017-03-28 22:31:43 #4 type] 
Type domain.Users is not enhanced.

[2017-03-28 22:31:43 #5 type] 
Type domain.Client is not enhanced.

[2017-03-28 22:31:43 #6 type] 
Type domain.Owner is not enhanced.

------------------------------------------------------------------------------------------------------------------------

[2017-03-28 22:32:12 #1 store] 
Database 'G:\Informatika\4 curso\Ingenieria del software\RuralHouses\resources\ruralHouses.odb' is opened by 7604@ASIER

[2017-03-28 22:32:12 #2 type] 
Type domain.RuralHouse is not enhanced.

[2017-03-28 22:32:12 #3 type] 
Type domain.Offer is not enhanced.

[2017-03-28 22:32:12 #4 type] 
Type domain.Users is not enhanced.

[2017-03-28 22:32:12 #5 type] 
Type domain.Client is not enhanced.

[2017-03-28 22:32:12 #6 type] 
Type domain.Owner is not enhanced.

------------------------------------------------------------------------------------------------------------------------

[2017-03-28 22:33:35 #1 store] 
Database 'G:\Informatika\4 curso\Ingenieria del software\RuralHouses\resources\ruralHouses.odb' is opened by 6444@ASIER

[2017-03-28 22:33:35 #2 type] 
Type domain.RuralHouse is not enhanced.

[2017-03-28 22:33:35 #3 type] 
Type domain.Offer is not enhanced.

[2017-03-28 22:33:35 #4 type] 
Type domain.Users is not enhanced.

[2017-03-28 22:33:35 #5 type] 
Type domain.Client is not enhanced.

[2017-03-28 22:33:35 #6 type] 
Type domain.Owner is not enhanced.

------------------------------------------------------------------------------------------------------------------------

[2017-03-28 22:37:26 #1 store] 
Database 'G:\Informatika\4 curso\Ingenieria del software\RuralHouses\resources\ruralHouses.odb' is opened by 2896@ASIER

[2017-03-28 22:37:26 #2 type] 
Type domain.RuralHouse is not enhanced.

[2017-03-28 22:37:26 #3 type] 
Type domain.Offer is not enhanced.

[2017-03-28 22:37:26 #4 type] 
Type domain.Users is not enhanced.

[2017-03-28 22:37:26 #5 type] 
Type domain.Client is not enhanced.

[2017-03-28 22:37:26 #6 type] 
Type domain.Owner is not enhanced.

------------------------------------------------------------------------------------------------------------------------

[2017-03-28 22:38:27 #1 store] 
Database 'G:\Informatika\4 curso\Ingenieria del software\RuralHouses\resources\ruralHouses.odb' is opened by 9852@ASIER

[2017-03-28 22:38:27 #2 type] 
Type domain.RuralHouse is not enhanced.

[2017-03-28 22:38:27 #3 type] 
Type domain.Offer is not enhanced.

[2017-03-28 22:38:27 #4 type] 
Type domain.Users is not enhanced.

[2017-03-28 22:38:27 #5 type] 
Type domain.Client is not enhanced.

[2017-03-28 22:38:27 #6 type] 
Type domain.Owner is not enhanced.

------------------------------------------------------------------------------------------------------------------------

[2017-03-28 22:38:48 #1 store] 
Database 'G:\Informatika\4 curso\Ingenieria del software\RuralHouses\resources\ruralHouses.odb' is opened by 7712@ASIER

[2017-03-28 22:38:48 #2 type] 
Type domain.RuralHouse is not enhanced.

[2017-03-28 22:38:48 #3 type] 
Type domain.Offer is not enhanced.

[2017-03-28 22:38:48 #4 type] 
Type domain.Users is not enhanced.

[2017-03-28 22:38:48 #5 type] 
Type domain.Client is not enhanced.

[2017-03-28 22:38:48 #6 type] 
Type domain.Owner is not enhanced.

------------------------------------------------------------------------------------------------------------------------

[2017-03-28 22:41:12 #1 store] 
Database 'G:\Informatika\4 curso\Ingenieria del software\RuralHouses\resources\ruralHouses.odb' is opened by 9736@ASIER

[2017-03-28 22:41:12 #2 type] 
Type domain.RuralHouse is not enhanced.

[2017-03-28 22:41:12 #3 type] 
Type domain.Offer is not enhanced.

[2017-03-28 22:41:12 #4 type] 
Type domain.Users is not enhanced.

[2017-03-28 22:41:12 #5 type] 
Type domain.Client is not enhanced.

[2017-03-28 22:41:12 #6 type] 
Type domain.Owner is not enhanced.

------------------------------------------------------------------------------------------------------------------------

[2017-03-28 22:42:14 #1 store] 
Database 'G:\Informatika\4 curso\Ingenieria del software\RuralHouses\resources\ruralHouses.odb' is opened by 2696@ASIER

[2017-03-28 22:42:14 #2 type] 
Type domain.RuralHouse is not enhanced.

[2017-03-28 22:42:14 #3 type] 
Type domain.Offer is not enhanced.

[2017-03-28 22:42:14 #4 type] 
Type domain.Users is not enhanced.

[2017-03-28 22:42:14 #5 type] 
Type domain.Client is not enhanced.

[2017-03-28 22:42:14 #6 type] 
Type domain.Owner is not enhanced.

------------------------------------------------------------------------------------------------------------------------

[2017-03-28 22:42:56 #1 store] 
Database 'G:\Informatika\4 curso\Ingenieria del software\RuralHouses\resources\ruralHouses.odb' is opened by 32@ASIER

[2017-03-28 22:42:57 #2 type] 
Type domain.RuralHouse is not enhanced.

[2017-03-28 22:42:57 #3 type] 
Type domain.Offer is not enhanced.

[2017-03-28 22:42:57 #4 type] 
Type domain.Users is not enhanced.

[2017-03-28 22:42:57 #5 type] 
Type domain.Client is not enhanced.

[2017-03-28 22:42:57 #6 type] 
Type domain.Owner is not enhanced.

------------------------------------------------------------------------------------------------------------------------

[2017-03-28 22:43:32 #1 store] 
Database 'G:\Informatika\4 curso\Ingenieria del software\RuralHouses\resources\ruralHouses.odb' is opened by 2856@ASIER

[2017-03-28 22:43:32 #2 type] 
Type domain.RuralHouse is not enhanced.

[2017-03-28 22:43:32 #3 type] 
Type domain.Offer is not enhanced.

[2017-03-28 22:43:32 #4 type] 
Type domain.Users is not enhanced.

[2017-03-28 22:43:32 #5 type] 
Type domain.Client is not enhanced.

[2017-03-28 22:43:32 #6 type] 
Type domain.Owner is not enhanced.

------------------------------------------------------------------------------------------------------------------------

[2017-03-28 22:44:24 #1 store] 
Database 'G:\Informatika\4 curso\Ingenieria del software\RuralHouses\resources\ruralHouses.odb' is opened by 2952@ASIER

[2017-03-28 22:44:25 #2 type] 
Type domain.RuralHouse is not enhanced.

[2017-03-28 22:44:25 #3 type] 
Type domain.Offer is not enhanced.

[2017-03-28 22:44:25 #4 type] 
Type domain.Users is not enhanced.

[2017-03-28 22:44:25 #5 type] 
Type domain.Client is not enhanced.

[2017-03-28 22:44:25 #6 type] 
Type domain.Owner is not enhanced.

