------------------------------------------------------------------------------------------------------------------------

[2017-05-14 12:43:15 #1 store] 
Database 'G:\Informatika\4 curso\Ingenieria del software\RuralHouses\resources\ruralHouses.odb' has been recovered (tr. 660-664)

[2017-05-14 12:43:16 #2 store] 
Database 'G:\Informatika\4 curso\Ingenieria del software\RuralHouses\resources\ruralHouses.odb' is opened by 4456@ASIER

[2017-05-14 12:43:16 #3 type] 
Type domain.RuralHouse is not enhanced.

[2017-05-14 12:43:16 #4 type] 
Type domain.Offer is not enhanced.

[2017-05-14 12:43:16 #5 type] 
Type domain.Users is not enhanced.

[2017-05-14 12:43:16 #6 type] 
Type domain.Client is not enhanced.

[2017-05-14 12:43:16 #7 type] 
Type domain.Owner is not enhanced.

[2017-05-14 12:43:16 #8 type] 
Type domain.Valoracion is not enhanced.

[2017-05-14 12:43:16 #9 type] 
Type domain.Reserva is not enhanced.

------------------------------------------------------------------------------------------------------------------------

[2017-05-14 12:44:15 #1 store] 
Database 'G:\Informatika\4 curso\Ingenieria del software\RuralHouses\resources\ruralHouses.odb' is opened by 8784@ASIER

[2017-05-14 12:44:15 #2 type] 
Type domain.RuralHouse is not enhanced.

[2017-05-14 12:44:15 #3 type] 
Type domain.Offer is not enhanced.

[2017-05-14 12:44:15 #4 type] 
Type domain.Users is not enhanced.

[2017-05-14 12:44:15 #5 type] 
Type domain.Client is not enhanced.

[2017-05-14 12:44:15 #6 type] 
Type domain.Owner is not enhanced.

[2017-05-14 12:44:15 #7 type] 
Type domain.Valoracion is not enhanced.

[2017-05-14 12:44:15 #8 type] 
Type domain.Reserva is not enhanced.

------------------------------------------------------------------------------------------------------------------------

[2017-05-14 12:44:43 #1 store] 
Database 'G:\Informatika\4 curso\Ingenieria del software\RuralHouses\resources\ruralHouses.odb' is opened by 5400@ASIER

[2017-05-14 12:44:44 #2 type] 
Type domain.RuralHouse is not enhanced.

[2017-05-14 12:44:44 #3 type] 
Type domain.Offer is not enhanced.

[2017-05-14 12:44:44 #4 type] 
Type domain.Users is not enhanced.

[2017-05-14 12:44:44 #5 type] 
Type domain.Client is not enhanced.

[2017-05-14 12:44:44 #6 type] 
Type domain.Owner is not enhanced.

[2017-05-14 12:44:44 #7 type] 
Type domain.Valoracion is not enhanced.

[2017-05-14 12:44:44 #8 type] 
Type domain.Reserva is not enhanced.

------------------------------------------------------------------------------------------------------------------------

[2017-05-14 12:55:09 #1 store] 
Database 'G:\Informatika\4 curso\Ingenieria del software\RuralHouses\resources\ruralHouses.odb' is opened by 6000@ASIER

[2017-05-14 12:55:10 #2 type] 
Type domain.RuralHouse is not enhanced.

[2017-05-14 12:55:10 #3 type] 
Type domain.Offer is not enhanced.

[2017-05-14 12:55:10 #4 type] 
Type domain.Users is not enhanced.

[2017-05-14 12:55:10 #5 type] 
Type domain.Client is not enhanced.

[2017-05-14 12:55:10 #6 type] 
Type domain.Owner is not enhanced.

[2017-05-14 12:55:10 #7 type] 
Type domain.Valoracion is not enhanced.

[2017-05-14 12:55:10 #8 type] 
Type domain.Reserva is not enhanced.

------------------------------------------------------------------------------------------------------------------------

[2017-05-14 12:57:10 #1 store] 
Database 'G:\Informatika\4 curso\Ingenieria del software\RuralHouses\resources\ruralHouses.odb' is opened by 2732@ASIER

[2017-05-14 12:57:11 #2 type] 
Type domain.RuralHouse is not enhanced.

[2017-05-14 12:57:11 #3 type] 
Type domain.Offer is not enhanced.

[2017-05-14 12:57:11 #4 type] 
Type domain.Users is not enhanced.

[2017-05-14 12:57:11 #5 type] 
Type domain.Client is not enhanced.

[2017-05-14 12:57:11 #6 type] 
Type domain.Owner is not enhanced.

[2017-05-14 12:57:11 #7 type] 
Type domain.Valoracion is not enhanced.

[2017-05-14 12:57:11 #8 type] 
Type domain.Reserva is not enhanced.

------------------------------------------------------------------------------------------------------------------------

[2017-05-14 13:03:37 #1 store] 
Database 'G:\Informatika\4 curso\Ingenieria del software\RuralHouses\resources\ruralHouses.odb' is opened by 252@ASIER

[2017-05-14 13:03:37 #2 type] 
Type domain.RuralHouse is not enhanced.

[2017-05-14 13:03:37 #3 type] 
Type domain.Offer is not enhanced.

[2017-05-14 13:03:37 #4 type] 
Type domain.Users is not enhanced.

[2017-05-14 13:03:37 #5 type] 
Type domain.Client is not enhanced.

[2017-05-14 13:03:37 #6 type] 
Type domain.Owner is not enhanced.

[2017-05-14 13:03:37 #7 type] 
Type domain.Valoracion is not enhanced.

[2017-05-14 13:03:37 #8 type] 
Type domain.Reserva is not enhanced.

------------------------------------------------------------------------------------------------------------------------

[2017-05-14 13:11:59 #1 store] 
Database 'G:\Informatika\4 curso\Ingenieria del software\RuralHouses\resources\ruralHouses.odb' has been recovered (tr. 665-665)

[2017-05-14 13:11:59 #2 store] 
Database 'G:\Informatika\4 curso\Ingenieria del software\RuralHouses\resources\ruralHouses.odb' is opened by 4064@ASIER

[2017-05-14 13:11:59 #3 type] 
Type domain.RuralHouse is not enhanced.

[2017-05-14 13:11:59 #4 type] 
Type domain.Offer is not enhanced.

[2017-05-14 13:11:59 #5 type] 
Type domain.Users is not enhanced.

[2017-05-14 13:11:59 #6 type] 
Type domain.Client is not enhanced.

[2017-05-14 13:11:59 #7 type] 
Type domain.Owner is not enhanced.

[2017-05-14 13:11:59 #8 type] 
Type domain.Valoracion is not enhanced.

[2017-05-14 13:11:59 #9 type] 
Type domain.Reserva is not enhanced.

------------------------------------------------------------------------------------------------------------------------

[2017-05-14 13:15:33 #1 store] 
Database 'G:\Informatika\4 curso\Ingenieria del software\RuralHouses\resources\ruralHouses.odb' is opened by 876@ASIER

[2017-05-14 13:15:33 #2 type] 
Type domain.RuralHouse is not enhanced.

[2017-05-14 13:15:33 #3 type] 
Type domain.Offer is not enhanced.

[2017-05-14 13:15:33 #4 type] 
Type domain.Users is not enhanced.

[2017-05-14 13:15:33 #5 type] 
Type domain.Client is not enhanced.

[2017-05-14 13:15:33 #6 type] 
Type domain.Owner is not enhanced.

[2017-05-14 13:15:33 #7 type] 
Type domain.Valoracion is not enhanced.

[2017-05-14 13:15:33 #8 type] 
Type domain.Reserva is not enhanced.

------------------------------------------------------------------------------------------------------------------------

[2017-05-14 13:42:34 #1 store] 
Database 'G:\Informatika\4 curso\Ingenieria del software\RuralHouses\resources\ruralHouses.odb' has been recovered (tr. 675-688)

[2017-05-14 13:42:34 #2 store] 
Database 'G:\Informatika\4 curso\Ingenieria del software\RuralHouses\resources\ruralHouses.odb' is opened by 11000@ASIER

[2017-05-14 13:42:34 #3 type] 
Type domain.RuralHouse is not enhanced.

[2017-05-14 13:42:34 #4 type] 
Type domain.Offer is not enhanced.

[2017-05-14 13:42:34 #5 type] 
Type domain.Users is not enhanced.

[2017-05-14 13:42:34 #6 type] 
Type domain.Client is not enhanced.

[2017-05-14 13:42:34 #7 type] 
Type domain.Owner is not enhanced.

[2017-05-14 13:42:34 #8 type] 
Type domain.Valoracion is not enhanced.

[2017-05-14 13:42:34 #9 type] 
Type domain.Reserva is not enhanced.

------------------------------------------------------------------------------------------------------------------------

[2017-05-14 13:44:48 #1 store] 
Database 'G:\Informatika\4 curso\Ingenieria del software\RuralHouses\resources\ruralHouses.odb' is opened by 14500@ASIER

[2017-05-14 13:44:49 #2 type] 
Type domain.RuralHouse is not enhanced.

[2017-05-14 13:44:49 #3 type] 
Type domain.Offer is not enhanced.

[2017-05-14 13:44:49 #4 type] 
Type domain.Users is not enhanced.

[2017-05-14 13:44:49 #5 type] 
Type domain.Client is not enhanced.

[2017-05-14 13:44:49 #6 type] 
Type domain.Owner is not enhanced.

[2017-05-14 13:44:49 #7 type] 
Type domain.Valoracion is not enhanced.

[2017-05-14 13:44:49 #8 type] 
Type domain.Reserva is not enhanced.

------------------------------------------------------------------------------------------------------------------------

[2017-05-14 14:15:07 #1 store] 
Database 'G:\Informatika\4 curso\Ingenieria del software\RuralHouses\resources\ruralHouses.odb' is opened by 9232@ASIER

[2017-05-14 14:15:07 #2 type] 
Type domain.RuralHouse is not enhanced.

[2017-05-14 14:15:07 #3 type] 
Type domain.Offer is not enhanced.

[2017-05-14 14:15:07 #4 type] 
Type domain.Users is not enhanced.

[2017-05-14 14:15:07 #5 type] 
Type domain.Client is not enhanced.

[2017-05-14 14:15:07 #6 type] 
Type domain.Owner is not enhanced.

[2017-05-14 14:15:07 #7 type] 
Type domain.Valoracion is not enhanced.

[2017-05-14 14:15:07 #8 type] 
Type domain.Reserva is not enhanced.

------------------------------------------------------------------------------------------------------------------------

[2017-05-14 14:16:08 #1 store] 
Database 'G:\Informatika\4 curso\Ingenieria del software\RuralHouses\resources\ruralHouses.odb' is opened by 8472@ASIER

[2017-05-14 14:16:08 #2 type] 
Type domain.RuralHouse is not enhanced.

[2017-05-14 14:16:08 #3 type] 
Type domain.Offer is not enhanced.

[2017-05-14 14:16:08 #4 type] 
Type domain.Users is not enhanced.

[2017-05-14 14:16:08 #5 type] 
Type domain.Client is not enhanced.

[2017-05-14 14:16:08 #6 type] 
Type domain.Owner is not enhanced.

[2017-05-14 14:16:08 #7 type] 
Type domain.Valoracion is not enhanced.

[2017-05-14 14:16:08 #8 type] 
Type domain.Reserva is not enhanced.

------------------------------------------------------------------------------------------------------------------------

[2017-05-14 14:17:06 #1 store] 
Database 'G:\Informatika\4 curso\Ingenieria del software\RuralHouses\resources\ruralHouses.odb' is opened by 10644@ASIER

[2017-05-14 14:17:06 #2 type] 
Type domain.RuralHouse is not enhanced.

[2017-05-14 14:17:06 #3 type] 
Type domain.Offer is not enhanced.

[2017-05-14 14:17:06 #4 type] 
Type domain.Users is not enhanced.

[2017-05-14 14:17:06 #5 type] 
Type domain.Client is not enhanced.

[2017-05-14 14:17:06 #6 type] 
Type domain.Owner is not enhanced.

[2017-05-14 14:17:06 #7 type] 
Type domain.Valoracion is not enhanced.

[2017-05-14 14:17:06 #8 type] 
Type domain.Reserva is not enhanced.

------------------------------------------------------------------------------------------------------------------------

[2017-05-14 14:20:48 #1 store] 
Database 'G:\Informatika\4 curso\Ingenieria del software\RuralHouses\resources\ruralHouses.odb' is opened by 13864@ASIER

[2017-05-14 14:20:49 #2 type] 
Type domain.RuralHouse is not enhanced.

[2017-05-14 14:20:49 #3 type] 
Type domain.Offer is not enhanced.

[2017-05-14 14:20:49 #4 type] 
Type domain.Users is not enhanced.

[2017-05-14 14:20:49 #5 type] 
Type domain.Client is not enhanced.

[2017-05-14 14:20:49 #6 type] 
Type domain.Owner is not enhanced.

[2017-05-14 14:20:49 #7 type] 
Type domain.Valoracion is not enhanced.

[2017-05-14 14:20:49 #8 type] 
Type domain.Reserva is not enhanced.

------------------------------------------------------------------------------------------------------------------------

[2017-05-14 14:22:04 #1 store] 
Database 'G:\Informatika\4 curso\Ingenieria del software\RuralHouses\resources\ruralHouses.odb' is opened by 14928@ASIER

[2017-05-14 14:22:05 #2 type] 
Type domain.RuralHouse is not enhanced.

[2017-05-14 14:22:05 #3 type] 
Type domain.Offer is not enhanced.

[2017-05-14 14:22:05 #4 type] 
Type domain.Users is not enhanced.

[2017-05-14 14:22:05 #5 type] 
Type domain.Client is not enhanced.

[2017-05-14 14:22:05 #6 type] 
Type domain.Owner is not enhanced.

[2017-05-14 14:22:05 #7 type] 
Type domain.Valoracion is not enhanced.

[2017-05-14 14:22:05 #8 type] 
Type domain.Reserva is not enhanced.

------------------------------------------------------------------------------------------------------------------------

[2017-05-14 14:23:57 #1 store] 
Database 'G:\Informatika\4 curso\Ingenieria del software\RuralHouses\resources\ruralHouses.odb' is opened by 7008@ASIER

[2017-05-14 14:23:57 #2 type] 
Type domain.RuralHouse is not enhanced.

[2017-05-14 14:23:57 #3 type] 
Type domain.Offer is not enhanced.

[2017-05-14 14:23:57 #4 type] 
Type domain.Users is not enhanced.

[2017-05-14 14:23:57 #5 type] 
Type domain.Client is not enhanced.

[2017-05-14 14:23:57 #6 type] 
Type domain.Owner is not enhanced.

[2017-05-14 14:23:57 #7 type] 
Type domain.Valoracion is not enhanced.

[2017-05-14 14:23:57 #8 type] 
Type domain.Reserva is not enhanced.

------------------------------------------------------------------------------------------------------------------------

[2017-05-14 14:25:26 #1 store] 
Database 'G:\Informatika\4 curso\Ingenieria del software\RuralHouses\resources\ruralHouses.odb' is opened by 10260@ASIER

[2017-05-14 14:25:26 #2 type] 
Type domain.RuralHouse is not enhanced.

[2017-05-14 14:25:26 #3 type] 
Type domain.Offer is not enhanced.

[2017-05-14 14:25:26 #4 type] 
Type domain.Users is not enhanced.

[2017-05-14 14:25:26 #5 type] 
Type domain.Client is not enhanced.

[2017-05-14 14:25:26 #6 type] 
Type domain.Owner is not enhanced.

[2017-05-14 14:25:26 #7 type] 
Type domain.Valoracion is not enhanced.

[2017-05-14 14:25:26 #8 type] 
Type domain.Reserva is not enhanced.

------------------------------------------------------------------------------------------------------------------------

[2017-05-14 14:27:55 #1 store] 
Database 'G:\Informatika\4 curso\Ingenieria del software\RuralHouses\resources\ruralHouses.odb' is opened by 6176@ASIER

[2017-05-14 14:27:55 #2 type] 
Type domain.RuralHouse is not enhanced.

[2017-05-14 14:27:55 #3 type] 
Type domain.Offer is not enhanced.

[2017-05-14 14:27:55 #4 type] 
Type domain.Users is not enhanced.

[2017-05-14 14:27:55 #5 type] 
Type domain.Client is not enhanced.

[2017-05-14 14:27:55 #6 type] 
Type domain.Owner is not enhanced.

[2017-05-14 14:27:55 #7 type] 
Type domain.Valoracion is not enhanced.

[2017-05-14 14:27:55 #8 type] 
Type domain.Reserva is not enhanced.

------------------------------------------------------------------------------------------------------------------------

[2017-05-14 15:29:34 #1 store] 
Database 'G:\Informatika\4 curso\Ingenieria del software\RuralHouses\resources\ruralHouses.odb' is opened by 10888@ASIER

[2017-05-14 15:29:34 #2 type] 
Type domain.RuralHouse is not enhanced.

[2017-05-14 15:29:34 #3 type] 
Type domain.Offer is not enhanced.

[2017-05-14 15:29:34 #4 type] 
Type domain.Users is not enhanced.

[2017-05-14 15:29:34 #5 type] 
Type domain.Client is not enhanced.

[2017-05-14 15:29:34 #6 type] 
Type domain.Owner is not enhanced.

[2017-05-14 15:29:34 #7 type] 
Type domain.Valoracion is not enhanced.

[2017-05-14 15:29:34 #8 type] 
Type domain.Reserva is not enhanced.

------------------------------------------------------------------------------------------------------------------------

[2017-05-14 15:30:05 #1 store] 
Database 'G:\Informatika\4 curso\Ingenieria del software\RuralHouses\resources\ruralHouses.odb' is opened by 13208@ASIER

[2017-05-14 15:30:05 #2 type] 
Type domain.RuralHouse is not enhanced.

[2017-05-14 15:30:05 #3 type] 
Type domain.Offer is not enhanced.

[2017-05-14 15:30:05 #4 type] 
Type domain.Users is not enhanced.

[2017-05-14 15:30:05 #5 type] 
Type domain.Client is not enhanced.

[2017-05-14 15:30:05 #6 type] 
Type domain.Owner is not enhanced.

[2017-05-14 15:30:05 #7 type] 
Type domain.Valoracion is not enhanced.

[2017-05-14 15:30:05 #8 type] 
Type domain.Reserva is not enhanced.

------------------------------------------------------------------------------------------------------------------------

[2017-05-14 15:44:37 #1 store] 
Database 'G:\Informatika\4 curso\Ingenieria del software\RuralHouses\resources\ruralHouses.odb' is opened by 8284@ASIER

[2017-05-14 15:44:37 #2 type] 
Type domain.RuralHouse is not enhanced.

[2017-05-14 15:44:37 #3 type] 
Type domain.Offer is not enhanced.

[2017-05-14 15:44:37 #4 type] 
Type domain.Users is not enhanced.

[2017-05-14 15:44:37 #5 type] 
Type domain.Client is not enhanced.

[2017-05-14 15:44:37 #6 type] 
Type domain.Owner is not enhanced.

[2017-05-14 15:44:37 #7 type] 
Type domain.Valoracion is not enhanced.

[2017-05-14 15:44:37 #8 type] 
Type domain.Reserva is not enhanced.

------------------------------------------------------------------------------------------------------------------------

[2017-05-14 16:17:44 #1 store] 
Database 'G:\Informatika\4 curso\Ingenieria del software\RuralHouses\resources\ruralHouses.odb' is opened by 5044@ASIER

[2017-05-14 16:17:45 #2 type] 
Type domain.RuralHouse is not enhanced.

[2017-05-14 16:17:45 #3 type] 
Type domain.Offer is not enhanced.

[2017-05-14 16:17:45 #4 type] 
Type domain.Users is not enhanced.

[2017-05-14 16:17:45 #5 type] 
Type domain.Client is not enhanced.

[2017-05-14 16:17:45 #6 type] 
Type domain.Owner is not enhanced.

[2017-05-14 16:17:45 #7 type] 
Type domain.Valoracion is not enhanced.

[2017-05-14 16:17:45 #8 type] 
Type domain.Reserva is not enhanced.

------------------------------------------------------------------------------------------------------------------------

[2017-05-14 16:21:05 #1 store] 
Database 'G:\Informatika\4 curso\Ingenieria del software\RuralHouses\resources\ruralHouses.odb' has been recovered (tr. 689-689)

[2017-05-14 16:21:05 #2 store] 
Database 'G:\Informatika\4 curso\Ingenieria del software\RuralHouses\resources\ruralHouses.odb' is opened by 14476@ASIER

[2017-05-14 16:21:05 #3 type] 
Type domain.RuralHouse is not enhanced.

[2017-05-14 16:21:05 #4 type] 
Type domain.Offer is not enhanced.

[2017-05-14 16:21:05 #5 type] 
Type domain.Users is not enhanced.

[2017-05-14 16:21:05 #6 type] 
Type domain.Client is not enhanced.

[2017-05-14 16:21:05 #7 type] 
Type domain.Owner is not enhanced.

[2017-05-14 16:21:05 #8 type] 
Type domain.Valoracion is not enhanced.

[2017-05-14 16:21:05 #9 type] 
Type domain.Reserva is not enhanced.

------------------------------------------------------------------------------------------------------------------------

[2017-05-14 16:23:25 #1 store] 
Database 'G:\Informatika\4 curso\Ingenieria del software\RuralHouses\resources\ruralHouses.odb' has been recovered (tr. 690-692)

[2017-05-14 16:23:26 #2 store] 
Database 'G:\Informatika\4 curso\Ingenieria del software\RuralHouses\resources\ruralHouses.odb' is opened by 4320@ASIER

[2017-05-14 16:23:26 #3 type] 
Type domain.RuralHouse is not enhanced.

[2017-05-14 16:23:26 #4 type] 
Type domain.Offer is not enhanced.

[2017-05-14 16:23:26 #5 type] 
Type domain.Users is not enhanced.

[2017-05-14 16:23:26 #6 type] 
Type domain.Client is not enhanced.

[2017-05-14 16:23:26 #7 type] 
Type domain.Owner is not enhanced.

[2017-05-14 16:23:26 #8 type] 
Type domain.Valoracion is not enhanced.

[2017-05-14 16:23:26 #9 type] 
Type domain.Reserva is not enhanced.

------------------------------------------------------------------------------------------------------------------------

[2017-05-14 16:26:58 #1 store] 
Database 'G:\Informatika\4 curso\Ingenieria del software\RuralHouses\resources\ruralHouses.odb' is opened by 5836@ASIER

[2017-05-14 16:26:58 #2 type] 
Type domain.RuralHouse is not enhanced.

[2017-05-14 16:26:58 #3 type] 
Type domain.Offer is not enhanced.

[2017-05-14 16:26:58 #4 type] 
Type domain.Users is not enhanced.

[2017-05-14 16:26:58 #5 type] 
Type domain.Client is not enhanced.

[2017-05-14 16:26:58 #6 type] 
Type domain.Owner is not enhanced.

[2017-05-14 16:26:58 #7 type] 
Type domain.Valoracion is not enhanced.

[2017-05-14 16:26:58 #8 type] 
Type domain.Reserva is not enhanced.

------------------------------------------------------------------------------------------------------------------------

[2017-05-14 16:31:11 #1 store] 
Database 'G:\Informatika\4 curso\Ingenieria del software\RuralHouses\resources\ruralHouses.odb' is opened by 468@ASIER

[2017-05-14 16:31:12 #2 type] 
Type domain.RuralHouse is not enhanced.

[2017-05-14 16:31:12 #3 type] 
Type domain.Offer is not enhanced.

[2017-05-14 16:31:12 #4 type] 
Type domain.Users is not enhanced.

[2017-05-14 16:31:12 #5 type] 
Type domain.Client is not enhanced.

[2017-05-14 16:31:12 #6 type] 
Type domain.Owner is not enhanced.

[2017-05-14 16:31:12 #7 type] 
Type domain.Valoracion is not enhanced.

[2017-05-14 16:31:12 #8 type] 
Type domain.Reserva is not enhanced.

------------------------------------------------------------------------------------------------------------------------

[2017-05-14 16:33:44 #1 store] 
Database 'G:\Informatika\4 curso\Ingenieria del software\RuralHouses\resources\ruralHouses.odb' has been recovered (tr. 699-699)

[2017-05-14 16:33:44 #2 store] 
Database 'G:\Informatika\4 curso\Ingenieria del software\RuralHouses\resources\ruralHouses.odb' is opened by 6880@ASIER

[2017-05-14 16:33:44 #3 type] 
Type domain.RuralHouse is not enhanced.

[2017-05-14 16:33:44 #4 type] 
Type domain.Offer is not enhanced.

[2017-05-14 16:33:44 #5 type] 
Type domain.Users is not enhanced.

[2017-05-14 16:33:44 #6 type] 
Type domain.Client is not enhanced.

[2017-05-14 16:33:44 #7 type] 
Type domain.Owner is not enhanced.

[2017-05-14 16:33:44 #8 type] 
Type domain.Valoracion is not enhanced.

[2017-05-14 16:33:44 #9 type] 
Type domain.Reserva is not enhanced.

------------------------------------------------------------------------------------------------------------------------

[2017-05-14 16:35:15 #1 store] 
Database 'G:\Informatika\4 curso\Ingenieria del software\RuralHouses\resources\ruralHouses.odb' has been recovered (tr. 700-701)

[2017-05-14 16:35:15 #2 store] 
Database 'G:\Informatika\4 curso\Ingenieria del software\RuralHouses\resources\ruralHouses.odb' is opened by 4996@ASIER

[2017-05-14 16:35:16 #3 type] 
Type domain.RuralHouse is not enhanced.

[2017-05-14 16:35:16 #4 type] 
Type domain.Offer is not enhanced.

[2017-05-14 16:35:16 #5 type] 
Type domain.Users is not enhanced.

[2017-05-14 16:35:16 #6 type] 
Type domain.Client is not enhanced.

[2017-05-14 16:35:16 #7 type] 
Type domain.Owner is not enhanced.

[2017-05-14 16:35:16 #8 type] 
Type domain.Valoracion is not enhanced.

[2017-05-14 16:35:16 #9 type] 
Type domain.Reserva is not enhanced.

------------------------------------------------------------------------------------------------------------------------

[2017-05-14 16:36:59 #1 store] 
Database 'G:\Informatika\4 curso\Ingenieria del software\RuralHouses\resources\ruralHouses.odb' is opened by 9008@ASIER

[2017-05-14 16:36:59 #2 type] 
Type domain.RuralHouse is not enhanced.

[2017-05-14 16:36:59 #3 type] 
Type domain.Offer is not enhanced.

[2017-05-14 16:36:59 #4 type] 
Type domain.Users is not enhanced.

[2017-05-14 16:36:59 #5 type] 
Type domain.Client is not enhanced.

[2017-05-14 16:36:59 #6 type] 
Type domain.Owner is not enhanced.

[2017-05-14 16:36:59 #7 type] 
Type domain.Valoracion is not enhanced.

[2017-05-14 16:36:59 #8 type] 
Type domain.Reserva is not enhanced.

------------------------------------------------------------------------------------------------------------------------

[2017-05-14 16:41:36 #1 store] 
Database 'G:\Informatika\4 curso\Ingenieria del software\RuralHouses\resources\ruralHouses.odb' has been recovered (tr. 702-703)

[2017-05-14 16:41:36 #2 store] 
Database 'G:\Informatika\4 curso\Ingenieria del software\RuralHouses\resources\ruralHouses.odb' is opened by 10488@ASIER

[2017-05-14 16:41:36 #3 type] 
Type domain.RuralHouse is not enhanced.

[2017-05-14 16:41:36 #4 type] 
Type domain.Offer is not enhanced.

[2017-05-14 16:41:36 #5 type] 
Type domain.Users is not enhanced.

[2017-05-14 16:41:36 #6 type] 
Type domain.Client is not enhanced.

[2017-05-14 16:41:36 #7 type] 
Type domain.Owner is not enhanced.

[2017-05-14 16:41:36 #8 type] 
Type domain.Valoracion is not enhanced.

[2017-05-14 16:41:36 #9 type] 
Type domain.Reserva is not enhanced.

------------------------------------------------------------------------------------------------------------------------

[2017-05-14 16:46:48 #1 store] 
Database 'G:\Informatika\4 curso\Ingenieria del software\RuralHouses\resources\ruralHouses.odb' has been recovered (tr. 704-704)

[2017-05-14 16:46:48 #2 store] 
Database 'G:\Informatika\4 curso\Ingenieria del software\RuralHouses\resources\ruralHouses.odb' is opened by 13296@ASIER

[2017-05-14 16:46:49 #3 type] 
Type domain.RuralHouse is not enhanced.

[2017-05-14 16:46:49 #4 type] 
Type domain.Offer is not enhanced.

[2017-05-14 16:46:49 #5 type] 
Type domain.Users is not enhanced.

[2017-05-14 16:46:49 #6 type] 
Type domain.Client is not enhanced.

[2017-05-14 16:46:49 #7 type] 
Type domain.Owner is not enhanced.

[2017-05-14 16:46:49 #8 type] 
Type domain.Valoracion is not enhanced.

[2017-05-14 16:46:49 #9 type] 
Type domain.Reserva is not enhanced.

------------------------------------------------------------------------------------------------------------------------

[2017-05-14 16:55:33 #1 store] 
Database 'G:\Informatika\4 curso\Ingenieria del software\RuralHouses\resources\ruralHouses.odb' is opened by 3188@ASIER

[2017-05-14 16:55:33 #2 type] 
Type domain.RuralHouse is not enhanced.

[2017-05-14 16:55:33 #3 type] 
Type domain.Offer is not enhanced.

[2017-05-14 16:55:33 #4 type] 
Type domain.Users is not enhanced.

[2017-05-14 16:55:33 #5 type] 
Type domain.Client is not enhanced.

[2017-05-14 16:55:33 #6 type] 
Type domain.Owner is not enhanced.

[2017-05-14 16:55:33 #7 type] 
Type domain.Valoracion is not enhanced.

[2017-05-14 16:55:33 #8 type] 
Type domain.Reserva is not enhanced.

------------------------------------------------------------------------------------------------------------------------

[2017-05-14 16:57:36 #1 store] 
Database 'G:\Informatika\4 curso\Ingenieria del software\RuralHouses\resources\ruralHouses.odb' is opened by 14436@ASIER

[2017-05-14 16:57:36 #2 type] 
Type domain.RuralHouse is not enhanced.

[2017-05-14 16:57:36 #3 type] 
Type domain.Offer is not enhanced.

[2017-05-14 16:57:36 #4 type] 
Type domain.Users is not enhanced.

[2017-05-14 16:57:36 #5 type] 
Type domain.Client is not enhanced.

[2017-05-14 16:57:36 #6 type] 
Type domain.Owner is not enhanced.

[2017-05-14 16:57:36 #7 type] 
Type domain.Valoracion is not enhanced.

[2017-05-14 16:57:36 #8 type] 
Type domain.Reserva is not enhanced.

------------------------------------------------------------------------------------------------------------------------

[2017-05-14 16:58:10 #1 store] 
Database 'G:\Informatika\4 curso\Ingenieria del software\RuralHouses\resources\ruralHouses.odb' is opened by 7176@ASIER

[2017-05-14 16:58:10 #2 type] 
Type domain.RuralHouse is not enhanced.

[2017-05-14 16:58:10 #3 type] 
Type domain.Offer is not enhanced.

[2017-05-14 16:58:10 #4 type] 
Type domain.Users is not enhanced.

[2017-05-14 16:58:10 #5 type] 
Type domain.Client is not enhanced.

[2017-05-14 16:58:10 #6 type] 
Type domain.Owner is not enhanced.

[2017-05-14 16:58:11 #7 type] 
Type domain.Valoracion is not enhanced.

[2017-05-14 16:58:11 #8 type] 
Type domain.Reserva is not enhanced.

------------------------------------------------------------------------------------------------------------------------

[2017-05-14 16:59:18 #1 store] 
Database 'G:\Informatika\4 curso\Ingenieria del software\RuralHouses\resources\ruralHouses.odb' has been recovered (tr. 739-739)

[2017-05-14 16:59:18 #2 store] 
Database 'G:\Informatika\4 curso\Ingenieria del software\RuralHouses\resources\ruralHouses.odb' is opened by 12072@ASIER

[2017-05-14 16:59:18 #3 type] 
Type domain.RuralHouse is not enhanced.

[2017-05-14 16:59:18 #4 type] 
Type domain.Offer is not enhanced.

[2017-05-14 16:59:18 #5 type] 
Type domain.Users is not enhanced.

[2017-05-14 16:59:18 #6 type] 
Type domain.Client is not enhanced.

[2017-05-14 16:59:18 #7 type] 
Type domain.Owner is not enhanced.

[2017-05-14 16:59:18 #8 type] 
Type domain.Valoracion is not enhanced.

[2017-05-14 16:59:18 #9 type] 
Type domain.Reserva is not enhanced.

------------------------------------------------------------------------------------------------------------------------

[2017-05-14 16:59:55 #1 store] 
Database 'G:\Informatika\4 curso\Ingenieria del software\RuralHouses\resources\ruralHouses.odb' is opened by 10296@ASIER

[2017-05-14 16:59:55 #2 type] 
Type domain.RuralHouse is not enhanced.

[2017-05-14 16:59:55 #3 type] 
Type domain.Offer is not enhanced.

[2017-05-14 16:59:55 #4 type] 
Type domain.Users is not enhanced.

[2017-05-14 16:59:55 #5 type] 
Type domain.Client is not enhanced.

[2017-05-14 16:59:55 #6 type] 
Type domain.Owner is not enhanced.

[2017-05-14 16:59:55 #7 type] 
Type domain.Valoracion is not enhanced.

[2017-05-14 16:59:55 #8 type] 
Type domain.Reserva is not enhanced.

------------------------------------------------------------------------------------------------------------------------

[2017-05-14 17:00:32 #1 store] 
Database 'G:\Informatika\4 curso\Ingenieria del software\RuralHouses\resources\ruralHouses.odb' is opened by 6224@ASIER

[2017-05-14 17:00:32 #2 type] 
Type domain.RuralHouse is not enhanced.

[2017-05-14 17:00:32 #3 type] 
Type domain.Offer is not enhanced.

[2017-05-14 17:00:32 #4 type] 
Type domain.Users is not enhanced.

[2017-05-14 17:00:32 #5 type] 
Type domain.Client is not enhanced.

[2017-05-14 17:00:32 #6 type] 
Type domain.Owner is not enhanced.

[2017-05-14 17:00:32 #7 type] 
Type domain.Valoracion is not enhanced.

[2017-05-14 17:00:32 #8 type] 
Type domain.Reserva is not enhanced.

------------------------------------------------------------------------------------------------------------------------

[2017-05-14 17:01:54 #1 store] 
Database 'G:\Informatika\4 curso\Ingenieria del software\RuralHouses\resources\ruralHouses.odb' is opened by 11144@ASIER

[2017-05-14 17:01:54 #2 type] 
Type domain.RuralHouse is not enhanced.

[2017-05-14 17:01:54 #3 type] 
Type domain.Offer is not enhanced.

[2017-05-14 17:01:54 #4 type] 
Type domain.Users is not enhanced.

[2017-05-14 17:01:54 #5 type] 
Type domain.Client is not enhanced.

[2017-05-14 17:01:54 #6 type] 
Type domain.Owner is not enhanced.

[2017-05-14 17:01:54 #7 type] 
Type domain.Valoracion is not enhanced.

[2017-05-14 17:01:54 #8 type] 
Type domain.Reserva is not enhanced.

------------------------------------------------------------------------------------------------------------------------

[2017-05-14 17:04:48 #1 store] 
Database 'G:\Informatika\4 curso\Ingenieria del software\RuralHouses\resources\ruralHouses.odb' is opened by 468@ASIER

[2017-05-14 17:04:48 #2 type] 
Type domain.RuralHouse is not enhanced.

[2017-05-14 17:04:48 #3 type] 
Type domain.Offer is not enhanced.

[2017-05-14 17:04:48 #4 type] 
Type domain.Users is not enhanced.

[2017-05-14 17:04:48 #5 type] 
Type domain.Client is not enhanced.

[2017-05-14 17:04:48 #6 type] 
Type domain.Owner is not enhanced.

[2017-05-14 17:04:48 #7 type] 
Type domain.Valoracion is not enhanced.

[2017-05-14 17:04:48 #8 type] 
Type domain.Reserva is not enhanced.

------------------------------------------------------------------------------------------------------------------------

[2017-05-14 17:06:19 #1 store] 
Database 'G:\Informatika\4 curso\Ingenieria del software\RuralHouses\resources\ruralHouses.odb' has been recovered (tr. 740-740)

[2017-05-14 17:06:19 #2 store] 
Database 'G:\Informatika\4 curso\Ingenieria del software\RuralHouses\resources\ruralHouses.odb' is opened by 948@ASIER

[2017-05-14 17:06:19 #3 type] 
Type domain.RuralHouse is not enhanced.

[2017-05-14 17:06:19 #4 type] 
Type domain.Offer is not enhanced.

[2017-05-14 17:06:19 #5 type] 
Type domain.Users is not enhanced.

[2017-05-14 17:06:19 #6 type] 
Type domain.Client is not enhanced.

[2017-05-14 17:06:19 #7 type] 
Type domain.Owner is not enhanced.

[2017-05-14 17:06:19 #8 type] 
Type domain.Valoracion is not enhanced.

[2017-05-14 17:06:19 #9 type] 
Type domain.Reserva is not enhanced.

------------------------------------------------------------------------------------------------------------------------

[2017-05-14 17:17:05 #1 store] 
Database 'G:\Informatika\4 curso\Ingenieria del software\RuralHouses\resources\ruralHouses.odb' is opened by 1032@ASIER

[2017-05-14 17:17:05 #2 type] 
Type domain.RuralHouse is not enhanced.

[2017-05-14 17:17:05 #3 type] 
Type domain.Offer is not enhanced.

[2017-05-14 17:17:05 #4 type] 
Type domain.Users is not enhanced.

[2017-05-14 17:17:05 #5 type] 
Type domain.Client is not enhanced.

[2017-05-14 17:17:05 #6 type] 
Type domain.Owner is not enhanced.

[2017-05-14 17:17:05 #7 type] 
Type domain.Valoracion is not enhanced.

[2017-05-14 17:17:05 #8 type] 
Type domain.Reserva is not enhanced.

------------------------------------------------------------------------------------------------------------------------

[2017-05-14 17:28:41 #1 store] 
Database 'G:\Informatika\4 curso\Ingenieria del software\RuralHouses\resources\ruralHouses.odb' has been recovered (tr. 742-744)

[2017-05-14 17:28:41 #2 store] 
Database 'G:\Informatika\4 curso\Ingenieria del software\RuralHouses\resources\ruralHouses.odb' is opened by 7508@ASIER

[2017-05-14 17:28:41 #3 type] 
Type domain.RuralHouse is not enhanced.

[2017-05-14 17:28:41 #4 type] 
Type domain.Offer is not enhanced.

[2017-05-14 17:28:41 #5 type] 
Type domain.Users is not enhanced.

[2017-05-14 17:28:41 #6 type] 
Type domain.Client is not enhanced.

[2017-05-14 17:28:41 #7 type] 
Type domain.Owner is not enhanced.

[2017-05-14 17:28:41 #8 type] 
Type domain.Valoracion is not enhanced.

[2017-05-14 17:28:41 #9 type] 
Type domain.Reserva is not enhanced.

------------------------------------------------------------------------------------------------------------------------

[2017-05-14 17:40:32 #1 store] 
Database 'G:\Informatika\4 curso\Ingenieria del software\RuralHouses\resources\ruralHouses.odb' is opened by 8740@ASIER

[2017-05-14 17:40:32 #2 type] 
Type domain.RuralHouse is not enhanced.

[2017-05-14 17:40:32 #3 type] 
Type domain.Offer is not enhanced.

[2017-05-14 17:40:32 #4 type] 
Type domain.Users is not enhanced.

[2017-05-14 17:40:32 #5 type] 
Type domain.Client is not enhanced.

[2017-05-14 17:40:32 #6 type] 
Type domain.Owner is not enhanced.

[2017-05-14 17:40:32 #7 type] 
Type domain.Valoracion is not enhanced.

[2017-05-14 17:40:32 #8 type] 
Type domain.Reserva is not enhanced.

------------------------------------------------------------------------------------------------------------------------

[2017-05-14 17:41:22 #1 store] 
Database 'G:\Informatika\4 curso\Ingenieria del software\RuralHouses\resources\ruralHouses.odb' has been recovered (tr. 758-760)

[2017-05-14 17:41:22 #2 store] 
Database 'G:\Informatika\4 curso\Ingenieria del software\RuralHouses\resources\ruralHouses.odb' is opened by 14124@ASIER

[2017-05-14 17:41:22 #3 type] 
Type domain.RuralHouse is not enhanced.

[2017-05-14 17:41:22 #4 type] 
Type domain.Offer is not enhanced.

[2017-05-14 17:41:22 #5 type] 
Type domain.Users is not enhanced.

[2017-05-14 17:41:22 #6 type] 
Type domain.Client is not enhanced.

[2017-05-14 17:41:22 #7 type] 
Type domain.Owner is not enhanced.

[2017-05-14 17:41:22 #8 type] 
Type domain.Valoracion is not enhanced.

[2017-05-14 17:41:22 #9 type] 
Type domain.Reserva is not enhanced.

------------------------------------------------------------------------------------------------------------------------

[2017-05-14 17:50:47 #1 store] 
Database 'G:\Informatika\4 curso\Ingenieria del software\RuralHouses\resources\ruralHouses.odb' has been recovered (tr. 761-767)

[2017-05-14 17:50:47 #2 store] 
Database 'G:\Informatika\4 curso\Ingenieria del software\RuralHouses\resources\ruralHouses.odb' is opened by 3076@ASIER

[2017-05-14 17:50:48 #3 type] 
Type domain.RuralHouse is not enhanced.

[2017-05-14 17:50:48 #4 type] 
Type domain.Offer is not enhanced.

[2017-05-14 17:50:48 #5 type] 
Type domain.Users is not enhanced.

[2017-05-14 17:50:48 #6 type] 
Type domain.Client is not enhanced.

[2017-05-14 17:50:48 #7 type] 
Type domain.Owner is not enhanced.

[2017-05-14 17:50:48 #8 type] 
Type domain.Valoracion is not enhanced.

[2017-05-14 17:50:48 #9 type] 
Type domain.Reserva is not enhanced.

