------------------------------------------------------------------------------------------------------------------------

[2017-05-10 09:29:44 #1 store] 
Database 'G:\Informatika\4 curso\Ingenieria del software\RuralHouses\resources\ruralHouses.odb' is opened by 3832@ASIER

[2017-05-10 09:29:44 #2 type] 
Type domain.RuralHouse is not enhanced.

[2017-05-10 09:29:44 #3 type] 
Type domain.Offer is not enhanced.

[2017-05-10 09:29:44 #4 type] 
Type domain.Users is not enhanced.

[2017-05-10 09:29:44 #5 type] 
Type domain.Client is not enhanced.

[2017-05-10 09:29:44 #6 type] 
Type domain.Owner is not enhanced.

[2017-05-10 09:29:44 #7 type] 
Type domain.Valoracion is not enhanced.

------------------------------------------------------------------------------------------------------------------------

[2017-05-10 09:35:00 #1 store] 
Database 'G:\Informatika\4 curso\Ingenieria del software\RuralHouses\resources\ruralHouses.odb' is opened by 12984@ASIER

[2017-05-10 09:35:00 #2 type] 
Type domain.RuralHouse is not enhanced.

[2017-05-10 09:35:00 #3 type] 
Type domain.Offer is not enhanced.

[2017-05-10 09:35:00 #4 type] 
Type domain.Users is not enhanced.

[2017-05-10 09:35:00 #5 type] 
Type domain.Client is not enhanced.

[2017-05-10 09:35:00 #6 type] 
Type domain.Owner is not enhanced.

[2017-05-10 09:35:00 #7 type] 
Type domain.Valoracion is not enhanced.

------------------------------------------------------------------------------------------------------------------------

[2017-05-10 09:39:33 #1 store] 
Database 'G:\Informatika\4 curso\Ingenieria del software\RuralHouses\resources\ruralHouses.odb' is opened by 7204@ASIER

[2017-05-10 09:39:33 #2 type] 
Type domain.RuralHouse is not enhanced.

[2017-05-10 09:39:33 #3 type] 
Type domain.Offer is not enhanced.

[2017-05-10 09:39:33 #4 type] 
Type domain.Users is not enhanced.

[2017-05-10 09:39:33 #5 type] 
Type domain.Client is not enhanced.

[2017-05-10 09:39:33 #6 type] 
Type domain.Owner is not enhanced.

[2017-05-10 09:39:33 #7 type] 
Type domain.Valoracion is not enhanced.

------------------------------------------------------------------------------------------------------------------------

[2017-05-10 09:42:10 #1 store] 
Database 'G:\Informatika\4 curso\Ingenieria del software\RuralHouses\resources\ruralHouses.odb' is opened by 8072@ASIER

[2017-05-10 09:42:10 #2 type] 
Type domain.RuralHouse is not enhanced.

[2017-05-10 09:42:10 #3 type] 
Type domain.Offer is not enhanced.

[2017-05-10 09:42:10 #4 type] 
Type domain.Users is not enhanced.

[2017-05-10 09:42:10 #5 type] 
Type domain.Client is not enhanced.

[2017-05-10 09:42:10 #6 type] 
Type domain.Owner is not enhanced.

[2017-05-10 09:42:10 #7 type] 
Type domain.Valoracion is not enhanced.

------------------------------------------------------------------------------------------------------------------------

[2017-05-10 09:43:36 #1 store] 
Database 'G:\Informatika\4 curso\Ingenieria del software\RuralHouses\resources\ruralHouses.odb' is opened by 10232@ASIER

[2017-05-10 09:43:36 #2 type] 
Type domain.RuralHouse is not enhanced.

[2017-05-10 09:43:36 #3 type] 
Type domain.Offer is not enhanced.

[2017-05-10 09:43:36 #4 type] 
Type domain.Users is not enhanced.

[2017-05-10 09:43:36 #5 type] 
Type domain.Client is not enhanced.

[2017-05-10 09:43:36 #6 type] 
Type domain.Owner is not enhanced.

[2017-05-10 09:43:36 #7 type] 
Type domain.Valoracion is not enhanced.

------------------------------------------------------------------------------------------------------------------------

[2017-05-10 09:47:27 #1 store] 
Database 'G:\Informatika\4 curso\Ingenieria del software\RuralHouses\resources\ruralHouses.odb' is opened by 9892@ASIER

[2017-05-10 09:47:27 #2 type] 
Type domain.RuralHouse is not enhanced.

[2017-05-10 09:47:27 #3 type] 
Type domain.Offer is not enhanced.

[2017-05-10 09:47:27 #4 type] 
Type domain.Users is not enhanced.

[2017-05-10 09:47:27 #5 type] 
Type domain.Client is not enhanced.

[2017-05-10 09:47:27 #6 type] 
Type domain.Owner is not enhanced.

[2017-05-10 09:47:27 #7 type] 
Type domain.Valoracion is not enhanced.

------------------------------------------------------------------------------------------------------------------------

[2017-05-10 09:48:38 #1 store] 
Database 'G:\Informatika\4 curso\Ingenieria del software\RuralHouses\resources\ruralHouses.odb' is opened by 5788@ASIER

[2017-05-10 09:48:38 #2 type] 
Type domain.RuralHouse is not enhanced.

[2017-05-10 09:48:38 #3 type] 
Type domain.Offer is not enhanced.

[2017-05-10 09:48:38 #4 type] 
Type domain.Users is not enhanced.

[2017-05-10 09:48:38 #5 type] 
Type domain.Client is not enhanced.

[2017-05-10 09:48:38 #6 type] 
Type domain.Owner is not enhanced.

[2017-05-10 09:48:38 #7 type] 
Type domain.Valoracion is not enhanced.

------------------------------------------------------------------------------------------------------------------------

[2017-05-10 10:07:27 #1 store] 
Database 'G:\Informatika\4 curso\Ingenieria del software\RuralHouses\resources\ruralHouses.odb' is opened by 12872@ASIER

[2017-05-10 10:07:27 #2 type] 
Type domain.RuralHouse is not enhanced.

[2017-05-10 10:07:27 #3 type] 
Type domain.Offer is not enhanced.

[2017-05-10 10:07:27 #4 type] 
Type domain.Users is not enhanced.

[2017-05-10 10:07:27 #5 type] 
Type domain.Client is not enhanced.

[2017-05-10 10:07:27 #6 type] 
Type domain.Owner is not enhanced.

[2017-05-10 10:07:27 #7 type] 
Type domain.Valoracion is not enhanced.

------------------------------------------------------------------------------------------------------------------------

[2017-05-10 10:10:27 #1 store] 
Database 'G:\Informatika\4 curso\Ingenieria del software\RuralHouses\resources\ruralHouses.odb' is opened by 5564@ASIER

[2017-05-10 10:10:27 #2 type] 
Type domain.RuralHouse is not enhanced.

[2017-05-10 10:10:27 #3 type] 
Type domain.Offer is not enhanced.

[2017-05-10 10:10:27 #4 type] 
Type domain.Users is not enhanced.

[2017-05-10 10:10:27 #5 type] 
Type domain.Client is not enhanced.

[2017-05-10 10:10:27 #6 type] 
Type domain.Owner is not enhanced.

[2017-05-10 10:10:27 #7 type] 
Type domain.Valoracion is not enhanced.

------------------------------------------------------------------------------------------------------------------------

[2017-05-10 10:39:13 #1 store] 
Database 'G:\Informatika\4 curso\Ingenieria del software\RuralHouses\resources\ruralHouses.odb' is opened by 14276@ASIER

[2017-05-10 10:39:13 #2 type] 
Type domain.RuralHouse is not enhanced.

[2017-05-10 10:39:13 #3 type] 
Type domain.Offer is not enhanced.

[2017-05-10 10:39:13 #4 type] 
Type domain.Users is not enhanced.

[2017-05-10 10:39:13 #5 type] 
Type domain.Client is not enhanced.

[2017-05-10 10:39:13 #6 type] 
Type domain.Owner is not enhanced.

[2017-05-10 10:39:13 #7 type] 
Type domain.Valoracion is not enhanced.

------------------------------------------------------------------------------------------------------------------------

[2017-05-10 10:40:45 #1 store] 
Database 'G:\Informatika\4 curso\Ingenieria del software\RuralHouses\resources\ruralHouses.odb' is opened by 14488@ASIER

[2017-05-10 10:40:45 #2 type] 
Type domain.RuralHouse is not enhanced.

[2017-05-10 10:40:45 #3 type] 
Type domain.Offer is not enhanced.

[2017-05-10 10:40:45 #4 type] 
Type domain.Users is not enhanced.

[2017-05-10 10:40:45 #5 type] 
Type domain.Client is not enhanced.

[2017-05-10 10:40:45 #6 type] 
Type domain.Owner is not enhanced.

[2017-05-10 10:40:45 #7 type] 
Type domain.Valoracion is not enhanced.

------------------------------------------------------------------------------------------------------------------------

[2017-05-10 11:14:58 #1 store] 
Database 'G:\Informatika\4 curso\Ingenieria del software\RuralHouses\resources\ruralHouses.odb' is opened by 4364@ASIER

[2017-05-10 11:14:58 #2 type] 
Type domain.RuralHouse is not enhanced.

[2017-05-10 11:14:58 #3 type] 
Type domain.Offer is not enhanced.

[2017-05-10 11:14:58 #4 type] 
Type domain.Users is not enhanced.

[2017-05-10 11:14:58 #5 type] 
Type domain.Client is not enhanced.

[2017-05-10 11:14:58 #6 type] 
Type domain.Owner is not enhanced.

[2017-05-10 11:14:58 #7 type] 
Type domain.Valoracion is not enhanced.

------------------------------------------------------------------------------------------------------------------------

[2017-05-10 11:17:46 #1 store] 
Database 'G:\Informatika\4 curso\Ingenieria del software\RuralHouses\resources\ruralHouses.odb' is opened by 8372@ASIER

[2017-05-10 11:17:46 #2 type] 
Type domain.RuralHouse is not enhanced.

[2017-05-10 11:17:46 #3 type] 
Type domain.Offer is not enhanced.

[2017-05-10 11:17:46 #4 type] 
Type domain.Users is not enhanced.

[2017-05-10 11:17:46 #5 type] 
Type domain.Client is not enhanced.

[2017-05-10 11:17:46 #6 type] 
Type domain.Owner is not enhanced.

[2017-05-10 11:17:46 #7 type] 
Type domain.Valoracion is not enhanced.

------------------------------------------------------------------------------------------------------------------------

[2017-05-10 11:21:43 #1 store] 
Database 'G:\Informatika\4 curso\Ingenieria del software\RuralHouses\resources\ruralHouses.odb' is opened by 10800@ASIER

[2017-05-10 11:21:43 #2 type] 
Type domain.RuralHouse is not enhanced.

[2017-05-10 11:21:43 #3 type] 
Type domain.Offer is not enhanced.

[2017-05-10 11:21:43 #4 type] 
Type domain.Users is not enhanced.

[2017-05-10 11:21:43 #5 type] 
Type domain.Client is not enhanced.

[2017-05-10 11:21:43 #6 type] 
Type domain.Owner is not enhanced.

[2017-05-10 11:21:43 #7 type] 
Type domain.Valoracion is not enhanced.

------------------------------------------------------------------------------------------------------------------------

[2017-05-10 11:23:47 #1 store] 
Database 'G:\Informatika\4 curso\Ingenieria del software\RuralHouses\resources\ruralHouses.odb' is opened by 11884@ASIER

[2017-05-10 11:23:47 #2 type] 
Type domain.RuralHouse is not enhanced.

[2017-05-10 11:23:47 #3 type] 
Type domain.Offer is not enhanced.

[2017-05-10 11:23:47 #4 type] 
Type domain.Users is not enhanced.

[2017-05-10 11:23:47 #5 type] 
Type domain.Client is not enhanced.

[2017-05-10 11:23:47 #6 type] 
Type domain.Owner is not enhanced.

[2017-05-10 11:23:47 #7 type] 
Type domain.Valoracion is not enhanced.

------------------------------------------------------------------------------------------------------------------------

[2017-05-10 11:26:02 #1 store] 
Database 'G:\Informatika\4 curso\Ingenieria del software\RuralHouses\resources\ruralHouses.odb' is opened by 9212@ASIER

[2017-05-10 11:26:02 #2 type] 
Type domain.RuralHouse is not enhanced.

[2017-05-10 11:26:02 #3 type] 
Type domain.Offer is not enhanced.

[2017-05-10 11:26:02 #4 type] 
Type domain.Users is not enhanced.

[2017-05-10 11:26:02 #5 type] 
Type domain.Client is not enhanced.

[2017-05-10 11:26:02 #6 type] 
Type domain.Owner is not enhanced.

[2017-05-10 11:26:02 #7 type] 
Type domain.Valoracion is not enhanced.

------------------------------------------------------------------------------------------------------------------------

[2017-05-10 11:26:44 #1 store] 
Database 'G:\Informatika\4 curso\Ingenieria del software\RuralHouses\resources\ruralHouses.odb' is opened by 11328@ASIER

[2017-05-10 11:26:44 #2 type] 
Type domain.RuralHouse is not enhanced.

[2017-05-10 11:26:44 #3 type] 
Type domain.Offer is not enhanced.

[2017-05-10 11:26:44 #4 type] 
Type domain.Users is not enhanced.

[2017-05-10 11:26:44 #5 type] 
Type domain.Client is not enhanced.

[2017-05-10 11:26:44 #6 type] 
Type domain.Owner is not enhanced.

[2017-05-10 11:26:44 #7 type] 
Type domain.Valoracion is not enhanced.

------------------------------------------------------------------------------------------------------------------------

[2017-05-10 11:29:38 #1 store] 
Database 'G:\Informatika\4 curso\Ingenieria del software\RuralHouses\resources\ruralHouses.odb' is opened by 7208@ASIER

[2017-05-10 11:29:38 #2 type] 
Type domain.RuralHouse is not enhanced.

[2017-05-10 11:29:38 #3 type] 
Type domain.Offer is not enhanced.

[2017-05-10 11:29:38 #4 type] 
Type domain.Users is not enhanced.

[2017-05-10 11:29:38 #5 type] 
Type domain.Client is not enhanced.

[2017-05-10 11:29:38 #6 type] 
Type domain.Owner is not enhanced.

[2017-05-10 11:29:38 #7 type] 
Type domain.Valoracion is not enhanced.

------------------------------------------------------------------------------------------------------------------------

[2017-05-10 11:31:15 #1 store] 
Database 'G:\Informatika\4 curso\Ingenieria del software\RuralHouses\resources\ruralHouses.odb' is opened by 14664@ASIER

[2017-05-10 11:31:15 #2 type] 
Type domain.RuralHouse is not enhanced.

[2017-05-10 11:31:15 #3 type] 
Type domain.Offer is not enhanced.

[2017-05-10 11:31:15 #4 type] 
Type domain.Users is not enhanced.

[2017-05-10 11:31:15 #5 type] 
Type domain.Client is not enhanced.

[2017-05-10 11:31:15 #6 type] 
Type domain.Owner is not enhanced.

[2017-05-10 11:31:15 #7 type] 
Type domain.Valoracion is not enhanced.

------------------------------------------------------------------------------------------------------------------------

[2017-05-10 11:32:21 #1 store] 
Database 'G:\Informatika\4 curso\Ingenieria del software\RuralHouses\resources\ruralHouses.odb' is opened by 14448@ASIER

[2017-05-10 11:32:22 #2 type] 
Type domain.RuralHouse is not enhanced.

[2017-05-10 11:32:22 #3 type] 
Type domain.Offer is not enhanced.

[2017-05-10 11:32:22 #4 type] 
Type domain.Users is not enhanced.

[2017-05-10 11:32:22 #5 type] 
Type domain.Client is not enhanced.

[2017-05-10 11:32:22 #6 type] 
Type domain.Owner is not enhanced.

[2017-05-10 11:32:22 #7 type] 
Type domain.Valoracion is not enhanced.

------------------------------------------------------------------------------------------------------------------------

[2017-05-10 11:33:21 #1 store] 
Database 'G:\Informatika\4 curso\Ingenieria del software\RuralHouses\resources\ruralHouses.odb' is opened by 6896@ASIER

[2017-05-10 11:33:21 #2 type] 
Type domain.RuralHouse is not enhanced.

[2017-05-10 11:33:21 #3 type] 
Type domain.Offer is not enhanced.

[2017-05-10 11:33:21 #4 type] 
Type domain.Users is not enhanced.

[2017-05-10 11:33:21 #5 type] 
Type domain.Client is not enhanced.

[2017-05-10 11:33:21 #6 type] 
Type domain.Owner is not enhanced.

[2017-05-10 11:33:21 #7 type] 
Type domain.Valoracion is not enhanced.

------------------------------------------------------------------------------------------------------------------------

[2017-05-10 11:37:14 #1 store] 
Database 'G:\Informatika\4 curso\Ingenieria del software\RuralHouses\resources\ruralHouses.odb' is opened by 5532@ASIER

[2017-05-10 11:37:14 #2 type] 
Type domain.RuralHouse is not enhanced.

[2017-05-10 11:37:14 #3 type] 
Type domain.Offer is not enhanced.

[2017-05-10 11:37:14 #4 type] 
Type domain.Users is not enhanced.

[2017-05-10 11:37:14 #5 type] 
Type domain.Client is not enhanced.

[2017-05-10 11:37:14 #6 type] 
Type domain.Owner is not enhanced.

[2017-05-10 11:37:14 #7 type] 
Type domain.Valoracion is not enhanced.

------------------------------------------------------------------------------------------------------------------------

[2017-05-10 11:38:10 #1 store] 
Database 'G:\Informatika\4 curso\Ingenieria del software\RuralHouses\resources\ruralHouses.odb' is opened by 5276@ASIER

[2017-05-10 11:38:11 #2 type] 
Type domain.RuralHouse is not enhanced.

[2017-05-10 11:38:11 #3 type] 
Type domain.Offer is not enhanced.

[2017-05-10 11:38:11 #4 type] 
Type domain.Users is not enhanced.

[2017-05-10 11:38:11 #5 type] 
Type domain.Client is not enhanced.

[2017-05-10 11:38:11 #6 type] 
Type domain.Owner is not enhanced.

[2017-05-10 11:38:11 #7 type] 
Type domain.Valoracion is not enhanced.

------------------------------------------------------------------------------------------------------------------------

[2017-05-10 11:55:14 #1 store] 
Database 'G:\Informatika\4 curso\Ingenieria del software\RuralHouses\resources\ruralHouses.odb' is opened by 13952@ASIER

[2017-05-10 11:55:14 #2 type] 
Type domain.RuralHouse is not enhanced.

[2017-05-10 11:55:14 #3 type] 
Type domain.Offer is not enhanced.

[2017-05-10 11:55:14 #4 type] 
Type domain.Users is not enhanced.

[2017-05-10 11:55:14 #5 type] 
Type domain.Client is not enhanced.

[2017-05-10 11:55:14 #6 type] 
Type domain.Owner is not enhanced.

[2017-05-10 11:55:14 #7 type] 
Type domain.Valoracion is not enhanced.

------------------------------------------------------------------------------------------------------------------------

[2017-05-10 12:04:08 #1 store] 
Database 'G:\Informatika\4 curso\Ingenieria del software\RuralHouses\resources\ruralHouses.odb' is opened by 10896@ASIER

[2017-05-10 12:04:08 #2 type] 
Type domain.RuralHouse is not enhanced.

[2017-05-10 12:04:08 #3 type] 
Type domain.Offer is not enhanced.

[2017-05-10 12:04:08 #4 type] 
Type domain.Users is not enhanced.

[2017-05-10 12:04:08 #5 type] 
Type domain.Client is not enhanced.

[2017-05-10 12:04:08 #6 type] 
Type domain.Owner is not enhanced.

[2017-05-10 12:04:08 #7 type] 
Type domain.Valoracion is not enhanced.

------------------------------------------------------------------------------------------------------------------------

[2017-05-10 12:04:56 #1 store] 
Database 'G:\Informatika\4 curso\Ingenieria del software\RuralHouses\resources\ruralHouses.odb' has been recovered (tr. 499-499)

[2017-05-10 12:04:56 #2 store] 
Database 'G:\Informatika\4 curso\Ingenieria del software\RuralHouses\resources\ruralHouses.odb' is opened by 14656@ASIER

[2017-05-10 12:04:56 #3 type] 
Type domain.RuralHouse is not enhanced.

[2017-05-10 12:04:56 #4 type] 
Type domain.Offer is not enhanced.

[2017-05-10 12:04:56 #5 type] 
Type domain.Users is not enhanced.

[2017-05-10 12:04:56 #6 type] 
Type domain.Client is not enhanced.

[2017-05-10 12:04:56 #7 type] 
Type domain.Owner is not enhanced.

[2017-05-10 12:04:57 #8 type] 
Type domain.Valoracion is not enhanced.

------------------------------------------------------------------------------------------------------------------------

[2017-05-10 12:11:08 #1 store] 
Database 'G:\Informatika\4 curso\Ingenieria del software\RuralHouses\resources\ruralHouses.odb' is opened by 14592@ASIER

[2017-05-10 12:11:08 #2 type] 
Type domain.RuralHouse is not enhanced.

[2017-05-10 12:11:08 #3 type] 
Type domain.Offer is not enhanced.

[2017-05-10 12:11:08 #4 type] 
Type domain.Users is not enhanced.

[2017-05-10 12:11:08 #5 type] 
Type domain.Client is not enhanced.

[2017-05-10 12:11:08 #6 type] 
Type domain.Owner is not enhanced.

[2017-05-10 12:11:08 #7 type] 
Type domain.Valoracion is not enhanced.

------------------------------------------------------------------------------------------------------------------------

[2017-05-10 12:12:14 #1 store] 
Database 'G:\Informatika\4 curso\Ingenieria del software\RuralHouses\resources\ruralHouses.odb' is opened by 5608@ASIER

[2017-05-10 12:12:15 #2 type] 
Type domain.RuralHouse is not enhanced.

[2017-05-10 12:12:15 #3 type] 
Type domain.Offer is not enhanced.

[2017-05-10 12:12:15 #4 type] 
Type domain.Users is not enhanced.

[2017-05-10 12:12:15 #5 type] 
Type domain.Client is not enhanced.

[2017-05-10 12:12:15 #6 type] 
Type domain.Owner is not enhanced.

[2017-05-10 12:12:15 #7 type] 
Type domain.Valoracion is not enhanced.

------------------------------------------------------------------------------------------------------------------------

[2017-05-10 12:16:18 #1 store] 
Database 'G:\Informatika\4 curso\Ingenieria del software\RuralHouses\resources\ruralHouses.odb' is opened by 14328@ASIER

[2017-05-10 12:16:18 #2 type] 
Type domain.RuralHouse is not enhanced.

[2017-05-10 12:16:18 #3 type] 
Type domain.Offer is not enhanced.

[2017-05-10 12:16:18 #4 type] 
Type domain.Users is not enhanced.

[2017-05-10 12:16:18 #5 type] 
Type domain.Client is not enhanced.

[2017-05-10 12:16:18 #6 type] 
Type domain.Owner is not enhanced.

[2017-05-10 12:16:18 #7 type] 
Type domain.Valoracion is not enhanced.

------------------------------------------------------------------------------------------------------------------------

[2017-05-10 12:18:01 #1 store] 
Database 'G:\Informatika\4 curso\Ingenieria del software\RuralHouses\resources\ruralHouses.odb' is opened by 3828@ASIER

[2017-05-10 12:18:01 #2 type] 
Type domain.RuralHouse is not enhanced.

[2017-05-10 12:18:01 #3 type] 
Type domain.Offer is not enhanced.

[2017-05-10 12:18:01 #4 type] 
Type domain.Users is not enhanced.

[2017-05-10 12:18:01 #5 type] 
Type domain.Client is not enhanced.

[2017-05-10 12:18:01 #6 type] 
Type domain.Owner is not enhanced.

[2017-05-10 12:18:01 #7 type] 
Type domain.Valoracion is not enhanced.

------------------------------------------------------------------------------------------------------------------------

[2017-05-10 12:22:42 #1 store] 
Database 'G:\Informatika\4 curso\Ingenieria del software\RuralHouses\resources\ruralHouses.odb' is opened by 1496@ASIER

[2017-05-10 12:22:42 #2 type] 
Type domain.RuralHouse is not enhanced.

[2017-05-10 12:22:42 #3 type] 
Type domain.Offer is not enhanced.

[2017-05-10 12:22:42 #4 type] 
Type domain.Users is not enhanced.

[2017-05-10 12:22:42 #5 type] 
Type domain.Client is not enhanced.

[2017-05-10 12:22:42 #6 type] 
Type domain.Owner is not enhanced.

[2017-05-10 12:22:42 #7 type] 
Type domain.Valoracion is not enhanced.

------------------------------------------------------------------------------------------------------------------------

[2017-05-10 12:24:39 #1 store] 
Database 'G:\Informatika\4 curso\Ingenieria del software\RuralHouses\resources\ruralHouses.odb' is opened by 2312@ASIER

[2017-05-10 12:24:39 #2 type] 
Type domain.RuralHouse is not enhanced.

[2017-05-10 12:24:39 #3 type] 
Type domain.Offer is not enhanced.

[2017-05-10 12:24:39 #4 type] 
Type domain.Users is not enhanced.

[2017-05-10 12:24:39 #5 type] 
Type domain.Client is not enhanced.

[2017-05-10 12:24:39 #6 type] 
Type domain.Owner is not enhanced.

[2017-05-10 12:24:39 #7 type] 
Type domain.Valoracion is not enhanced.

------------------------------------------------------------------------------------------------------------------------

[2017-05-10 12:25:28 #1 store] 
Database 'G:\Informatika\4 curso\Ingenieria del software\RuralHouses\resources\ruralHouses.odb' is opened by 14848@ASIER

[2017-05-10 12:25:28 #2 type] 
Type domain.RuralHouse is not enhanced.

[2017-05-10 12:25:28 #3 type] 
Type domain.Offer is not enhanced.

[2017-05-10 12:25:28 #4 type] 
Type domain.Users is not enhanced.

[2017-05-10 12:25:28 #5 type] 
Type domain.Client is not enhanced.

[2017-05-10 12:25:28 #6 type] 
Type domain.Owner is not enhanced.

[2017-05-10 12:25:28 #7 type] 
Type domain.Valoracion is not enhanced.

------------------------------------------------------------------------------------------------------------------------

[2017-05-10 12:28:54 #1 store] 
Database 'G:\Informatika\4 curso\Ingenieria del software\RuralHouses\resources\ruralHouses.odb' is opened by 14872@ASIER

[2017-05-10 12:28:54 #2 type] 
Type domain.RuralHouse is not enhanced.

[2017-05-10 12:28:54 #3 type] 
Type domain.Offer is not enhanced.

[2017-05-10 12:28:54 #4 type] 
Type domain.Users is not enhanced.

[2017-05-10 12:28:54 #5 type] 
Type domain.Client is not enhanced.

[2017-05-10 12:28:54 #6 type] 
Type domain.Owner is not enhanced.

[2017-05-10 12:28:54 #7 type] 
Type domain.Valoracion is not enhanced.

------------------------------------------------------------------------------------------------------------------------

[2017-05-10 12:31:58 #1 store] 
Database 'G:\Informatika\4 curso\Ingenieria del software\RuralHouses\resources\ruralHouses.odb' is opened by 10488@ASIER

[2017-05-10 12:31:58 #2 type] 
Type domain.RuralHouse is not enhanced.

[2017-05-10 12:31:58 #3 type] 
Type domain.Offer is not enhanced.

[2017-05-10 12:31:58 #4 type] 
Type domain.Users is not enhanced.

[2017-05-10 12:31:58 #5 type] 
Type domain.Client is not enhanced.

[2017-05-10 12:31:58 #6 type] 
Type domain.Owner is not enhanced.

[2017-05-10 12:31:58 #7 type] 
Type domain.Valoracion is not enhanced.

------------------------------------------------------------------------------------------------------------------------

[2017-05-10 15:46:37 #1 store] 
Database 'G:\Informatika\4 curso\Ingenieria del software\RuralHouses\resources\ruralHouses.odb' is opened by 8520@ASIER

[2017-05-10 15:46:37 #2 type] 
Type domain.RuralHouse is not enhanced.

[2017-05-10 15:46:37 #3 type] 
Type domain.Offer is not enhanced.

[2017-05-10 15:46:37 #4 type] 
Type domain.Users is not enhanced.

[2017-05-10 15:46:37 #5 type] 
Type domain.Client is not enhanced.

[2017-05-10 15:46:37 #6 type] 
Type domain.Owner is not enhanced.

[2017-05-10 15:46:37 #7 type] 
Type domain.Valoracion is not enhanced.

------------------------------------------------------------------------------------------------------------------------

[2017-05-10 15:47:40 #1 store] 
Database 'G:\Informatika\4 curso\Ingenieria del software\RuralHouses\resources\ruralHouses.odb' is opened by 6308@ASIER

[2017-05-10 15:47:41 #2 type] 
Type domain.RuralHouse is not enhanced.

[2017-05-10 15:47:41 #3 type] 
Type domain.Offer is not enhanced.

[2017-05-10 15:47:41 #4 type] 
Type domain.Users is not enhanced.

[2017-05-10 15:47:41 #5 type] 
Type domain.Client is not enhanced.

[2017-05-10 15:47:41 #6 type] 
Type domain.Owner is not enhanced.

[2017-05-10 15:47:41 #7 type] 
Type domain.Valoracion is not enhanced.

------------------------------------------------------------------------------------------------------------------------

[2017-05-10 15:48:21 #1 store] 
Database 'G:\Informatika\4 curso\Ingenieria del software\RuralHouses\resources\ruralHouses.odb' is opened by 12320@ASIER

[2017-05-10 15:48:21 #2 type] 
Type domain.RuralHouse is not enhanced.

[2017-05-10 15:48:21 #3 type] 
Type domain.Offer is not enhanced.

[2017-05-10 15:48:21 #4 type] 
Type domain.Users is not enhanced.

[2017-05-10 15:48:21 #5 type] 
Type domain.Client is not enhanced.

[2017-05-10 15:48:21 #6 type] 
Type domain.Owner is not enhanced.

[2017-05-10 15:48:21 #7 type] 
Type domain.Valoracion is not enhanced.

------------------------------------------------------------------------------------------------------------------------

[2017-05-10 15:49:23 #1 store] 
Database 'G:\Informatika\4 curso\Ingenieria del software\RuralHouses\resources\ruralHouses.odb' is opened by 9992@ASIER

[2017-05-10 15:49:23 #2 type] 
Type domain.RuralHouse is not enhanced.

[2017-05-10 15:49:23 #3 type] 
Type domain.Offer is not enhanced.

[2017-05-10 15:49:23 #4 type] 
Type domain.Users is not enhanced.

[2017-05-10 15:49:23 #5 type] 
Type domain.Client is not enhanced.

[2017-05-10 15:49:23 #6 type] 
Type domain.Owner is not enhanced.

[2017-05-10 15:49:23 #7 type] 
Type domain.Valoracion is not enhanced.

------------------------------------------------------------------------------------------------------------------------

[2017-05-10 16:06:28 #1 store] 
Database 'G:\Informatika\4 curso\Ingenieria del software\RuralHouses\resources\ruralHouses.odb' is opened by 3920@ASIER

[2017-05-10 16:06:29 #2 type] 
Type domain.RuralHouse is not enhanced.

[2017-05-10 16:06:29 #3 type] 
Type domain.Offer is not enhanced.

[2017-05-10 16:06:29 #4 type] 
Type domain.Users is not enhanced.

[2017-05-10 16:06:29 #5 type] 
Type domain.Client is not enhanced.

[2017-05-10 16:06:29 #6 type] 
Type domain.Owner is not enhanced.

[2017-05-10 16:06:29 #7 type] 
Type domain.Valoracion is not enhanced.

------------------------------------------------------------------------------------------------------------------------

[2017-05-10 16:09:44 #1 store] 
Database 'G:\Informatika\4 curso\Ingenieria del software\RuralHouses\resources\ruralHouses.odb' is opened by 14136@ASIER

[2017-05-10 16:09:44 #2 type] 
Type domain.RuralHouse is not enhanced.

[2017-05-10 16:09:44 #3 type] 
Type domain.Offer is not enhanced.

[2017-05-10 16:09:44 #4 type] 
Type domain.Users is not enhanced.

[2017-05-10 16:09:44 #5 type] 
Type domain.Client is not enhanced.

[2017-05-10 16:09:44 #6 type] 
Type domain.Owner is not enhanced.

[2017-05-10 16:09:44 #7 type] 
Type domain.Valoracion is not enhanced.

------------------------------------------------------------------------------------------------------------------------

[2017-05-10 16:11:24 #1 store] 
Database 'G:\Informatika\4 curso\Ingenieria del software\RuralHouses\resources\ruralHouses.odb' is opened by 4804@ASIER

[2017-05-10 16:11:24 #2 type] 
Type domain.RuralHouse is not enhanced.

[2017-05-10 16:11:24 #3 type] 
Type domain.Offer is not enhanced.

[2017-05-10 16:11:24 #4 type] 
Type domain.Users is not enhanced.

[2017-05-10 16:11:24 #5 type] 
Type domain.Client is not enhanced.

[2017-05-10 16:11:24 #6 type] 
Type domain.Owner is not enhanced.

[2017-05-10 16:11:24 #7 type] 
Type domain.Valoracion is not enhanced.

------------------------------------------------------------------------------------------------------------------------

[2017-05-10 16:12:52 #1 store] 
Database 'G:\Informatika\4 curso\Ingenieria del software\RuralHouses\resources\ruralHouses.odb' has been recovered (tr. 500-500)

[2017-05-10 16:12:52 #2 store] 
Database 'G:\Informatika\4 curso\Ingenieria del software\RuralHouses\resources\ruralHouses.odb' is opened by 5748@ASIER

[2017-05-10 16:12:52 #3 type] 
Type domain.RuralHouse is not enhanced.

[2017-05-10 16:12:52 #4 type] 
Type domain.Offer is not enhanced.

[2017-05-10 16:12:52 #5 type] 
Type domain.Users is not enhanced.

[2017-05-10 16:12:52 #6 type] 
Type domain.Client is not enhanced.

[2017-05-10 16:12:52 #7 type] 
Type domain.Owner is not enhanced.

[2017-05-10 16:12:52 #8 type] 
Type domain.Valoracion is not enhanced.

------------------------------------------------------------------------------------------------------------------------

[2017-05-10 16:20:07 #1 store] 
Database 'G:\Informatika\4 curso\Ingenieria del software\RuralHouses\resources\ruralHouses.odb' is opened by 10084@ASIER

[2017-05-10 16:20:07 #2 type] 
Type domain.RuralHouse is not enhanced.

[2017-05-10 16:20:07 #3 type] 
Type domain.Offer is not enhanced.

[2017-05-10 16:20:07 #4 type] 
Type domain.Users is not enhanced.

[2017-05-10 16:20:07 #5 type] 
Type domain.Client is not enhanced.

[2017-05-10 16:20:07 #6 type] 
Type domain.Owner is not enhanced.

[2017-05-10 16:20:07 #7 type] 
Type domain.Valoracion is not enhanced.

------------------------------------------------------------------------------------------------------------------------

[2017-05-10 16:20:32 #1 store] 
Database 'G:\Informatika\4 curso\Ingenieria del software\RuralHouses\resources\ruralHouses.odb' is opened by 7012@ASIER

[2017-05-10 16:20:32 #2 type] 
Type domain.RuralHouse is not enhanced.

[2017-05-10 16:20:32 #3 type] 
Type domain.Offer is not enhanced.

[2017-05-10 16:20:32 #4 type] 
Type domain.Users is not enhanced.

[2017-05-10 16:20:32 #5 type] 
Type domain.Client is not enhanced.

[2017-05-10 16:20:32 #6 type] 
Type domain.Owner is not enhanced.

[2017-05-10 16:20:32 #7 type] 
Type domain.Valoracion is not enhanced.

------------------------------------------------------------------------------------------------------------------------

[2017-05-10 16:24:10 #1 store] 
Database 'G:\Informatika\4 curso\Ingenieria del software\RuralHouses\resources\ruralHouses.odb' has been recovered (tr. 501-501)

[2017-05-10 16:24:10 #2 store] 
Database 'G:\Informatika\4 curso\Ingenieria del software\RuralHouses\resources\ruralHouses.odb' is opened by 10192@ASIER

[2017-05-10 16:24:11 #3 type] 
Type domain.RuralHouse is not enhanced.

[2017-05-10 16:24:11 #4 type] 
Type domain.Offer is not enhanced.

[2017-05-10 16:24:11 #5 type] 
Type domain.Users is not enhanced.

[2017-05-10 16:24:11 #6 type] 
Type domain.Client is not enhanced.

[2017-05-10 16:24:11 #7 type] 
Type domain.Owner is not enhanced.

[2017-05-10 16:24:11 #8 type] 
Type domain.Valoracion is not enhanced.

------------------------------------------------------------------------------------------------------------------------

[2017-05-10 16:24:42 #1 store] 
Database 'G:\Informatika\4 curso\Ingenieria del software\RuralHouses\resources\ruralHouses.odb' is opened by 10316@ASIER

[2017-05-10 16:24:42 #2 type] 
Type domain.RuralHouse is not enhanced.

[2017-05-10 16:24:42 #3 type] 
Type domain.Offer is not enhanced.

[2017-05-10 16:24:42 #4 type] 
Type domain.Users is not enhanced.

[2017-05-10 16:24:42 #5 type] 
Type domain.Client is not enhanced.

[2017-05-10 16:24:42 #6 type] 
Type domain.Owner is not enhanced.

[2017-05-10 16:24:42 #7 type] 
Type domain.Valoracion is not enhanced.

------------------------------------------------------------------------------------------------------------------------

[2017-05-10 16:30:42 #1 store] 
Database 'G:\Informatika\4 curso\Ingenieria del software\RuralHouses\resources\ruralHouses.odb' is opened by 12088@ASIER

[2017-05-10 16:30:42 #2 type] 
Type domain.RuralHouse is not enhanced.

[2017-05-10 16:30:42 #3 type] 
Type domain.Offer is not enhanced.

[2017-05-10 16:30:42 #4 type] 
Type domain.Users is not enhanced.

[2017-05-10 16:30:42 #5 type] 
Type domain.Client is not enhanced.

[2017-05-10 16:30:42 #6 type] 
Type domain.Owner is not enhanced.

[2017-05-10 16:30:42 #7 type] 
Type domain.Valoracion is not enhanced.

------------------------------------------------------------------------------------------------------------------------

[2017-05-10 16:31:23 #1 store] 
Database 'G:\Informatika\4 curso\Ingenieria del software\RuralHouses\resources\ruralHouses.odb' is opened by 13932@ASIER

[2017-05-10 16:31:23 #2 type] 
Type domain.RuralHouse is not enhanced.

[2017-05-10 16:31:23 #3 type] 
Type domain.Offer is not enhanced.

[2017-05-10 16:31:23 #4 type] 
Type domain.Users is not enhanced.

[2017-05-10 16:31:23 #5 type] 
Type domain.Client is not enhanced.

[2017-05-10 16:31:23 #6 type] 
Type domain.Owner is not enhanced.

[2017-05-10 16:31:23 #7 type] 
Type domain.Valoracion is not enhanced.

------------------------------------------------------------------------------------------------------------------------

[2017-05-10 16:31:38 #1 store] 
Database 'G:\Informatika\4 curso\Ingenieria del software\RuralHouses\resources\ruralHouses.odb' is opened by 4728@ASIER

[2017-05-10 16:31:38 #2 type] 
Type domain.RuralHouse is not enhanced.

[2017-05-10 16:31:38 #3 type] 
Type domain.Offer is not enhanced.

[2017-05-10 16:31:38 #4 type] 
Type domain.Users is not enhanced.

[2017-05-10 16:31:38 #5 type] 
Type domain.Client is not enhanced.

[2017-05-10 16:31:38 #6 type] 
Type domain.Owner is not enhanced.

[2017-05-10 16:31:38 #7 type] 
Type domain.Valoracion is not enhanced.

------------------------------------------------------------------------------------------------------------------------

[2017-05-10 16:32:06 #1 store] 
Database 'G:\Informatika\4 curso\Ingenieria del software\RuralHouses\resources\ruralHouses.odb' is opened by 15188@ASIER

[2017-05-10 16:32:06 #2 type] 
Type domain.RuralHouse is not enhanced.

[2017-05-10 16:32:06 #3 type] 
Type domain.Offer is not enhanced.

[2017-05-10 16:32:06 #4 type] 
Type domain.Users is not enhanced.

[2017-05-10 16:32:06 #5 type] 
Type domain.Client is not enhanced.

[2017-05-10 16:32:06 #6 type] 
Type domain.Owner is not enhanced.

[2017-05-10 16:32:06 #7 type] 
Type domain.Valoracion is not enhanced.

------------------------------------------------------------------------------------------------------------------------

[2017-05-10 16:35:03 #1 store] 
Database 'G:\Informatika\4 curso\Ingenieria del software\RuralHouses\resources\ruralHouses.odb' is opened by 13000@ASIER

[2017-05-10 16:35:03 #2 type] 
Type domain.RuralHouse is not enhanced.

[2017-05-10 16:35:03 #3 type] 
Type domain.Offer is not enhanced.

[2017-05-10 16:35:03 #4 type] 
Type domain.Users is not enhanced.

[2017-05-10 16:35:03 #5 type] 
Type domain.Client is not enhanced.

[2017-05-10 16:35:03 #6 type] 
Type domain.Owner is not enhanced.

[2017-05-10 16:35:03 #7 type] 
Type domain.Valoracion is not enhanced.

------------------------------------------------------------------------------------------------------------------------

[2017-05-10 16:46:31 #1 store] 
Database 'G:\Informatika\4 curso\Ingenieria del software\RuralHouses\resources\ruralHouses.odb' is opened by 4328@ASIER

[2017-05-10 16:46:31 #2 type] 
Type domain.RuralHouse is not enhanced.

[2017-05-10 16:46:31 #3 type] 
Type domain.Offer is not enhanced.

[2017-05-10 16:46:31 #4 type] 
Type domain.Users is not enhanced.

[2017-05-10 16:46:31 #5 type] 
Type domain.Client is not enhanced.

[2017-05-10 16:46:31 #6 type] 
Type domain.Owner is not enhanced.

[2017-05-10 16:46:31 #7 type] 
Type domain.Valoracion is not enhanced.

------------------------------------------------------------------------------------------------------------------------

[2017-05-10 17:10:47 #1 store] 
Database 'G:\Informatika\4 curso\Ingenieria del software\RuralHouses\resources\ruralHouses.odb' has been recovered (tr. 502-502)

[2017-05-10 17:10:47 #2 store] 
Database 'G:\Informatika\4 curso\Ingenieria del software\RuralHouses\resources\ruralHouses.odb' is opened by 14712@ASIER

[2017-05-10 17:10:47 #3 type] 
Type domain.RuralHouse is not enhanced.

[2017-05-10 17:10:47 #4 type] 
Type domain.Offer is not enhanced.

[2017-05-10 17:10:47 #5 type] 
Type domain.Users is not enhanced.

[2017-05-10 17:10:47 #6 type] 
Type domain.Client is not enhanced.

[2017-05-10 17:10:47 #7 type] 
Type domain.Owner is not enhanced.

[2017-05-10 17:10:47 #8 type] 
Type domain.Valoracion is not enhanced.

------------------------------------------------------------------------------------------------------------------------

[2017-05-10 17:11:45 #1 store] 
Database 'G:\Informatika\4 curso\Ingenieria del software\RuralHouses\resources\ruralHouses.odb' is opened by 14108@ASIER

[2017-05-10 17:11:45 #2 type] 
Type domain.RuralHouse is not enhanced.

[2017-05-10 17:11:45 #3 type] 
Type domain.Offer is not enhanced.

[2017-05-10 17:11:45 #4 type] 
Type domain.Users is not enhanced.

[2017-05-10 17:11:45 #5 type] 
Type domain.Client is not enhanced.

[2017-05-10 17:11:45 #6 type] 
Type domain.Owner is not enhanced.

[2017-05-10 17:11:45 #7 type] 
Type domain.Valoracion is not enhanced.

------------------------------------------------------------------------------------------------------------------------

[2017-05-10 17:12:22 #1 store] 
Database 'G:\Informatika\4 curso\Ingenieria del software\RuralHouses\resources\ruralHouses.odb' is opened by 15304@ASIER

[2017-05-10 17:12:22 #2 type] 
Type domain.RuralHouse is not enhanced.

[2017-05-10 17:12:22 #3 type] 
Type domain.Offer is not enhanced.

[2017-05-10 17:12:22 #4 type] 
Type domain.Users is not enhanced.

[2017-05-10 17:12:22 #5 type] 
Type domain.Client is not enhanced.

[2017-05-10 17:12:22 #6 type] 
Type domain.Owner is not enhanced.

[2017-05-10 17:12:22 #7 type] 
Type domain.Valoracion is not enhanced.

------------------------------------------------------------------------------------------------------------------------

[2017-05-10 17:12:58 #1 store] 
Database 'G:\Informatika\4 curso\Ingenieria del software\RuralHouses\resources\ruralHouses.odb' is opened by 8200@ASIER

[2017-05-10 17:12:58 #2 type] 
Type domain.RuralHouse is not enhanced.

[2017-05-10 17:12:58 #3 type] 
Type domain.Offer is not enhanced.

[2017-05-10 17:12:58 #4 type] 
Type domain.Users is not enhanced.

[2017-05-10 17:12:58 #5 type] 
Type domain.Client is not enhanced.

[2017-05-10 17:12:58 #6 type] 
Type domain.Owner is not enhanced.

[2017-05-10 17:12:58 #7 type] 
Type domain.Valoracion is not enhanced.

------------------------------------------------------------------------------------------------------------------------

[2017-05-10 17:14:53 #1 store] 
Database 'G:\Informatika\4 curso\Ingenieria del software\RuralHouses\resources\ruralHouses.odb' is opened by 11084@ASIER

[2017-05-10 17:14:53 #2 type] 
Type domain.RuralHouse is not enhanced.

[2017-05-10 17:14:53 #3 type] 
Type domain.Offer is not enhanced.

[2017-05-10 17:14:53 #4 type] 
Type domain.Users is not enhanced.

[2017-05-10 17:14:53 #5 type] 
Type domain.Client is not enhanced.

[2017-05-10 17:14:53 #6 type] 
Type domain.Owner is not enhanced.

[2017-05-10 17:14:53 #7 type] 
Type domain.Valoracion is not enhanced.

------------------------------------------------------------------------------------------------------------------------

[2017-05-10 17:16:57 #1 store] 
Database 'G:\Informatika\4 curso\Ingenieria del software\RuralHouses\resources\ruralHouses.odb' is opened by 14852@ASIER

[2017-05-10 17:16:57 #2 type] 
Type domain.RuralHouse is not enhanced.

[2017-05-10 17:16:57 #3 type] 
Type domain.Offer is not enhanced.

[2017-05-10 17:16:57 #4 type] 
Type domain.Users is not enhanced.

[2017-05-10 17:16:57 #5 type] 
Type domain.Client is not enhanced.

[2017-05-10 17:16:57 #6 type] 
Type domain.Owner is not enhanced.

[2017-05-10 17:16:57 #7 type] 
Type domain.Valoracion is not enhanced.

------------------------------------------------------------------------------------------------------------------------

[2017-05-10 17:17:32 #1 store] 
Database 'G:\Informatika\4 curso\Ingenieria del software\RuralHouses\resources\ruralHouses.odb' is opened by 5536@ASIER

[2017-05-10 17:17:32 #2 type] 
Type domain.RuralHouse is not enhanced.

[2017-05-10 17:17:32 #3 type] 
Type domain.Offer is not enhanced.

[2017-05-10 17:17:32 #4 type] 
Type domain.Users is not enhanced.

[2017-05-10 17:17:32 #5 type] 
Type domain.Client is not enhanced.

[2017-05-10 17:17:32 #6 type] 
Type domain.Owner is not enhanced.

[2017-05-10 17:17:32 #7 type] 
Type domain.Valoracion is not enhanced.

------------------------------------------------------------------------------------------------------------------------

[2017-05-10 17:20:17 #1 store] 
Database 'G:\Informatika\4 curso\Ingenieria del software\RuralHouses\resources\ruralHouses.odb' is opened by 9516@ASIER

[2017-05-10 17:20:17 #2 type] 
Type domain.RuralHouse is not enhanced.

[2017-05-10 17:20:17 #3 type] 
Type domain.Offer is not enhanced.

[2017-05-10 17:20:17 #4 type] 
Type domain.Users is not enhanced.

[2017-05-10 17:20:17 #5 type] 
Type domain.Client is not enhanced.

[2017-05-10 17:20:17 #6 type] 
Type domain.Owner is not enhanced.

[2017-05-10 17:20:17 #7 type] 
Type domain.Valoracion is not enhanced.

------------------------------------------------------------------------------------------------------------------------

[2017-05-10 17:25:20 #1 store] 
Database 'G:\Informatika\4 curso\Ingenieria del software\RuralHouses\resources\ruralHouses.odb' has been recovered (tr. 503-503)

[2017-05-10 17:25:20 #2 store] 
Database 'G:\Informatika\4 curso\Ingenieria del software\RuralHouses\resources\ruralHouses.odb' is opened by 1540@ASIER

[2017-05-10 17:25:20 #3 type] 
Type domain.RuralHouse is not enhanced.

[2017-05-10 17:25:20 #4 type] 
Type domain.Offer is not enhanced.

[2017-05-10 17:25:20 #5 type] 
Type domain.Users is not enhanced.

[2017-05-10 17:25:20 #6 type] 
Type domain.Client is not enhanced.

[2017-05-10 17:25:20 #7 type] 
Type domain.Owner is not enhanced.

[2017-05-10 17:25:20 #8 type] 
Type domain.Valoracion is not enhanced.

------------------------------------------------------------------------------------------------------------------------

[2017-05-10 17:25:51 #1 store] 
Database 'G:\Informatika\4 curso\Ingenieria del software\RuralHouses\resources\ruralHouses.odb' has been recovered (tr. 504-504)

[2017-05-10 17:25:51 #2 store] 
Database 'G:\Informatika\4 curso\Ingenieria del software\RuralHouses\resources\ruralHouses.odb' is opened by 7592@ASIER

[2017-05-10 17:25:51 #3 type] 
Type domain.RuralHouse is not enhanced.

[2017-05-10 17:25:51 #4 type] 
Type domain.Offer is not enhanced.

[2017-05-10 17:25:51 #5 type] 
Type domain.Users is not enhanced.

[2017-05-10 17:25:51 #6 type] 
Type domain.Client is not enhanced.

[2017-05-10 17:25:51 #7 type] 
Type domain.Owner is not enhanced.

[2017-05-10 17:25:51 #8 type] 
Type domain.Valoracion is not enhanced.

------------------------------------------------------------------------------------------------------------------------

[2017-05-10 17:26:13 #1 store] 
Database 'G:\Informatika\4 curso\Ingenieria del software\RuralHouses\resources\ruralHouses.odb' is opened by 4808@ASIER

[2017-05-10 17:26:13 #2 type] 
Type domain.RuralHouse is not enhanced.

[2017-05-10 17:26:13 #3 type] 
Type domain.Offer is not enhanced.

[2017-05-10 17:26:13 #4 type] 
Type domain.Users is not enhanced.

[2017-05-10 17:26:13 #5 type] 
Type domain.Client is not enhanced.

[2017-05-10 17:26:13 #6 type] 
Type domain.Owner is not enhanced.

[2017-05-10 17:26:13 #7 type] 
Type domain.Valoracion is not enhanced.

------------------------------------------------------------------------------------------------------------------------

[2017-05-10 17:26:56 #1 store] 
Database 'G:\Informatika\4 curso\Ingenieria del software\RuralHouses\resources\ruralHouses.odb' is opened by 6640@ASIER

[2017-05-10 17:26:56 #2 type] 
Type domain.RuralHouse is not enhanced.

[2017-05-10 17:26:56 #3 type] 
Type domain.Offer is not enhanced.

[2017-05-10 17:26:56 #4 type] 
Type domain.Users is not enhanced.

[2017-05-10 17:26:56 #5 type] 
Type domain.Client is not enhanced.

[2017-05-10 17:26:56 #6 type] 
Type domain.Owner is not enhanced.

[2017-05-10 17:26:56 #7 type] 
Type domain.Valoracion is not enhanced.

------------------------------------------------------------------------------------------------------------------------

[2017-05-10 17:31:50 #1 store] 
Database 'G:\Informatika\4 curso\Ingenieria del software\RuralHouses\resources\ruralHouses.odb' is opened by 7160@ASIER

[2017-05-10 17:31:50 #2 type] 
Type domain.RuralHouse is not enhanced.

[2017-05-10 17:31:50 #3 type] 
Type domain.Offer is not enhanced.

[2017-05-10 17:31:50 #4 type] 
Type domain.Users is not enhanced.

[2017-05-10 17:31:50 #5 type] 
Type domain.Client is not enhanced.

[2017-05-10 17:31:50 #6 type] 
Type domain.Owner is not enhanced.

[2017-05-10 17:31:50 #7 type] 
Type domain.Valoracion is not enhanced.

------------------------------------------------------------------------------------------------------------------------

[2017-05-10 17:34:12 #1 store] 
Database 'G:\Informatika\4 curso\Ingenieria del software\RuralHouses\resources\ruralHouses.odb' is opened by 10352@ASIER

[2017-05-10 17:34:12 #2 type] 
Type domain.RuralHouse is not enhanced.

[2017-05-10 17:34:12 #3 type] 
Type domain.Offer is not enhanced.

[2017-05-10 17:34:12 #4 type] 
Type domain.Users is not enhanced.

[2017-05-10 17:34:12 #5 type] 
Type domain.Client is not enhanced.

[2017-05-10 17:34:12 #6 type] 
Type domain.Owner is not enhanced.

[2017-05-10 17:34:12 #7 type] 
Type domain.Valoracion is not enhanced.

------------------------------------------------------------------------------------------------------------------------

[2017-05-10 17:35:00 #1 store] 
Database 'G:\Informatika\4 curso\Ingenieria del software\RuralHouses\resources\ruralHouses.odb' is opened by 10364@ASIER

[2017-05-10 17:35:00 #2 type] 
Type domain.RuralHouse is not enhanced.

[2017-05-10 17:35:00 #3 type] 
Type domain.Offer is not enhanced.

[2017-05-10 17:35:00 #4 type] 
Type domain.Users is not enhanced.

[2017-05-10 17:35:00 #5 type] 
Type domain.Client is not enhanced.

[2017-05-10 17:35:00 #6 type] 
Type domain.Owner is not enhanced.

[2017-05-10 17:35:00 #7 type] 
Type domain.Valoracion is not enhanced.

------------------------------------------------------------------------------------------------------------------------

[2017-05-10 17:35:09 #1 store] 
Database 'G:\Informatika\4 curso\Ingenieria del software\RuralHouses\resources\ruralHouses.odb' is opened by 9792@ASIER

[2017-05-10 17:35:09 #2 type] 
Type domain.RuralHouse is not enhanced.

[2017-05-10 17:35:09 #3 type] 
Type domain.Offer is not enhanced.

[2017-05-10 17:35:09 #4 type] 
Type domain.Users is not enhanced.

[2017-05-10 17:35:09 #5 type] 
Type domain.Client is not enhanced.

[2017-05-10 17:35:09 #6 type] 
Type domain.Owner is not enhanced.

[2017-05-10 17:35:09 #7 type] 
Type domain.Valoracion is not enhanced.

------------------------------------------------------------------------------------------------------------------------

[2017-05-10 17:35:45 #1 store] 
Database 'G:\Informatika\4 curso\Ingenieria del software\RuralHouses\resources\ruralHouses.odb' is opened by 7648@ASIER

[2017-05-10 17:35:46 #2 type] 
Type domain.RuralHouse is not enhanced.

[2017-05-10 17:35:46 #3 type] 
Type domain.Offer is not enhanced.

[2017-05-10 17:35:46 #4 type] 
Type domain.Users is not enhanced.

[2017-05-10 17:35:46 #5 type] 
Type domain.Client is not enhanced.

[2017-05-10 17:35:46 #6 type] 
Type domain.Owner is not enhanced.

[2017-05-10 17:35:46 #7 type] 
Type domain.Valoracion is not enhanced.

------------------------------------------------------------------------------------------------------------------------

[2017-05-10 17:36:14 #1 store] 
Database 'G:\Informatika\4 curso\Ingenieria del software\RuralHouses\resources\ruralHouses.odb' is opened by 14968@ASIER

[2017-05-10 17:36:14 #2 type] 
Type domain.RuralHouse is not enhanced.

[2017-05-10 17:36:14 #3 type] 
Type domain.Offer is not enhanced.

[2017-05-10 17:36:14 #4 type] 
Type domain.Users is not enhanced.

[2017-05-10 17:36:14 #5 type] 
Type domain.Client is not enhanced.

[2017-05-10 17:36:14 #6 type] 
Type domain.Owner is not enhanced.

[2017-05-10 17:36:14 #7 type] 
Type domain.Valoracion is not enhanced.

------------------------------------------------------------------------------------------------------------------------

[2017-05-10 17:37:14 #1 store] 
Database 'G:\Informatika\4 curso\Ingenieria del software\RuralHouses\resources\ruralHouses.odb' is opened by 8952@ASIER

[2017-05-10 17:37:15 #2 type] 
Type domain.RuralHouse is not enhanced.

[2017-05-10 17:37:15 #3 type] 
Type domain.Offer is not enhanced.

[2017-05-10 17:37:15 #4 type] 
Type domain.Users is not enhanced.

[2017-05-10 17:37:15 #5 type] 
Type domain.Client is not enhanced.

[2017-05-10 17:37:15 #6 type] 
Type domain.Owner is not enhanced.

[2017-05-10 17:37:15 #7 type] 
Type domain.Valoracion is not enhanced.

------------------------------------------------------------------------------------------------------------------------

[2017-05-10 18:45:39 #1 store] 
Database 'G:\Informatika\4 curso\Ingenieria del software\RuralHouses\resources\ruralHouses.odb' has been recovered (tr. 505-505)

[2017-05-10 18:45:39 #2 store] 
Database 'G:\Informatika\4 curso\Ingenieria del software\RuralHouses\resources\ruralHouses.odb' is opened by 8048@ASIER

[2017-05-10 18:45:39 #3 type] 
Type domain.RuralHouse is not enhanced.

[2017-05-10 18:45:39 #4 type] 
Type domain.Offer is not enhanced.

[2017-05-10 18:45:39 #5 type] 
Type domain.Users is not enhanced.

[2017-05-10 18:45:39 #6 type] 
Type domain.Client is not enhanced.

[2017-05-10 18:45:39 #7 type] 
Type domain.Owner is not enhanced.

[2017-05-10 18:45:39 #8 type] 
Type domain.Valoracion is not enhanced.

------------------------------------------------------------------------------------------------------------------------

[2017-05-10 18:46:02 #1 store] 
Database 'G:\Informatika\4 curso\Ingenieria del software\RuralHouses\resources\ruralHouses.odb' is opened by 10168@ASIER

[2017-05-10 18:46:02 #2 type] 
Type domain.RuralHouse is not enhanced.

[2017-05-10 18:46:02 #3 type] 
Type domain.Offer is not enhanced.

[2017-05-10 18:46:02 #4 type] 
Type domain.Users is not enhanced.

[2017-05-10 18:46:02 #5 type] 
Type domain.Client is not enhanced.

[2017-05-10 18:46:02 #6 type] 
Type domain.Owner is not enhanced.

[2017-05-10 18:46:02 #7 type] 
Type domain.Valoracion is not enhanced.

------------------------------------------------------------------------------------------------------------------------

[2017-05-10 18:47:09 #1 store] 
Database 'G:\Informatika\4 curso\Ingenieria del software\RuralHouses\resources\ruralHouses.odb' is opened by 15072@ASIER

[2017-05-10 18:47:09 #2 type] 
Type domain.RuralHouse is not enhanced.

[2017-05-10 18:47:09 #3 type] 
Type domain.Offer is not enhanced.

[2017-05-10 18:47:09 #4 type] 
Type domain.Users is not enhanced.

[2017-05-10 18:47:09 #5 type] 
Type domain.Client is not enhanced.

[2017-05-10 18:47:09 #6 type] 
Type domain.Owner is not enhanced.

[2017-05-10 18:47:09 #7 type] 
Type domain.Valoracion is not enhanced.

------------------------------------------------------------------------------------------------------------------------

[2017-05-10 18:48:59 #1 store] 
Database 'G:\Informatika\4 curso\Ingenieria del software\RuralHouses\resources\ruralHouses.odb' is opened by 15160@ASIER

[2017-05-10 18:48:59 #2 type] 
Type domain.RuralHouse is not enhanced.

[2017-05-10 18:48:59 #3 type] 
Type domain.Offer is not enhanced.

[2017-05-10 18:48:59 #4 type] 
Type domain.Users is not enhanced.

[2017-05-10 18:48:59 #5 type] 
Type domain.Client is not enhanced.

[2017-05-10 18:48:59 #6 type] 
Type domain.Owner is not enhanced.

[2017-05-10 18:48:59 #7 type] 
Type domain.Valoracion is not enhanced.

------------------------------------------------------------------------------------------------------------------------

[2017-05-10 18:53:01 #1 store] 
Database 'G:\Informatika\4 curso\Ingenieria del software\RuralHouses\resources\ruralHouses.odb' is opened by 8@ASIER

[2017-05-10 18:53:01 #2 type] 
Type domain.RuralHouse is not enhanced.

[2017-05-10 18:53:01 #3 type] 
Type domain.Offer is not enhanced.

[2017-05-10 18:53:01 #4 type] 
Type domain.Users is not enhanced.

[2017-05-10 18:53:01 #5 type] 
Type domain.Client is not enhanced.

[2017-05-10 18:53:01 #6 type] 
Type domain.Owner is not enhanced.

[2017-05-10 18:53:01 #7 type] 
Type domain.Valoracion is not enhanced.

------------------------------------------------------------------------------------------------------------------------

[2017-05-10 18:53:56 #1 store] 
Database 'G:\Informatika\4 curso\Ingenieria del software\RuralHouses\resources\ruralHouses.odb' is opened by 15140@ASIER

[2017-05-10 18:53:56 #2 type] 
Type domain.RuralHouse is not enhanced.

[2017-05-10 18:53:56 #3 type] 
Type domain.Offer is not enhanced.

[2017-05-10 18:53:56 #4 type] 
Type domain.Users is not enhanced.

[2017-05-10 18:53:56 #5 type] 
Type domain.Client is not enhanced.

[2017-05-10 18:53:56 #6 type] 
Type domain.Owner is not enhanced.

[2017-05-10 18:53:56 #7 type] 
Type domain.Valoracion is not enhanced.

------------------------------------------------------------------------------------------------------------------------

[2017-05-10 18:54:23 #1 store] 
Database 'G:\Informatika\4 curso\Ingenieria del software\RuralHouses\resources\ruralHouses.odb' is opened by 10536@ASIER

[2017-05-10 18:54:23 #2 type] 
Type domain.RuralHouse is not enhanced.

[2017-05-10 18:54:23 #3 type] 
Type domain.Offer is not enhanced.

[2017-05-10 18:54:23 #4 type] 
Type domain.Users is not enhanced.

[2017-05-10 18:54:23 #5 type] 
Type domain.Client is not enhanced.

[2017-05-10 18:54:23 #6 type] 
Type domain.Owner is not enhanced.

[2017-05-10 18:54:23 #7 type] 
Type domain.Valoracion is not enhanced.

------------------------------------------------------------------------------------------------------------------------

[2017-05-10 19:16:01 #1 store] 
Database 'G:\Informatika\4 curso\Ingenieria del software\RuralHouses\resources\ruralHouses.odb' is opened by 15336@ASIER

[2017-05-10 19:16:01 #2 type] 
Type domain.RuralHouse is not enhanced.

[2017-05-10 19:16:01 #3 type] 
Type domain.Offer is not enhanced.

[2017-05-10 19:16:01 #4 type] 
Type domain.Users is not enhanced.

[2017-05-10 19:16:01 #5 type] 
Type domain.Client is not enhanced.

[2017-05-10 19:16:01 #6 type] 
Type domain.Owner is not enhanced.

[2017-05-10 19:16:01 #7 type] 
Type domain.Valoracion is not enhanced.

------------------------------------------------------------------------------------------------------------------------

[2017-05-10 19:17:05 #1 store] 
Database 'G:\Informatika\4 curso\Ingenieria del software\RuralHouses\resources\ruralHouses.odb' is opened by 8216@ASIER

[2017-05-10 19:17:05 #2 type] 
Type domain.RuralHouse is not enhanced.

[2017-05-10 19:17:05 #3 type] 
Type domain.Offer is not enhanced.

[2017-05-10 19:17:05 #4 type] 
Type domain.Users is not enhanced.

[2017-05-10 19:17:05 #5 type] 
Type domain.Client is not enhanced.

[2017-05-10 19:17:05 #6 type] 
Type domain.Owner is not enhanced.

[2017-05-10 19:17:05 #7 type] 
Type domain.Valoracion is not enhanced.

------------------------------------------------------------------------------------------------------------------------

[2017-05-10 19:19:52 #1 store] 
Database 'G:\Informatika\4 curso\Ingenieria del software\RuralHouses\resources\ruralHouses.odb' has been recovered (tr. 507-507)

[2017-05-10 19:19:52 #2 store] 
Database 'G:\Informatika\4 curso\Ingenieria del software\RuralHouses\resources\ruralHouses.odb' is opened by 6868@ASIER

[2017-05-10 19:19:52 #3 type] 
Type domain.RuralHouse is not enhanced.

[2017-05-10 19:19:52 #4 type] 
Type domain.Offer is not enhanced.

[2017-05-10 19:19:52 #5 type] 
Type domain.Users is not enhanced.

[2017-05-10 19:19:52 #6 type] 
Type domain.Client is not enhanced.

[2017-05-10 19:19:52 #7 type] 
Type domain.Owner is not enhanced.

[2017-05-10 19:19:52 #8 type] 
Type domain.Valoracion is not enhanced.

------------------------------------------------------------------------------------------------------------------------

[2017-05-10 19:33:21 #1 store] 
Database 'G:\Informatika\4 curso\Ingenieria del software\RuralHouses\resources\ruralHouses.odb' is opened by 2956@ASIER

[2017-05-10 19:33:22 #2 type] 
Type domain.RuralHouse is not enhanced.

[2017-05-10 19:33:22 #3 type] 
Type domain.Offer is not enhanced.

[2017-05-10 19:33:22 #4 type] 
Type domain.Users is not enhanced.

[2017-05-10 19:33:22 #5 type] 
Type domain.Client is not enhanced.

[2017-05-10 19:33:22 #6 type] 
Type domain.Owner is not enhanced.

[2017-05-10 19:33:22 #7 type] 
Type domain.Valoracion is not enhanced.

------------------------------------------------------------------------------------------------------------------------

[2017-05-10 19:34:08 #1 store] 
Database 'G:\Informatika\4 curso\Ingenieria del software\RuralHouses\resources\ruralHouses.odb' is opened by 9688@ASIER

[2017-05-10 19:34:08 #2 type] 
Type domain.RuralHouse is not enhanced.

[2017-05-10 19:34:08 #3 type] 
Type domain.Offer is not enhanced.

[2017-05-10 19:34:09 #4 type] 
Type domain.Users is not enhanced.

[2017-05-10 19:34:09 #5 type] 
Type domain.Client is not enhanced.

[2017-05-10 19:34:09 #6 type] 
Type domain.Owner is not enhanced.

[2017-05-10 19:34:09 #7 type] 
Type domain.Valoracion is not enhanced.

------------------------------------------------------------------------------------------------------------------------

[2017-05-10 19:35:41 #1 store] 
Database 'G:\Informatika\4 curso\Ingenieria del software\RuralHouses\resources\ruralHouses.odb' is opened by 14696@ASIER

[2017-05-10 19:35:41 #2 type] 
Type domain.RuralHouse is not enhanced.

[2017-05-10 19:35:41 #3 type] 
Type domain.Offer is not enhanced.

[2017-05-10 19:35:41 #4 type] 
Type domain.Users is not enhanced.

[2017-05-10 19:35:41 #5 type] 
Type domain.Client is not enhanced.

[2017-05-10 19:35:41 #6 type] 
Type domain.Owner is not enhanced.

[2017-05-10 19:35:41 #7 type] 
Type domain.Valoracion is not enhanced.

------------------------------------------------------------------------------------------------------------------------

[2017-05-10 19:39:28 #1 store] 
Database 'G:\Informatika\4 curso\Ingenieria del software\RuralHouses\resources\ruralHouses.odb' is opened by 5828@ASIER

[2017-05-10 19:39:28 #2 type] 
Type domain.RuralHouse is not enhanced.

[2017-05-10 19:39:28 #3 type] 
Type domain.Offer is not enhanced.

[2017-05-10 19:39:28 #4 type] 
Type domain.Users is not enhanced.

[2017-05-10 19:39:28 #5 type] 
Type domain.Client is not enhanced.

[2017-05-10 19:39:28 #6 type] 
Type domain.Owner is not enhanced.

[2017-05-10 19:39:28 #7 type] 
Type domain.Valoracion is not enhanced.

------------------------------------------------------------------------------------------------------------------------

[2017-05-10 19:41:36 #1 store] 
Database 'G:\Informatika\4 curso\Ingenieria del software\RuralHouses\resources\ruralHouses.odb' has been recovered (tr. 519-520)

[2017-05-10 19:41:36 #2 store] 
Database 'G:\Informatika\4 curso\Ingenieria del software\RuralHouses\resources\ruralHouses.odb' is opened by 9428@ASIER

[2017-05-10 19:41:36 #3 type] 
Type domain.RuralHouse is not enhanced.

[2017-05-10 19:41:36 #4 type] 
Type domain.Offer is not enhanced.

[2017-05-10 19:41:36 #5 type] 
Type domain.Users is not enhanced.

[2017-05-10 19:41:36 #6 type] 
Type domain.Client is not enhanced.

[2017-05-10 19:41:36 #7 type] 
Type domain.Owner is not enhanced.

[2017-05-10 19:41:36 #8 type] 
Type domain.Valoracion is not enhanced.

------------------------------------------------------------------------------------------------------------------------

[2017-05-10 19:43:55 #1 store] 
Database 'G:\Informatika\4 curso\Ingenieria del software\RuralHouses\resources\ruralHouses.odb' is opened by 10412@ASIER

[2017-05-10 19:43:55 #2 type] 
Type domain.RuralHouse is not enhanced.

[2017-05-10 19:43:55 #3 type] 
Type domain.Offer is not enhanced.

[2017-05-10 19:43:55 #4 type] 
Type domain.Users is not enhanced.

[2017-05-10 19:43:55 #5 type] 
Type domain.Client is not enhanced.

[2017-05-10 19:43:55 #6 type] 
Type domain.Owner is not enhanced.

[2017-05-10 19:43:55 #7 type] 
Type domain.Valoracion is not enhanced.

------------------------------------------------------------------------------------------------------------------------

[2017-05-10 19:46:52 #1 store] 
Database 'G:\Informatika\4 curso\Ingenieria del software\RuralHouses\resources\ruralHouses.odb' is opened by 6592@ASIER

[2017-05-10 19:46:52 #2 type] 
Type domain.RuralHouse is not enhanced.

[2017-05-10 19:46:52 #3 type] 
Type domain.Offer is not enhanced.

[2017-05-10 19:46:52 #4 type] 
Type domain.Users is not enhanced.

[2017-05-10 19:46:52 #5 type] 
Type domain.Client is not enhanced.

[2017-05-10 19:46:52 #6 type] 
Type domain.Owner is not enhanced.

[2017-05-10 19:46:52 #7 type] 
Type domain.Valoracion is not enhanced.

------------------------------------------------------------------------------------------------------------------------

[2017-05-10 19:53:23 #1 store] 
Database 'G:\Informatika\4 curso\Ingenieria del software\RuralHouses\resources\ruralHouses.odb' is opened by 12656@ASIER

[2017-05-10 19:53:23 #2 type] 
Type domain.RuralHouse is not enhanced.

[2017-05-10 19:53:23 #3 type] 
Type domain.Offer is not enhanced.

[2017-05-10 19:53:23 #4 type] 
Type domain.Users is not enhanced.

[2017-05-10 19:53:23 #5 type] 
Type domain.Client is not enhanced.

[2017-05-10 19:53:23 #6 type] 
Type domain.Owner is not enhanced.

[2017-05-10 19:53:23 #7 type] 
Type domain.Valoracion is not enhanced.

------------------------------------------------------------------------------------------------------------------------

[2017-05-10 19:57:52 #1 store] 
Database 'G:\Informatika\4 curso\Ingenieria del software\RuralHouses\resources\ruralHouses.odb' is opened by 1500@ASIER

[2017-05-10 19:57:52 #2 type] 
Type domain.RuralHouse is not enhanced.

[2017-05-10 19:57:53 #3 type] 
Type domain.Offer is not enhanced.

[2017-05-10 19:57:53 #4 type] 
Type domain.Users is not enhanced.

[2017-05-10 19:57:53 #5 type] 
Type domain.Client is not enhanced.

[2017-05-10 19:57:53 #6 type] 
Type domain.Owner is not enhanced.

[2017-05-10 19:57:53 #7 type] 
Type domain.Valoracion is not enhanced.

------------------------------------------------------------------------------------------------------------------------

[2017-05-10 22:32:04 #1 store] 
Database 'G:\Informatika\4 curso\Ingenieria del software\RuralHouses\resources\ruralHouses.odb' is opened by 2544@ASIER

[2017-05-10 22:32:04 #2 type] 
Type domain.RuralHouse is not enhanced.

[2017-05-10 22:32:04 #3 type] 
Type domain.Offer is not enhanced.

[2017-05-10 22:32:04 #4 type] 
Type domain.Users is not enhanced.

[2017-05-10 22:32:04 #5 type] 
Type domain.Client is not enhanced.

[2017-05-10 22:32:04 #6 type] 
Type domain.Owner is not enhanced.

[2017-05-10 22:32:04 #7 type] 
Type domain.Valoracion is not enhanced.

------------------------------------------------------------------------------------------------------------------------

[2017-05-10 22:48:39 #1 store] 
Database 'G:\Informatika\4 curso\Ingenieria del software\RuralHouses\resources\ruralHouses.odb' has been recovered (tr. 528-542)

[2017-05-10 22:48:39 #2 store] 
Database 'G:\Informatika\4 curso\Ingenieria del software\RuralHouses\resources\ruralHouses.odb' is opened by 2400@ASIER

[2017-05-10 22:48:39 #3 type] 
Type domain.RuralHouse is not enhanced.

[2017-05-10 22:48:39 #4 type] 
Type domain.Offer is not enhanced.

[2017-05-10 22:48:39 #5 type] 
Type domain.Users is not enhanced.

[2017-05-10 22:48:39 #6 type] 
Type domain.Client is not enhanced.

[2017-05-10 22:48:39 #7 type] 
Type domain.Owner is not enhanced.

[2017-05-10 22:48:39 #8 type] 
Type domain.Valoracion is not enhanced.

